RSID	effectAllele	B	SE	OR	OR_u95	OR_l95	Z	P	N	Ncase	Ncont	AFREQ
rs8069278	A	0.189456102011134	0.133108066173649	1.20859206806377	1.57850487058259	0.935900583361752	1.42332547874278	0.154641824264613	1397	147	1250	0.706871868289191
rs6565733	A	0.217448080021855	0.153872999243172	1.24290089644509	1.69660195901695	0.926926524305818	1.41316592963923	0.157606941643981	1397	147	1250	0.783106657122405
rs1106175	A	0.177214991905997	0.136028805293537	1.19388774173861	1.56827100005561	0.919252308497513	1.30277547849945	0.192651424772184	1397	147	1250	0.714387974230494
rs6420495	T	0.149537412829921	0.137540155267323	1.16129691740332	1.53038266564896	0.891650793009196	1.08722730855785	0.276936364828182	1397	147	1250	0.727272727272727
rs2396789	C	0.266917032453431	0.174259805595275	1.30593209185412	1.8659759122718	0.940387400861791	1.53171886965923	0.12559182389714	1397	147	1250	0.837866857551897
rs6565703	C	0.185347224500043	0.136520138717494	1.20363629959033	1.58310330367014	0.92612902744435	1.3576548210487	0.174573238859638	1397	147	1250	0.719756621331424
rs17054921	C	-0.0049007305546818	0.294013360434199	0.995111258432375	1.88605092351727	0.586505278962857	-0.0166683940738081	0.98670116153258	1397	147	1250	0.962777380100215
rs6565704	C	0.170972281384348	0.132861498372262	1.18645786159646	1.54859439275951	0.91906595965026	1.28684595220584	0.198147986699	1397	147	1250	0.70722977809592
rs6565705	A	0.208112436267945	0.140267441833279	1.23135161034543	1.6323971695209	0.940996069219928	1.48368312380935	0.137893005481879	1397	147	1250	0.730851825340014
rs7502403	T	0.169710008396581	0.139112356786164	1.18496117270036	1.56678938810226	0.907297955263747	1.21994920018105	0.222484133008651	1397	147	1250	0.730851825340014
rs8064924	A	0.288831870310204	0.153789782612557	1.3348672788392	1.82260157986396	0.996069286084426	1.87809531558972	0.0603681270563048	1397	147	1250	0.774516821760916
rs8075072	G	0.31642954752975	0.153403268008085	1.37221956257269	1.87229365712012	1.02478232491087	2.06273015978429	0.0391382727650547	1397	147	1250	0.769506084466714
rs28702002	A	0.123342562032603	0.137345368240238	1.13127188537488	1.48922501437552	0.86840757494912	0.898046753326681	0.369160624470701	1397	147	1250	0.718682891911238
rs8070440	G	-0.0833349080731508	0.168808459173963	0.92004296579989	1.29483784758895	0.666903962324118	-0.493665474354407	0.621542452222226	1397	147	1250	0.853256979241231
rs3794811	C	0.119504447383251	0.137400851179575	1.12693825598239	1.48414633040758	0.865224815780668	0.869750415352714	0.38443681424519	1397	147	1250	0.726198997852541
rs7215271	G	0.213757650172639	0.118065172266944	1.23832251117824	1.56580222985664	0.984999463048979	1.81050555441817	0.0702174237824876	1397	147	1250	0.589119541875447
rs7224313	G	0.0914406856588859	0.160927926507502	1.09575178097006	1.51582788185479	0.805516241645432	0.568208934542029	0.569893105433227	1397	147	1250	0.807444523979957
rs7217319	C	0.118429917439375	0.124222947593121	1.12572797743815	1.44092960361662	0.884784343241696	0.953365861412973	0.340404732105694	1397	147	1250	0.62992125984252
rs17055015	C	-0.129718510738915	0.350507244606543	0.878342640146312	1.87621022566538	0.466019460315261	-0.370087958908036	0.711316953578717	1397	147	1250	0.972798854688618
rs4890199	C	0.22241870828334	0.136406078190715	1.24909427450547	1.64260081526687	0.961373075423116	1.63056303086705	0.102982555190375	1397	147	1250	0.712240515390122
rs35211764	G	0.144792632127296	0.14605972817267	1.15579986965554	1.55037998232588	0.873531807609013	0.99132480895846	0.321527002617573	1397	147	1250	0.758410880458125
rs4890183	C	-0.0748268333834135	0.118478771194006	0.927904154439916	1.17185628256265	0.736027703617734	-0.631563212796042	0.527672331188752	1397	147	1250	0.575876879026485
rs4424950	T	-0.238659196458366	0.16530886263345	0.787683281886491	1.09797781884212	0.573468842521781	-1.4437168864174	0.148818629417243	1397	147	1250	0.847888332140301
rs7503116	C	-0.0638632306404769	0.139560793297332	0.938133298647239	1.24004926687599	0.716836427826089	-0.457601516383023	0.647238753879207	1397	147	1250	0.755905511811024
rs1136388	C	-0.0883558640851816	0.151773755228635	0.915435048295442	1.24168068929815	0.684049136907287	-0.582155089673313	0.560462220794152	1397	147	1250	0.805297065139585
rs1609550	G	0.100628386643586	0.120186971183113	1.10586561096445	1.40173412836029	0.874536459522688	0.837265351252358	0.402443430714998	1397	147	1250	0.540801717967072
rs10153238	C	0.725006354562351	0.340604168304129	2.06474422047069	4.34744166051499	1.12572078604526	2.12858920127773	0.0332882627240608	1397	147	1250	0.939513242662849
rs11654695	T	-0.331934916837329	0.15481729199291	0.717534020718197	0.978625056102525	0.532653165946605	-2.14404290738098	0.0320294489614864	1397	147	1250	0.83965640658554
rs11649979	C	-0.163332950744643	0.287663749456876	0.849308363481765	1.56756806349457	0.501668245846879	-0.567791218229698	0.570176743531169	1397	147	1250	0.962061560486757
rs12938802	C	-0.452974559098057	0.169330402703771	0.635734307074848	0.893702415239042	0.459321296336868	-2.67509290632526	0.00747085436646375	1397	147	1250	0.881531853972799
rs11150884	T	0.0132074261030812	0.294364471865333	1.01329502940173	1.89367879697824	0.591120432851121	0.0448675956693694	0.96421284573123	1397	147	1250	0.955261274158912
rs9907477	C	-0.237048193800517	0.22148909110792	0.788953264445123	1.25370438586736	0.522800854547607	-1.07024771565393	0.284507821750715	1397	147	1250	0.943450250536865
rs7226358	T	-0.15026075721083	0.195176747327702	0.860483569872871	1.28443464454498	0.595721454992574	-0.769870178021472	0.441376905570064	1397	147	1250	0.907301360057266
rs12944239	G	-0.380725076214843	0.397712400254493	0.683365737291963	1.76454298619997	0.340111903560755	-0.957287416663952	0.338422204853972	1397	147	1250	0.992841803865426
rs8066107	A	0.106256767569276	0.152166719089922	1.11210739296134	1.51121320227368	0.831213692822456	0.698291769742924	0.484994745235836	1397	147	1250	0.786685755189692
rs9915268	T	-0.182813034136432	0.118250007951425	0.832923869510607	1.05080721342695	0.66058826242944	-1.5459874997347	0.122107586774487	1397	147	1250	0.574803149606299
rs12450662	C	-0.0884759212903418	0.119956421552452	0.915325150319192	1.15771744991032	0.722961253720864	-0.737567194363622	0.460777496749023	1397	147	1250	0.49713672154617
rs8078223	T	-0.093964599661849	0.121956221780011	0.910314987128746	1.1564494991031	0.716535160560264	-0.770478113296637	0.441016333102994	1397	147	1250	0.528274874731568
rs9896436	T	-0.10347285007572	0.122289699896698	0.901700503509922	1.14705828102757	0.709777000519111	-0.846128906711909	0.397480836446277	1397	147	1250	0.574445239799571
rs12939784	C	-0.0771072174374998	0.253130230526679	0.925790587390614	1.58334003303786	0.581868210637816	-0.304614811423612	0.760659537949854	1397	147	1250	0.949534717251253
rs8078929	G	0.040905055051484	0.157599722219156	1.04175319164672	1.43167802615842	0.770787397563392	0.259550299172495	0.795210678125375	1397	147	1250	0.810665712240515
rs9675043	C	-0.0777024962513731	0.121225555181138	0.92523964786544	1.1755578117948	0.730426885622145	-0.640974554707284	0.521539215112925	1397	147	1250	0.613099498926271
rs4890194	T	0.293942358257688	0.140917264585124	1.341706563134	1.78140339949958	1.02428358906472	2.0859215449795	0.0369857303301304	1397	147	1250	0.717967072297781
rs4890195	T	0.0951930586515852	0.179706487544325	1.09987117427624	1.58709922123414	0.782883100393223	0.529714090750927	0.596310176822742	1397	147	1250	0.860415175375805
rs9674467	C	-0.115754220892643	0.164710242726843	0.890694110400814	1.24393764697915	0.651008075055148	-0.702774878940656	0.482196054888418	1397	147	1250	0.857551896921976
rs8075084	G	0.105012477045947	0.215054876669632	1.11072446882948	1.73383206804474	0.743266023461726	0.488305490543548	0.62533347301615	1397	147	1250	0.906943450250537
rs4890171	C	0.300085580034353	0.151310448035733	1.34997433348241	1.8313049240558	1.01082356450999	1.98324427645265	0.0473401503930109	1397	147	1250	0.75125268432355
rs4890197	G	0.367700675035395	0.177102184387517	1.44440962640087	2.07340062618526	1.03357388333006	2.07620632296002	0.037874872739034	1397	147	1250	0.822476735862563
rs4890198	C	-0.0930150700270464	0.22340545163033	0.911179768688915	1.45139940511482	0.601373805601336	-0.416350941072641	0.677153221605686	1397	147	1250	0.931281317108089
rs12941826	G	0.277957639717042	0.150360653401039	1.32043026222486	1.78851762302103	0.990832769273318	1.84860622396791	0.0645146933270319	1397	147	1250	0.757695060844667
rs9902430	T	0.129643337173463	0.126954136352762	1.13842227800013	1.46630546510658	0.890709484976524	1.02118245925622	0.307168001188336	1397	147	1250	0.662491052254832
rs8073847	G	-0.155756376043171	0.146387966397328	0.855767650478185	1.1491657500384	0.646514265109788	-1.06399712952098	0.287329999903621	1397	147	1250	0.819613457408733
rs3923018	T	0.198412695716716	0.144843347093492	1.21946555820016	1.63170630824195	0.923847094600933	1.36984334937142	0.170735806856189	1397	147	1250	0.745168217609163
rs3923017	C	0.309029367418102	0.328884966142268	1.3621023713459	2.77393610984878	0.753337296121261	0.939627527043675	0.347408651366147	1397	147	1250	0.954903364352183
rs11654890	T	0.0769695391973524	0.148434486130647	1.08000917794512	1.45505232187552	0.812247278013979	0.518542160947736	0.604080051957826	1397	147	1250	0.770221904080172
rs11652984	C	0.0132146271240341	0.360339843708505	1.01330232618674	2.23752478247456	0.53278762669494	0.0366726781807787	0.970745993637167	1397	147	1250	0.97244094488189
rs11150893	C	-0.0767772084237637	0.125611577896942	0.926096157046883	1.18733059073204	0.725150753128186	-0.611227163205892	0.541049203015899	1397	147	1250	0.638869005010737
rs12603796	A	-0.065573774674593	0.239699635767996	0.936529952018481	1.54791964355599	0.600989069301082	-0.273566434360633	0.784417831756013	1397	147	1250	0.93915533285612
rs8074031	C	-0.0381030061499246	0.120354622636478	0.962613780644821	1.21956107918219	0.760394762586353	-0.31658946964598	0.751555127087939	1397	147	1250	0.536148890479599
rs7213702	G	0.313408779900929	0.2014782859914	1.36808066061626	2.08090773599811	0.941040170328144	1.55554618880521	0.119816043099794	1397	147	1250	0.881531853972799
rs7217872	C	-0.150759318081828	0.182555153108023	0.86005467335919	1.25162878534638	0.609997471426649	-0.82582888247816	0.408901167586265	1397	147	1250	0.902290622763064
rs12937656	G	0.427152454622539	0.585919827264057	1.53288633951922	6.23261288088203	0.575233767642825	0.729028844470276	0.465984018479511	1397	147	1250	0.984609878310666
rs9908467	C	-0.202573757369967	0.128458535974278	0.81662624817246	1.05261403586996	0.635721959606791	-1.57695832225996	0.114805115300219	1397	147	1250	0.666785969935576
rs4357997	G	0.0687444169906599	0.122136181274046	1.07116240324925	1.36438099317026	0.844709663662961	0.562850551520134	0.573536654201531	1397	147	1250	0.606657122405154
rs7223759	A	-0.149463890970839	0.136099249293669	0.861169533454081	1.12911514187256	0.661694094724102	-1.09819776190193	0.272118143325203	1397	147	1250	0.73765211166786
rs12452527	G	0.208835664746495	0.124366914616017	1.23224248100983	1.57605191183754	0.967335001888842	1.67918988254453	0.0931150431481318	1397	147	1250	0.558697208303508
rs7406768	A	0.152594241331293	0.147932549429796	1.16485223414731	1.56880124359437	0.877407915948586	1.0315122798834	0.302300652644785	1397	147	1250	0.764495347172513
rs7224163	A	0.274971252479822	0.18344316080052	1.31649282841948	1.91923493232169	0.932715631660674	1.49894523884066	0.133887838996333	1397	147	1250	0.85361488904796
rs7219680	G	-0.503742812773943	0.167255090362595	0.604264772053478	0.846323925061445	0.438454382538869	-3.01182350672778	0.00259683533445906	1397	147	1250	0.890479599141016
rs7212156	T	-0.0889628407381409	0.125804622730074	0.914879569192303	1.17372314715536	0.71628140941708	-0.707150808989103	0.479472764039196	1397	147	1250	0.654974946313529
rs9903116	G	0.1721834859431	0.144215887003443	1.18789577539528	1.5882551320528	0.901392732183441	1.19392869621215	0.232505861245867	1397	147	1250	0.756263421617752
rs8073479	T	-0.075102541026541	0.122544520576898	0.927648359436386	1.1799172459277	0.729394132393415	-0.612859234121473	0.539969420282411	1397	147	1250	0.527201145311382
rs8073513	C	0.252571455704481	0.132881965102013	1.28733148004618	1.67726440743736	0.995569749092973	1.90072035366562	0.0573386511177356	1397	147	1250	0.639942734430923
rs10454094	T	-0.107307962164735	0.156126422380415	0.898249003683008	1.23038737110221	0.666230442213207	-0.687314552710815	0.491884530183899	1397	147	1250	0.827487473156765
rs11656900	C	0.626910746233468	0.326407887137639	1.87181911396916	3.79769707156913	1.0420204840097	1.92063602301715	0.0547776103925869	1397	147	1250	0.939513242662849
rs7208188	C	0.250195419990278	0.111911324400943	1.28427636544159	1.60450765148749	1.03397111172512	2.23565775250686	0.0253741984236313	1397	147	1250	0.572297780959198
rs7220744	T	0.463059035079357	0.357639014589829	1.58892714208724	3.49826725090557	0.844072479011046	1.29476655562993	0.195400772474406	1397	147	1250	0.957408732999284
rs4985594	C	-0.128757495205457	0.268272632303964	0.879187146794199	1.55866030777782	0.538567180526151	-0.479950168974261	0.631262826557352	1397	147	1250	0.958124552612742
rs12947571	G	0.211152482378764	0.129051800767561	1.23510067179199	1.59509186232897	0.96119527787729	1.63618392864642	0.101801098950453	1397	147	1250	0.591982820329277
rs4617924	A	-0.0891846106290894	0.121808228928616	0.9146766989461	1.16216956141997	0.720492296644058	-0.732172295858227	0.464063411592166	1397	147	1250	0.554402290622763
rs7504058	G	-0.0484270221872852	0.12586380484906	0.952726864691599	1.22353512853252	0.746459580263787	-0.384757335481478	0.700417211509555	1397	147	1250	0.680386542591267
rs7501898	G	-0.02611408680033	0.126942108559179	0.97422393717656	1.25321806802782	0.761378275667182	-0.205716504135079	0.837012365854078	1397	147	1250	0.658554044380816
rs4985588	T	0.18009624881133	0.135131368660394	1.1973325994155	1.56785318157915	0.922387037110267	1.33274938747894	0.182614060034904	1397	147	1250	0.67967072297781
rs9891976	T	0.595551234536077	0.128271920139375	1.81403062573597	2.34007099918456	1.41448628431302	4.64288079486901	3.43584601435058e-06	1397	147	1250	0.498926270579814
rs7207517	C	0.501331540874022	0.246204964225909	1.65091807270319	2.77222821131876	1.04987717978483	2.03623652532862	0.0417266101947106	1397	147	1250	0.904080171796707
rs7223270	C	0.0469309946438936	0.114629823648752	1.04804968554256	1.31480113779201	0.838332607172175	0.409413476790291	0.68223625117226	1397	147	1250	0.583035075161059
rs9789059	T	-0.36366886045611	0.117410464149238	0.695121338798987	0.877498613497183	0.553378724584958	-3.09741438372866	0.00195216777386149	1397	147	1250	0.740515390121689
rs9788983	T	0.375028991174153	0.118415051206331	1.45503359713915	1.8392872106215	1.15554472041619	3.16707198412377	0.00153982197385305	1397	147	1250	0.494989262705798
rs9894715	C	0.0437473130112739	0.118809652889166	1.04471833480254	1.32303448969748	0.829807371560773	0.368213456966199	0.712714076954849	1397	147	1250	0.642448103078024
rs9906685	G	0.275054196248994	0.122344890857398	1.3166020278254	1.68147592251609	1.0400453584096	2.24818702539519	0.0245642666615729	1397	147	1250	0.634574087329993
rs12936617	C	-0.0174210592030363	0.117929715261623	0.982729810077547	1.24142850847198	0.781355645210417	-0.147724084336067	0.88256052361862	1397	147	1250	0.626700071581961
rs11650789	G	-0.0465373895144485	0.116511999083975	0.954528870531762	1.2025321785823	0.761084741929509	-0.399421431958325	0.689582704737185	1397	147	1250	0.637437365783822
rs9915773	T	0.134828896792384	0.163457907169504	1.14434096718923	1.59373823432655	0.838359140786976	0.824853928005868	0.409454525598409	1397	147	1250	0.818897637795276
rs9891792	C	0.634389457111618	0.410986406738461	1.88587038514414	4.76437135861003	0.92326183141559	1.54357771135561	0.122690668027247	1397	147	1250	0.962061560486757
rs9908860	G	-0.304965201583552	0.144375867760285	0.737149025564091	0.98530251708751	0.558699776690574	-2.11230038866262	0.0346606925493582	1397	147	1250	0.835003579098067
rs11650366	C	-0.0431233940957309	0.127992498180751	0.957793196749592	1.23697367172392	0.748279949275064	-0.336921262641752	0.736176256218062	1397	147	1250	0.72655690765927
rs4354994	C	-0.0278481177478943	0.135788635353807	0.97253606655252	1.27510378553407	0.748154014871946	-0.205084303817724	0.837506259533505	1397	147	1250	0.726198997852541
rs4074549	C	0.316585165996249	0.143930287329201	1.37243312189317	1.83859929372011	1.04430925445738	2.19957294514495	0.0278372084581058	1397	147	1250	0.758410880458125
rs7502120	T	0.0519703522663623	0.122398617690708	1.05334451277288	1.34124843192752	0.829574456694788	0.42459917641952	0.67112889349406	1397	147	1250	0.569792412312097
rs9905262	G	-0.125484822352796	0.133105300389001	0.882069152059835	1.14998583319865	0.68187742868872	-0.942748500518508	0.345809559112624	1397	147	1250	0.734430923407301
rs4073769	A	0.736130109229443	0.148231481742472	2.08784014718781	2.82285993284562	1.57663085967841	4.96608480584676	6.83180887689859e-07	1397	147	1250	0.677881173944166
rs7212603	C	1.29755215262656	1.00909602157458	3.66032577357817	64.8445943913679	0.802746219565268	1.28585597890067	0.198493329396151	1397	147	1250	0.988188976377953
rs11654845	T	0.688185735922858	0.151324076675518	1.99010168599896	2.70838861274208	1.49437946060959	4.54776101094954	5.42196553634308e-06	1397	147	1250	0.701145311381532
rs7222921	A	-0.113935248286043	0.137367129063888	0.892315732984906	1.17567703015384	0.685385560958486	-0.82942148578393	0.406865947731613	1397	147	1250	0.785254115962777
rs4985584	G	0.431916653864045	0.169691749057182	1.54020673953108	2.1810316995458	1.11913818709731	2.54530144372842	0.0109183438262089	1397	147	1250	0.807444523979957
rs4556857	G	-0.104056648117154	0.124866717796002	0.901174246150967	1.15303782651916	0.70628540286254	-0.833341741929617	0.404652020977601	1397	147	1250	0.617752326413744
rs7224337	T	-0.0693483913685326	0.139550319863596	0.933001573754248	1.23522438977233	0.713929319012003	-0.4969418302754	0.619230072306101	1397	147	1250	0.78740157480315
rs12602729	G	-0.00504302025700636	0.130547937715006	0.994969674420846	1.29018633582992	0.772779689105545	-0.0386296432197618	0.969185668053886	1397	147	1250	0.691481746599857
rs12450248	T	-0.196219093317838	0.13898680946351	0.821832157018014	1.0864043504753	0.629288192598977	-1.41178212576607	0.158014123010139	1397	147	1250	0.804939155332856
rs9895105	G	0.320817632109563	0.138541317795002	1.37825420866082	1.81825569603738	1.05547439457113	2.31568197282685	0.0205756394064875	1397	147	1250	0.674302075876879
rs1129996	C	0.234719786252889	0.433000331936473	1.26455437356257	3.4430352393153	0.601982541933278	0.542077612742628	0.587765040348474	1397	147	1250	0.978167501789549
rs7222017	C	0.485360703416274	0.229271346385117	1.62476095998948	2.61764483465541	1.06104803134461	2.1169706161231	0.0342623416774524	1397	147	1250	0.887616320687187
rs4280315	C	-0.28574949955496	0.135706753294422	0.751450831139533	0.984409709245467	0.577756072933582	-2.10563949558953	0.035235679164329	1397	147	1250	0.764495347172513
rs4247114	A	0.423170970107701	0.137467186160376	1.52679531001161	2.01619987726493	1.17487890871005	3.078341689587	0.00208156094231738	1397	147	1250	0.702576950608447
rs11869174	T	-0.0218930792286603	0.159035214105112	0.978344834843543	1.34894712007866	0.722098533092463	-0.137661833901707	0.89050768427831	1397	147	1250	0.82605583392985
rs6565714	C	0.482587861473665	0.57826044631309	1.62026199499491	6.52031774882095	0.619861017595346	0.83455104797601	0.403970533897679	1397	147	1250	0.98353614889048
rs3934764	C	-0.167495080327117	0.176866977592254	0.845780778243368	1.21337451081842	0.605081399867623	-0.947011605033797	0.343632865435943	1397	147	1250	0.887974230493916
rs6565715	C	0.177427467463419	0.33376835769821	1.19414144065349	2.48371713582572	0.658801061395888	0.531588640358315	0.595010934160163	1397	147	1250	0.963493199713672
rs7215343	T	0.163747465753318	0.249725546606742	1.17791681319452	2.00455552770036	0.746847893144103	0.655709710032914	0.512010920041746	1397	147	1250	0.935934144595562
