RSID	effectAllele	B	SE	OR	OR_u95	OR_l95	Z	P	N	Ncase	Ncont	AFREQ
rs8110113	C	-0.37810644865406	0.174895197195211	0.685157562683497	0.977474629590783	0.491221291462685	-2.16190298371678	0.0306256549773964	1397	132	1265	0.890121689334288
rs4109488	G	-0.100187243978667	0.267781363236169	0.904668008538708	1.6200189041398	0.558731153272013	-0.374138225184504	0.708301480856315	1397	132	1265	0.959556191839656
rs2312094	A	-0.24754469365207	0.323026309841105	0.780715327011974	1.58702196916796	0.437289985949865	-0.766329819307399	0.443480079676638	1397	132	1265	0.973872584108805
rs8100066	A	0.481122600318387	0.124492675971717	1.61788962652641	2.07839186690483	1.27443438353495	3.86466590554845	0.000111241357847064	1397	132	1265	0.59126700071582
rs8102615	A	-0.430572251704311	0.122533693276794	0.650136946276638	0.825853941823109	0.510494052704961	-3.51390903342547	0.000441563999922428	1397	132	1265	0.568002863278454
rs8105536	G	0.469213117272019	0.124328649212625	1.59873568063769	2.05310795260244	1.25973810131436	3.77397422270371	0.000160667369298409	1397	132	1265	0.594488188976378
rs2312724	T	-0.151415579570429	0.227387729136124	0.859490437762269	1.37598983940351	0.561662414151021	-0.665891603498909	0.505480387765632	1397	132	1265	0.923407301360057
rs4897933	C	0.448494831131689	0.430507803108525	1.56595338645354	4.25081125029452	0.753138918548356	1.04178095703094	0.297513244931697	1397	132	1265	0.969219756621331
rs1020382	T	0.499536435757833	0.125236168162022	1.64795715959471	2.11982189977122	1.29609100144405	3.98875534990473	6.64208796520555e-05	1397	132	1265	0.584108804581245
rs12459906	C	0.527630141650387	0.135791786413062	1.69491084673118	2.2309451141198	1.30844397387815	3.88558215182029	0.000102084963383286	1397	132	1265	0.642448103078024
rs11084928	G	0.250496346696936	0.1921202838821	1.28466289665455	1.9062351773183	0.895264470335885	1.30385163729334	0.192284172547116	1397	132	1265	0.85075161059413
rs11878315	T	0.253734318908541	0.165133292641031	1.28882934119076	1.80215915260749	0.941791191275702	1.53654247941456	0.124405387659035	1397	132	1265	0.787759484609878
rs7815	C	0.267280414407966	0.184711332883986	1.30640673024243	1.90880581874769	0.923045487914242	1.4470168680762	0.14789219929089	1397	132	1265	0.838582677165354
rs10407115	G	-0.534205528773247	0.128824470681051	0.586134772425862	0.754346885301916	0.454931890585003	-4.14677060925681	3.37197590039675e-05	1397	132	1265	0.635647816750179
rs10409452	T	0.0268579387852558	0.15885705588652	1.0272218640118	1.41388999081553	0.757539594225818	0.169069851102125	0.865741698848329	1397	132	1265	0.783822476735863
rs12981067	T	-0.781212066111901	0.130009653269716	0.457850729500538	0.590245177664165	0.354305215193151	-6.00887739075197	1.86812331368566e-09	1397	132	1265	0.680386542591267
rs12982096	C	0.498044429772896	0.129961084116784	1.64550023098155	2.13365640163653	1.28085096489816	3.83225819604082	0.000126972376133305	1397	132	1265	0.564065855404438
rs3813154	C	-0.220479707779568	0.126756486990498	0.802133915774717	1.02855034364665	0.625361497394188	-1.73939585274318	0.081965157239491	1397	132	1265	0.559413027916965
rs895345	A	-0.35940390338877	0.126032887544287	0.698092332542443	0.894811253592446	0.545558266897022	-2.85166761145958	0.00434905509634306	1397	132	1265	0.655332856120258
rs895344	C	0.311642008464419	0.133143533923283	1.36566570874442	1.78099031452561	1.05592378514269	2.34064696408002	0.0192503603719817	1397	132	1265	0.608088761632069
rs12986214	A	-0.118868677949698	0.263175840364586	0.887924397158292	1.54626887367954	0.546675741603719	-0.451670175290502	0.651506607131662	1397	132	1265	0.945597709377237
rs1077444	T	0.246011601127649	0.125628945362516	1.278914410305	1.63966178165326	1.00130801858093	1.95823980228247	0.0502018807240513	1397	132	1265	0.523264137437366
rs1077446	C	-0.508115127907571	0.128691124792971	0.601628503544085	0.774707523611759	0.46743649590094	-3.94833077047847	7.8698018529756e-05	1397	132	1265	0.669649248389406
rs10418525	G	0.144959438271106	0.136241629825994	1.15599268025536	1.52238163833826	0.891255055325278	1.06398784612491	0.287334205415752	1397	132	1265	0.738010021474588
rs4897939	T	-0.495991956686773	0.128813011918912	0.608966539161818	0.782078167699555	0.471678715456464	-3.85048023719064	0.000117886442912251	1397	132	1265	0.511811023622047
rs4897940	G	-0.510411181585936	0.128987535234391	0.600248716843848	0.771072802641482	0.464722150943917	-3.9570581813075	7.58784545118622e-05	1397	132	1265	0.511453113815319
rs4897941	C	-0.41496270834163	0.124912135689742	0.660364906348301	0.843742952914079	0.516707161278885	-3.32203677449179	0.000893629153131472	1397	132	1265	0.622047244094488
rs4897942	A	-0.52042823731293	0.128981453899396	0.594266006594197	0.76330943180929	0.460052323561681	-4.03490751250841	5.46238095889564e-05	1397	132	1265	0.510379384395132
rs4897943	C	-0.361841159050843	0.123229268298302	0.696392974778183	0.88911974107316	0.548017814505991	-2.93632481996835	0.00332126349402903	1397	132	1265	0.721546170365068
rs8100665	G	-0.448095834540441	0.126068815273002	0.638843457828976	0.817811941455572	0.498566229128787	-3.55437491476453	0.000378878689853325	1397	132	1265	0.613457408732999
rs7246500	A	-0.354339416328825	0.12328116164453	0.701636779955313	0.895828924517528	0.552045872834791	-2.87423813664679	0.00405003465041679	1397	132	1265	0.716177523264137
rs7256434	T	0.167654923924427	0.183239853586655	1.18252847794702	1.72290759745792	0.837882693843682	0.914947925589462	0.360218968563352	1397	132	1265	0.851109520400859
rs7250095	C	0.0892448548006114	0.155601654097407	1.09334833514237	1.49638787070506	0.811997236576199	0.573546954357851	0.566274416466027	1397	132	1265	0.777380100214746
rs4897946	G	0.493622694494216	0.140200480590474	1.6382403270744	2.17200512196639	1.25234881178402	3.52083453933435	0.000430190960229382	1397	132	1265	0.639584824624195
rs10414938	G	-0.442436023026202	0.126247148210693	0.642469442904031	0.821269874946266	0.500320813248752	-3.50452290841314	0.000457426211187524	1397	132	1265	0.517537580529707
rs4897949	G	0.411894463397794	0.16020926017125	1.50967510194039	2.09192294471785	1.11449270327881	2.57097787579516	0.010141180535683	1397	132	1265	0.756263421617752
rs7256086	C	0.0626682904491864	0.172832655512403	1.06467361824349	1.51469501167267	0.767662989339943	0.362595195123233	0.71690730008827	1397	132	1265	0.840372226198998
rs7250846	T	0.0763336980785925	0.168840875569444	1.07932268197546	1.52326431416673	0.784208488037471	0.452104372363295	0.651193793964344	1397	132	1265	0.83428775948461
rs7257040	C	0.0678852746191944	0.182293898923707	1.07024251745492	1.55631791454698	0.759599477822079	0.372394660600274	0.709599028751678	1397	132	1265	0.863278453829635
rs2305113	G	0.489445924306091	0.140453472843952	1.6314120437273	2.16399305285848	1.24649586416038	3.48475487572943	0.000492588076033913	1397	132	1265	0.64101646385111
rs7246089	C	0.470570362645219	0.139622729206314	1.60090703043712	2.11970849335028	1.22498388686474	3.37029912909007	0.000750866268524649	1397	132	1265	0.640658554044381
rs4897951	C	0.0593293407134346	0.171935479285404	1.06112465474971	1.50711403118557	0.76649682538833	0.345067469262414	0.730043648889391	1397	132	1265	0.840730136005727
rs7253509	A	0.089078769454858	0.15362082732872	1.09316676108491	1.49058122185607	0.815130705904241	0.579861279253797	0.562008169267086	1397	132	1265	0.777022190408017
rs7507468	C	12.4347582428876	382.962587015277	251389.357897421	NA	9.97988043906986e-09	0.032469903495799	0.97409731689986	1397	132	1265	0.995705082319256
rs11084956	T	-0.0151181166861404	0.131247790451465	0.984995588316929	1.28239802529569	0.765722901002961	-0.11518759008542	0.908296434878537	1397	132	1265	0.741947029348604
rs2289873	G	11.6568276579264	450.266089220442	115477.115824803	NA	5.65208415511916e-16	0.0258887531994874	0.979346070688174	1397	132	1265	0.99713672154617
rs11883060	A	-0.00852189698127393	0.130915601443103	0.99151431145495	1.29006295387719	0.771302681075019	-0.0650945867974153	0.948098690403273	1397	132	1265	0.740515390121689
rs3816322	G	-0.00260705268529752	0.11744716936391	0.997396342725242	1.25714464643626	0.792724750139387	-0.0221976629953471	0.98229028179205	1397	132	1265	0.546170365068003
rs882572	C	-0.436502712300253	0.118729730302469	0.646292744943865	0.813526016788604	0.510382485898879	-3.67643985367644	0.000236511585839775	1397	132	1265	0.498210450966356
rs8101528	C	0.100978719918733	0.122846664485254	1.10625310035707	1.4105123541443	0.870795792531932	0.821989920050729	0.411082633805354	1397	132	1265	0.561560486757337
rs2166359	T	0.192961316998172	0.168632475776609	1.21283587647925	1.71035290153074	0.881386418728526	1.1442713872848	0.252511105598451	1397	132	1265	0.813528990694345
rs4897853	C	0.210591921765118	0.170597952471876	1.23440851701697	1.74819050073973	0.893929105042331	1.23443405218966	0.217041206695909	1397	132	1265	0.815318539727989
rs6510725	C	0.00416737293843571	0.121249960333393	1.00417606851208	1.27401682339498	0.791495671330699	0.034370097334275	0.972582028248019	1397	132	1265	0.498926270579814
rs8101753	G	-0.0871142693028738	0.121208485053338	0.916572353564989	1.16745430217499	0.725232504273773	-0.718714281962516	0.472316981698202	1397	132	1265	0.700071581961346
rs2044406	C	-0.0658130233317638	0.149626475668675	0.936305915286373	1.26714333995373	0.703762950467067	-0.439848783697189	0.660046632360438	1397	132	1265	0.806370794559771
rs34965934	A	-0.408095411435894	0.206372518024556	0.664915435259403	1.01803659735039	0.451181556755776	-1.9774697490842	0.0479885566559802	1397	132	1265	0.932712956335004
rs10423498	C	0.00472905558007717	0.119588286778816	1.00474025521102	1.27114998854819	0.794868935129087	0.0395444713479657	0.968456298217787	1397	132	1265	0.521474588403722
rs7254684	G	0.0500173169625455	0.119308086173533	1.05128930135585	1.32967038813102	0.832373224338574	0.41922822305435	0.675049347647333	1397	132	1265	0.520758768790265
rs3764656	C	0.48851185410778	0.287395728568984	1.62988890182756	3.01252338017684	0.967286213443562	1.69978815113295	0.0891707810741876	1397	132	1265	0.923049391553329
rs7508262	G	-0.125704543217434	0.197976838961634	0.881875364353455	1.32769409302281	0.608687076008185	-0.634945703127397	0.525463828034758	1397	132	1265	0.905511811023622
rs689448	C	0.00990028234331046	0.133164909020313	1.00994945226997	1.31578601835074	0.780056824391233	0.0743460301677547	0.940735051570719	1397	132	1265	0.653185397279885
rs1020384	C	-0.000592439654320455	0.137141317553271	0.9994077358034	1.31455665253834	0.767143925624197	-0.0043199209756048	0.996553212470175	1397	132	1265	0.712240515390122
rs10422863	G	-0.321550961328888	0.223523770151076	0.725023680915707	1.14796406906716	0.475929714484158	-1.43855376594425	0.150276993722583	1397	132	1265	0.927344309234073
rs2278287	C	-0.137048851327025	0.301862634890138	0.871927630269877	1.68936115850843	0.507683224391942	-0.454010650827665	0.649821160864363	1397	132	1265	0.967430207587688
rs585487	A	-0.072103676275612	0.127034757957818	0.930434426834445	1.19461601201022	0.725534510011362	-0.567590141743365	0.570313302654232	1397	132	1265	0.554760200429492
rs688169	G	-0.0865663903301284	0.126880961226323	0.917074661874023	1.17700439086788	0.715269820386305	-0.68226461632582	0.495071642706965	1397	132	1265	0.554402290622763
rs2303810	C	0.621382657849332	0.217174410048154	1.86150008101006	2.9425043916152	1.24960549402787	2.86121489963552	0.00422020883168034	1397	132	1265	0.852899069434503
rs2303812	G	-0.304632396909885	0.152102367977284	0.737394393032443	1.00186150100553	0.551021851090368	-2.00281166533438	0.0451975072860706	1397	132	1265	0.837508947745168
rs3943587	T	-0.00181930648205057	0.214884565615449	0.99818234745283	1.56283841257146	0.669831900436938	-0.00846643627865923	0.993244841910567	1397	132	1265	0.913027916964925
rs1549697	C	-0.0542779844298003	0.12283767277229	0.947168771731077	1.20705578461813	0.745220474816542	-0.44186757372405	0.658585036521701	1397	132	1265	0.58554044380816
rs3764571	T	-0.143538555876258	0.126089574017931	0.866287399073582	1.11043389035379	0.676898485150213	-1.13838560399804	0.254959502654045	1397	132	1265	0.586972083035075
rs3764572	C	-0.201642514400052	0.184160727211055	0.817387079829702	1.1901756963672	0.57670235759307	-1.09492679277359	0.27354870998889	1397	132	1265	0.884753042233357
rs10414677	C	-0.223951295954111	0.13685284508193	0.799354065198386	1.04958849093247	0.613225730759079	-1.63643872964451	0.101747799068853	1397	132	1265	0.732999284180387
rs12151294	G	-0.243722222866367	0.140579357386374	0.78370529944195	1.03791546932972	0.59751685408765	-1.73369851305061	0.082971590504106	1397	132	1265	0.771653543307087
rs12611418	A	-0.112364916756039	0.159903346964003	0.893718065290276	1.23677434981502	0.659525491432612	-0.702705220931582	0.48223947334173	1397	132	1265	0.841803865425913
rs4897965	C	-0.157524028227786	0.197387380482611	0.854256287097219	1.28166952149001	0.589226557664701	-0.798045081922868	0.424844329105433	1397	132	1265	0.900858983536149
rs4897966	G	0.184910459564378	0.125045252832014	1.20311070824767	1.54013200486039	0.942687829193834	1.47874833611467	0.139207588463588	1397	132	1265	0.522906227630637
rs4897969	C	0.223999524606962	0.145047022740247	1.25107042467805	1.67717466580108	0.948574172173289	1.54432349161764	0.122509984333997	1397	132	1265	0.737294201861131
rs4897970	T	-0.145206690836692	0.13375974041072	0.864843519405301	1.12731234985948	0.666769746907466	-1.08557844378901	0.277665541006707	1397	132	1265	0.670365068002863
rs10853965	T	-0.0564014471711358	0.125525067686614	0.945159628060364	1.20871108105868	0.738455223272486	-0.449324172538569	0.65319782269052	1397	132	1265	0.494631352899069
rs10416941	C	0.175249457093382	0.11731577953616	1.19154341849907	1.50340849258094	0.94846023206698	1.49382681329211	0.135220891345654	1397	132	1265	0.549391553328561
rs4897971	C	-0.0269559677415904	0.130309608664317	0.973404101761659	1.26014231867354	0.755509827165275	-0.206860936947713	0.836118464425613	1397	132	1265	0.630994989262706
rs7508251	A	-0.0194032795195508	0.14933449391278	0.980783752477027	1.32384407106306	0.736337898044247	-0.129931665559354	0.896620491147897	1397	132	1265	0.768432355046528
rs731714	G	0.0560046946736139	0.122140972544461	1.05760264882421	1.34451160883426	0.832381007781331	0.458525042882131	0.646575274928496	1397	132	1265	0.49713672154617
rs2241407	C	0.317388040879377	0.155502188522056	1.37353545643466	1.87878100514195	1.02006342813914	2.04105192277959	0.0412456663935998	1397	132	1265	0.730493915533286
rs8104383	T	-0.164544202147887	0.122379919977358	0.848280260306113	1.0774786534007	0.666433151189679	-1.34453595147252	0.178775138904903	1397	132	1265	0.496420901932713
rs12978500	A	-0.0167363317477203	0.132896615428686	0.983402942589521	1.28155282473704	0.760497803177283	-0.125934973541152	0.899783398172107	1397	132	1265	0.685397279885469
rs12980274	A	0.180437130892132	0.15202975452882	1.19774081821669	1.62448944751621	0.894207419151716	1.18685405663749	0.235285192106822	1397	132	1265	0.726914817465999
rs753719	G	-0.163757642828507	0.122500526952852	0.84894774552425	1.08345292752232	0.669677987186605	-1.33679133389796	0.181290758754518	1397	132	1265	0.702934860415175
rs753948	C	0.0283501470531249	0.217314959257847	1.02875583718931	1.61209420536651	0.685041980880144	0.130456491122119	0.896205274954289	1397	132	1265	0.903006442376521
rs7408247	G	0.190615001841895	0.230936668663285	1.20999351711959	1.95955385125665	0.788592188209021	0.825399461009021	0.409144840826106	1397	132	1265	0.905869720830351
rs16990426	C	-0.0199026814899631	0.153252972657766	0.98029406942301	1.336381972527	0.731752785410864	-0.129868159454293	0.89667073597998	1397	132	1265	0.802433786685755
rs15971	A	-0.0560742678080447	0.133762839893553	0.945468915378947	1.23442729633509	0.730027942031559	-0.419206618614466	0.675065135421729	1397	132	1265	0.701145311381532
rs1046822	C	-0.0173388626397415	0.115055730796116	0.982810590410471	1.23436609403952	0.785648072875365	-0.15069968718435	0.880212620007208	1397	132	1265	0.603435934144596
rs12460095	G	-0.109001145366401	0.212227734386785	0.896729390413933	1.39191242220523	0.603155279396007	-0.513604622323991	0.607528447222104	1397	132	1265	0.914101646385111
rs3893730	C	0.0117528896248626	0.114518406466104	1.01182222620092	1.26994554504963	0.809979517868031	0.10262882612099	0.918257563697112	1397	132	1265	0.610236220472441
rs1808416	C	0.104573825943666	0.205486920610557	1.11023735516118	1.69794644632846	0.756040929098014	0.508907455681117	0.610817093730883	1397	132	1265	0.887974230493916
rs12462724	G	0.159771142586015	0.127872729139227	1.17324233505798	1.51293707740822	0.915744608815489	1.24945438844945	0.2114989262071	1397	132	1265	0.609878310665712
rs16990450	C	0.116124698729616	0.319701617617866	1.1231359170234	2.22737975318932	0.628167885010046	0.363228373990956	0.716434293600396	1397	132	1265	0.953829634931997
rs12462766	G	0.102790678329525	0.200455129280414	1.10825940208545	1.67498871147216	0.760967865727169	0.512786470959956	0.608100694472176	1397	132	1265	0.880100214745884
rs10426188	G	0.396548693947086	0.30468916489018	1.48668482876466	2.85018592895701	0.854196989012885	1.30148603771327	0.193092140625493	1397	132	1265	0.935576234788833
rs12610836	C	0.017498789123017	0.305347636853069	1.01765278989768	1.95228767911269	0.583116030789849	0.0573077601102814	0.954300038840102	1397	132	1265	0.953829634931997
rs12981152	G	-0.223684822371912	0.124496600328288	0.799567100322441	1.02442662764275	0.628250355284965	-1.79671430209396	0.0723809872525813	1397	132	1265	0.719040801717967
rs3764573	G	0.137260219444247	0.23292316866338	1.14712661433547	1.86903979624153	0.745904737844402	0.589293972909219	0.555664087267472	1397	132	1265	0.914101646385111
rs10408164	G	0.953662260207635	0.305163807050028	2.59519656205955	5.02792360882617	1.50230653649855	3.12508311331721	0.00177754828367156	1397	132	1265	0.896206156048676
rs10414766	T	0.0416970924693604	0.147245530262774	1.04257862599899	1.40286767379801	0.786628961183853	0.283180700935016	0.77703832154288	1397	132	1265	0.769148174659986
rs8112380	A	0.455626758565363	0.150260388809511	1.57716157284817	2.13468151832541	1.18314931459183	3.03224796751306	0.00242739708998328	1397	132	1265	0.687544738725841
rs2287960	G	0.101768555343524	0.188767933415115	1.10712720339784	1.63575156900601	0.777897682698353	0.539119931560239	0.589804103473969	1397	132	1265	0.875089477451682
rs12979419	C	-0.206002441733519	0.12696911184145	0.813831089121846	1.04458473292762	0.634572664366266	-1.62246107534217	0.104704661041378	1397	132	1265	0.585898353614889
rs12460601	T	0.141125494255415	0.220445502506739	1.15156915423077	1.82974426773211	0.766881358121852	0.64018314118747	0.522053541785825	1397	132	1265	0.90873299928418
rs10413199	G	0.0471273535627574	0.156461779036627	1.04825549965179	1.4351790541019	0.776272084488075	0.301206811356307	0.763256796166895	1397	132	1265	0.769148174659986
rs2066959	C	0.160717785519636	0.219595424464272	1.17435350248031	1.85520780662056	0.780932492756959	0.73188130359148	0.464241018676676	1397	132	1265	0.899427344309234
rs2075019	C	0.166722270865717	0.181033744794729	1.18142610329151	1.71149447077507	0.839764407655678	0.920945821756932	0.357078713744898	1397	132	1265	0.843235504652827
rs2075020	A	0.122674210486898	0.189383938801382	1.13051605067146	1.66418549987485	0.79025525385674	0.647754034810493	0.517144049232857	1397	132	1265	0.853972798854689
rs4919870	C	0.136325157209328	0.190229200145659	1.1460544808936	1.69280739678532	0.800975356507845	0.716636337139321	0.47359851720624	1397	132	1265	0.860057265569077
rs4919871	C	0.118731479773072	0.192465320288427	1.12606750578604	1.67169628317752	0.783977516532602	0.616898044775763	0.537301976550159	1397	132	1265	0.866141732283465
rs4919816	A	0.0623449354860854	0.202004817042867	1.06432940639925	1.61100065712034	0.727624768195792	0.308630934641798	0.757602286451784	1397	132	1265	0.880458124552613
rs7257230	C	-0.0541586635155471	0.321975939046245	0.947281795517788	1.88514708976487	0.526714753468704	-0.168207176213153	0.86642029558353	1397	132	1265	0.960272011453114
rs740871	G	-0.230620776027994	0.121349968591668	0.794040528149668	1.01091222261096	0.627666135752033	-1.90046012128782	0.0573727635541471	1397	132	1265	0.715819613457409
