RSID	effectAllele	B	SE	OR	OR_u95	OR_l95	Z	P	N	Ncase	Ncont	AFREQ
rs7236128	T	-0.510221099864599	0.249692490088338	0.600362823997675	1.01041642554909	0.376466416097673	-2.04339785983988	0.0410130691658671	1397	141	1256	0.960272011453114
rs8096071	A	-0.310203836471829	0.142826505602556	0.73329746822053	0.976774567539865	0.55727431761476	-2.17189264109727	0.0298637616746964	1397	141	1256	0.822834645669291
rs17842115	C	-0.311864185944747	0.175351380990556	0.732080948359204	1.04675011551606	0.525002864860871	-1.77851000763743	0.0753201297771285	1397	141	1256	0.897637795275591
rs9284390	G	0.150623989056428	0.134313845545706	1.16255944081543	1.52216355115869	0.898188867838597	1.12143307672009	0.262103563255952	1397	141	1256	0.710450966356478
rs8091568	A	-0.0588522700142246	0.127124691556082	0.942846045502091	1.214479154818	0.737212724864306	-0.462949166631892	0.643400804255472	1397	141	1256	0.693629205440229
rs2847087	G	0.147151602926269	0.131066758978775	1.15852958619246	1.50694659751833	0.900610066225168	1.12272252760976	0.261555357267278	1397	141	1256	0.702576950608447
rs9960322	T	-0.191600062425402	0.407910794151615	0.825637005731709	2.06569274662315	0.401585637150888	-0.469710694525495	0.638561726099798	1397	141	1256	0.982462419470293
rs12958658	T	-0.142984126450075	0.177988339821914	0.866767827468673	1.24699176164496	0.619063637038593	-0.803334232979181	0.421781576617892	1397	141	1256	0.8840372226199
rs7234528	C	-0.0904531483631191	0.186962359817889	0.913517132671333	1.3395834468305	0.641912486997394	-0.483804057946343	0.628524934897357	1397	141	1256	0.888332140300644
rs4797697	C	-0.0494569918402992	0.13548172446739	0.951746090104089	1.24549039938302	0.731714873622385	-0.365045485173194	0.715077453346572	1397	141	1256	0.683249821045097
rs11876622	G	-0.150754446507449	0.201467976075012	0.860058863189706	1.30643986316797	0.590426238305563	-0.748279947237466	0.454291317278739	1397	141	1256	0.920186113099499
rs7232480	C	-0.0365852924353836	0.135609802709199	0.964075862011329	1.2620918718681	0.741091264232891	-0.269783538538411	0.78732678775285	1397	141	1256	0.684323550465283
rs8099195	G	-0.0749455753881472	0.139573823276133	0.927793979781726	1.22537964077065	0.708355973125038	-0.53696010920239	0.591295168957567	1397	141	1256	0.729778095919828
rs533992	G	-0.481259313095406	0.184881244316332	0.618004640226567	0.901878309338166	0.43535897323153	-2.60307266361737	0.00923923692606212	1397	141	1256	0.925196850393701
rs545684	A	-0.0811500186723744	0.159060931646342	0.922055355548089	1.27079096965807	0.680192763654524	-0.510181965064835	0.609923985942055	1397	141	1256	0.82319255547602
rs551835	A	-0.289758608383171	0.171707502361868	0.748444213933338	1.06059086618798	0.539829751918902	-1.68751280169758	0.0915047904494802	1397	141	1256	0.882963493199714
rs16944691	A	0.214626121309723	0.182204478710295	1.23939842567032	1.80575179967574	0.881436550387269	1.17794097504584	0.238820138241746	1397	141	1256	0.861488904795991
rs948263	G	-0.0154857708752708	0.128697085054865	0.984633517125183	1.27156924374933	0.767169557730579	-0.12032728533571	0.904223890564393	1397	141	1256	0.666428060128847
rs485211	T	-0.23881365535567	0.173707459652412	0.787561626590959	1.12222806409044	0.56660302199554	-1.37480368335093	0.169192315894593	1397	141	1256	0.887616320687187
rs692846	A	-0.450636984384613	0.182444026522202	0.637222121777065	0.92575945753266	0.451179235171285	-2.47000130930443	0.0135112557619927	1397	141	1256	0.923765211166786
rs553212	T	-0.222028340523617	0.154885683632668	0.800892666295499	1.09485725306121	0.595629429163308	-1.43349814725412	0.151715528012818	1397	141	1256	0.842877594846099
rs681760	T	-0.25046174416125	0.156033258685692	0.778441259367418	1.06640583998983	0.577543202688748	-1.60518178156986	0.108453805607319	1397	141	1256	0.846098783106657
rs1784381	T	12.7330706875347	524.708830276895	338767.966542929	NA	9.23012774263334e-13	0.0242669266320815	0.980639694082294	1397	141	1256	0.994273443092341
rs655781	A	0.175297122177774	0.134747546111895	1.19160021487027	1.55925099232281	0.918671312771125	1.30092997784321	0.193282423824773	1397	141	1256	0.670365068002863
rs16951450	C	0.140532295112378	0.170817227003915	1.15088624696536	1.63459378077469	0.834721626515685	0.822705634421506	0.410675410429074	1397	141	1256	0.85075161059413
rs585578	A	0.202530762591001	0.140722788604731	1.22449775326609	1.62202795257114	0.933506020648273	1.43921794472023	0.15008878270471	1397	141	1256	0.689334287759485
rs617421	G	-0.243381334898765	0.152213692936284	0.783972500688933	1.06592510128838	0.586000682343331	-1.59894507651583	0.109832806957203	1397	141	1256	0.843235504652827
rs605049	A	-0.258455714656279	0.151575798820865	0.772243229348785	1.0480688208442	0.577671983354999	-1.70512520248517	0.0881710761792143	1397	141	1256	0.838582677165354
rs16952924	G	0.0881357358096901	0.169293820429406	1.09213635398008	1.54562129905603	0.793975929585548	0.520608109534877	0.602639798886512	1397	141	1256	0.853972798854689
rs16953056	A	0.25136065828689	0.213407460605841	1.28577372566735	2.0170450227882	0.868897494744626	1.17784381845557	0.238858876101418	1397	141	1256	0.90336435218325
rs9303891	A	-0.272199464036852	0.157469059040888	0.761702313717949	1.0462517538938	0.563448029453437	-1.72859014777102	0.0838824741775685	1397	141	1256	0.848246241947029
rs9951575	A	-0.133158064788213	0.156203494373849	0.875326722840342	1.19983396698309	0.649408029880353	-0.85246533902449	0.393955868781892	1397	141	1256	0.830708661417323
rs688023	G	-0.277568780305331	0.162520992974889	0.757623453238437	1.05413879174075	0.556252669047509	-1.70789493236863	0.0876558396718325	1397	141	1256	0.877952755905512
rs7343043	G	13.254102443413	480.672588691127	570405.302081302	NA	5.70965748693404e-09	0.0275740758995722	0.978001858236591	1397	141	1256	0.992841803865426
rs489947	A	-0.307862192502035	0.147784221508068	0.735016601828934	0.989483050399279	0.553582570702265	-2.08318715868613	0.0372341671497907	1397	141	1256	0.836793128131711
rs7343029	C	-0.145284072139444	0.149413750847068	0.864776599276309	1.16914768879846	0.649907748149549	-0.972360785508619	0.330871093481561	1397	141	1256	0.823550465282749
rs600220	G	0.156862353583262	0.131723911283325	1.16983457928023	1.52015415557548	0.906390239673298	1.19084190603684	0.233715654202115	1397	141	1256	0.637437365783822
rs621782	T	0.160085197786704	0.131671843768369	1.17361085577987	1.52491472289072	0.909414499817708	1.21578914067854	0.224065256579822	1397	141	1256	0.636721546170365
rs481077	C	0.2053182979856	0.140415450106172	1.22791584590772	1.62561521620198	0.936696447163051	1.46222013197518	0.143680896551991	1397	141	1256	0.688618468146027
rs8087639	T	0.200675679100645	0.200918342841433	1.22222831335111	1.86233459747233	0.843285272731681	0.9987922270443	0.317895352223568	1397	141	1256	0.895490336435218
rs8094221	C	-0.0319798376495977	0.131684749951407	0.968526109645133	1.2593247713624	0.750867353217966	-0.242851489344048	0.808120446540597	1397	141	1256	0.705082319255548
rs672856	A	0.180138970667975	0.131785273279212	1.19738375277985	1.55633935921296	0.927738182574253	1.36691275273464	0.171652654237532	1397	141	1256	0.636005726556908
rs7227515	C	-0.160092696318003	0.153909993085502	0.85206480203552	1.1624731138892	0.634873956581252	-1.04017090189242	0.298260507722699	1397	141	1256	0.83142448103078
rs9950805	A	-0.163865608009357	0.15344556135791	0.848856093675066	1.1567200585255	0.63290816265665	-1.06790712327705	0.285562409008384	1397	141	1256	0.828561202576951
rs537202	A	-0.278747628503883	0.148779114082639	0.756730856416853	1.02097632520389	0.568970116748192	-1.87356693325283	0.060990139221312	1397	141	1256	0.835719398711525
rs4602115	T	0.126516652608635	0.160719357377699	1.13486834953719	1.57237300115583	0.836069671497973	0.787189885978166	0.431170716986826	1397	141	1256	0.811739441660702
rs680418	A	-0.374985913165881	0.184381023501958	0.687298960589227	1.00343133782869	0.485314331527446	-2.03375545944889	0.0419762573758305	1397	141	1256	0.920544022906228
rs600022	T	0.229013537461635	0.131933984772518	1.25735906034467	1.6346847070474	0.973889992649308	1.73581915119521	0.0825958167460338	1397	141	1256	0.622047244094488
rs16976866	T	-0.157603251924131	0.153973186924554	0.854188612437283	1.16551589434345	0.636379424295916	-1.02357595547695	0.306035606948897	1397	141	1256	0.831066571224052
rs598162	T	-0.299727189677496	0.174496323741503	0.741020351109799	1.05726156897454	0.532124211276622	-1.71767051162355	0.0858567309584298	1397	141	1256	0.893342877594846
rs577454	C	0.143899586120184	0.131938033733737	1.15476814795296	1.50116927082936	0.894318824091806	1.09066038084656	0.27542234998124	1397	141	1256	0.640300644237652
rs9956931	A	-0.0981092849521757	0.132941229681168	0.906549826085782	1.18132708001324	0.700905491265232	-0.737989901157606	0.460520585977661	1397	141	1256	0.714387974230494
rs644438	T	0.166582249468311	0.130424051634437	1.18126068993857	1.53134964387882	0.917714642564258	1.27723565845985	0.201519061414216	1397	141	1256	0.63815318539728
rs657138	A	-0.148378738212138	0.227095683196689	0.862104541170367	1.38226137931411	0.564540151567009	-0.653375423625405	0.513514278787935	1397	141	1256	0.931639226914817
rs655983	T	-0.298684669744881	0.183141171511442	0.74179328242445	1.07849774959315	0.524514716542153	-1.63089854280102	0.102911729291859	1397	141	1256	0.904438081603436
rs659997	A	-0.252232332696157	0.151301228157317	0.777064179678997	1.05407768837448	0.581610372593318	-1.6670871464037	0.0954970776120549	1397	141	1256	0.837866857551897
rs8098928	T	-0.0441721133934085	0.130509284568821	0.95678926705321	1.24025348135775	0.742963031398947	-0.338459547451702	0.735016906579902	1397	141	1256	0.682891911238368
rs598300	A	0.181719291346771	0.138298008016019	1.1992774990539	1.58082562663145	0.918486434323092	1.31396897145274	0.188856646256008	1397	141	1256	0.68503937007874
rs11080970	G	0.112136974343601	0.157012895016699	1.11866607870317	1.53801646053156	0.829731188552515	0.714189585076276	0.475109956134386	1397	141	1256	0.806012884753042
rs8096537	T	-0.165223095805187	0.166063214243702	0.847704563658292	1.18623029022271	0.617549576778705	-0.994940972072947	0.319764974083727	1397	141	1256	0.85361488904796
rs7239756	T	-0.0221611025004066	0.127022858576414	0.978082650797295	1.25711772262182	0.763524031348501	-0.174465468253299	0.861499666885332	1397	141	1256	0.604151753758053
rs530926	A	-0.480358202987054	0.167372568219916	0.618561781439974	0.867609965152337	0.449177323534396	-2.86999362019645	0.00410480080911824	1397	141	1256	0.893342877594846
rs12457331	C	0.130844340309257	0.155593764297158	1.13979034808965	1.562264555127	0.847641596652714	0.840935630680975	0.400383996150132	1397	141	1256	0.799212598425197
rs4310948	A	0.0881852799783747	0.15165063046406	1.09219046430824	1.48439781544235	0.817934948136354	0.581502890614582	0.56090157062146	1397	141	1256	0.794559770937724
rs12457325	T	0.135372850792233	0.154132807395671	1.14496360536343	1.56449895587895	0.853758827942259	0.878287063471955	0.379787954418747	1397	141	1256	0.794559770937724
rs650695	G	-0.472585011403387	0.181732518257538	0.623388716715166	0.90260254582813	0.441345087500519	-2.60044276024213	0.00931035497085552	1397	141	1256	0.915891195418755
rs7240209	A	-0.126509547963381	0.185032824513265	0.881165736165169	1.2884651133103	0.621940309539418	-0.683714083142643	0.494155728747102	1397	141	1256	0.895490336435218
rs609865	G	-0.332728380671322	0.178520137528833	0.716964909237645	1.03314442579297	0.511565912378413	-1.86381427483262	0.0623477904145344	1397	141	1256	0.90873299928418
rs12457927	G	0.198885786101438	0.172600426144102	1.22004261211881	1.73541980358954	0.880419284192367	1.15229023788963	0.249201827117497	1397	141	1256	0.832856120257695
rs620380	C	0.170905323538903	0.148932847110049	1.18637842159394	1.60108226945813	0.892002316456398	1.14753277638356	0.251161494866626	1397	141	1256	0.755189692197566
rs16941940	T	0.506294306866322	0.230121848132183	1.65913155671252	2.69898288829204	1.08871141412924	2.2001140307873	0.0277988056502359	1397	141	1256	0.88940586972083
rs8088001	T	-0.169223897056666	0.153273203179814	0.844319841494229	1.15049701496426	0.629896133542458	-1.104067074648	0.26956404258985	1397	141	1256	0.832856120257695
rs653301	A	-0.403230461069201	0.170089619346112	0.668158097149025	0.9426922930117	0.482894986640332	-2.37069412360007	0.017754717633418	1397	141	1256	0.887974230493916
rs8083730	G	-0.202921611829062	0.150511689620237	0.816342230491892	1.10582440547722	0.612067690762865	-1.34821163951493	0.177590322009687	1397	141	1256	0.83142448103078
rs551155	G	-0.178852533975704	0.125563992918038	0.836229205701432	1.07018349002174	0.653762692918533	-1.42439348908289	0.154332597930247	1397	141	1256	0.57193987115247
rs585955	G	-0.0169092937918038	0.142679205281517	0.983232865915242	1.31037965061536	0.748079286449394	-0.118512671544816	0.905661455412177	1397	141	1256	0.779527559055118
rs669769	C	0.0348335688863882	0.125995679478755	1.03544736380039	1.33019974285772	0.811083525372051	0.276466375914595	0.782189881723196	1397	141	1256	0.651753758052971
rs503436	A	0.0370204512759184	0.126765066108848	1.03771424320146	1.33497042701523	0.811550889010425	0.292039853031201	0.770256153156661	1397	141	1256	0.647816750178955
rs596551	A	-0.124081060546285	0.124754559958106	0.883308236532455	1.13380711908436	0.694566373973576	-0.994601404453294	0.319930164176835	1397	141	1256	0.743736578382248
rs527283	A	0.0743864598499209	0.135125002249423	1.07722302851423	1.41187237605025	0.830452270427981	0.550501081307019	0.581975735435463	1397	141	1256	0.715819613457409
rs571882	C	0.0524578272536798	0.134151983251522	1.05385811705033	1.37822301959178	0.813782410127896	0.391032812055611	0.695772982435864	1397	141	1256	0.712956335003579
rs654581	C	0.135586475013778	0.117514119489867	1.14520822344957	1.4443771858248	0.910609259674381	1.15378880088932	0.248586766677586	1397	141	1256	0.53579098067287
rs621638	T	-0.146131742859153	0.120208576007721	0.864043864076976	1.09429891212431	0.682667680098868	-1.2156515592512	0.224117684359832	1397	141	1256	0.564065855404438
rs558320	G	-0.0497198443462106	0.119666947462588	0.951495954135188	1.20364240793226	0.752453561106801	-0.415485189523654	0.677786754976629	1397	141	1256	0.526485325697924
rs675712	G	0.290992477168865	0.125314993013132	1.33775452021083	1.71641965007452	1.04946521821056	2.32208828466655	0.0202281823702351	1397	141	1256	0.584108804581245
rs554821	G	0.450881676109777	0.184357615650264	1.56969553862188	2.29466691195402	1.1111237215419	2.44569053748842	0.0144575033937946	1397	141	1256	0.827129563350036
rs621636	C	0.488239892208114	0.18695493118228	1.62944569441607	2.39582442969609	1.1482486299118	2.61153792050599	0.00901359910376429	1397	141	1256	0.826771653543307
rs602379	T	0.784965278795196	0.154307872646384	2.19233081904434	2.99722223732849	1.63485577160263	5.08700732718961	3.63757785786127e-07	1397	141	1256	0.666428060128847
rs505110	G	0.772381324071876	0.152712513460199	2.16491548571634	2.94893843278841	1.6187164048295	5.05774744040986	4.24237773106072e-07	1397	141	1256	0.66034359341446
rs9947291	C	-0.0452759028366711	0.215651119050163	0.955733755799065	1.48816728113445	0.63679658593076	-0.209949769962193	0.833706876970395	1397	141	1256	0.907659269863994
rs8094638	G	-0.155506047866528	0.173000073646511	0.855981900048993	1.21634929618973	0.616063497369674	-0.898878506747176	0.368717377495714	1397	141	1256	0.868647100930566
rs18485	G	0.073382950300356	0.146293134898863	1.07614256713543	1.44497484215675	0.81329343650304	0.501615816429719	0.615937791541492	1397	141	1256	0.771295633500358
rs997799	A	-0.147793969153527	0.128026024486063	0.862608820660483	1.1110526786703	0.672159240206962	-1.15440567452453	0.24833388982202	1397	141	1256	0.648532569792412
rs11081025	G	-0.199273238095137	0.122010298919871	0.819325991671826	1.04241210296626	0.645691315212894	-1.63324932287895	0.102416570318451	1397	141	1256	0.63528990694345
rs7232553	C	-0.347877743990278	0.221929130344917	0.706185206322539	1.12429444171069	0.467565260153488	-1.56751726756021	0.116993833274691	1397	141	1256	0.950608446671439
rs2076867	T	0.153370171893589	0.123914452070843	1.16575642934732	1.4897427043359	0.915935753149868	1.23771012444865	0.215823563720741	1397	141	1256	0.566929133858268
rs16942867	T	0.0842641492917814	0.149993383968843	1.08791622815876	1.47030039954983	0.81571629238965	0.5617857738931	0.574261985861612	1397	141	1256	0.763063707945598
rs524633	A	-0.165026929794546	0.125054032859524	0.847870870792118	1.08737711042026	0.665455395174852	-1.31964500481103	0.186953569451875	1397	141	1256	0.710093056549749
rs17451337	T	-0.107103066346989	0.154490595457922	0.898433070003722	1.22759709114345	0.668907259207805	-0.693265930068606	0.488142679787104	1397	141	1256	0.827487473156765
rs1977932	T	-0.230042922575117	0.173490560163555	0.794499499806991	1.13104971990086	0.571604672612962	-1.3259679509839	0.184850313339597	1397	141	1256	0.883321403006442
rs623601	C	-0.158060329326071	0.124832664052761	0.853798271340386	1.09463494900008	0.670472096532223	-1.26617765090126	0.205449487016679	1397	141	1256	0.712240515390122
rs17451399	T	0.176061778247165	0.283267794266954	1.19251172765933	2.17355283029314	0.70974852135352	0.621538282185523	0.5342455144886	1397	141	1256	0.94201861130995
rs16942926	G	-0.195827197428045	0.187184193182241	0.822154292780167	1.20576388594906	0.577218646078819	-1.04617379330417	0.295480800069355	1397	141	1256	0.897995705082319
rs1006487	C	-0.16555977243436	0.190054078879252	0.847419209382019	1.25061766371923	0.591951901677709	-0.871119280420946	0.383689027771401	1397	141	1256	0.898353614889048
rs721241	A	-0.192748047693794	0.124198883214037	0.824689730445159	1.05585736466066	0.648330997913272	-1.55193060280279	0.120678829490318	1397	141	1256	0.716535433070866
rs12954598	G	-0.117523456759298	0.155562632493745	0.889119655636091	1.21854313174984	0.661084968778885	-0.755473566340062	0.449964887031418	1397	141	1256	0.839298496778812
rs7236553	A	-0.0929076897053058	0.331291728981682	0.911277616719022	1.86135737672598	0.499939928004896	-0.280440716074873	0.779139402842012	1397	141	1256	0.967430207587688
rs16942962	G	-0.254580180340998	0.310119101026885	0.775241891439521	1.49786315765504	0.438669344084053	-0.820910996768715	0.411696966767933	1397	141	1256	0.965998568360773
rs3826628	C	0.0620192721182023	0.152959241317367	1.06398284973369	1.44662691115478	0.793280004675097	0.405462733627985	0.685137406085773	1397	141	1256	0.774158911954188
rs8085115	T	-0.109493908840424	0.139040587711688	0.896287623776424	1.18461900890201	0.686076720154567	-0.787496015677587	0.430991559891005	1397	141	1256	0.774874731567645
rs590419	A	-0.149209339720712	0.121679403932986	0.861388773138076	1.09721266498184	0.680431013002573	-1.22624975877502	0.22010470150643	1397	141	1256	0.697924123120974
rs8086522	A	0.130685806315422	0.12459633667954	1.13960966689607	1.45666833604427	0.893248366754895	1.04887358487548	0.29423630446405	1397	141	1256	0.516105941302792
rs694372	C	-0.0680867109012058	0.114690457975881	0.934179466521737	1.16945417070971	0.74547146096892	-0.593656282334526	0.552742028806297	1397	141	1256	0.493557623478883
rs654312	C	-0.139742535815684	0.151782360724387	0.869582092824159	1.18095439482342	0.650421002959345	-0.920677048036137	0.357219062668942	1397	141	1256	0.822118826055834
rs17548840	A	0.160308778616981	0.184564712663406	1.17387328200507	1.71307189901781	0.828940650609771	0.868577618676974	0.385078200646697	1397	141	1256	0.858267716535433
rs523312	C	-0.224285754485895	0.17910974600674	0.799086759115256	1.15101500195293	0.568949288892844	-1.25222529475004	0.210487781437418	1397	141	1256	0.888332140300644
rs13381833	C	0.0338151513468514	0.151934591901954	1.03439338283128	1.40365624909737	0.77280454707062	0.222563873858778	0.823874955688494	1397	141	1256	0.778453829634932
rs588029	A	0.0391882109679721	0.118805058901495	1.0399661982766	1.31540748866698	0.825065430096029	0.329853049443495	0.741511000849938	1397	141	1256	0.582319255547602
rs644435	A	-0.120494535886294	0.11114739472937	0.886481931170215	1.10328805364987	0.71314756999368	-1.08409680838388	0.278321877816146	1397	141	1256	0.573371510379384
