RSID	effectAllele	B	SE	OR	OR_u95	OR_l95	Z	P	N	Ncase	Ncont	AFREQ
rs4079417	C	-0.0424638396770779	0.214566047182852	0.958425121856254	1.5113496023389	0.646938420961252	-0.197905680952823	0.843118859332569	1397	131	1266	0.93092340730136
rs11063263	G	0.299274460914967	0.131521519217527	1.34887978745346	1.7549013448968	1.04698561821018	2.27547904476369	0.0228772083517788	1397	131	1266	0.628489620615605
rs10774263	G	0.238941388070755	0.128022955633225	1.26990410287308	1.63941611733128	0.991650107728502	1.86639487339522	0.06198613985121	1397	131	1266	0.613815318539728
rs16931821	T	0.218207013237407	0.122845127449479	1.2438445332524	1.58776204694052	0.980164482973434	1.77627731573763	0.0756872202170236	1397	131	1266	0.573013600572656
rs16931854	T	0.633726334699547	1.00155914958343	1.884620236772	33.092737147145	0.419745482911228	0.632739798705973	0.526903575609445	1397	131	1266	0.992841803865426
rs4980929	C	0.218354759138697	0.13676956472029	1.24402831976055	1.63745251649315	0.956875216876466	1.59651571301888	0.110373700450075	1397	131	1266	0.689692197566213
rs11614957	A	0.221231679269802	0.120739460049276	1.24761244302347	1.58486895390642	0.986525513153404	1.83230634938664	0.0669057916658215	1397	131	1266	0.540085898353615
rs12425974	G	0.257985184424895	0.153548099401466	1.29431964239231	1.76991390628359	0.967783154179176	1.6801587608738	0.0929264306103972	1397	131	1266	0.774874731567645
rs7975313	C	0.209447989904156	0.120015376681699	1.23299724513824	1.56379786055183	0.976182079252266	1.74517629069855	0.0809541869482446	1397	131	1266	0.535075161059413
rs7294904	T	0.251879552511957	0.120708744787008	1.28644107935636	1.63428426337068	1.01740349487031	2.08667195534509	0.0369177980130695	1397	131	1266	0.535433070866142
rs7135697	G	0.19195334580552	0.125143832767224	1.21161398877161	1.55482467593883	0.951165508910342	1.5338618097351	0.125063653039605	1397	131	1266	0.612025769506084
rs11837473	T	0.215575822200387	0.120083406027865	1.24057604256246	1.57376340146741	0.982137057783073	1.79521741871948	0.072619066274751	1397	131	1266	0.537222619899785
rs868249	T	0.11660164218289	0.139115407462318	1.12367171710918	1.48310419771885	0.858908132061153	0.838164832421412	0.40193813518399	1397	131	1266	0.675017895490336
rs3741970	T	-0.285951676905009	0.118387345853291	0.751298920158798	0.94874189095914	0.596035634057193	-2.41539055415068	0.0157183455203206	1397	131	1266	0.637079455977094
rs1106984	T	0.123108676104458	0.120142128942697	1.13100732773934	1.43532147586859	0.895510885661216	1.02469198097177	0.305508547976183	1397	131	1266	0.577666428060129
rs2011738	G	0.315502061779962	0.124286091595736	1.37094743851248	1.75492821768583	1.07728073090619	2.53851462966743	0.0111324148389259	1397	131	1266	0.545096635647817
rs7135126	G	0.645041358929811	0.194381240772218	1.90606586048586	2.84376990504003	1.32385829250026	3.3184342088118	0.000905236447988941	1397	131	1266	0.799928418038654
rs1500105	C	0.36460529276177	0.176102039072634	1.43994553904025	2.06303664466871	1.03238569560264	2.07042061910134	0.0384129726093071	1397	131	1266	0.800644237652112
rs953385	G	-0.251981659995367	0.132843288807743	0.777258992871759	1.01087708127328	0.600049904933578	-1.89683394815711	0.0578498572650342	1397	131	1266	0.678954903364352
rs16930883	C	-0.352252228880796	0.240711216807496	0.70310275678754	1.16269482637293	0.449310524882159	-1.4633810320626	0.1433631459322	1397	131	1266	0.947745168217609
rs11064561	G	0.534177481663236	0.202855112186124	1.70604441218301	2.59416968944256	1.16767259370125	2.6332956360159	0.0084560707299936	1397	131	1266	0.832856120257695
rs904664	G	0.165890545611526	0.26096273556411	1.18044388988791	2.05871645939855	0.73381454615811	0.635686720760835	0.524980633318842	1397	131	1266	0.932712956335004
rs877478	G	0.303438415827427	0.139290768789407	1.35450817210839	1.78800817292965	1.03485959334751	2.17845316286676	0.0293723156190387	1397	131	1266	0.624552612741589
rs10849575	A	0.323912162272505	0.129807732211227	1.38252586385582	1.78856366751101	1.07447120626915	2.49532255709872	0.0125842677768362	1397	131	1266	0.542591267000716
rs1532609	C	0.360590900164371	0.133365299554038	1.4341766194291	1.86971505805366	1.1076420097587	2.70378352817529	0.00685549340053241	1397	131	1266	0.568002863278454
rs4980976	C	0.484670946007894	0.189965988935595	1.62364065549406	2.40285367203271	1.13794146577204	2.55135642292377	0.0107304526239663	1397	131	1266	0.819971367215462
rs10744731	A	0.252165366667332	0.159126404970819	1.28680881497641	1.77693308747897	0.950819471101433	1.58468587732863	0.11303772218836	1397	131	1266	0.772011453113815
rs881194	G	0.134257341806343	0.19933641535646	1.14368710028194	1.72959930330371	0.788801908672147	0.673521401326794	0.500615638100967	1397	131	1266	0.883321403006442
rs7973597	C	-0.0765465568575026	0.139490349244703	0.926309787212133	1.22266694212688	0.70703771907892	-0.548758801393633	0.58317098687566	1397	131	1266	0.701861130994989
rs7974784	C	0.449753622539676	0.169007982462554	1.56792583631273	2.21074041744403	1.13788876767531	2.66113834380175	0.00778769521574863	1397	131	1266	0.763421617752326
rs2368834	A	-0.37848686886228	0.131455480334382	0.684896964472394	0.884926477491026	0.528223925015765	-2.87920190089852	0.00398683007230857	1397	131	1266	0.51646385110952
rs11061622	G	0.312764899224606	0.403859630224633	1.36720006344541	3.41275624338256	0.678539441436389	0.774439621634481	0.438670860592037	1397	131	1266	0.968503937007874
rs2291928	A	0.271141406946289	0.138067280131575	1.31146050689873	1.73196127098148	1.00688735407752	1.96383536119417	0.049549187860462	1397	131	1266	0.693629205440229
rs2291926	A	0.221234431418513	0.268137249320781	1.24761587664317	2.20375317373137	0.764128920147811	0.825079066705286	0.409326703372312	1397	131	1266	0.929849677881174
rs4980848	G	0.453117034919347	0.165129169237728	1.57320829604639	2.2001345827634	1.14986859882217	2.74401571213028	0.00606926329074946	1397	131	1266	0.751968503937008
rs10848445	A	0.258827329642388	0.130565550487542	1.29541010658922	1.67748016732369	1.00477388419356	1.98235544273283	0.0474394728082852	1397	131	1266	0.540085898353615
rs11061652	T	0.109368698818585	0.144987505386734	1.11557358518879	1.49437057206113	0.845412202513881	0.754331888991809	0.450649958644878	1397	131	1266	0.750536864710093
rs9651889	C	0.214321394072	0.139879461465639	1.23902080475024	1.64157940732601	0.947622503759145	1.53218629687567	0.125476469056242	1397	131	1266	0.704008589835362
rs10848448	C	0.26062007238783	0.148322374587512	1.29773452658117	1.75066295459921	0.977555746636442	1.75711906657792	0.0788975164776516	1397	131	1266	0.730136005726557
rs2270799	T	0.228687373124273	0.149572624524175	1.25694902153358	1.70107633716448	0.945112690238066	1.52893869350612	0.126279642784912	1397	131	1266	0.748389405869721
rs7135530	C	0.188101922296553	0.331534938292979	1.20695652486165	2.50085782136149	0.669536150029191	0.567366815892949	0.570464990483099	1397	131	1266	0.95848246241947
rs2270797	C	-0.77614495948891	0.145137928317025	0.460176595693835	0.613690729180704	0.346967873002892	-5.34763702699116	8.91099437126552e-08	1397	131	1266	0.840372226198998
rs4980801	G	0.163089409772589	0.147529679663717	1.17714193297604	1.58629958557106	0.888425058631442	1.10546847349184	0.268956647821723	1397	131	1266	0.756263421617752
rs3888294	G	0.204453390435276	0.148132806287228	1.22685427136953	1.65390975810395	0.924233006192444	1.38020331592749	0.167524053334289	1397	131	1266	0.737294201861131
rs2368785	T	0.193146925469363	0.161499183799614	1.21306100998479	1.68385991351517	0.892574503435531	1.19596223909724	0.231711295129439	1397	131	1266	0.790622763063708
rs10431344	G	-0.841922125762142	0.144303492952509	0.430881518491317	0.573106345058407	0.325107370767912	-5.83438493785608	5.39893493577628e-09	1397	131	1266	0.831066571224052
rs4258434	C	0.273642303475264	0.180643993041576	1.31474443860342	1.90500953035253	0.936067581913704	1.51481540497328	0.12981915814174	1397	131	1266	0.831066571224052
rs10431345	T	-0.90384361656304	0.13810456594806	0.405009961224085	0.531462474277455	0.308955130420474	-6.54463239762086	5.96419064442969e-11	1397	131	1266	0.804939155332856
rs4980853	C	0.323833256581852	0.131639660896134	1.38241677900145	1.79403302975059	1.07008414589975	2.45999765099183	0.0138937925136158	1397	131	1266	0.526127415891195
rs4980854	G	-0.733705494728024	0.135720009524178	0.48012658325707	0.627318311624318	0.368142360367596	-5.40602301237914	6.44395208373292e-08	1397	131	1266	0.770221904080172
rs4980804	T	0.30339551348335	0.144723875317301	1.35445006177928	1.81475489188304	1.02769952015605	2.09637499561263	0.0360489387098157	1397	131	1266	0.71832498210451
rs2887340	G	-0.937106588160141	0.139095316935537	0.391759719275828	0.51508446805912	0.298261489138648	-6.73715412427896	1.61518829388349e-11	1397	131	1266	0.81496062992126
rs7955668	T	0.27407485345462	0.168847878555348	1.31531325429493	1.86137986108094	0.957912113699085	1.62320578617622	0.104545421357343	1397	131	1266	0.817823908375089
rs2368783	C	0.159933016077285	0.150438364698256	1.17343226726295	1.58637307633645	0.878689768226389	1.06311323177484	0.287730604631296	1397	131	1266	0.724051539012169
rs7955954	T	-0.401167015832889	0.120071727834035	0.669538228214432	0.847690788866254	0.529056110178921	-3.34106140612376	0.000834587623242895	1397	131	1266	0.63815318539728
rs2368782	C	0.408339437476568	0.139532970242261	1.50431769632062	1.99293272695497	1.15198197029386	2.92647276674178	0.00342829519643001	1397	131	1266	0.666785969935576
rs2291922	A	0.177606660927727	0.161408316160039	1.19435544216837	1.65619257176367	0.878324782666416	1.10035632087027	0.271176901762909	1397	131	1266	0.785612025769506
rs17692962	A	0.132443704960626	0.141173541726025	1.14161474703305	1.51469155139924	0.870048895410894	0.938162373355054	0.348160971690028	1397	131	1266	0.702934860415175
rs2291920	C	0.139239972083969	0.150998850334657	1.14939989079834	1.55822860225281	0.861017502262244	0.922126041194176	0.356462835021813	1397	131	1266	0.754473872584109
rs4980806	A	0.12260003457812	0.194737466750273	1.13043219672602	1.68880674476821	0.78470783971706	0.629565725712863	0.528978753974835	1397	131	1266	0.872584108804581
rs10744538	T	-0.258719986866863	0.126844938975187	0.772039173887738	0.989126622003122	0.601178375753966	-2.03965557441336	0.0413846426349274	1397	131	1266	0.516105941302792
rs2291919	C	0.157542788904021	0.157417218001166	1.17063084692101	1.60771126299922	0.866260322219597	1.00079769484209	0.316924624235229	1397	131	1266	0.764853256979241
rs16932134	C	-0.10055676785353	0.239080407103091	0.904333773868378	1.49727636016194	0.582247172110482	-0.4205981120409	0.674048572593481	1397	131	1266	0.937723693629205
rs7959974	C	0.261935478291574	0.130951970383363	1.29944269746166	1.68425221834537	1.00729708080584	2.00024083276301	0.0454742645713161	1397	131	1266	0.547244094488189
rs7960096	C	0.219771128505386	0.12836293224334	1.24579157177725	1.605239780973	0.969851812534014	1.71210741811944	0.0868768745651795	1397	131	1266	0.517179670722978
rs216231	C	0.061281900030435	0.289404160511444	1.06319858766045	1.98454903083657	0.630355296822852	0.211751966254167	0.83230054404125	1397	131	1266	0.951324266284896
rs12827	G	0.231777930545005	0.148109925254896	1.26083970375112	1.70486705818123	0.95233725738399	1.56490478370114	0.117605236870107	1397	131	1266	0.769148174659986
rs216237	A	-0.00450317237043832	0.137968923232303	0.995506951707737	1.31603441456436	0.765151700542581	-0.0326390339573513	0.973962441804796	1397	131	1266	0.779527559055118
rs628121	A	0.131096070336969	0.135696113010442	1.14007730366171	1.50010034431208	0.880049592972866	0.966100409426469	0.3339939396929	1397	131	1266	0.742662848962062
rs633159	G	0.0320127838230144	0.132129302396494	1.03253070491054	1.34062066646729	0.798089320892876	0.242283757216476	0.808560298761923	1397	131	1266	0.58840372226199
rs502783	G	0.0158434452118053	0.132786493084476	1.01596961804668	1.32109764341056	0.784432711149189	0.11931518668639	0.90502565221156	1397	131	1266	0.603435934144596
rs478520	C	0.261924134814751	0.188636018768206	1.29942795734714	1.92424860828289	0.915226650009776	1.38851602427319	0.164979968713759	1397	131	1266	0.861488904795991
rs478455	A	0.366103849692929	0.171401724584995	1.44210499703952	2.04692917669247	1.0433829979223	2.13594029219575	0.0326842808648393	1397	131	1266	0.793486041517538
rs477623	T	0.1860059757622	0.141097795878189	1.20442945774015	1.60155154746587	0.919945881775878	1.31827697664945	0.187410945237681	1397	131	1266	0.733357193987115
rs558406	A	0.0166774104070838	0.162294888022517	1.01681725474821	1.41322757357572	0.746727891590223	0.102759924297615	0.91815351260366	1397	131	1266	0.818181818181818
rs510714	G	0.112777718174739	0.130344210885205	1.11938308677692	1.44795181534838	0.868053161285883	0.865229973842586	0.386912576885618	1397	131	1266	0.550823192555476
rs515932	G	0.101964983894777	0.126916945824338	1.10734469615065	1.42147049018903	0.863710497960854	0.803399287876841	0.421743986504871	1397	131	1266	0.502505368647101
rs1051104	G	0.0116500953631402	0.130509888475912	1.01171822202779	1.30834279101022	0.783856400798216	0.0892659973829525	0.928870516316004	1397	131	1266	0.550823192555476
rs542736	A	0.0816242945437742	0.128265529132725	1.08504807475825	1.39639168351026	0.844004490720592	0.63636968635051	0.524535494059713	1397	131	1266	0.503937007874016
rs2075228	C	0.029277516917379	0.132021161552955	1.02971031685983	1.33624770789798	0.795836327057207	0.221763818565068	0.824497746743392	1397	131	1266	0.573729420186113
rs10128942	T	-0.125034196817087	0.146054401694663	0.882466724515438	1.18531587222939	0.667616943825138	-0.856079620787327	0.391953740173659	1397	131	1266	0.807802433786686
rs518685	G	-0.122216400562714	0.122781216856541	0.8849568426215	1.12741875234619	0.696202630769728	-0.995399815148543	0.319541848479738	1397	131	1266	0.595561918396564
rs2284328	G	-0.115833940201104	0.127678111280763	0.890623107712464	1.14514351560061	0.693724631916017	-0.907234129947193	0.364282998852505	1397	131	1266	0.576592698639943
rs2284329	T	-0.0502033657900089	0.129058238555128	0.951035996646292	1.22667199298365	0.739101632613093	-0.38899776063939	0.697277802938571	1397	131	1266	0.58017179670723
rs7967868	C	0.339508854721087	0.17076806694366	1.40425772661295	1.98622987137468	1.01528968176514	1.98812846451613	0.0467974840116661	1397	131	1266	0.783106657122405
rs11061915	C	13.3992093839009	391.748683942336	659481.621812188	NA	0.000285685041863812	0.0342035849337357	0.972714807851476	1397	131	1266	0.98890479599141
rs216244	T	-0.151470756187611	0.129570016293063	0.859443015295731	1.11102008778705	0.668010323224023	-1.16902629575204	0.242393037029012	1397	131	1266	0.663564781675018
rs216247	C	-0.226661746117391	0.127853035531843	0.797190389434142	1.02663700877878	0.621450066987638	-1.77283038431214	0.0762568169932005	1397	131	1266	0.666070150322119
rs216250	G	-0.175683948064297	0.129116472376091	0.838883072062719	1.0828487400033	0.652254277056621	-1.36066254623626	0.173620355861986	1397	131	1266	0.64638511095204
rs4980866	T	0.045771221998651	0.124255425931812	1.04683489076545	1.33672732195725	0.820727205919394	0.368363970067344	0.712601859282362	1397	131	1266	0.515390121689334
rs522993	C	0.188705124950501	0.231922379671649	1.20768478386244	1.9755212925106	0.790363754362584	0.813656384595855	0.415841826849481	1397	131	1266	0.916607015032212
rs797754	G	-0.778998685113861	0.406260974927875	0.458865249951115	1.13768085629797	0.214593128895159	-1.9174834236839	0.0551765448850659	1397	131	1266	0.993557623478883
rs495360	A	-0.0759722474319417	0.114550941562918	0.926841928446155	1.16067426398614	0.740247303187763	-0.663218009344895	0.5071909389147	1397	131	1266	0.529706513958482
rs533112	G	1.07257505506212	0.97327903098465	2.92289643682587	49.8761398693862	0.711884374885734	1.10202215491791	0.270452039967535	1397	131	1266	0.987831066571224
rs2289954	C	-0.170981893354096	0.155445231936069	0.842836834281572	1.15171215158739	0.625337266537483	-1.09994942414455	0.27135415862617	1397	131	1266	0.804581245526127
rs124440	G	0.136482055547899	0.11820347717411	1.14623430904457	1.44687750298804	0.909663711110233	1.15463655393882	0.248239291030188	1397	131	1266	0.500715819613457
rs10744557	T	0.0620876074982704	0.114092647268287	1.06405555989042	1.33217311961799	0.851146657114654	0.544185878624346	0.586313568335601	1397	131	1266	0.516105941302792
rs16928571	G	-0.198429247140169	0.297724867112869	0.820017787291525	1.55115624237763	0.476552968544314	-0.666485299210642	0.505100957042995	1397	131	1266	0.962061560486757
rs11835796	C	-0.204026432556009	0.135477898817142	0.815440816717364	1.06674734207516	0.626682784119777	-1.50597576680303	0.132073394678226	1397	131	1266	0.693987115246958
rs497740	C	0.20049524927727	0.12468025030788	1.22200780680599	1.56530242670849	0.959388152482696	1.60807544725148	0.107818655839433	1397	131	1266	0.575518969219757
rs525631	C	0.287645654200312	0.128160252057103	1.33328477654889	1.71992602512109	1.03989062046159	2.24442172657517	0.0248052799010413	1397	131	1266	0.564423765211167
rs555044	C	-0.109373504356162	0.131461476470347	0.896395547322624	1.16381135853004	0.694556949953868	-0.831981408491432	0.405419438566837	1397	131	1266	0.676449534717251
rs11062035	G	0.0872282124625553	0.259107702508219	1.09114566434557	1.88779031140352	0.678410891214372	0.33664847327257	0.736381910512536	1397	131	1266	0.93378668575519
rs7968614	C	0.268077959148798	0.195323945231973	1.30744906365804	1.95131375040717	0.905064536102195	1.37247872415448	0.169914457707762	1397	131	1266	0.848604151753758
rs488192	A	0.109404166677079	0.14780393565159	1.11561315289654	1.50171337786941	0.840321542983298	0.740197926359494	0.459179905652118	1397	131	1266	0.743736578382248
rs511230	T	0.0721806711189975	0.129629235598542	1.0748495207879	1.38782051853678	0.834345694069096	0.556824012621187	0.577647675886755	1397	131	1266	0.540801717967072
rs3782862	C	-0.0628747528561604	0.135031027112175	0.939061081042278	1.22808585113967	0.722729890253617	-0.465631893653066	0.64147900975285	1397	131	1266	0.677165354330709
rs11615492	C	-0.248449463864139	0.211474918394595	0.780009278493987	1.20667735337288	0.524482695304938	-1.17484128023425	0.240058221491324	1397	131	1266	0.920186113099499
rs7303797	G	-0.286850831086908	0.212827177080964	0.750623690206292	1.15923617488108	0.501659949283245	-1.3478110973477	0.177719147715821	1397	131	1266	0.91159627773801
rs2289956	T	-0.68188398828123	0.456956300834573	0.505663430420714	1.36750503551482	0.220886357883111	-1.49223019145563	0.135638810100586	1397	131	1266	0.987115246957767
rs492540	C	0.129896808610313	0.186957022271109	1.13871087210431	1.67036440587806	0.800622840022439	0.694795023114716	0.487183767599616	1397	131	1266	0.855404438081603
rs515639	C	-0.270539959676113	0.138764188721022	0.762967411456421	1.00537025143868	0.58300049462896	-1.94963817516361	0.0512192599493075	1397	131	1266	0.738367931281317
rs11613331	G	-0.0735199189787737	0.131093368467395	0.929117638532677	1.20576817146737	0.720624681807816	-0.560821037999792	0.574919543381023	1397	131	1266	0.676449534717251
rs525797	G	0.34117398129275	0.164257021432011	1.40659794130311	1.96286664865654	1.02939137159224	2.0770739559159	0.0377947339190854	1397	131	1266	0.767358625626342
rs2053736	C	-0.338800879796579	0.153469851398154	0.712624332864882	0.9711990651773	0.531244261923692	-2.20760544634668	0.0272717891568895	1397	131	1266	0.847530422333572
rs561658	T	0.341528603805816	0.161601932433928	1.40709684105524	1.95302773533051	1.03496738673969	2.11339430576086	0.0345670329369642	1397	131	1266	0.761632068718683
rs7298813	T	-0.0247730366363913	0.314399865915524	0.97553129676869	1.93610506416064	0.555073797024891	-0.078794679394194	0.937195936119271	1397	131	1266	0.962777380100215
rs7969761	C	-0.0654127056179854	0.13122079009557	0.936680810163301	1.21589464362469	0.726315403020747	-0.498493459537506	0.61813627800626	1397	131	1266	0.674659985683608
rs510384	A	0.338716792117457	0.160552642624527	1.40314590695535	1.94291909384156	1.03389774004279	2.10969303638054	0.0348848047002891	1397	131	1266	0.757695060844667
