RSID	effectAllele	B	SE	OR	OR_u95	OR_l95	Z	P	N	Ncase	Ncont	AFREQ
rs7494890	T	-0.252455600530258	0.167094660761058	0.776890705608954	1.09146282124527	0.565659935292648	-1.5108537841988	0.130825707961391	1397	136	1261	0.876163206871868
rs12900938	T	0.272920283348185	0.195541847523494	1.31379550927104	1.96377567819915	0.909927851797322	1.3957129218358	0.162800961519309	1397	136	1261	0.857193987115247
rs9989314	C	-0.578066502694336	0.385535310481705	0.560981975788777	1.35438410295807	0.279102936157272	-1.49938666311024	0.133773351472064	1397	136	1261	0.992125984251969
rs7496046	T	-0.00253057788954467	0.383584737141946	0.997472621323495	2.28686570803847	0.498405370913235	-0.00659718086908195	0.994736249421953	1397	136	1261	0.970651395848246
rs12905389	G	0.0155344245768814	0.138669297790901	1.01565571097462	1.33996391127694	0.777325287554438	0.112024974701362	0.91080360426111	1397	136	1261	0.717609162491052
rs9707995	C	-0.176593262940702	0.328597863436558	0.83812060991735	1.72271707054216	0.46497793597531	-0.537414519661955	0.590981316052361	1397	136	1261	0.97244094488189
rs4058224	G	-0.138967079736696	0.363556745604755	0.87025667706564	1.93058035175829	0.453674296810386	-0.382243161258176	0.7022810100131	1397	136	1261	0.974230493915533
rs34612657	A	-0.313371634114216	0.252540624859844	0.730978205646262	1.26507455562063	0.462388627379661	-1.24087613344638	0.214651510682194	1397	136	1261	0.971009305654975
rs35059437	T	6.67471279303474	201.827329254887	792.119918844193	NA	0.000691496604968663	0.0330714022609162	0.973617647960221	1397	136	1261	0.990694345025054
rs9672493	G	0.18304328146434	0.578172773347547	1.20086638221156	5.82956145075471	0.486751286471876	0.316589244430419	0.751555298000524	1397	136	1261	0.990336435218325
rs10163108	C	-0.340503271965179	0.182078315217021	0.711412198837942	1.03354425938926	0.504530465348906	-1.87009239161363	0.0614709888558441	1397	136	1261	0.911954187544739
rs7170864	C	-0.0152007735112174	0.128239576372657	0.98491417507361	1.26990298493858	0.767584175348377	-0.118534183761218	0.905644411284537	1397	136	1261	0.632068718682892
rs12440100	G	0.112272468253681	0.159426590579981	1.11881766141329	1.54967277065482	0.827832690675796	0.704226740628668	0.481291580631811	1397	136	1261	0.824982104509664
rs12906138	G	-0.00674471796435003	0.124440332041463	0.993277976594395	1.27018715821889	0.779268135024937	-0.0542004176114115	0.956775487969554	1397	136	1261	0.589835361488905
rs7179358	A	-0.180798253967733	0.127178424142944	0.834603719701101	1.07375887254602	0.651707856955194	-1.4216110569551	0.155139193132087	1397	136	1261	0.672512526843235
rs4932079	A	0.106379082154339	0.133564018611659	1.11224342823504	1.45185664004533	0.85933706750155	0.796465120322855	0.425761741032716	1397	136	1261	0.672512526843235
rs12148360	G	-0.455273905794707	0.659707870506764	0.634274212770729	3.45207899745262	0.203461512311237	-0.690114406919204	0.490122243874088	1397	136	1261	0.995705082319256
rs2199325	C	-0.159857118511451	0.152817805085972	0.85226555323796	1.1613778489701	0.636898296196021	-1.04606343757861	0.295531744507228	1397	136	1261	0.836435218324982
rs4931947	G	12.3430353158234	394.774848969863	229357.067712186	NA	3.5740355208189e-13	0.031266012381568	0.975057395339181	1397	136	1261	0.998210450966357
rs4931953	C	-0.320865439330441	0.226751334644284	0.725520870996267	1.17383853489864	0.477953023843552	-1.41505424801049	0.157052591184236	1397	136	1261	0.957050823192556
rs7172128	T	0.612400848230548	1.03295253540523	1.844855303686	33.3699126407745	0.374488545625441	0.592864461086102	0.553271863662547	1397	136	1261	0.993557623478883
rs8041088	A	-0.128268922725034	0.372993449035985	0.879616798388691	2.02192843958407	0.454555067273563	-0.343890551044661	0.730928598161288	1397	136	1261	0.977451682176092
rs9920121	T	0.462094213149567	0.586654509362557	1.58739484964926	6.46135757805512	0.595281332765824	0.78767691337047	0.430885712953363	1397	136	1261	0.982820329277022
rs1827250	G	11.4493212839383	565.051042359957	93837.6353191238	NA	9.01553775610005e-28	0.0202624549387959	0.983834006252082	1397	136	1261	0.998210450966357
rs28690063	G	11.4493212841077	565.051042406457	93837.6353350171	NA	9.01553770292761e-28	0.0202624549374282	0.983834006253173	1397	136	1261	0.998210450966357
rs1827261	C	11.6304218658814	617.827579156209	112467.758212197	NA	2.08977741765012e-21	0.0188247049148657	0.984980945641166	1397	136	1261	0.996062992125984
rs28492067	T	-0.581836659409181	0.553173803212273	0.558870967741934	1.93740800881194	0.208945692066425	-1.05181528125602	0.292884306616362	1397	136	1261	0.991052254831782
rs7170141	T	-0.233854129565749	0.790165574726441	0.791477260607098	9.75350748657213	0.22609419835368	-0.295955856652842	0.767263793246235	1397	136	1261	0.997494631352899
rs8032274	A	-0.282908793699133	1.07287557442459	0.753588516746404	14.1407594625157	0.132718088495973	-0.263692081769001	0.792017197484721	1397	136	1261	0.99713672154617
rs28595274	C	12.4649044564587	468.913525807619	259083.182341124	NA	7.66298745648638e-15	0.0265825227263176	0.978792713178222	1397	136	1261	0.99713672154617
rs28621737	T	-0.239829401309497	0.29054717398645	0.78676207019719	1.45918827653659	0.461763705979429	-0.825440488781632	0.409121556072423	1397	136	1261	0.961703650680029
rs28558498	C	0.0134092587015267	0.355843502933127	1.01349956601089	2.26318984186058	0.543779441574573	0.0376830224269872	0.969940412522793	1397	136	1261	0.973872584108805
rs8033750	G	12.0993982103902	551.919125747169	179763.649799788	NA	8.9048702941524e-16	0.0219224115381225	0.982509847247673	1397	136	1261	0.994989262705798
rs6600067	T	-0.251459343201129	0.168642084046751	0.777665074339562	1.08708596854029	0.560581953581296	-1.49108299166547	0.135939707189167	1397	136	1261	0.799928418038654
rs28490428	G	-0.269481562234024	0.212886899058107	0.763775361703919	1.20022773176644	0.516420410473955	-1.26584380450988	0.205569008729243	1397	136	1261	0.952755905511811
rs1996582	T	14.1302347371912	456.455325773327	1369881.41709241	NA	2.53826928430184e-05	0.0309564462047885	0.975304273904337	1397	136	1261	0.990694345025054
rs8034984	T	-0.173828936748303	0.411849591555899	0.840440653873488	2.05938760794191	0.399992894044561	-0.422068979336864	0.672974669439393	1397	136	1261	0.97780959198282
rs2344050	T	12.3430353169155	394.774849097774	229357.067962672	NA	3.57403547724053e-13	0.031266012374204	0.975057395345053	1397	136	1261	0.998210450966357
rs3895003	G	0.147407560188588	0.789397514283284	1.15882615820692	14.8726389843238	0.364664577200031	0.18673425938315	0.851868993432413	1397	136	1261	0.995347172512527
rs28462234	G	-0.343205310217801	0.356246863766568	0.709492530539846	1.52864785594487	0.371013019553247	-0.963391808110591	0.335350935757865	1397	136	1261	0.975662133142448
rs12148453	G	11.4493212843834	565.051042840778	93837.6353608944	NA	9.015537194541e-28	0.0202624549223417	0.983834006265207	1397	136	1261	0.998210450966357
rs2254222	T	-0.26644572111856	0.222629367240894	0.766097585517693	1.20732972514968	0.502686953703656	-1.19681300100114	0.23137944969646	1397	136	1261	0.919112383679313
rs2626245	C	0.219514320165977	0.842783473074428	1.24547168318924	17.6965085044168	0.364389722196891	0.260463484606788	0.794506278540432	1397	136	1261	0.994989262705798
rs2249569	G	-0.226165659859912	0.288120793289384	0.797585962742063	1.49187554750536	0.473944074998643	-0.78496819780985	0.432472214821585	1397	136	1261	0.968503937007874
rs11856838	T	0.3484704811022	0.786750191579312	1.41689871701769	18.3036366942038	0.460795088873301	0.442923922779968	0.657820763131335	1397	136	1261	0.993557623478883
rs2665033	A	-0.234189561859352	0.201114467886513	0.791211818095723	1.19911682984551	0.542793416495904	-1.16445904822473	0.244238029989238	1397	136	1261	0.920186113099499
rs4102572	A	0.0306111600275864	0.201300829581353	1.03108449906005	1.5586538023402	0.705895821927751	0.152066735597904	0.879134300188897	1397	136	1261	0.886900501073729
rs2257195	C	-0.259583172779118	0.284200295027931	0.771373048085694	1.42241507639782	0.459980016411634	-0.913381081302559	0.361042152053065	1397	136	1261	0.966356478167502
rs4983945	A	0.0325347852460932	0.231996548111866	1.03306982810717	1.67571518037586	0.671422539158153	0.14023822988265	0.888471767269091	1397	136	1261	0.920544022906228
rs2664984	A	11.3398543744566	535.411175541898	84107.7820065008	NA	3.42638432190744e-43	0.0211797117663436	0.983102298317864	1397	136	1261	0.999642090193271
rs11857112	T	0.308736959447485	0.268972103189165	1.36170413998157	2.40903488571836	0.832736635348373	1.14784007630097	0.251034589611884	1397	136	1261	0.926986399427344
rs2626192	C	13.2938193659756	471.450455069846	593515.949306415	NA	2.64501961355056e-08	0.0281977018433593	0.977504470160139	1397	136	1261	0.992483894058697
rs4107640	T	-0.410552650706901	0.177175188205075	0.663283584684739	0.950230496108858	0.473280389627368	-2.31721300745395	0.0204921313093222	1397	136	1261	0.895490336435218
rs2605929	T	-0.567198107778428	0.38607279519033	0.567112201959061	1.30238126562418	0.27998339155876	-1.46914808513976	0.141792627806638	1397	136	1261	0.982104509663565
rs1303908	A	0.193838977554609	0.219231337947588	1.21390080194265	1.92055615189711	0.809242543250781	0.884175498673234	0.376601482474583	1397	136	1261	0.903006442376521
rs28718337	A	-0.108029875951261	0.33428917674942	0.897600779352708	1.86526184457179	0.493009291648399	-0.323162948324345	0.746571839615983	1397	136	1261	0.970293486041518
rs17797924	C	-0.261125048342284	0.167803119220033	0.770184603285212	1.08099668337727	0.558919175088808	-1.55613941836136	0.119674943406186	1397	136	1261	0.85898353614889
rs7402159	G	-0.294528571717064	0.227257513907772	0.744882663460855	1.18536553457153	0.484585425751275	-1.29601246908207	0.194971189060932	1397	136	1261	0.923765211166786
rs35617960	T	0.0484117786233624	0.155348802928487	1.04960277033435	1.43933148190369	0.781505078018044	0.311632775475252	0.75531962255693	1397	136	1261	0.816034359341446
rs8040193	T	0.15642867848688	0.255161305213278	1.1693273611482	1.99337580720944	0.728762388104128	0.613057996219797	0.539837992418443	1397	136	1261	0.924481030780243
rs7165745	C	0.154465076385976	0.140396332070814	1.16703352031758	1.55136470748287	0.89342932659119	1.10020734949162	0.271241789119241	1397	136	1261	0.763779527559055
rs7174633	A	0.0843535088556761	0.132884403937414	1.08801344822217	1.42238781996418	0.843827972200807	0.634788630992432	0.525566279138187	1397	136	1261	0.74302075876879
rs4433784	A	0.0257101747574752	0.12416187886198	1.02604353206061	1.31558408950714	0.807819741032687	0.207069794635236	0.835955351229676	1397	136	1261	0.699713672154617
rs8038579	G	0.0539544004934435	0.132629940162859	1.05543647367537	1.37781563146265	0.81830101434259	0.406804077776043	0.68415189152757	1397	136	1261	0.731209735146743
rs8034562	C	-0.0107878286620114	0.132270424892812	0.989270151281746	1.29021203984774	0.767357694143947	-0.0815588871870148	0.934997495600017	1397	136	1261	0.741231209735147
rs12324319	A	-0.226660466007322	0.407520565824677	0.79719140992624	1.99264777621333	0.387851611893434	-0.556193932320057	0.578078286740664	1397	136	1261	0.982462419470293
rs6606788	G	-0.0283825073291709	0.112579562128515	0.972016492251049	1.21471010192759	0.78070721769368	-0.252110656610752	0.800955533175229	1397	136	1261	0.603793843951324
rs11263659	C	0.252891107727475	0.331255197418531	1.28774304393315	2.63252408132186	0.708350956273521	0.763432875010727	0.445205280141604	1397	136	1261	0.953829634931997
rs12900111	G	0.294159689111293	0.133838498983181	1.34199818905516	1.75327137080333	1.03664849868507	2.19787050322686	0.0279583354387304	1397	136	1261	0.634931997136722
rs12900257	G	0.361203960867576	0.132849194881225	1.43505612632394	1.87048229705204	1.11030446999099	2.71890214457463	0.00654989822053865	1397	136	1261	0.604151753758053
rs7359214	G	-0.0228013516835078	0.243995081037217	0.977456634603679	1.63340121906853	0.623344546005528	-0.0934500465606919	0.925546033026491	1397	136	1261	0.935218324982105
rs12915528	T	0.436217581091603	0.129295343135638	1.54684532243081	2.00064926074888	1.20430379678478	3.37380736624044	0.00074136228178783	1397	136	1261	0.549391553328561
rs12102024	T	0.464487251240364	0.129684826609714	1.59119809482991	2.06002896475969	1.23814357268211	3.5816622760212	0.000341414965233713	1397	136	1261	0.550107372942019
rs6606792	C	0.56113337972671	0.137874692701754	1.7526578018538	2.30942477571084	1.34407996869359	4.06987945888324	4.70374687101905e-05	1397	136	1261	0.593414459556192
rs8031642	C	0.0141403816879586	0.125833945809068	1.01424082978481	1.2990511654645	0.792713947628496	0.112373347247763	0.910527387269228	1397	136	1261	0.526127415891195
rs8039647	G	0.0173519189714633	0.120181530687344	1.01750333805347	1.28965261805119	0.804582028937989	0.144380911711008	0.885199689120385	1397	136	1261	0.554402290622763
rs7182769	C	0.0596237127588628	0.26543980828388	1.06143706616512	1.86530926253528	0.653260048331767	0.224622347131509	0.822273078605659	1397	136	1261	0.941660701503221
rs11486384	A	-0.0626396207040621	0.121349766868375	0.939281910456246	1.19220398583276	0.740402762486223	-0.516190696699117	0.605721227347968	1397	136	1261	0.534001431639227
rs9920640	C	-0.0904044716618025	0.144907272391935	0.913561600754219	1.22488138725768	0.692989091573654	-0.623878085409562	0.53270765331902	1397	136	1261	0.813171080887616
rs9972536	G	15.373757921918	603.3118508135	4750488.06813204	6.59998775412929e+91	1.83976986291891e-05	0.0254822740531089	0.97967028715329	1397	136	1261	0.984609878310666
rs1562203	A	-0.0270975592400013	0.120094754290141	0.973266285773348	1.2327883750871	0.769375733150989	-0.22563482810028	0.821485450391676	1397	136	1261	0.543664996420902
rs8035524	C	0.00549292413782712	0.123011265275724	1.00550803790587	1.28004415855373	0.789759730676832	0.0446538300822691	0.964383235217468	1397	136	1261	0.494989262705798
rs35297352	A	-0.0975436865607599	0.142050958148533	0.907062714239839	1.20688986235916	0.690711199045509	-0.686680947683333	0.492283805605873	1397	136	1261	0.782032927702219
rs4778301	G	0.0919336436164768	0.195687777650695	1.09629207368989	1.64656765253565	0.761620812377976	0.469797576119339	0.638499646317154	1397	136	1261	0.891553328561203
rs8029154	G	-0.0517954055166329	0.134839460493505	0.949523114162234	1.24327395446487	0.7321234129239	-0.384126466592677	0.700884715976356	1397	136	1261	0.727272727272727
rs34465581	A	14.1863242712348	407.716263579805	1448913.13495525	2.0106316298798e+58	0.00291270370060843	0.0347945999177882	0.972243526667277	1397	136	1261	0.988188976377953
rs8029691	G	-0.022299608138557	0.145301392762993	0.977947190216826	1.31132129993902	0.740867283328306	-0.153471399788512	0.878026542760392	1397	136	1261	0.790622763063708
rs1015172	C	-0.0176799036627571	0.249494995345916	0.982475468829638	1.6580740870617	0.619394563904494	-0.070862758742894	0.943506983050259	1397	136	1261	0.934860415175376
rs4778483	T	-0.138759200456363	0.217863831440932	0.870437604202224	1.36722250389152	0.579356519634406	-0.63690792335112	0.524184821418909	1397	136	1261	0.921975662133142
rs11852309	T	-0.239061137703424	0.490833086705402	0.787366743106715	2.4811445078342	0.336493206636289	-0.487051798622753	0.626221623667534	1397	136	1261	0.988546886184681
rs7168628	A	-0.0582094858356775	0.152922634096481	0.943452286843243	1.28751577453302	0.705691277618708	-0.380646633375097	0.703465473181991	1397	136	1261	0.832498210450966
rs1544285	T	-0.0786405925605519	0.142602329256003	0.924372090956261	1.23295621706716	0.703967727690322	-0.551467798393213	0.58131303531701	1397	136	1261	0.800644237652112
rs748979	A	-0.0506126190635438	0.152165427995981	0.950646861684224	1.29546930233873	0.712157202454978	-0.332615757272279	0.739424347435754	1397	136	1261	0.83142448103078
rs8027884	C	-0.0533507491190287	0.152742283637666	0.948047427358795	1.29335229728928	0.709391802722321	-0.349286051304477	0.726874569265177	1397	136	1261	0.831782390837509
rs17137283	A	-0.0350018556912332	0.257245508171449	0.965603624393723	1.66435145202189	0.602189315095908	-0.136064011146524	0.8917706778299	1397	136	1261	0.943092340730136
rs17742788	A	-0.279211445887981	0.189116573514275	0.756379952874436	1.11390992285636	0.529100818886385	-1.47639860800939	0.139836916182924	1397	136	1261	0.904795991410165
rs8030140	G	0.0289702423858213	0.127748092358062	1.029393961711	1.32796438537945	0.804130246420655	0.226776320891129	0.820597677226874	1397	136	1261	0.673586256263422
rs3213932	C	-0.0901816370155202	0.15110031694815	0.913765196613643	1.24211763047982	0.685707083557224	-0.596832877898371	0.550618964724727	1397	136	1261	0.833929849677881
rs11632888	G	0.0618131237717318	0.189691061650585	1.06376353403511	1.56957431905598	0.744180435147597	0.3258620792876	0.744528707368593	1397	136	1261	0.872226198997853
rs3213933	A	-0.016527475536626	0.210651594381981	0.983608353852052	1.52276561103715	0.664008968549706	-0.0784588200488825	0.937463086044087	1397	136	1261	0.909448818897638
rs3812920	C	-0.027144435267454	0.151328758878642	0.973220663985509	1.32416341439758	0.730323290787559	-0.1793739370401	0.857644094705311	1397	136	1261	0.827845382963493
rs17137279	G	-0.00134701041456505	0.200018926432983	0.998653896396756	1.51176640829466	0.687450463010499	-0.00673441478057513	0.994626755035442	1397	136	1261	0.900858983536149
rs2289814	A	-0.0520853380601717	0.150053464516776	0.949247856415614	1.28785990019806	0.713887230958899	-0.347111865946612	0.728507279350399	1397	136	1261	0.828203292770222
rs2289815	G	0.0213325300054364	0.240195092379965	1.0215616950796	1.69053536520399	0.655311747168434	0.088813346659433	0.929230250508883	1397	136	1261	0.928775948460988
rs11855443	A	0.109708494189083	0.293624989114777	1.11595271633835	2.09887258481053	0.656036174208315	0.373634732247528	0.708676089840448	1397	136	1261	0.950966356478168
rs17137276	C	-0.0748721114457855	0.259004884720826	0.927862141688871	1.61077832627322	0.578003378958381	-0.289076059420609	0.772523173674733	1397	136	1261	0.948818897637795
rs12899205	G	-0.0545324582791605	0.150290609220403	0.946927772713015	1.28529275828594	0.711803413928326	-0.362846744464173	0.7167193710283	1397	136	1261	0.828561202576951
rs12914045	T	-0.101547165469648	0.150318211352971	0.903438567232997	1.22579171636708	0.678804331702255	-0.675547989532681	0.499327672759165	1397	136	1261	0.832140300644238
rs1046860	A	-0.0294393799931567	0.144708817941666	0.970989737261658	1.29985250152104	0.736144596188891	-0.203438742793297	0.838792120528052	1397	136	1261	0.78453829634932
rs548	C	-0.0133471214265867	0.141027784486189	0.986741556428803	1.31108317054533	0.753325551851166	-0.0946417861928036	0.92459935819635	1397	136	1261	0.774516821760916
rs8028399	G	-0.055655773546393	0.152667689729079	0.94586467149966	1.29018326719581	0.707859013837459	-0.364555025658399	0.715443591877813	1397	136	1261	0.832140300644238
rs7168441	G	0.024518535807245	0.130063297049948	1.02482158682654	1.32897605354909	0.797420141285814	0.188512334865917	0.850475047034792	1397	136	1261	0.696850393700787
rs9806746	C	0.808864182110169	0.584954889779051	2.24535622201482	9.12235753136293	0.847812697265378	1.38278044383165	0.166732197114966	1397	136	1261	0.976020042949177
rs9806547	G	0.125121709583376	0.293973704479352	1.13328637648608	2.13288056222519	0.665813983717243	0.425622114076412	0.670383223672396	1397	136	1261	0.95025053686471
rs8029320	G	0.24373906626393	0.175135791990226	1.27601133264186	1.82241526180129	0.915554097237778	1.39171475741254	0.164008791691023	1397	136	1261	0.817823908375089
rs8042352	C	-0.160858428590073	0.121358123250589	0.851412598257316	1.07948416217668	0.670376888345699	-1.32548546633273	0.185010186717032	1397	136	1261	0.503579098067287
rs8042900	A	0.189620300494791	0.170232968470442	1.20879053334211	1.70790267513078	0.874796534491434	1.11388705841498	0.265327642076934	1397	136	1261	0.812813171080888
rs8025779	C	0.0787537136812333	0.129617438703763	1.08193782277059	1.39995376816247	0.841600440084689	0.607585788369284	0.54346222883452	1397	136	1261	0.640658554044381
rs4293342	T	0.131680224444646	0.119885717573653	1.14074347905732	1.44448272000388	0.902235573132391	1.09838125099219	0.272038045881497	1397	136	1261	0.499284180386543
