RSID	effectAllele	B	SE	OR	OR_u95	OR_l95	Z	P	N	Ncase	Ncont	AFREQ
rs28864521	G	12.5433302845837	492.736688774716	280219.999063627	NA	3.95994873915222e-11	0.0254564569075931	0.979690879574982	1397	133	1264	0.993557623478883
rs28832292	T	0.133568226845445	0.362573765693267	1.14289923988493	2.58652764466018	0.606756039818455	0.36838910997891	0.712583116388338	1397	133	1264	0.96957766642806
rs28439049	A	-0.0858903563452701	0.350974358831829	0.917694845120958	1.9930284743942	0.491544494943547	-0.244719747138066	0.806673436867755	1397	133	1264	0.97244094488189
rs28494598	T	11.707784998727	458.836016942457	121514.028831003	NA	2.11493108641315e-10	0.0255162728434967	0.97964316886112	1397	133	1264	0.992841803865426
rs28547328	G	-0.192933962034098	0.378373452203533	0.824536423049431	2.0084741745273	0.429389806543577	-0.509903538185644	0.610119043037594	1397	133	1264	0.985683607730852
rs28505894	C	-0.000295614124054988	0.262330009877964	0.999704429565495	1.77306794002906	0.624826776112284	-0.00112687878978279	0.999100881002028	1397	133	1264	0.954903364352183
rs28578891	T	10.8595860822024	424.238594292815	52030.5373643502	NA	3.5777927399335e-09	0.0255978268556749	0.979578119421356	1397	133	1264	0.99176807444524
rs35630207	C	0.187342671408737	0.261179784240957	1.2060404898428	2.10428905685475	0.749464127478053	0.717293920558186	0.473192757645434	1397	133	1264	0.932355046528275
rs28706391	G	0.0316152665645412	0.369348515804104	1.03212033770486	2.36168129748229	0.53945216847689	0.0855973835327643	0.931786478465671	1397	133	1264	0.972798854688618
rs4633700	G	0.111603266889361	0.420076260444714	1.11806919757229	2.86179277999812	0.534155114420872	0.265673824965048	0.790490423776273	1397	133	1264	0.974946313528991
rs2300680	G	11.4248576588271	565.11353049258	91569.8784615388	NA	8.72827223251468e-28	0.0202169246396713	0.983870326734784	1397	133	1264	0.998210450966357
rs28439849	G	0.0241012098671438	0.272478218769825	1.02439399142392	1.86489212492201	0.630327095647973	0.088451876909483	0.929517531020513	1397	133	1264	0.957408732999284
rs28620789	A	0.22135009508487	0.718617956195103	1.24776018881535	7.60463200005047	0.386491566939437	0.308021937354393	0.75806563976164	1397	133	1264	0.990694345025054
rs28525569	T	-0.15625147252381	0.176626390221583	0.85534406779199	1.22157354930637	0.610166427134499	-0.884643978330686	0.376348679347313	1397	133	1264	0.848962061560487
rs28841911	T	0.714762470508118	0.42517701479834	2.04370118529681	5.50497215419607	0.99644074930225	1.6810938635691	0.0927446841445727	1397	133	1264	0.958124552612742
rs2818584	G	-0.103226150612157	0.819152601226582	0.901922979981717	12.0223739405907	0.256779587325465	-0.126015775885456	0.899719436775181	1397	133	1264	0.996778811739442
rs4476093	A	-0.0155481245241789	0.229341708462969	0.98457212354663	1.57872852221107	0.6399310225395	-0.0677945787897947	0.945949159334341	1397	133	1264	0.910880458124553
rs28470708	C	-0.234349774094077	0.374481289624564	0.791085066436059	1.78645709610243	0.402547642025515	-0.625798352513218	0.53144721258764	1397	133	1264	0.975662133142448
rs2495312	A	6.15877495259076	220.685848470502	472.848458099775	NA	4.85009332500584e-09	0.0279074303824877	0.977735982164697	1397	133	1264	0.99713672154617
rs4133995	G	0.171452180274127	0.336811333563198	1.18702737805124	2.61209386676606	0.668644090846589	0.509045163238119	0.610720567722457	1397	133	1264	0.971009305654975
rs28370355	G	-0.20217085813235	0.864583508851099	0.816955332554739	11.7024647722432	0.209197122619175	-0.233836125790792	0.815112202614863	1397	133	1264	0.99713672154617
rs7143568	A	0.326846843245841	0.583317920311722	1.38658909543166	6.83537831855923	0.563091749696999	0.56032367918883	0.575258678861489	1397	133	1264	0.987831066571224
rs4983173	C	0.0990163038127137	0.154729052765825	1.10408430019579	1.51119656277883	0.822630734104686	0.639933496927496	0.522215835584427	1397	133	1264	0.795991410164638
rs12435642	A	-0.046395574531836	0.229698140434744	0.954664246625892	1.53832117171917	0.622137532047143	-0.201984981001693	0.839928465616736	1397	133	1264	0.920544022906228
rs10498263	C	0.0245891892100367	0.210130131610869	1.02489399651687	1.58795738705455	0.693614018949471	0.117018863603875	0.906845105184759	1397	133	1264	0.907659269863994
rs34703760	C	-0.0363408976093373	0.13033845860028	0.964311505957829	1.25114982914608	0.749886079832825	-0.278819452060478	0.780383385626323	1397	133	1264	0.70722977809592
rs4411436	A	0.709008347285319	0.803301820947436	2.03197524545116	27.4394905603069	0.664081706139714	0.88261762739327	0.377442901250174	1397	133	1264	0.988546886184681
rs1686582	T	0.021102664100101	0.155167135647571	1.02132689986245	1.39096098858938	0.75638935903726	0.135999572409658	0.891821618991847	1397	133	1264	0.729778095919828
rs12590231	C	0.498382969634046	0.639595407094417	1.64605739270667	8.99604034427879	0.610551006165335	0.779215992025525	0.435852491235525	1397	133	1264	0.986041517537581
rs8005345	A	-0.0838728459028798	0.246051406907798	0.91954817297943	1.54201615637097	0.583721250025619	-0.340875294951307	0.733197463932322	1397	133	1264	0.937365783822477
rs4456427	T	-0.017769340549729	0.146221936305995	0.982387603211452	1.32578332938145	0.745672840368688	-0.121523083325498	0.903276732344654	1397	133	1264	0.841445955619184
rs10484218	C	-0.118072680231575	0.124949350769528	0.888631464326888	1.13656066935008	0.695933349987419	-0.944964335583971	0.344677084123749	1397	133	1264	0.580887616320687
rs10141075	A	-0.115641081125764	0.125265144794261	0.890794889025753	1.14003075272133	0.697195453217518	-0.923170458276298	0.355918381305361	1397	133	1264	0.58017179670723
rs11850906	A	-0.117343638933183	0.125367229585311	0.889279549575184	1.13831478607208	0.695867698856109	-0.93599929839186	0.349273548950799	1397	133	1264	0.580529706513959
rs12891630	G	-0.0808270544948833	0.123584755721412	0.92235319449066	1.17927593946465	0.725855272528097	-0.654021234439999	0.513098125160445	1397	133	1264	0.670007158196135
rs12878953	G	-0.0972400257851329	0.12509089591113	0.907338195431487	1.16083646784689	0.710404847007275	-0.777354939197302	0.436949389921765	1397	133	1264	0.575876879026485
rs7159122	A	-0.137933767018697	0.124444083206044	0.871156389119875	1.11292511185241	0.682813572691481	-1.10839955958627	0.267689295035738	1397	133	1264	0.578382247673586
rs7151469	A	-0.113944554906119	0.12516347844058	0.892307428580035	1.14174331145607	0.698520928503312	-0.910365837748849	0.362629607819952	1397	133	1264	0.579813886900501
rs6572987	A	-0.115641081125764	0.125265144794261	0.890794889025753	1.14003075272133	0.69719545321752	-0.923170458276297	0.355918381305361	1397	133	1264	0.58017179670723
rs2153466	T	0.225908375465139	0.116860440840655	1.2534608122527	1.5812447934502	0.99931221922215	1.9331466990885	0.0532181286553719	1397	133	1264	0.563707945597709
rs1972372	C	-0.01799691090102	0.146733064103526	0.98216406635563	1.31831909966959	0.740829563129334	-0.122650685521857	0.902383716165427	1397	133	1264	0.758768790264853
rs3928337	A	-0.0235295900795106	0.159146695881197	0.976745072276884	1.34639725053006	0.72045269488453	-0.147848435993138	0.882462382958847	1397	133	1264	0.804223335719399
rs7149721	A	0.208363525240506	0.119021884596218	1.23166082797508	1.56061464631529	0.977946287640417	1.75063204508464	0.0800093117178567	1397	133	1264	0.578382247673586
rs1959607	T	0.446295746927046	0.161737141680284	1.56251350677498	2.18050242040924	1.15389412564109	2.75938935417362	0.00579094936233124	1397	133	1264	0.779527559055118
rs8019503	A	-0.244842989595113	0.120252607250326	0.78282744064655	0.99111683259401	0.618154434273104	-2.0360721916443	0.0417431066476805	1397	133	1264	0.570866141732283
rs7144309	A	0.172830413509465	0.283242663325234	1.18866450654823	2.18042486470991	0.710973132018783	0.610184961122939	0.541739290800032	1397	133	1264	0.942376521116679
rs1953999	G	-0.188144485386531	0.126408009205621	0.828494993165096	1.06410690712499	0.647797274911588	-1.48839054241007	0.136647929299976	1397	133	1264	0.663564781675018
rs884451	A	0.789684238122231	0.328146515963771	2.20270078749679	4.54436949542086	1.23450638737103	2.40649892564886	0.0161062513980398	1397	133	1264	0.923765211166786
rs11158243	C	0.00342329270398264	0.129119736013818	1.0034291588624	1.29717121551551	0.781297436249473	0.0265125441676576	0.978848528317826	1397	133	1264	0.657122405153901
rs11628056	T	-0.109160599866472	0.131823932103955	0.896586414276682	1.16751882869718	0.695621921516533	-0.828078772376395	0.407625890413706	1397	133	1264	0.744810307802434
rs7146362	C	0.253272526167328	0.17864291098667	1.28823430655825	1.8677504487169	0.924037244199095	1.41775861560064	0.156261250373975	1397	133	1264	0.85361488904796
rs2027405	G	0.23489858779171	0.138862733058323	1.26478049804559	1.66958346614554	0.967848194778387	1.69158839537641	0.0907244806485376	1397	133	1264	0.666428060128847
rs4539525	A	0.0339428512815691	0.153416771279571	1.03452548323317	1.41182888666219	0.772509880211256	0.221246028048101	0.824900871939602	1397	133	1264	0.802791696492484
rs12590785	T	-0.0607334224804338	0.126502816711682	0.941074075533721	1.2122448397473	0.737534111349074	-0.480095416522256	0.631159547231389	1397	133	1264	0.720830350751611
rs7157076	T	0.14978982336858	0.203829948459232	1.16159007798064	1.77657131283135	0.795678920597343	0.734876422728131	0.462414758593276	1397	133	1264	0.891553328561203
rs1953998	C	-0.105759636288412	0.129823665967745	0.899640863106712	1.16662559866822	0.700580839689968	-0.814640655076625	0.415278031987366	1397	133	1264	0.737294201861131
rs17210983	C	-0.332041207930985	0.187117670906274	0.717457757295533	1.0500340511202	0.502884963381262	-1.77450481465913	0.0759796864095083	1397	133	1264	0.896921975662133
rs12436330	G	0.127355013502323	0.157961647935955	1.13582017771294	1.56543252725873	0.841372768359733	0.806240091607292	0.420104426070282	1397	133	1264	0.799570508231926
rs12147889	A	-0.108128129858179	0.131194247605584	0.897512590901785	1.16730366861543	0.697210408347613	-0.824183467123121	0.409835319565717	1397	133	1264	0.744810307802434
rs9323359	T	0.664818299038956	0.460494320571857	1.94413723763733	5.52847490594584	0.874667671808576	1.44370575127477	0.148821762957917	1397	133	1264	0.965282748747316
rs2185443	T	0.418168584864571	0.267641706821058	1.51917676302415	2.68182807053098	0.931993555863853	1.56241936218167	0.118189228721595	1397	133	1264	0.917322834645669
rs11629213	T	0.102954913143979	0.153618744694779	1.10844143181011	1.51343819263278	0.827479901144322	0.67019759436609	0.502731837203317	1397	133	1264	0.791338582677165
rs1959646	C	-0.116773864340491	0.120035735857929	0.88978638284498	1.12621716533949	0.70301452825465	-0.972825829790395	0.330639872841483	1397	133	1264	0.537938439513243
rs9919950	C	0.134592434370898	0.138825613646555	1.14407040554321	1.51607516310424	0.878470998485018	0.969507217260106	0.332292181002885	1397	133	1264	0.761989978525412
rs10484220	G	0.513566253850672	0.291361563848501	1.6712406484075	3.10942166509061	0.983119296748211	1.76264242636242	0.077960816718585	1397	133	1264	0.923049391553329
rs10484221	T	-0.0737373718897847	0.231024885984306	0.928915621162935	1.50739580332077	0.605746132741747	-0.31917501690616	0.749593800591387	1397	133	1264	0.929849677881174
rs952535	A	0.0841184926600536	0.153850724831193	1.08775777748534	1.48581187581035	0.81163276421561	0.546753957463311	0.584547778967485	1397	133	1264	0.794559770937724
rs12882648	C	-0.136224257238766	0.123795938680326	0.872646913156639	1.11401485404612	0.685204493734617	-1.10039358876331	0.271160670676686	1397	133	1264	0.604509663564782
rs12588632	G	0.0507225182885385	0.13350550032169	1.0520309334344	1.37405974548286	0.813383652395459	0.379928303825082	0.703998636503534	1397	133	1264	0.699713672154617
rs2039864	A	-0.128891304758941	0.236282995527033	0.879069511025228	1.43990635097968	0.566885809357635	-0.545495474490016	0.585412792181787	1397	133	1264	0.933070866141732
rs7146668	T	0.036687291179054	0.133735618180633	1.03736857580816	1.35528787180349	0.80156046130654	0.274327001872466	0.783833335658892	1397	133	1264	0.69899785254116
rs7141391	A	0.051435596536111	0.143050650171015	1.05278138134104	1.40432250323339	0.800552078710486	0.359562130438557	0.71917460750882	1397	133	1264	0.757337151037938
rs2775257	A	-0.0449130810954888	0.204191622670173	0.956080579698272	1.46461452528112	0.654583877786801	-0.219955552084701	0.825905771243388	1397	133	1264	0.913743736578382
rs2775259	C	0.0807173729329553	0.136423300486774	1.08406446730532	1.4230886641962	0.832901503354536	0.591668524694436	0.554072577445241	1397	133	1264	0.678954903364352
rs17277025	G	0.209396958905065	0.253129902993025	1.23293432566238	2.10269098921822	0.774294212076326	0.827231221713204	0.408106018472707	1397	133	1264	0.9226914817466
rs2775236	G	-0.27091314148191	0.12802658632147	0.76268273902064	0.982179413015364	0.594151247956235	-2.11606939828621	0.0343389057006526	1397	133	1264	0.66571224051539
rs17122640	G	0.415331234312109	0.196151247555394	1.51487243532727	2.26974267344583	1.04908423525078	2.11740297086215	0.0342256622836091	1397	133	1264	0.840014316392269
rs12589756	T	-0.00918692750377695	0.134451774099746	0.990855143382071	1.29453940007613	0.763582792383233	-0.0683287934673248	0.945523903812985	1397	133	1264	0.671080887616321
rs10484223	T	-0.487559586534117	0.228985599235291	0.614123281655602	0.991708071890263	0.400792844094637	-2.12921506052061	0.033236471430471	1397	133	1264	0.957050823192556
rs10484226	T	0.158524271887848	0.294301787105063	1.17178036520165	2.19025289861486	0.684262398026709	0.538645291444515	0.590131629746056	1397	133	1264	0.943808160343593
rs1959641	T	-0.270628787657579	0.127557858311159	0.762899641611311	0.981571392985833	0.594874794345965	-2.12161595718719	0.0338700012721742	1397	133	1264	0.666070150322119
rs12431763	C	0.129846884887687	0.129384600261548	1.1386540248376	1.47163384479622	0.885537444819537	1.00357294937114	0.315584498550673	1397	133	1264	0.594488188976378
rs10484227	G	-0.442514326003376	0.193008964211054	0.642419137603461	0.95237975476221	0.445458624523618	-2.29271385301819	0.0218644844633456	1397	133	1264	0.914817465998568
rs2792168	C	-0.190016265645021	0.126431679223546	0.826945683029037	1.06030974679332	0.645489163518839	-1.50291656973922	0.132860559586193	1397	133	1264	0.581961345740873
rs1952805	C	-0.181787826330324	0.126254880142926	0.833778227435898	1.06871519993799	0.651057188514418	-1.43984791815201	0.149910430766097	1397	133	1264	0.58017179670723
rs11158482	G	0.14785594723549	0.130188175375092	1.15934587735483	1.5008764119493	0.900294030766257	1.13570949749848	0.256078164407535	1397	133	1264	0.594488188976378
rs2775233	T	-0.182092442747558	0.125824334860332	0.833524283579187	1.06749585307361	0.651411812817352	-1.4471957507241	0.14784210633957	1397	133	1264	0.580529706513959
rs2792162	C	0.185280282038198	0.126390551816645	1.20355572791014	1.543934946978	0.940072625455424	1.46593459222319	0.142666106829213	1397	133	1264	0.497494631352899
rs7158697	G	-0.226221851830151	0.428862185359121	0.797541146074562	2.14193979348034	0.377579661364793	-0.52749311912571	0.597851193506456	1397	133	1264	0.985325697924123
rs1953993	G	0.188727162725151	0.129676523512954	1.20771139884082	1.56246236591187	0.939099561932124	1.45536877155948	0.1455671969717	1397	133	1264	0.595919828203293
rs1953991	T	0.195500191846051	0.129397212169622	1.21591902719141	1.57151162958541	0.94560334239495	1.51085319821093	0.130825857292881	1397	133	1264	0.575518969219757
rs2150325	A	-0.0214232300737018	0.1268550897006	0.978804617343203	1.25599221397934	0.763360685789366	-0.168879546924481	0.865891387300469	1397	133	1264	0.52755905511811
rs1958715	A	-0.0410733043662356	0.126405158707885	0.959758772860506	1.23027224296678	0.749048262829618	-0.324933766834261	0.745231200119815	1397	133	1264	0.524695776664281
rs1958716	G	-0.00378703336211218	0.126803424301411	0.996220128405261	1.27832767271359	0.777092368771603	-0.0298653871768512	0.976174410559903	1397	133	1264	0.527201145311382
rs1959630	T	0.645121147345152	0.399019493218251	1.90621794852776	4.72556836101975	0.958586847373562	1.61676599341549	0.105928802591637	1397	133	1264	0.955619183965641
rs1958717	G	-0.0297919732250012	0.12670798805749	0.970647433202703	1.24506892801776	0.757158375399861	-0.235123086410968	0.814113200547305	1397	133	1264	0.525769506084467
rs2775254	G	0.0667268191380706	0.127850156388644	1.06900340701016	1.37613612349467	0.833101742061558	0.521914255116213	0.601730032580208	1397	133	1264	0.567287043664996
rs1959629	C	0.0609091472671406	0.125757129895921	1.06280235130266	1.36147463777469	0.831031862670278	0.484339514726127	0.628144936867677	1397	133	1264	0.526843235504653
rs1959627	C	0.0688882780437266	0.126240004808361	1.07131651288551	1.37408245451656	0.837136896687756	0.545692929498082	0.585277032961076	1397	133	1264	0.540085898353615
rs944398	C	-0.0218084798501911	0.125700977363665	0.978427605709632	1.25225412161262	0.764538537439729	-0.173494910760297	0.862262427849164	1397	133	1264	0.508947745168218
rs2262356	G	-0.11837669042711	0.13980627822993	0.888361352362136	1.17392327040256	0.677968466451554	-0.846719417224048	0.397151533166286	1397	133	1264	0.729062276306371
rs995249	G	0.341023060297295	0.245711659590376	1.40638567215994	2.35104717756129	0.892481718107852	1.38789938119263	0.165167686318296	1397	133	1264	0.904438081603436
rs11158586	C	-0.243599911277739	0.127172614475821	0.783801161544544	1.00567993694217	0.610466947038673	-1.91550604099639	0.0554279994778207	1397	133	1264	0.556549749463135
rs11158599	G	-0.108984729701454	0.138647134836747	0.896744110943977	1.18555032464164	0.68756496802229	-0.786058289843351	0.431833338742361	1397	133	1264	0.783822476735863
rs4981720	C	0.553359332175267	0.218599774808806	1.73908538143659	2.74364919035352	1.15980946671688	2.53138107145468	0.0113614339115212	1397	133	1264	0.85898353614889
rs1959650	A	0.410090885334624	0.210525084043519	1.50695473897492	2.33405588732349	1.01878035972721	1.94794310235188	0.051421771612543	1397	133	1264	0.865068002863278
rs7153404	A	0.670728558280366	0.134298412425241	1.95566161519549	2.5616680079623	1.51168539248206	4.99431487065222	5.90449988046872e-07	1397	133	1264	0.568002863278454
rs10136466	T	0.929804390784153	0.184560737547729	2.53401345275082	3.69979551220564	1.79066676019705	5.03793170280162	4.70589287917629e-07	1397	133	1264	0.728704366499642
rs7148411	A	1.01661317832499	0.158859458933971	2.76381833493794	3.8151778559623	2.0441158137238	6.3994500871839	1.5593754422408e-10	1397	133	1264	0.612025769506084
rs4144238	T	0.803004259739644	0.144875991805853	2.23223708496313	2.9900600102708	1.69263800785961	5.54270068995103	2.9784173045689e-08	1397	133	1264	0.592698639942734
rs969774	C	1.01085931010824	0.159925311557228	2.74796135170765	3.80232900238662	2.02866067918781	6.32082126503477	2.60176818862616e-10	1397	133	1264	0.61882605583393
rs2210191	A	0.0528346397243457	0.12882506700109	1.05425529875796	1.36047165811323	0.820453935347071	0.410127011413848	0.681712779055737	1397	133	1264	0.596993557623479
rs7159675	T	0.148595197203681	0.214693589740679	1.16020324062163	1.81318432217235	0.778223478492666	0.692126846372841	0.488857673620939	1397	133	1264	0.896921975662133
rs7156327	C	0.089500620852185	0.1299231383935	1.09362801229348	1.41399440670176	0.849090196949866	0.688873606032463	0.490902810381594	1397	133	1264	0.577666428060129
rs3939209	T	0.140459805062226	0.130020185139758	1.15080282218737	1.48783073148137	0.893107159099309	1.08029230162414	0.280012036764072	1397	133	1264	0.551181102362205
rs17277088	G	0.0159113613493685	0.122847751500445	1.0160386211222	1.29542736894866	0.799744133078053	0.129520981499696	0.89694542394686	1397	133	1264	0.586256263421618
rs17277095	A	-0.261215589479388	0.138654038870419	0.770114873052226	1.01650317780183	0.589589745989582	-1.88393783266213	0.0595733850275309	1397	133	1264	0.784896206156049
rs12432461	C	0.152352537770977	0.163385369987615	1.16457071923802	1.6229470858518	0.853904948553086	0.932473561020338	0.351091844091092	1397	133	1264	0.804581245526127
rs11158828	A	0.213861388701107	0.148211876246646	1.23845097959677	1.6712446728758	0.933530392920233	1.4429436703521	0.149036339885519	1397	133	1264	0.750536864710093
