RSID	effectAllele	B	SE	OR	OR_u95	OR_l95	Z	P	N	Ncase	Ncont	AFREQ
rs3802985	C	-0.418940940781124	0.400888284777649	0.657743039910896	1.66005486960614	0.323508252666076	-1.04503163771296	0.296008347490131	1397	136	1261	0.989262705798139
rs3741411	G	0.0599159094493399	0.127406031309447	1.06174725987958	1.36884418044679	0.829998856897141	0.47027529884998	0.63815834284935	1397	136	1261	0.666428060128847
rs9651779	A	0.504735537781918	0.455827752541323	1.65654736833467	4.67833263080876	0.753343149130889	1.10729444393836	0.268166645733642	1397	136	1261	0.970293486041518
rs11602954	G	-0.497680669328352	0.193202429131368	0.607939037490548	0.904197110477325	0.422132139374785	-2.57595451343913	0.00999637957819449	1397	136	1261	0.934144595561918
rs2280543	C	-0.237261080582355	0.216598672261046	0.788785324600355	1.23173072346356	0.524837586299209	-1.09539489834179	0.273343668190299	1397	136	1261	0.921617752326414
rs2280544	C	-0.167280123185066	0.121739447201687	0.845962604403978	1.076522287942	0.667478558496456	-1.37408315077964	0.169415869657304	1397	136	1261	0.6546170365068
rs1045454	G	0.44152165386221	0.201699284853119	1.55507169995219	2.35634813957878	1.06561867053523	2.18900951574386	0.0285961483957599	1397	136	1261	0.846814602720115
rs11245997	G	-0.237261080582355	0.216598672261046	0.788785324600355	1.23173072346356	0.524837586299209	-1.09539489834179	0.273343668190299	1397	136	1261	0.921617752326414
rs4980319	A	-0.165514147567791	0.122885261373551	0.847457873652394	1.08091944752422	0.667199362741519	-1.34689991067891	0.178012470316666	1397	136	1261	0.657122405153901
rs3782123	C	-0.0959786169114048	0.122200723205186	0.90848344204294	1.15459930762545	0.714664851149417	-0.785417748716987	0.432208677830487	1397	136	1261	0.523622047244094
rs3782121	G	-0.224486833468315	0.215520385961607	0.798926095716425	1.24517882776667	0.532804189213251	-1.04160370939715	0.297595448195321	1397	136	1261	0.920901932712956
rs3782120	G	0.400904846284792	0.19500768892135	1.49317518057408	2.22998740213351	1.0355138326002	2.05584122606819	0.0397978228193923	1397	136	1261	0.841445955619184
rs7930823	G	0.0327731583122233	0.135848509431549	1.03331611348235	1.35394673816407	0.794279560032407	0.24124783149525	0.809363041252405	1397	136	1261	0.673586256263422
rs11606393	G	-0.502921847078197	0.194275726706261	0.604761056390816	0.901300008545939	0.41901873008895	-2.5887014070399	0.00963385906626873	1397	136	1261	0.934144595561918
rs11246002	G	-0.229651007616032	0.215467713237635	0.794810937070425	1.23862817175088	0.53010445594816	-1.06582561333797	0.286502480182908	1397	136	1261	0.921259842519685
rs10081	C	0.224265442283628	0.142643201600292	1.25140315065563	1.66960482025493	0.953253964068623	1.57221262399911	0.115901248712745	1397	136	1261	0.739799570508232
rs3825075	C	0.550193348124567	0.145053030927767	1.73358817148742	2.32256595295493	1.31386707224144	3.79304964953509	0.000148808388486819	1397	136	1261	0.661775232641374
rs3847648	G	0.635608666865544	0.205255310630191	1.88817105892932	2.90243834426421	1.29276591183395	3.09667343034414	0.0019570534421351	1397	136	1261	0.837151037938439
rs511744	C	0.484267647762911	0.147803458908181	1.62298597609162	2.18615906256704	1.22343505886431	3.27642973540794	0.00105128467584827	1397	136	1261	0.683965640658554
rs11246007	C	-0.23982460464979	0.149181865650376	0.786765844036162	1.06236180719948	0.591111181223179	-1.60759891025793	0.107923051052414	1397	136	1261	0.823908375089477
rs4980335	G	-0.32894879398678	0.184316208979837	0.719679867740393	1.04709409332169	0.507057848988568	-1.78469813266811	0.074310293998028	1397	136	1261	0.896206156048676
rs3782115	G	0.38009369197156	0.168579660577266	1.46242160017869	2.06032369250808	1.06223432607636	2.25468298292931	0.0241532345437136	1397	136	1261	0.783106657122405
rs1023430	A	-0.268062540040359	0.131716555483484	0.764859945235207	0.993974898472965	0.592564207193521	-2.03514690356424	0.0418360937474413	1397	136	1261	0.738010021474588
rs7934919	T	-0.388603664276775	0.187058122116861	0.678002933552994	0.991308626109338	0.474905474239908	-2.0774487623371	0.0377601596073039	1397	136	1261	0.90050107372942
rs536715	C	0.459019971777845	0.166976872089449	1.5825223082509	2.22547552748661	1.15441941228143	2.74900329628853	0.00597767850751232	1397	136	1261	0.774874731567645
rs4980329	C	-0.388603664276774	0.187058122116861	0.678002933552994	0.991308626109344	0.474905474239908	-2.0774487623371	0.0377601596073044	1397	136	1261	0.90050107372942
rs11246020	C	-0.400316659054131	0.187870853257097	0.670107816727836	0.981206937086395	0.468573205582723	-2.13080769110207	0.0331049884821718	1397	136	1261	0.901216893342878
rs1056098	A	0.46779106233174	0.291559676877845	1.59646380641268	2.99442537402065	0.94443634370774	1.60444361628145	0.108616303421644	1397	136	1261	0.930565497494631
rs28365927	G	-0.191361027769826	0.164594947174417	0.82583438517833	1.15284235349252	0.603573166680739	-1.1626178753048	0.244984575010778	1397	136	1261	0.855404438081603
rs2272563	C	0.304868814370283	0.18467559876242	1.35644704497394	1.97848375331681	0.957164762981401	1.65083430844856	0.0987724125050349	1397	136	1261	0.83142448103078
rs1045288	G	0.321226318519697	0.184665498102285	1.37881759754246	2.01110146253795	0.972991702406752	1.7395037070854	0.0819462007274919	1397	136	1261	0.829277022190408
rs10902111	T	-0.168218000323245	0.15501423342718	0.845169567361339	1.15539415126908	0.628296100627189	-1.08517777112557	0.277842927445692	1397	136	1261	0.82605583392985
rs473151	G	0.330329617311948	0.149279952945097	1.39142669121025	1.88293918693238	1.04735429500088	2.21281967735773	0.0269100801053545	1397	136	1261	0.741231209735147
rs505404	T	-0.105655287083374	0.133460359405293	0.899734744813752	1.17597556817815	0.696149990530267	-0.79166044175349	0.428558693967416	1397	136	1261	0.760200429491768
rs6598060	A	0.262289166651238	0.182460996843341	1.29990237650457	1.88681027652801	0.92082417193076	1.43750813154022	0.150573663973767	1397	136	1261	0.832498210450966
rs10902112	G	0.288069010531212	0.185430584581106	1.3338493505995	1.94815673786593	0.939710891965877	1.55351400731422	0.120300385502093	1397	136	1261	0.833929849677881
rs7128029	A	0.297764572506564	0.183441826689469	1.34684466628762	1.96007190870626	0.952829747177158	1.62320980923626	0.104544561638881	1397	136	1261	0.831782390837509
rs1128321	C	0.289717391744891	0.185091271401422	1.33604985594849	1.9501764245688	0.941932736322288	1.56526771657729	0.117520149460781	1397	136	1261	0.833571939871153
rs1128322	C	0.288069010531212	0.185430584581106	1.3338493505995	1.94815673786593	0.939710891965877	1.55351400731422	0.120300385502093	1397	136	1261	0.833929849677881
rs2272565	T	0.288069010531212	0.185430584581106	1.3338493505995	1.94815673786593	0.939710891965877	1.55351400731422	0.120300385502093	1397	136	1261	0.833929849677881
rs2272566	G	-0.049987088692493	0.141815879927752	0.95124170619561	1.26442009899004	0.724374666842831	-0.352478782474565	0.724479227892325	1397	136	1261	0.762705798138869
rs28927679	C	-0.548437522925936	0.328993994314009	0.577851985862803	1.20149269080742	0.317721809129495	-1.66701378263604	0.0955116643128221	1397	136	1261	0.988188976377953
rs3020900	C	-0.282069121140949	0.191672847025827	0.754221550077244	1.1160238928762	0.524852740419566	-1.47161752704044	0.141124189840025	1397	136	1261	0.904438081603436
rs577259	C	0.0428132513554489	0.159036896444767	1.04374295906632	1.43862059263615	0.770164145249034	0.269203262340559	0.78777326992936	1397	136	1261	0.798854688618468
rs577298	C	-0.190743837216932	0.157826290417125	0.826344239681623	1.13796445411474	0.611835291659931	-1.20856820947137	0.226828775994344	1397	136	1261	0.850035790980673
rs577357	C	-0.19168202107699	0.165194250807201	0.825569340408935	1.1514260743291	0.601612586039871	-1.1603431726005	0.245909113666256	1397	136	1261	0.837151037938439
rs559422	A	-0.491660725136406	0.272971875627621	0.611609834479136	1.08169108070124	0.367709194792321	-1.80114059005519	0.0716807234853176	1397	136	1261	0.961703650680029
rs1794109	C	-0.177880685686257	0.489046387621034	0.837042288657222	2.85143304241302	0.369108989861411	-0.363729679206011	0.716059878429568	1397	136	1261	0.991410164638511
rs11601352	G	-0.614612871593628	0.252524900084062	0.540850233275259	0.91420128066332	0.336788851119619	-2.4338703683836	0.0149383439573494	1397	136	1261	0.962419470293486
rs11601356	G	-0.297390138512176	0.194777768689337	0.742754178817766	1.11064086305712	0.515392783272634	-1.52681766771085	0.126806357016508	1397	136	1261	0.9226914817466
rs12576259	T	0.816038665072358	0.238337547735042	2.26152341826266	3.76008919853725	1.46688766380921	3.42387791108576	0.000617343491368618	1397	136	1261	0.85647816750179
rs3782114	C	0.846091496843142	0.244324144275679	2.33052018224648	3.93177925104491	1.49776938658191	3.46298766072202	0.000534212893294978	1397	136	1261	0.85898353614889
rs6598057	T	0.938779394608595	0.411853626431012	2.55685859746187	6.47086710481917	1.24998651945346	2.27940057914203	0.0226432639329464	1397	136	1261	0.945239799570508
rs3817630	C	-0.464787232816219	0.144077433878349	0.628268765945813	0.836596113940995	0.475067819240231	-3.22595440732697	0.00125553355596342	1397	136	1261	0.793128131710809
rs6598056	T	0.888908589602782	0.245270716649659	2.43247337527719	4.07894007288043	1.55046167770572	3.62419371437841	0.000289864296967299	1397	136	1261	0.854330708661417
rs6598055	C	-0.578598991365753	0.128183857193204	0.560683338759275	0.719560489330095	0.43506982669672	-4.51382103827367	6.36699495540235e-06	1397	136	1261	0.559770937723694
rs12065	C	-0.0949079610708006	0.212679332232933	0.909456636031205	1.41288442956904	0.611178947022652	-0.446249102225197	0.65541731762538	1397	136	1261	0.915533285612026
rs6540	G	0.859268990955728	0.190383220600692	2.36143383311788	3.49836758906568	1.65416294643087	4.51336513924172	6.38070288094757e-06	1397	136	1261	0.76521116678597
rs6541	A	-0.342129060160128	0.195990280856732	0.710256532971843	1.06211487360122	0.49079545862588	-1.74564299140029	0.0808730069073657	1397	136	1261	0.918754473872584
rs6542	C	1.00341316842784	0.193456817996091	2.72757563381289	4.06809618174203	1.9005666552157	5.18675526053628	2.1398964917251e-07	1397	136	1261	0.745168217609163
rs1045577	G	-0.384482795779175	0.227605717280894	0.680802659171731	1.08751805290051	0.443533409795707	-1.68924928763839	0.0911716672534057	1397	136	1261	0.935934144595562
rs491007	G	0.849822826376076	0.320796295958455	2.3392323649337	4.70375885245146	1.31914553625191	2.64910423556178	0.00807054356064441	1397	136	1261	0.917322834645669
rs7925234	G	-0.577011680565362	0.129271213416487	0.561574024188776	0.72316348281844	0.435377370308057	-4.46357441317071	8.06035873394728e-06	1397	136	1261	0.633500357909807
rs6598054	C	0.638441186051137	0.244184948642477	1.89352692139009	3.16875121781996	1.20961207921709	2.61458042193219	0.00893371258815244	1397	136	1261	0.881889763779528
rs540078	C	0.855598863804275	0.179770964427131	2.35278295531184	3.40526821018537	1.67921200982246	4.75938295447643	1.94185693235101e-06	1397	136	1261	0.738010021474588
rs6598052	A	-0.110897591004185	0.208806904688902	0.895030403400666	1.3784661806243	0.605533681646984	-0.531101168179326	0.595348674764032	1397	136	1261	0.913385826771654
rs2178798	C	-0.279616310765444	0.124330991348576	0.75607378318036	0.96380463347921	0.591608549268096	-2.24896711377059	0.0245145884446199	1397	136	1261	0.515748031496063
rs568373	A	1.00945740216618	0.194065363501274	2.74411166195004	4.09725760608871	1.90965933335112	5.20163610833909	1.97541721430749e-07	1397	136	1261	0.745526127415891
rs879872	C	0.836769705917319	0.238772789805403	2.30889650265294	3.84200144844729	1.49628867331467	3.50446006263644	0.000457534188094333	1397	136	1261	0.853972798854689
rs532483	G	-0.149389275452033	0.213732454922219	0.861233792462929	1.34031796018448	0.577364511735336	-0.698954566850401	0.484580424501794	1397	136	1261	0.919470293486041
rs12274855	C	0.92554997458317	0.188240714235955	2.5232556052707	3.71968546200727	1.77382748579931	4.91684266254439	8.79511826371149e-07	1397	136	1261	0.746957766642806
rs10794305	C	-0.518833509790083	0.128999706866902	0.595214455008196	0.766161281712951	0.461758349460124	-4.02197433150294	5.77123484094736e-05	1397	136	1261	0.621331424481031
rs10902117	T	0.143941188350785	0.128614438308823	1.15481618988306	1.49117247698166	0.899987318554195	1.11916819171701	0.263068392572564	1397	136	1261	0.618110236220472
rs1983525	C	-0.490240439921924	0.130894202309623	0.612479112048992	0.790316914502432	0.472809851901785	-3.74531821327186	0.000180165266321194	1397	136	1261	0.534359341445956
rs7948797	C	-0.101499283783153	0.196036568331697	0.903481826430894	1.35236217184789	0.625047731537293	-0.517756889170874	0.604627900592025	1397	136	1261	0.899069434502505
rs17156153	C	-0.108813298638227	0.224875137892063	0.896897853918143	1.42956667394587	0.589287311170344	-0.483883188058149	0.628468772367615	1397	136	1261	0.923049391553329
rs6598050	G	-0.154476929757786	0.126927967678238	0.856863259957023	1.09887384443715	0.667696599719038	-1.21704406509828	0.223587450657699	1397	136	1261	0.527916964924839
rs7937440	C	-0.345976746223959	0.146911230895134	0.707528939634714	0.948552117842766	0.532657465109016	-2.35500542821617	0.018522435119974	1397	136	1261	0.797780959198282
rs7102570	A	-0.37995512506907	0.124008826400693	0.683892098134436	0.872842933380432	0.536426047770523	-3.06393614145958	0.00218445533330183	1397	136	1261	0.647458840372226
rs11246045	T	-0.204173653377792	0.20295837482432	0.815320775686698	1.24502668643849	0.558932638114589	-1.00598782166306	0.314421428339288	1397	136	1261	0.928418038654259
rs6598048	A	0.146526567440001	0.123013168439992	1.15780569034306	1.48013659828647	0.913056384464446	1.19114538141077	0.233596516952548	1397	136	1261	0.64352183249821
rs4758635	T	0.279013796402398	0.132153692956971	1.32182558018135	1.71689807170813	1.02206260548789	2.11128262978807	0.0347480261621134	1397	136	1261	0.542949176807444
rs1474480	G	-0.193646163871163	0.1757286547389	0.823949395759978	1.17941750369021	0.590758211331413	-1.10196122629451	0.270478528684704	1397	136	1261	0.881889763779528
rs11246052	G	0.326338959175985	0.190086113359102	1.3858850477211	2.05346046613845	0.971740804380057	1.71679536926235	0.0860165673589391	1397	136	1261	0.851825340014316
rs741737	T	-0.451087502867667	0.181152513141601	0.636935106091183	0.921336785849681	0.451548078460472	-2.4900979569357	0.0127707891650099	1397	136	1261	0.911238367931281
rs3809107	C	-0.110051075668564	0.162636883379858	0.895788381137617	1.24666229453253	0.657692377022235	-0.676667391685849	0.498617010109389	1397	136	1261	0.849319971367215
rs3809109	A	0.1318343751816	0.135688174913083	1.14091933905942	1.49521270499544	0.877690675266753	0.971598116534828	0.331250519908	1397	136	1261	0.664280601288475
rs2242565	A	0.0962069731383935	0.126177690943124	1.10098691513079	1.41326227537507	0.861205183156672	0.762472132904696	0.445778269063252	1397	136	1261	0.580529706513959
rs1060819	C	0.0528023033209724	0.12585250282958	1.05422120848454	1.35264323868	0.82529965107159	0.419557038070776	0.674809078705506	1397	136	1261	0.601646385110952
rs2242566	C	-0.0644204095473455	0.12639598967169	0.93761073615532	1.2035320960602	0.732772780789382	-0.509671309308749	0.610281756452186	1397	136	1261	0.606657122405154
rs2242567	G	0.179718503120654	0.132710588672403	1.19688039759979	1.55780312278875	0.925256056683754	1.35421374374497	0.175668195499338	1397	136	1261	0.612383679312813
rs3817640	C	0.0312198971632326	0.165943485005595	1.03171234956319	1.44515349107901	0.752702881484485	0.188135720797836	0.850770259891098	1397	136	1261	0.830350751610594
rs2293743	C	-0.0844828586727983	0.231244680096087	0.918987407905675	1.48820694640175	0.597887988546222	-0.365339685383006	0.714857858036354	1397	136	1261	0.928418038654259
rs2293744	C	0.100856745706304	0.175891918027336	1.10611817423532	1.58480705275346	0.793519561970988	0.573401818784133	0.566372659122776	1397	136	1261	0.847888332140301
rs2293745	G	0.0842379315064775	0.128627959120969	1.08788770577856	1.40574050880923	0.848316814464952	0.654895965715005	0.512534737854274	1397	136	1261	0.65748031496063
rs7111803	T	0.156757000385992	0.123610516868729	1.16971133995897	1.49319213566275	0.919135087132708	1.26815261643524	0.204743454542512	1397	136	1261	0.535433070866142
rs7102856	G	-0.0817845858944679	0.124682484055924	0.921470435047818	1.1765167506315	0.721187668130409	-0.655942865701848	0.511860886193498	1397	136	1261	0.504652827487473
rs11826062	C	-0.160777894634535	0.570281280172027	0.851481168642733	3.98201520872364	0.336957974561391	-0.281927357997857	0.777999211417329	1397	136	1261	0.994273443092341
rs11826084	C	11.4516812009895	399.545955447266	94059.3458611032	NA	2.15447540153375e-12	0.0286617372666682	0.977134373059057	1397	136	1261	0.996420901932713
rs11246059	A	0.097325956650675	0.149283985735296	1.10221959087935	1.4875499078099	0.827629952147693	0.651951756052715	0.514432295262585	1397	136	1261	0.751968503937008
rs3809112	C	0.109956751446695	0.124885023431952	1.11622979409119	1.42859582768862	0.874987763748434	0.880463873289088	0.378608067722462	1397	136	1261	0.554760200429492
rs10398	A	-0.0748554800138965	0.122947976637185	0.927877573493209	1.18228678760536	0.729646723168881	-0.608838649169413	0.542631392845091	1397	136	1261	0.576950608446671
rs909098	C	-0.250393848632056	0.274189939234062	0.77849411384294	1.39420008989395	0.4706970680251	-0.913213115446617	0.361130467371344	1397	136	1261	0.959556191839656
rs741738	G	-0.0640653620926016	0.121631172313853	0.93794369156472	1.19091807265415	0.738791036174285	-0.52671828178462	0.598389238153842	1397	136	1261	0.523264137437366
rs1134914	G	0.563122123994302	0.843210026194165	1.7561468582808	25.2440677463715	0.534683346297597	0.667831390164984	0.504241226894881	1397	136	1261	0.99176807444524
rs12432	T	0.244432905436142	0.48964740744047	1.27689698650378	4.04328327489894	0.557984260110254	0.49920187817161	0.617637171584364	1397	136	1261	0.981030780243379
rs11539513	G	0.134877696816616	0.310285406988453	1.14439681241877	2.28150479020234	0.662109416730634	0.434689140316661	0.663788082007296	1397	136	1261	0.9613457408733
rs7483306	G	-0.0249346622049681	0.963836266878217	0.975373638709315	16.3131520541701	0.218767095545738	-0.0258702261596042	0.979360848177828	1397	136	1261	0.996420901932713
rs7944394	C	-0.0714461594569177	0.167021521321509	0.931046404289467	1.3105891065433	0.679305194859906	-0.427766187803949	0.66882135624854	1397	136	1261	0.865783822476736
rs7480758	G	-0.223232011233752	0.220769738685905	0.799929235194337	1.26501496758209	0.529686649395322	-1.01115312525396	0.311943146915058	1397	136	1261	0.93092340730136
rs7395116	G	-0.061438688074294	0.125486630237166	0.940410602356876	1.20892959594438	0.738468892080386	-0.489603457819983	0.624414529148003	1397	136	1261	0.72369362920544
rs7944917	C	-0.193627808556749	0.27737664566207	0.823964519749001	1.47734323384041	0.493690831473826	-0.698068174033106	0.485134560297881	1397	136	1261	0.953471725125268
rs9704354	G	-0.079543985951851	0.195936270623098	0.923537396403729	1.38533856024215	0.640212071955145	-0.405968663682802	0.684765625278622	1397	136	1261	0.904438081603436
rs11246068	C	-0.0397652133975299	0.123264303757842	0.961015046124142	1.22891573522586	0.757324416469947	-0.322601208827256	0.746997278128593	1397	136	1261	0.689692197566213
rs6598040	G	-0.0778075936793375	0.174269304684391	0.925142412667873	1.32367238825669	0.666590549392005	-0.446479050457282	0.655251242141534	1397	136	1261	0.880458124552613
rs7395319	T	0.224426967526996	0.216646247385351	1.25160530017977	1.95946305842526	0.835005182627454	1.03591440071337	0.300242078666854	1397	136	1261	0.889047959914102
rs10160565	G	0.169578851421464	0.122150323427994	1.18480576696881	1.51147838508206	0.935587390400741	1.38828000337983	0.165051798874894	1397	136	1261	0.622405153901217
rs9328560	G	0.157747531224864	0.171507780418939	1.17087054913522	1.66195449752295	0.846719479678377	0.91976895065365	0.357693512119386	1397	136	1261	0.832140300644238
rs11246074	A	-0.362886221538114	0.189516911094376	0.695665580756148	1.02492401345831	0.486011100267588	-1.91479599072509	0.055518525990791	1397	136	1261	0.91159627773801
