RSID	effectAllele	B	SE	OR	OR_u95	OR_l95	Z	P	N	Ncase	Ncont	AFREQ
rs4114895	G	-0.226118880438082	0.253199323988882	0.797623274224958	1.37896989925501	0.503979833005681	-0.893046935812556	0.371832038096871	1397	134	1263	0.963135289906943
rs1747465	T	-0.469045573263054	0.159462722087447	0.62559907191557	0.863133778277946	0.461041056700371	-2.94141205620356	0.0032671960074869	1397	134	1263	0.877236936292054
rs9508926	T	12.9436976747518	490.23857269191	418192.72705301	NA	3.33243469317122e-14	0.0264028544381518	0.978936017432453	1397	134	1263	0.99713672154617
rs2775533	C	-0.177058899463914	0.111120222537124	0.83773044119597	1.04446799771896	0.675098350390398	-1.59339943190593	0.111070613087446	1397	134	1263	0.675017895490336
rs7328681	G	-0.063467831321306	0.117568415838527	0.938504309258653	1.18447546558639	0.746519088529092	-0.539837428859084	0.589309152264046	1397	134	1263	0.617752326413744
rs9552120	C	0.546360304804707	0.998580890427922	1.7269559718018	30.2268274410747	0.385738029554847	0.547136751806431	0.584284784784388	1397	134	1263	0.993557623478883
rs11147665	C	-0.00879089061278722	0.121139067667257	0.991247636288183	1.26017657378978	0.78318838170334	-0.0725685840420525	0.942149427085899	1397	134	1263	0.614173228346457
rs4098663	C	0.124853387041027	0.171269999928684	1.13298233099729	1.60548546151802	0.818847547495336	0.728985736515532	0.466010387513782	1397	134	1263	0.826771653543307
rs2775058	C	0.148564619028354	0.207185239508172	1.16016776426592	1.78542309312773	0.789288389253642	0.717061791568864	0.473335970184394	1397	134	1263	0.892984967788117
rs4113401	C	0.0639851492542968	0.125643037721558	1.06607656661195	1.36919946965733	0.835983833012716	0.509261399713182	0.610569010582589	1397	134	1263	0.648890479599141
rs3874198	C	-0.0572387404500771	0.136458175933851	0.944368583470636	1.24129284649268	0.726266661520516	-0.419459955831625	0.67488001437502	1397	134	1263	0.742662848962062
rs9509321	T	0.15241178903681	0.177212286711663	1.16463972357156	1.67058654008717	0.832378088117817	0.860052041903813	0.389760355748972	1397	134	1263	0.831782390837509
rs2793565	A	0.149312939844277	0.269096768022892	1.16103626687265	2.06476141553275	0.712149862211292	0.554867087186922	0.578985575571739	1397	134	1263	0.939513242662849
rs9509399	G	0.13941495899542	0.124614371923997	1.14960103833384	1.47465849492183	0.903951287964768	1.11877110836341	0.263237800288112	1397	134	1263	0.652111667859699
rs17263670	A	0.290405475736988	0.350224187634723	1.33696948682236	2.90646013784723	0.721005151553531	0.829198798912983	0.40699192451223	1397	134	1263	0.959914101646385
rs6490627	G	0.0511212586818802	0.123284444292593	1.05245050430697	1.34440321192738	0.828515712714039	0.414661062676757	0.678390040284612	1397	134	1263	0.62168933428776
rs4769148	C	-0.0737234432068237	0.118339971714378	0.928928559824229	1.17116799939539	0.735951806356728	-0.622980064460048	0.53329762239279	1397	134	1263	0.493557623478883
rs2211616	G	-0.0635790947509041	0.241530463727065	0.938399893859428	1.55625172342509	0.600030904804568	-0.263234267718502	0.792370020061563	1397	134	1263	0.933070866141732
rs4121234	C	-0.00582853471389885	0.128740964939363	0.994188418241602	1.28258954350042	0.773743834248793	-0.0452733496027786	0.963889429586656	1397	134	1263	0.609520400858984
rs7994979	C	0.10444310414322	0.238899104497425	1.11009223242075	1.83318366481927	0.714316744031987	0.437184996414861	0.661977189776123	1397	134	1263	0.921975662133142
rs9509608	G	0.252488355862938	0.376725511853553	1.28722450744894	2.98643007609076	0.664677057217276	0.670218363021536	0.502718599564727	1397	134	1263	0.966356478167502
rs12584385	C	0.0039846317314463	0.154995330779295	1.00399258093117	1.37470744387965	0.747522091020226	0.0257080759233981	0.979490182331734	1397	134	1263	0.812813171080888
rs9316231	A	0.359219428234911	0.404961586547946	1.43221103463394	3.58191942932096	0.709401497911571	0.887045685732913	0.375054304332765	1397	134	1263	0.967788117394417
rs9316253	C	0.134580962839069	0.318374252840491	1.14405728137842	2.28828085174099	0.646725626127382	0.422713085742194	0.672504607026588	1397	134	1263	0.957408732999284
rs4121252	G	-0.0900896155567864	0.119432211106407	0.913849286488953	1.15460381461667	0.722445568550102	-0.754315897882203	0.450659558416391	1397	134	1263	0.497494631352899
rs9552416	C	0.141423647924172	0.283945766812665	1.15191254998874	2.11540437606976	0.687829591827889	0.498065702868805	0.618437733344685	1397	134	1263	0.944523979957051
rs1892379	G	-0.100749705186879	0.131654297881829	0.904159310952336	1.17443599427492	0.700378832809345	-0.765259522915927	0.444117021790853	1397	134	1263	0.681818181818182
rs2880848	G	0.103083120429051	0.184096432618159	1.10858355118692	1.61900946183661	0.78455876283771	0.559940890559562	0.575519756416787	1397	134	1263	0.865068002863278
rs9552579	T	-0.0668233605342816	0.318754260394767	0.935360408308089	1.8513514134663	0.523658841177973	-0.209639113376941	0.833949349849218	1397	134	1263	0.9613457408733
rs7984909	G	-0.12459117959485	0.122245050083373	0.882857759083578	1.12455214675368	0.695875280829729	-1.01919202053479	0.308111814145876	1397	134	1263	0.638869005010737
rs7320538	G	-0.0349082494819438	0.128338574262607	0.96569401511918	1.2460912801375	0.75285009444547	-0.272001225527988	0.785621077026301	1397	134	1263	0.657122405153901
rs9510183	C	-0.0666284896465562	0.126132173229049	0.935542700582351	1.20163928901614	0.732307619588096	-0.528243412769578	0.597330401453019	1397	134	1263	0.653543307086614
rs11616642	T	-0.198340807244087	0.266881382345829	0.820090312786445	1.46405741847127	0.506398470974539	-0.743179630968315	0.457372933659952	1397	134	1263	0.964566929133858
rs2440022	G	-0.0207042462659116	0.121438192398643	0.979508615065218	1.24446149688931	0.772563016653838	-0.170492049140077	0.864623186693605	1397	134	1263	0.561202576950608
rs3098951	C	0.0963434902054598	0.189332942540843	1.10113722889528	1.62372775486297	0.770953986293297	0.508857512657506	0.610852102927373	1397	134	1263	0.866499642090193
rs1838127	C	-0.00541642179714785	0.180047695082935	0.994598220567059	1.43678283291271	0.707689084107065	-0.0300832609640067	0.976000650505046	1397	134	1263	0.862562634216178
rs1443350	A	-0.00843793431626557	0.178963906505707	0.991597565133985	1.42956537250056	0.707114056025264	-0.0471488049239497	0.962394629857884	1397	134	1263	0.862920544022906
rs1443351	G	-0.00858202591431365	0.180488242669232	0.991454694549677	1.43340097755554	0.704809598124844	-0.0475489471635075	0.962075720229687	1397	134	1263	0.862920544022906
rs2801745	C	0.132769005617962	0.181472991763644	1.14198617547037	1.6612001555546	0.813128934498269	0.731618541842768	0.464401427771463	1397	134	1263	0.86471009305655
rs2801749	A	0.0841114356643135	0.190113176899715	1.08775010121042	1.6062473941969	0.760330461437131	0.442428226364774	0.658179357285359	1397	134	1263	0.867931281317108
rs1838128	G	0.119952260257923	0.187872624141823	1.1274430264553	1.65813122819021	0.791797890276879	0.638476525283283	0.523163530295994	1397	134	1263	0.863636363636364
rs2165853	T	0.681228135421423	0.368806247324545	1.97630341061684	4.6521090355535	1.05711843989538	1.84711658320134	0.0647302455600535	1397	134	1263	0.947745168217609
rs7995121	G	0.189393556087073	0.146031037904551	1.20851647792001	1.62810080335231	0.916806182785902	1.29694042310967	0.194651686504073	1397	134	1263	0.785254115962777
rs9510385	A	-0.191007343619623	0.132959432537332	0.826126521369985	1.07737388045307	0.639100400869425	-1.43658362535499	0.150836339097615	1397	134	1263	0.747673586256263
rs4770373	T	0.252805123159065	0.200631566327794	1.28763232266352	1.94967605154052	0.885057567845406	1.26004660077283	0.207652551864935	1397	134	1263	0.869720830350752
rs4770392	T	0.398982117429168	0.22641055026169	1.4903069678492	2.40748650584619	0.985055915443418	1.7622063855594	0.07803443361679	1397	134	1263	0.893700787401575
rs7319595	T	0.234528378963397	0.121075876397278	1.26431235180062	1.60765364797375	0.999399751283204	1.93703639355751	0.052740894805489	1397	134	1263	0.554402290622763
rs1838114	T	-0.257044063622873	0.127215954788872	0.773334137110911	0.994927710318799	0.60375648345852	-2.02053322674396	0.04332810722272	1397	134	1263	0.68790264853257
rs1822374	C	0.343558015691947	0.218006641625912	1.40995531964357	2.21714108410313	0.939613663705494	1.57590618858977	0.115047424558242	1397	134	1263	0.879742304939155
rs1334952	A	0.147797682505213	0.196172296781187	1.15927833034781	1.73653541160187	0.802413202603597	0.753407514365133	0.451205068648056	1397	134	1263	0.87294201861131
rs9510693	A	14.1838366882335	539.065562583998	1445313.32254283	NA	9.37906587802882e-09	0.0263118953847537	0.979008567051906	1397	134	1263	0.993199713672155
rs1556650	T	0.308826339716429	0.122416703661147	1.3618258549032	1.73601677523477	1.07356194584424	2.52274673700797	0.0116442229864223	1397	134	1263	0.528990694345025
rs4770439	T	0.349209237248496	0.215158956293653	1.41794584639257	2.21428243387192	0.949177128853018	1.62302905379356	0.104583194192438	1397	134	1263	0.874731567644954
rs10467602	T	0.548733504006079	0.420394835352752	1.73105924935657	4.4359605572224	0.828810826413789	1.3052812686094	0.191797089926383	1397	134	1263	0.962777380100215
rs1556649	C	0.551507289888813	0.290767964715468	1.73586750251413	3.22655207186419	1.02255300175108	1.89672645137677	0.0578640507347878	1397	134	1263	0.920901932712956
rs4770450	A	0.327124553126319	0.237100113486689	1.38697421839737	2.27067195889743	0.892248868645659	1.37968956790349	0.167682246283512	1397	134	1263	0.897279885468862
rs9507104	C	0.179378871526314	0.122162488639445	1.19647396822415	1.52260231749622	0.942562504092352	1.46836294450205	0.142005661460796	1397	134	1263	0.510737294201861
rs9507105	A	0.243523719274602	0.121728781405202	1.27573657702799	1.62306042501036	1.00644203289894	2.00054347429946	0.0454416103762961	1397	134	1263	0.519685039370079
rs11618494	G	0.276864999122668	0.18627308236082	1.31898829443804	1.93275041505477	0.928962417639864	1.48633928001668	0.137189401840206	1397	134	1263	0.840372226198998
rs7987069	G	-0.376886841653666	0.141441028513916	0.685993695416345	0.909487425878529	0.521813452896367	-2.66462175518319	0.00770749597703324	1397	134	1263	0.789191123836793
rs13378194	T	-0.289959297508826	0.127458659597596	0.748294024389651	0.963584453581451	0.584152769844453	-2.27492818788669	0.0229102380788511	1397	134	1263	0.712956335003579
rs9317779	G	0.112715310326599	0.147872027633668	1.11931323066704	1.50976883688068	0.844389577231413	0.762249034725045	0.445911385439988	1397	134	1263	0.774874731567645
rs9317788	G	0.29734585766165	0.216410477483899	1.3462808404814	2.11946848734254	0.903007513563736	1.3739901187722	0.169444750078861	1397	134	1263	0.890837508947745
rs9507113	G	0.221201227826281	0.144657749894307	1.24757445200207	1.6746621236366	0.948283093969586	1.5291349961402	0.126230981227981	1397	134	1263	0.767000715819613
rs1889573	T	-0.0557037282901067	0.158289408194266	0.945819313889316	1.30614784379024	0.700838227452008	-0.351910648511253	0.724905273038921	1397	134	1263	0.843951324266285
rs1889574	G	0.170803087563339	0.125454720561374	1.18625713723853	1.51922431281492	0.928426669755178	1.36147198606033	0.173364580631642	1397	134	1263	0.511453113815319
rs17078092	G	0.49213380333727	0.232719511429655	1.63580298046063	2.67338575163667	1.06756199096238	2.11470796029936	0.0344548454955518	1397	134	1263	0.886542591267001
rs1867248	C	0.157204374341167	0.129308586805087	1.17023475542004	1.51417450600505	0.91132352004919	1.21573035654723	0.224087656215784	1397	134	1263	0.635647816750179
rs9580700	G	0.341178086581561	0.234480641711935	1.40660371580575	2.31268908956846	0.916384654397826	1.45503732884144	0.145658927541594	1397	134	1263	0.905511811023622
rs9580703	G	0.133371691888957	0.293245906216666	1.14267464230391	2.16515663214375	0.676021232156706	0.454811777629437	0.649244656396764	1397	134	1263	0.952755905511811
rs1334958	A	-0.14177723351346	0.124155028137591	0.86781455495428	1.10857327708106	0.680905355001689	-1.14193710589263	0.25348016355955	1397	134	1263	0.60486757337151
rs9551000	A	-0.252134780698547	0.127059986042267	0.777139987539541	0.997904399115715	0.605998484655209	-1.98437595148698	0.0472139448760378	1397	134	1263	0.613457408732999
rs1334959	T	0.193142680740998	0.124500658227144	1.21305586088124	1.55102765446881	0.951404659179408	1.55133863138796	0.120820553563889	1397	134	1263	0.51646385110952
rs9578637	T	0.440744086977998	0.254723239470554	1.55386299768006	2.68156491160054	0.979684142542662	1.73028612502766	0.0835791672793208	1397	134	1263	0.912312097351467
rs7997564	G	0.0368351156866956	0.11912839804087	1.03752193564202	1.31202430201826	0.821915747545426	0.309205162601601	0.757165467018072	1397	134	1263	0.535075161059413
rs9578638	T	0.146854066443883	0.187054568349214	1.15818493265069	1.70768656579553	0.817373405879407	0.785086767673697	0.432402697432219	1397	134	1263	0.875089477451682
rs1334962	A	-0.333554423968229	0.129306459652305	0.71637290972253	0.923208556938697	0.555737273653242	-2.57956504930327	0.00989248253418698	1397	134	1263	0.596277738010021
rs995813	C	0.30499306256055	0.126377957081941	1.35661559153506	1.74307913544759	1.06133319439143	2.41334066163767	0.0158070376793514	1397	134	1263	0.542233357193987
rs7999806	C	-0.196767473016947	0.122887814294995	0.821381604495249	1.044618446114	0.644840020185343	-1.60119597004633	0.109333521156836	1397	134	1263	0.518969219756621
rs9510850	C	-0.252634140116318	0.123817652264739	0.776752012245457	0.988763216536572	0.608130919788897	-2.04037255993315	0.0413132327957976	1397	134	1263	0.487831066571224
rs9510854	A	0.45647447115003	0.666956259444369	1.57849911940895	8.98756509710502	0.553750316925776	0.684414404522287	0.493713522659437	1397	134	1263	0.987473156764495
rs9580750	G	0.303682723977205	0.23263727017656	1.35483912991998	2.22685246556147	0.887807772088642	1.30539153828071	0.191759558222688	1397	134	1263	0.911954187544739
rs4770493	C	-0.0436602025462256	0.135444930767307	0.95727918324349	1.25448195090796	0.736995502554315	-0.322346523409084	0.747190191855307	1397	134	1263	0.714030064423765
rs8001264	G	0.174299999891674	0.465513845744109	1.19041263591901	3.61944820235779	0.545485900858158	0.374424953167743	0.708088180933602	1397	134	1263	0.981746599856836
rs7993303	C	-0.133377952762947	0.327612690522578	0.875134270179814	1.77614194462768	0.483756471682555	-0.407120836955963	0.683919240121173	1397	134	1263	0.967072297780959
rs7322059	A	0.2942914308317	0.226744006628068	1.34217499785166	2.16904276049609	0.88622184738781	1.29790169631443	0.194321117101039	1397	134	1263	0.904438081603436
rs7334554	A	-0.131194949736897	0.257820827711808	0.877046777685148	1.51873646038303	0.547352064168292	-0.508860943862714	0.610849697683352	1397	134	1263	0.950966356478168
rs6490840	T	-0.0413161581983869	0.129836733711954	0.959525720064604	1.24157927170809	0.745742751711804	-0.31821624756864	0.750320909071076	1397	134	1263	0.6546170365068
rs9510969	A	-0.0139439470979283	0.127253475137796	0.986152819441096	1.26900044578706	0.769998286032931	-0.109576159573082	0.912745518687439	1397	134	1263	0.626342161775233
rs7991660	A	0.00775909561355	0.126779133635781	1.00778927540138	1.29568662129774	0.787654330326649	0.0612016772084973	0.951198594019549	1397	134	1263	0.621331424481031
rs7992041	C	-0.140695408851096	0.131584724686137	0.868753886146401	1.12848365502214	0.673138927754284	-1.06923815957125	0.284962368000579	1397	134	1263	0.697566213314245
rs7317257	C	-0.113752464828052	0.123661921844212	0.892478848447151	1.13902878745608	0.700965745109828	-0.919866545268125	0.357642503296531	1397	134	1263	0.598425196850394
rs7990690	G	0.131507381859404	0.201846347414204	1.14054632704393	1.74054128418768	0.785236476542582	0.651522227397756	0.5147094335311	1397	134	1263	0.897637795275591
rs7336420	T	0.198977737589096	0.343608347924363	1.22015480200994	2.58011651245858	0.659528750061359	0.579082955321262	0.562533200350048	1397	134	1263	0.959556191839656
rs724555	G	-0.45437461114041	1.08396540919662	0.634844868735102	12.0373782434618	0.107344891845721	-0.419178146539906	0.675085942043438	1397	134	1263	0.997494631352899
rs1334954	T	-0.143844292021917	0.132928442907008	0.86602258418696	1.12851186369321	0.669583480319093	-1.0821182350157	0.279199994135182	1397	134	1263	0.716177523264137
rs4770584	C	-0.110719346506702	0.133877809214744	0.895189951864047	1.16932126599619	0.691190105265742	-0.827017913992794	0.408226907977067	1397	134	1263	0.724051539012169
rs9318336	G	-0.116089475912608	0.132050359472738	0.890395550778653	1.15866039445565	0.68982492769161	-0.87913032858176	0.379330615127664	1397	134	1263	0.71832498210451
rs4091742	T	-0.078593680319206	0.135120766500258	0.924415456340062	1.21077850674747	0.712205522923466	-0.581655080524249	0.560799033926391	1397	134	1263	0.724767358625626
rs9511095	C	-0.0869449302161959	0.132915530940506	0.916727578232647	1.19512050418569	0.709120726258913	-0.654136725791009	0.513023722281614	1397	134	1263	0.715819613457409
rs9511099	T	-0.0877851832738204	0.130398187171438	0.915957618607794	1.1867833028266	0.711240107615198	-0.673208617221087	0.500814579762117	1397	134	1263	0.675733715103794
rs17058512	A	-0.809996114005417	0.218640561622876	0.444859794942336	0.693655537106285	0.29310738300901	-3.7046927980479	0.000211647078134933	1397	134	1263	0.946313528990694
rs9580891	T	0.186836675398164	0.35786621454448	1.20543039253276	2.65329853150829	0.638902924552688	0.522085259252496	0.601610969371439	1397	134	1263	0.96420901932713
rs9511102	T	-0.0129174973402833	0.134475067696028	0.987165575446271	1.28980040810342	0.760720841912367	-0.0960586788435935	0.92347396899701	1397	134	1263	0.674302075876879
rs9511103	C	-0.396037970993148	0.127143643117146	0.67298114168991	0.862408383356306	0.523561686909113	-3.11488613416757	0.00184015930079815	1397	134	1263	0.536864710093057
rs9511107	T	-0.0836634502130834	0.135728146210105	0.919740742564329	1.20678662744507	0.708120839285634	-0.61640457450567	0.537627534941849	1397	134	1263	0.740515390121689
rs4313678	T	-0.364247177953643	0.127784983914169	0.694719454185504	0.891938795123315	0.540132225593886	-2.85046933369184	0.00436547598080582	1397	134	1263	0.561202576950608
rs9507277	T	-0.0717949496062909	0.131050150372069	0.930721721101482	1.20745246448296	0.721784569748712	-0.54784332106797	0.583799489667243	1397	134	1263	0.672154617036507
rs9318395	C	-0.0996709168442085	0.136621446516485	0.905135233789351	1.18963135949919	0.695615218671819	-0.729540781374921	0.465670931244632	1397	134	1263	0.743378668575519
rs9511146	A	-0.0293949026705217	0.133927115780901	0.971032925245914	1.2675124716293	0.749169558551173	-0.21948432547902	0.826272788661313	1397	134	1263	0.681460272011453
rs9511148	A	-0.018927775089709	0.133693133774087	0.981250230393415	1.28029253679577	0.757418329946144	-0.141576269142535	0.887414712573889	1397	134	1263	0.679312813171081
rs9511149	T	-0.0238854134659557	0.133078456185186	0.976397585363224	1.27245143862537	0.754592033240037	-0.179483698193176	0.857557916443222	1397	134	1263	0.680386542591267
rs9511150	A	-0.101385400942364	0.132073772728699	0.903584723366875	1.17463470827451	0.699347734235505	-0.767642196082535	0.442699786314519	1397	134	1263	0.681818181818182
rs1443348	A	-0.123166258558196	0.132272870091679	0.884116658379908	1.14960675710856	0.683916851282627	-0.931152839375373	0.351774509110612	1397	134	1263	0.682534001431639
rs4038049	C	-0.113839012004915	0.130129498045861	0.89240161026483	1.15538152180596	0.69315917289254	-0.874813272274324	0.381675514427177	1397	134	1263	0.67394416607015
rs2880687	G	0.273686711110763	0.133372966414451	1.3148028245916	1.72183718922036	1.01945820569954	2.05204036821295	0.0401657394102982	1397	134	1263	0.706156048675734
rs4473030	C	-0.421740978311841	0.128091799545738	0.655903910730539	0.842746838079356	0.509726268058878	-3.29249007202252	0.000993044038224932	1397	134	1263	0.58840372226199
rs17276524	A	0.340758714728875	0.349684804570268	1.4060139494738	3.05430265861779	0.759438869863674	0.974473898423002	0.32982129297546	1397	134	1263	0.957766642806013
rs7328603	C	-0.576118361258597	0.1272912482225	0.562075913246979	0.720847989805027	0.43736158050092	-4.52598563768945	6.01146626412222e-06	1397	134	1263	0.621331424481031
