RSID	effectAllele	B	SE	OR	OR_u95	OR_l95	Z	P	N	Ncase	Ncont	AFREQ
rs12255619	A	0.784585661127265	0.389335656923892	2.19149872947942	5.19096838852987	1.10241321678802	2.01519086981709	0.0438846538111101	1397	128	1269	0.943808160343593
rs11252546	T	0.0572090367305915	0.163569985066952	1.05887713147624	1.47726114708473	0.776523409701031	0.34975265607058	0.72652433252576	1397	128	1269	0.819613457408733
rs7909677	A	0.463739939738814	0.394335913881801	1.59000941840351	3.79450388626505	0.790022076791657	1.1760022950327	0.239593958953134	1397	128	1269	0.95848246241947
rs11591988	C	-0.210510409487358	0.128841026482538	0.81017062164861	1.0495956179521	0.63260463241782	-1.63387715260006	0.102284648002492	1397	128	1269	0.780959198282033
rs4508132	C	-0.178526166871957	0.130405596288871	0.836502167945891	1.08329046926437	0.649181802319838	-1.36900694412294	0.170997104276308	1397	128	1269	0.672870436649964
rs10904561	T	-0.363393809460916	0.139197467179908	0.695312558911439	0.917986458904258	0.531324733523248	-2.61063521357929	0.00903742374188067	1397	128	1269	0.782748747315676
rs7917054	G	0.439271469483691	0.130141822649775	1.5515764358746	2.01221239784605	1.20705777052552	3.37532901061188	0.000737274913662657	1397	128	1269	0.566929133858268
rs7906287	G	-0.120201415066216	0.129557733710813	0.886741815567767	1.14656492846591	0.689391611981666	-0.927782631135849	0.353520335435358	1397	128	1269	0.66034359341446
rs12775579	C	0.0576838366089048	0.375153315799208	1.05938000558225	2.4491253858387	0.547558617913407	0.153760700437948	0.877798421768281	1397	128	1269	0.971009305654975
rs4495823	A	-0.133919869659166	0.129933050873536	0.874660148611191	1.1318623661008	0.679544724322838	-1.03068363868028	0.302689199746713	1397	128	1269	0.667143879742305
rs11253478	C	-0.207000835688021	0.12990919628491	0.813018970557073	1.05549205008791	0.633502713862421	-1.59342711376674	0.111064407171186	1397	128	1269	0.779527559055118
rs9419557	A	1.12880979447828	0.4184723979933	3.09197422443203	7.90091076118697	1.48837632618341	2.69745340407458	0.00698720625722221	1397	128	1269	0.93378668575519
rs9286070	T	0.579740056375137	0.213452704031173	1.78557422178293	2.78558712260426	1.20178357181423	2.71601176947597	0.00660735691185616	1397	128	1269	0.843235504652827
rs9419560	A	1.07982002915856	0.417113393267144	2.94414964229443	7.50813313010581	1.42196851631009	2.58879251203275	0.00963131079333669	1397	128	1269	0.935934144595562
rs9419561	T	0.594363424336256	0.199965151312509	1.81187718085102	2.74480331073732	1.24913676136682	2.97233503155444	0.00295543987089507	1397	128	1269	0.82032927702219
rs11253562	C	0.025244443113765	0.174891410480953	1.02556578238011	1.46837052169262	0.737845788670545	0.144343527474234	0.885229208221848	1397	128	1269	0.856120257695061
rs11594819	A	-0.193602734815845	0.129727019030771	0.823985179880896	1.06533581421189	0.64013501427995	-1.49238559755946	0.135598088489438	1397	128	1269	0.664996420901933
rs4372370	A	12.3990232960266	469.170799497143	242564.587966449	NA	7.00508749981881e-15	0.0264275255606612	0.978916339591131	1397	128	1269	0.99713672154617
rs7909028	A	0.446926253167738	0.15520591373177	1.56349899193679	2.13958977930941	1.16288927355299	2.87956974332902	0.00398218209563643	1397	128	1269	0.707587687902649
rs7476951	C	0.410646103510177	0.166780759215155	1.50779165995111	2.11498225621912	1.09823382246951	2.46219111510593	0.0138091061798155	1397	128	1269	0.755547602004295
rs12146291	A	-0.17749568574948	0.144113865310906	0.837364611928673	1.11691361711045	0.634142346655284	-1.23163503641067	0.218085446929079	1397	128	1269	0.758768790264853
rs17156316	T	-0.185390860734136	0.14465239113044	0.830779501298104	1.10945786568504	0.628567157777871	-1.28163011537749	0.199972430658402	1397	128	1269	0.763779527559055
rs10903451	A	-0.300197758058511	0.128025647692323	0.740671732393783	0.952456452313774	0.57619372642839	-2.34482514612978	0.0190360045583559	1397	128	1269	0.602004294917681
rs11250575	C	0.232128112142048	0.178385401461534	1.26128130392781	1.81697758206053	0.900918014806741	1.30127303153841	0.193165014883094	1397	128	1269	0.824624194702935
rs4582897	G	0.676274451047458	0.262549184852299	1.96653763554731	3.42477303201509	1.21533230169658	2.57580099297549	0.0100008187570856	1397	128	1269	0.886900501073729
rs9419499	A	0.587899954727529	0.26336088156024	1.8002039332373	3.139276062754	1.11046765400435	2.23229794510334	0.0255952776086957	1397	128	1269	0.895490336435218
rs11250663	T	-0.228337222815903	0.207547668331505	0.795855833832974	1.22411578117019	0.540055264928291	-1.10016761282614	0.271259098986936	1397	128	1269	0.921259842519685
rs17221197	C	2.20785826151746e-05	0.175624718436188	1.00002207882635	1.43472463794629	0.718758760064413	0.000125714550957112	0.999899694300987	1397	128	1269	0.863278453829635
rs11250718	A	0.171997580805125	0.49537647005211	1.18767495999325	3.7934404164852	0.512120340964542	0.347205794387109	0.728436718021763	1397	128	1269	0.981388690050107
rs12779173	T	-0.960052365142102	0.257391780630169	0.382872836259686	0.64886030583723	0.234567878709023	-3.72992627344827	0.000191535807663562	1397	128	1269	0.968503937007874
rs2448370	C	0.301883848328344	0.22452484986443	1.35240413358547	2.15559425910302	0.890275469733571	1.34454537442347	0.178772094022886	1397	128	1269	0.8840372226199
rs11250790	G	0.106282389326636	0.178909348244011	1.11213588747216	1.6084050070917	0.795316169342308	0.594057215957657	0.552473845263034	1397	128	1269	0.857551896921976
rs1105116	T	-0.133484557135824	0.144281460134909	0.87504098201231	1.16784163207343	0.662618871870164	-0.925167772844902	0.354878644188829	1397	128	1269	0.754831782390837
rs2448366	G	0.485266824683004	0.157965009658351	1.62460843664815	2.2363400667782	1.20234902351288	3.07198933316021	0.00212637323619043	1397	128	1269	0.710450966356478
rs2436025	C	0.578335213675075	0.254537987008646	1.7830675320367	3.06261253452137	1.12113780981295	2.2720978525513	0.0230806007950809	1397	128	1269	0.891911238367931
rs2379078	T	-0.334145131330332	0.129913265420077	0.715949867929997	0.925269412896324	0.555577887683191	-2.5720632165612	0.0101094430260713	1397	128	1269	0.672512526843235
rs2379080	T	-0.162341024397714	0.143718594678476	0.850151232787195	1.13314567558605	0.64435795500244	-1.12957564580212	0.258655077949793	1397	128	1269	0.756263421617752
rs2496274	T	0.638294156156434	0.273965946381016	1.89324853679215	3.39838582932897	1.15127077206246	2.32983027485004	0.019815123370678	1397	128	1269	0.900858983536149
rs2496275	A	0.471794890148008	0.157545196228114	1.60286858586948	2.20465979944119	1.18725666942782	2.99466376280291	0.00274747524949317	1397	128	1269	0.71259842519685
rs2448384	A	0.462862524425951	0.157264860187733	1.58861493165368	2.18389296342381	1.17735842404966	2.94320373841565	0.00324834564712487	1397	128	1269	0.714030064423765
rs2448378	A	0.294521406338782	0.216524707807129	1.34248370072308	2.10138453973871	0.895954327671492	1.36022077721093	0.173760069526558	1397	128	1269	0.875089477451682
rs2448377	G	0.646453794284932	0.270412886780331	1.90875995746743	3.38592214326715	1.16426762373759	2.39061755518359	0.0168200635339589	1397	128	1269	0.896206156048676
rs1476130	A	0.472472532545904	0.157037831744932	1.60395512568266	2.2032867963776	1.18892765411298	3.00865420323248	0.00262407597959514	1397	128	1269	0.708303507516106
rs2496278	A	0.340479347238537	0.151931834079914	1.40562120974727	1.90924309125846	1.0511895621634	2.24100070469399	0.0250260293614562	1397	128	1269	0.710808876163207
rs10794885	A	-0.339887609949849	0.129954977490286	0.711850323160421	0.919261731589203	0.55190978657483	-2.61542586912652	0.00891162636986497	1397	128	1269	0.635647816750179
rs4600135	T	0.651832417614696	0.279860416275913	1.91905411769362	3.47907335332795	1.15188917804286	2.32913402434183	0.0198519667049925	1397	128	1269	0.902648532569792
rs7919162	C	0.448702014846474	0.156998626116577	1.566277860105	2.1520881070823	1.1614144495238	2.85799962678207	0.00426320892952056	1397	128	1269	0.716535433070866
rs17158042	G	-0.210717925337479	0.289389220806925	0.810002515846228	1.50930268442279	0.47873172699794	-0.728147111872098	0.466523537070927	1397	128	1269	0.962061560486757
rs10508201	T	0.0482547633096002	0.177580551995937	1.04943797956371	1.51135434453302	0.751429017263848	0.271734504523357	0.785826168432201	1397	128	1269	0.857193987115247
rs3123252	A	0.585889198743581	0.261546989307273	1.79658779920617	3.12336615186612	1.11268008207301	2.24009154261478	0.0250849804859944	1397	128	1269	0.894774516821761
rs2303990	A	0.63037553029688	0.268371070435281	1.87831581133232	3.32044369446834	1.15086498482957	2.34889524148207	0.0188292035372293	1397	128	1269	0.896564065855404
rs3132006	C	0.653403308761659	0.277991381555187	1.92207111188196	3.47370000006857	1.15852353781582	2.35044448179033	0.0187510046954684	1397	128	1269	0.901574803149606
rs10903752	T	-0.280086864748569	0.131533045522354	0.755718093342346	0.978904338709811	0.584104031142102	-2.12940302291539	0.0332209305800193	1397	128	1269	0.617036506800286
rs1017361	G	0.469311020780908	0.271857671723045	1.59889221013288	2.85916318984825	0.97639472053548	1.72631148426452	0.084291390393666	1397	128	1269	0.91445955619184
rs3125037	A	0.0951200543371548	0.138338840813072	1.09979088186608	1.44869374701544	0.841550881353181	0.687587475636606	0.491712597396503	1397	128	1269	0.659985683607731
rs3125033	G	0.474033298681214	0.707161051827729	1.60646047915223	9.65995754463688	0.515909270501588	0.670332871777974	0.502645616659341	1397	128	1269	0.987473156764495
rs2060138	T	0.221162476718492	0.147034652363898	1.2475261080467	1.67508946948543	0.940310075878427	1.50415207002451	0.132542215681938	1397	128	1269	0.696492483894059
rs3125023	C	-0.329265712245009	0.128807310829638	0.719451824187718	0.926603402088164	0.558837273075401	-2.55626571290273	0.0105802292553649	1397	128	1269	0.611667859699356
rs3123247	T	0.00180086263162452	0.199897878669581	1.00180248515857	1.51227753120516	0.688460650374051	0.0090089131691149	0.992812024502848	1397	128	1269	0.886542591267001
rs4880567	T	0.113718311222911	0.138286897324041	1.12043646604954	1.47577514861686	0.857460128484652	0.82233612456024	0.410885622267165	1397	128	1269	0.656048675733715
rs4880568	C	0.299913253327138	0.131400946005653	1.3497417168943	1.7502692639447	1.04493697683417	2.28242841808943	0.02246405914779	1397	128	1269	0.512884753042233
rs10736957	T	0.223141290693705	0.143112885697798	1.24999717422756	1.67072597253038	0.95195683075327	1.55919775920735	0.118949581052851	1397	128	1269	0.739441660701503
rs11251372	G	0.014300872816897	0.171209467474951	1.0144036195034	1.43949661706705	0.734073440149872	0.0835285164296726	0.933431303782661	1397	128	1269	0.845740873299928
rs10903832	A	-0.665929161754536	0.270370180991099	0.513795906341432	0.905534083234871	0.310045802933513	-2.46302739197582	0.0137769390097438	1397	128	1269	0.969219756621331
rs3740304	A	0.339103645511805	0.158002340954776	1.40368882372005	1.93015840652966	1.03768053008318	2.14619380613395	0.0318575195459553	1397	128	1269	0.727630637079456
rs17221260	G	0.0440872590646162	0.174882951416642	1.04507354304971	1.49740264318945	0.752356599069367	0.252095808696541	0.80096700954393	1397	128	1269	0.857551896921976
rs3125026	A	-0.0687636143476462	0.366364367274629	0.933547331192683	2.12312972624775	0.489997232078736	-0.187691873145787	0.851118201341423	1397	128	1269	0.974588403722262
rs3125027	C	0.342282001423076	0.133064953664434	1.40815734390254	1.8332754032714	1.08735668467475	2.57229264353295	0.0101027454627241	1397	128	1269	0.535433070866142
rs10903844	A	-0.169109410177117	0.144237990135009	0.844416510571787	1.13008893214049	0.641033483944566	-1.17243321276751	0.241023171571047	1397	128	1269	0.811381531853973
rs17158845	A	0.0348685926440687	0.218660662964399	1.03548362969303	1.6295231508581	0.688590603774989	0.159464405583302	0.873302999665917	1397	128	1269	0.90336435218325
rs3815985	C	0.696868023090834	0.178507651815133	2.00745554691818	2.89143126195717	1.43337716596782	3.90385519054684	9.46724397145447e-05	1397	128	1269	0.744810307802434
rs12261505	T	0.838055335594596	0.20288039545526	2.31186679745897	3.51100170549247	1.58055405142166	4.13078520334119	3.61526263734648e-05	1397	128	1269	0.781317108088762
rs3125028	A	0.723346107917519	0.174248097974798	2.06131907988206	2.9419206450582	1.48314114526695	4.1512424888686	3.30675181780921e-05	1397	128	1269	0.726914817465999
rs3097721	A	-0.0904490431347879	0.360103989330877	0.913520882875445	2.01578941025278	0.480325862320219	-0.25117478787962	0.801678976208646	1397	128	1269	0.971367215461704
rs3131996	T	-0.119151726638988	0.364279734593921	0.887673106886856	1.9722785884664	0.462456847740889	-0.327088540271975	0.743600919070165	1397	128	1269	0.972083035075161
rs3131997	T	0.0288108748963199	0.344583304277355	1.0292299228512	2.21275055479841	0.55985167883967	0.0836107685389481	0.933365904863057	1397	128	1269	0.967788117394417
rs2288680	G	0.0652545228338496	0.359175825189428	1.06743067529246	2.35371921604512	0.563563892944661	0.181678493532895	0.855835044746083	1397	128	1269	0.96671438797423
rs3131999	T	0.691180480375638	0.167846333426392	1.99607046500657	2.80730881125622	1.45167355356548	4.1179361280403	3.82280607241049e-05	1397	128	1269	0.707587687902649
rs2890073	G	0.112804898576466	0.456060953759112	1.1194135124724	3.34528363942151	0.521691622138472	0.247346100661905	0.80464038373631	1397	128	1269	0.982104509663565
rs3123236	C	0.384005394509965	0.327570533190234	1.46815336162857	3.02340024625046	0.822569176605537	1.17228308288328	0.241083421274395	1397	128	1269	0.947745168217609
rs3125031	T	0.641925689423601	0.163448365528532	1.90013643107533	2.64470229656651	1.3916881204292	3.92739130396226	8.58722087025669e-05	1397	128	1269	0.694345025053686
rs3123231	C	-0.127015044052036	0.391069818128321	0.880720422893622	2.14281133032859	0.444704653970112	-0.324788664745174	0.745341024088486	1397	128	1269	0.979599141016464
rs2380151	T	0.610094532563619	0.16560038872626	1.84060538770361	2.575333094019	1.34360765284702	3.68413707996854	0.000229478726644325	1397	128	1269	0.713672154617036
rs3097718	T	0.133645598517567	0.425650381402645	1.14298767133118	2.95105287167411	0.539442101625662	0.313979745717989	0.753536422027649	1397	128	1269	0.973514674302076
rs4881041	G	-0.16019294946981	0.12942635199173	0.851979384135351	1.10296767823687	0.663418974008156	-1.2377150943731	0.215821720255592	1397	128	1269	0.719756621331424
rs11251600	T	0.789852780153054	0.17865551414803	2.20307206644799	3.17190448879597	1.57167720891224	4.42109376763261	9.82025445304089e-06	1397	128	1269	0.725125268432355
rs35198327	C	-0.0458331595839183	0.137511378992925	0.955201315081944	1.25882396341416	0.733415416795552	-0.333304486651075	0.73890445297632	1397	128	1269	0.743736578382248
rs3097731	C	-0.379705281225107	0.414393773627735	0.684062985711806	1.72675998451445	0.326839655109493	-0.916290990332808	0.359514292267413	1397	128	1269	0.983894058697208
rs3125035	T	-0.158212291546453	0.333016277676608	0.853668536116991	1.79308358638553	0.473177530712834	-0.475088763378987	0.634723707208439	1397	128	1269	0.973872584108805
rs7895529	G	0.610335777312229	0.182142276750133	1.84104947765269	2.67125146180534	1.30542626163573	3.35087376858423	0.000805570145007334	1397	128	1269	0.768432355046528
rs919643	C	0.577255783430077	0.182880171748478	1.78114387342817	2.58774155903863	1.260969638985	3.15647004216509	0.00159691290496413	1397	128	1269	0.774874731567645
rs10903945	C	-0.0500426527340937	0.13599880314181	0.951188852830261	1.24987645322834	0.732524016240582	-0.367963920108273	0.712900137221455	1397	128	1269	0.744810307802434
rs3123227	G	-0.188743008416038	0.572583674934103	0.827999268198058	3.28619335769647	0.313317943352145	-0.329633932433998	0.741676579968398	1397	128	1269	0.990336435218325
rs9804310	A	0.652095464781983	0.182592635821126	1.91955898584231	2.78530657772673	1.3589254841961	3.57131305898228	0.000355196028154391	1397	128	1269	0.759126700071582
rs2288681	T	0.175801678838916	0.181404193390419	1.19220159639887	1.72440209336761	0.845162831261137	0.969115848719959	0.332487391001865	1397	128	1269	0.825697924123121
rs4506561	T	0.580675759188706	0.189602303051497	1.78724577052056	2.63780182984702	1.25144907146091	3.06259865963226	0.00219424130186309	1397	128	1269	0.794201861130995
rs7904155	A	0.626985550571131	0.32420340541574	1.87195913939539	3.78446570856906	1.04732098706621	1.93392647978858	0.0531221678748468	1397	128	1269	0.929849677881174
rs7068944	T	0.206545284524039	0.38621257074418	1.22942340681032	2.89627305554206	0.621656086821861	0.534796897278754	0.592790308799373	1397	128	1269	0.96671438797423
rs4880610	A	0.268138646056704	0.390373946988227	1.30752841110661	3.10091448507813	0.655264647364273	0.686876386412104	0.492160628512889	1397	128	1269	0.964924838940587
rs4242755	A	0.699016347768472	0.343338877018618	2.01177284903175	4.25448222315713	1.08989456211674	2.03593707138084	0.0417566746797455	1397	128	1269	0.933070866141732
rs7902669	G	0.116327960926017	0.20171726191804	1.1233642312998	1.70170704336753	0.769324282949274	0.576688181367851	0.564150117701231	1397	128	1269	0.875089477451682
rs7916145	C	0.0756672843932704	0.203332180076789	1.07860364618356	1.63857304808168	0.736109385317437	0.372136296206012	0.709791373402857	1397	128	1269	0.879384395132427
rs3922851	G	-0.234653305272529	0.128552269636425	0.7908449838917	1.01706385885604	0.614024290618354	-1.82535326631091	0.0679477368196926	1397	128	1269	0.532211882605583
rs1133113	A	-0.0882086027989273	0.129038061202054	0.915569866364633	1.18295255540036	0.712709915664533	-0.683585927882208	0.494236673145788	1397	128	1269	0.661059413027917
rs9787422	C	0.164218615975919	0.156605081417774	1.17847191972228	1.61498258995348	0.873005592797501	1.04861613996953	0.294354824436962	1397	128	1269	0.750178954903364
rs7074221	C	-0.220236298943671	0.116167842144483	0.802329186021677	1.0087229329223	0.639242611249128	-1.89584565640596	0.0579804566332125	1397	128	1269	0.613457408732999
rs4573619	A	0.192348723142809	0.136353914199196	1.2120931281985	1.59139977349647	0.931633620759459	1.41065787713151	0.158345516998416	1397	128	1269	0.649606299212598
rs12245012	G	-0.147297351313194	0.170748503920862	0.863037313979958	1.21872488475117	0.622926577415522	-0.862656760854921	0.388326212469482	1397	128	1269	0.839298496778812
rs10904067	C	-0.118170025500176	0.143197897171428	0.88854496446855	1.18571024042709	0.675445137944873	-0.825221793297075	0.409245682817496	1397	128	1269	0.78740157480315
rs12246970	G	-0.128488452795334	0.171650383236706	0.879423717245437	1.24397104557843	0.63360287184259	-0.748547427465678	0.45413002908747	1397	128	1269	0.836793128131711
rs11252001	G	0.0147069037530215	0.139494555015103	1.01481558238381	1.34140472747339	0.775585492224173	0.105429948512536	0.916034653008224	1397	128	1269	0.711882605583393
rs4242758	G	-0.102495303634879	0.126689191978612	0.902582388599421	1.15777615586752	0.704089260231838	-0.809029578878222	0.418498132610206	1397	128	1269	0.548317823908375
rs4880624	T	-0.0885155615276291	0.411215734909722	0.915288867332176	2.30710142980584	0.44426340845509	-0.215253342742494	0.829569804022394	1397	128	1269	0.978525411596278
rs4881200	G	-0.187352665875665	0.390343647019195	0.829151271458028	1.96283472565036	0.413305581298217	-0.47996852851675	0.6312497714735	1397	128	1269	0.977093772369363
rs10904083	G	-0.262531357709929	0.125033459121884	0.769102246705277	0.983805189275552	0.602164890004763	-2.09968883172311	0.0357562226700435	1397	128	1269	0.619183965640659
rs10904086	T	-0.22387746890761	0.125582807177645	0.799413081326594	1.02176459995539	0.624073409302268	-1.78270795134338	0.0746338563275822	1397	128	1269	0.512884753042233
rs4242759	G	0.361786946538633	0.397022489457309	1.43589298739805	3.54496344947685	0.723558765924731	0.911250511358086	0.362163395267982	1397	128	1269	0.965640658554044
rs4881219	C	0.262758126601553	0.130397404477682	1.30051212162032	1.68455458259431	1.00961146030205	2.01505641660625	0.0438987381472056	1397	128	1269	0.559055118110236
rs11252090	G	-0.098482496501626	0.141623102756263	0.90621155434792	1.20410123681049	0.690292336856196	-0.695384401167351	0.486814433512807	1397	128	1269	0.760916249105225
