RSID	effectAllele	B	SE	OR	OR_u95	OR_l95	Z	P	N	Ncase	Ncont	AFREQ
rs3743872	G	0.716449705303128	0.951128548708259	2.04715229964865	34.0796738287369	0.515349901451422	0.753262749053373	0.45129203885649	1397	149	1248	0.992483894058697
rs41340949	T	0.0844517057103582	0.183574321884304	1.08812029296646	1.58629105302976	0.770345037846324	0.46004095149856	0.645486826587089	1397	149	1248	0.877236936292054
rs2541696	C	-0.652608296484275	0.223763679208688	0.520685900847602	0.823092733833858	0.340586062280892	-2.91650682001719	0.00353974984361966	1397	149	1248	0.952040085898354
rs11859712	G	0.618469411097471	0.462828012277131	1.85608496356197	5.63778418356675	0.863113793823814	1.33628344588431	0.181456645207515	1397	149	1248	0.972083035075161
rs798673	C	-0.464142645868595	0.250026693458166	0.628673870340417	1.06725395272906	0.395543450150649	-1.85637237148142	0.0634004999826249	1397	149	1248	0.969935576234789
rs8062274	C	0.137729524052313	0.383147261315903	1.14766509248687	2.68933261910104	0.583211977830643	0.3594688986665	0.719244340358652	1397	149	1248	0.973156764495347
rs8466	A	0.0905065416242641	0.155282806395439	1.09472866892185	1.50022212376667	0.814873343650114	0.5828497289892	0.559994464768845	1397	149	1248	0.819255547602004
rs216590	A	-0.459925963111802	0.121297433282747	0.631330385513831	0.801521650029635	0.497882945590117	-3.79172048958121	0.000149607239979133	1397	149	1248	0.681818181818182
rs2541593	A	-0.53162707298368	0.121256814918217	0.587648045138276	0.745485803219524	0.463160890654845	-4.38430675704487	1.16355717140294e-05	1397	149	1248	0.665354330708661
rs170058	C	-0.392699768839685	0.288747162486927	0.675231442676435	1.2459430198359	0.396420874402039	-1.360012564132	0.173825948013834	1397	149	1248	0.969935576234789
rs183360	C	12.5547573408608	537.597815132697	283440.4538789	NA	4.35590923264619e-14	0.0233534381789886	0.981368345815521	1397	149	1248	0.994631352899069
rs216596	G	-0.343859568198942	0.126837469698841	0.709028491206452	0.912598247656799	0.554575218799958	-2.71102513330952	0.00670755417694264	1397	149	1248	0.768432355046528
rs2541594	C	0.46405841573172	0.122799564911738	1.59051587887523	2.02897382574771	1.25301837603719	3.77899071601158	0.00015746529423603	1397	149	1248	0.506442376521117
rs11547280	A	11.1014803980668	451.499991118214	66269.192371406	NA	1.08722140564582e-26	0.0245879969356636	0.980383593464366	1397	149	1248	0.998926270579814
rs10266	C	-0.107274324629843	0.145873981300678	0.898279219073393	1.2067635389563	0.680160915385181	-0.735390394320748	0.462101770210294	1397	149	1248	0.831782390837509
rs1045001	G	-0.436389779286426	0.125490482505729	0.646365736852887	0.828363457766584	0.506117349189127	-3.47747311646925	0.000506163806208821	1397	149	1248	0.732283464566929
rs216600	C	-0.715086979344277	0.140345188049291	0.489149564037637	0.646601332560634	0.372524990665489	-5.09520126256932	3.48370959017781e-07	1397	149	1248	0.857193987115247
rs2562146	C	-0.539361230840098	0.121825708722088	0.583120612899142	0.738832047682964	0.458022592542384	-4.4273186382236	9.54117358666469e-06	1397	149	1248	0.523264137437366
rs3213511	G	-0.183200238383824	0.419031647485473	0.832601420281462	2.19500339832973	0.401167276532211	-0.437199050437295	0.661966998328872	1397	149	1248	0.986399427344309
rs216605	A	-0.109283897732922	0.12340893078225	0.896475873899551	1.14819193055425	0.70709435591441	-0.885542861770266	0.375863913090824	1397	149	1248	0.761632068718683
rs2157115	T	0.526711990891031	0.123337438277834	1.69335537723723	2.16315842668636	1.33306175184806	4.27049562764991	1.95039044961716e-05	1397	149	1248	0.505010737294202
rs2562147	G	-0.625367170910459	0.120742609258188	0.535064932169027	0.677921588856697	0.422031445475634	-5.1793412015241	2.22670868753848e-07	1397	149	1248	0.680386542591267
rs2288490	C	0.399438587133168	0.128122950373853	1.49098740311691	1.92353978425697	1.16333514968061	3.11761933336406	0.00182318120760469	1397	149	1248	0.575161059413028
rs6600227	A	0.46628847340506	0.125774572969155	1.59406677889981	2.04585143975727	1.24879915470956	3.7073349755631	0.000209451815788287	1397	149	1248	0.523979957050823
rs1366553	C	0.664761198673588	0.273097109448809	1.94402622986006	3.48450576037957	1.18452767909245	2.43415684631476	0.0149265255406989	1397	149	1248	0.912312097351467
rs2562148	A	-0.494332098426751	0.115469650812689	0.609978176657083	0.762976040090792	0.484893219939502	-4.28105649361181	1.86008125821931e-05	1397	149	1248	0.500715819613457
rs216606	G	0.000537271205393856	0.15560845481958	1.00053741556142	1.37176140393887	0.744134540274401	0.00345271216796539	0.997245139741835	1397	149	1248	0.832140300644238
rs216610	A	-0.0969161538386018	0.146545219988342	0.90763210441087	1.21963826712032	0.685736795975693	-0.661339577273907	0.508394565783064	1397	149	1248	0.816750178954903
rs216612	G	-0.0444027687391014	0.163888525031363	0.956568603943604	1.33408766775141	0.700467414149569	-0.270932749749284	0.786442756058153	1397	149	1248	0.851109520400859
rs216614	C	-0.0504931957840501	0.164202388089653	0.950760397829382	1.32675006179954	0.695759122831941	-0.307505855252734	0.758458366950128	1397	149	1248	0.851825340014316
rs9936565	C	0.0850358607772002	0.126191272559007	1.08875610963861	1.40453268828845	0.855405426944833	0.673864832747743	0.500397251939081	1397	149	1248	0.753400143163923
rs2562159	C	12.689975201129	445.91531334579	324478.708956396	NA	1.37635846312661e-12	0.0284582628614247	0.977296655946808	1397	149	1248	0.996778811739442
rs34456770	G	0.0539696805745174	0.174200237567394	1.05545260095347	1.50553418293341	0.758938769701093	0.309814046916198	0.756702368957422	1397	149	1248	0.859699355762348
rs3785288	T	-0.82283419322792	0.140376869556328	0.43918515334041	0.580046538871263	0.334148814356775	-5.86160808278852	4.58405944437945e-09	1397	149	1248	0.859341445955619
rs1013358	T	-0.463101290639456	0.114428398186265	0.629328884154558	0.785656979498434	0.501349396596104	-4.04708357348168	5.18597293376784e-05	1397	149	1248	0.497494631352899
rs3176376	C	11.1014804032558	451.499991166285	66269.1927152772	NA	1.08722140308261e-26	0.0245879969445386	0.980383593457287	1397	149	1248	0.998926270579814
rs710079	C	-0.00172643689920095	0.104924377032733	0.998275052535721	1.22931055467046	0.814198794433993	-0.0164541067388216	0.986872114642723	1397	149	1248	0.621331424481031
rs3176380	D	-0.0337030878603821	0.151289450373759	0.966858534060194	1.31256019013062	0.724319197763873	-0.222772227522269	0.823712784084857	1397	149	1248	0.82032927702219
rs710080	A	-0.0189267035943423	0.104441955570015	0.981251281799054	1.20701965040301	0.800956401211487	-0.181217437868197	0.856196907765236	1397	149	1248	0.619899785254116
rs3176383	A	0.165838802643194	0.818255190603469	1.18038281179729	15.9905466853098	0.352634087603924	0.202673694646394	0.839390085082662	1397	149	1248	0.995705082319256
rs2308315	C	13.1077654119551	548.842574139572	492754.034131248	NA	2.0874406322853e-13	0.0238825594616167	0.980946285849266	1397	149	1248	0.994631352899069
rs3176388	C	0.239785496897927	0.125648611966634	1.27097649267915	1.63659532571836	0.999065187723554	1.9083815821348	0.0563419155543557	1397	149	1248	0.697208303507516
rs3176398	G	-0.101718772099648	0.29467608962132	0.903283544486908	1.69990955882578	0.528477359105133	-0.345188414269932	0.729952728165783	1397	149	1248	0.963493199713672
rs3176399	G	14.3754894961437	418.737828449691	1750635.62833431	6.13962024139149e+59	0.00204221174362592	0.0343305250193579	0.972613583764762	1397	149	1248	0.988546886184681
rs3176406	A	0.125016944838463	0.123836736979632	1.133167654247	1.45615564356757	0.8949384871708	1.00953035333146	0.312720352158335	1397	149	1248	0.756621331424481
rs2541632	T	-0.465861278456494	0.10789903505225	0.627594338864395	0.774176522938016	0.506845103475686	-4.31756667917282	1.57758758143723e-05	1397	149	1248	0.551181102362205
rs2562182	A	-0.573548650052905	0.112927214354111	0.563522143420802	0.702137029677917	0.450720246410525	-5.07892321025829	3.79580082623775e-07	1397	149	1248	0.587329992841804
rs1061438	G	-0.637375160313189	0.116499591658613	0.528678300179875	0.663432647977451	0.419956675655417	-5.47105059544701	4.47375544158631e-08	1397	149	1248	0.609878310665712
rs3176430	C	0.237890342646093	0.980723054860535	1.26857007715962	21.7433460155023	0.284749510633125	0.242566279508869	0.80834140617079	1397	149	1248	0.995705082319256
rs769191	C	13.4885348426254	560.909438366889	721101.254513599	NA	6.52024609445829e-13	0.0240476161034085	0.980814627516065	1397	149	1248	0.994631352899069
rs769193	C	12.4233048308089	503.193354888485	248526.517927868	NA	3.55227665312016e-12	0.0246889286396917	0.980303086055936	1397	149	1248	0.993915533285612
rs2234949	G	13.3899331314348	576.939491340299	653392.390081201	NA	3.1738585081635e-14	0.0232085571059253	0.981483912863575	1397	149	1248	0.994989262705798
rs3176434	G	12.3608185036006	598.047693995072	233472.249592602	NA	1.17176791938662e-18	0.0206686166132135	0.983510003984462	1397	149	1248	0.995705082319256
rs2541622	G	-0.939742606184729	0.134095249251615	0.39072839348838	0.508721994022433	0.300434095338401	-7.00802311364073	2.41708884709328e-12	1397	149	1248	0.831066571224052
rs2239296	A	-0.545966007942091	0.117918250798714	0.579281922030756	0.730343678297999	0.459723341225276	-4.63003821922405	3.65598245753048e-06	1397	149	1248	0.690408017179671
rs2562181	C	-0.205776171698576	0.141069665053068	0.814015255545705	1.08241419311508	0.621700441019094	-1.45868476841684	0.144651890248111	1397	149	1248	0.837866857551897
rs11558704	C	12.1046088929857	429.769991222889	180702.785765918	NA	2.27885443076334e-13	0.0281653189850287	0.97753029768472	1397	149	1248	0.996778811739442
rs6600233	C	0.4019086403216	0.162700907416699	1.49467477343152	2.08314781457709	1.09896916378374	2.47022986351427	0.0135026257441061	1397	149	1248	0.793843951324266
rs2562178	T	-0.48298364461541	0.165436427726797	0.616939913580588	0.863448209353417	0.45021869025832	-2.91945160598495	0.00350647833493289	1397	149	1248	0.912670007158196
rs7185192	G	0.879802425840922	1.0283051514363	2.41042342198739	43.4138997893093	0.497047186160427	0.855584963871908	0.392227389815955	1397	149	1248	0.992483894058697
rs17525396	A	0.484093524113613	0.955342925603581	1.62270340045297	27.0925358718833	0.39701821427866	0.506722257672831	0.612349711113575	1397	149	1248	0.994273443092341
rs12927713	G	0.342673919556229	0.146367562870276	1.40870933446044	1.89197162828109	1.06480216234005	2.34118757487228	0.0192225067929878	1397	149	1248	0.733357193987115
rs2541615	A	-0.482646116717123	0.196830772715473	0.617148183159407	0.923445532022696	0.425166160014697	-2.45208668369558	0.0142030442253807	1397	149	1248	0.934860415175376
rs28526632	G	-0.102433372704266	0.250113252285262	0.902638288097638	1.52442269932481	0.567961922302195	-0.409547961846648	0.682137576874513	1397	149	1248	0.94488188976378
rs798613	C	-0.341234574384916	0.154273754829762	0.710892131561908	0.97161063626873	0.529666641389572	-2.21187702834784	0.0269751628973151	1397	149	1248	0.878668575518969
rs798612	G	-0.826586585633634	0.138029946285816	0.437540246404546	0.57520235191657	0.334428444977121	-5.9884583590436	2.1183935824551e-09	1397	149	1248	0.860057265569077
rs2238367	C	0.332184003853771	0.327026811704059	1.39400932800373	2.86720621387828	0.7813226856158	1.01576993679154	0.309738955233306	1397	149	1248	0.957408732999284
rs216091	G	-0.825473342764963	0.133922762374471	0.438027606188181	0.571022177146831	0.337418891163392	-6.16380164304553	7.10188967494457e-10	1397	149	1248	0.851467430207588
rs183350	A	-0.620864537427068	0.122409059600681	0.53747956547332	0.683750738498891	0.422862282896275	-5.07204727699431	3.93558578419064e-07	1397	149	1248	0.722619899785254
rs2541613	A	-0.603627943779727	0.112998735196371	0.546824185691677	0.681916246705473	0.437619647863085	-5.34190000207285	9.19773920167744e-08	1397	149	1248	0.637795275590551
rs17145202	A	-0.463443091271427	0.273562629008022	0.629113815901562	1.12188126578157	0.378976160906678	-1.69410234487049	0.0902458368361123	1397	149	1248	0.970293486041518
rs11248850	G	0.394205626921124	0.15003328468419	1.48320550430138	2.00743600064647	1.11362479837522	2.62745448618886	0.00860263492524945	1397	149	1248	0.736936292054402
rs177510	C	-0.200529742351469	0.18984002499429	0.818297151582304	1.21027377257383	0.572911191248732	-1.05630908106707	0.290827028457858	1397	149	1248	0.916607015032212
rs11865131	G	0.353920946324487	0.146687537022013	1.42464255879757	1.91454160975691	1.07616185832853	2.41275403152603	0.0158325001201321	1397	149	1248	0.731567644953472
rs216093	G	-0.789898284471888	0.132942198447001	0.453890960693219	0.590729305438823	0.350409129798125	-5.94166708313307	2.82137964151392e-09	1397	149	1248	0.85075161059413
rs28478927	A	0.110108587771536	0.243510044747	1.11639929118838	1.8647427333181	0.713070882813025	0.452172672736913	0.651144593194913	1397	149	1248	0.933070866141732
rs13336641	C	-0.107284216539305	0.307812898843284	0.898270333420634	1.74387254963054	0.514013824142047	-0.348537104658264	0.727436853079337	1397	149	1248	0.96671438797423
rs13338136	C	0.463792240659693	0.467677044025459	1.59009257953498	4.56801866821592	0.702285228845754	0.991693405918905	0.321347108707045	1397	149	1248	0.974588403722262
rs170026	A	6.7235739487582	257.280369704533	831.784962397533	NA	2.8469122467896e-07	0.0261332567132102	0.979151051093593	1397	149	1248	0.994273443092341
rs2238368	C	0.315003800217127	0.150278573932391	1.37026451824979	1.85479056637206	1.02796941044666	2.09613248232475	0.0360704402655205	1397	149	1248	0.748031496062992
rs2541612	A	-0.143053542165441	0.151616193500211	0.866707662248102	1.18052325476371	0.650230969919781	-0.943524163632577	0.345412861674824	1397	149	1248	0.865425912670007
rs13331107	A	-0.0283280481188076	0.18999939319422	0.97206942894311	1.43910675250853	0.680981563114901	-0.14909546626736	0.881478303300992	1397	149	1248	0.901932712956335
rs2562164	A	0.451353582848583	0.137688392676166	1.57043646333436	2.07306519451353	1.20713698300866	3.27808012045094	0.00104515725621527	1397	149	1248	0.688260558339298
rs9926112	A	-0.138689428975387	0.322725296983756	0.870498338041686	1.75103820882491	0.485613887736754	-0.42974452350529	0.667381491948418	1397	149	1248	0.970651395848246
rs7197554	A	0.0820569041661409	0.257788111197655	1.08551757854472	1.87357484994309	0.67658403281114	0.31831143719124	0.750248709533589	1397	149	1248	0.94201861130995
rs7203560	T	-0.00165644793664717	0.24346382579204	0.998344923216051	1.69007986771505	0.64304853369007	-0.00680367168000584	0.994571497290636	1397	149	1248	0.95311381531854
rs2857998	G	-0.292877226241539	0.118367502687317	0.746113738262103	0.941749531450803	0.591770749384894	-2.47430434530001	0.0133495919590768	1397	149	1248	0.625984251968504
rs2562189	T	-0.261434418320882	0.118715912198234	0.769946368144278	0.972361914654325	0.610179240873482	-2.20218514502364	0.0276522329430281	1397	149	1248	0.608446671438797
rs2562188	G	-0.251332956236765	0.118504052983753	0.777763367278942	0.982071088921494	0.616778101246292	-2.12088067799017	0.0339318450690478	1397	149	1248	0.619541875447387
rs2541605	T	-0.263719393197686	0.119176421136032	0.768189068493945	0.970736243862963	0.608067007205372	-2.21284873873388	0.0269080757929857	1397	149	1248	0.591982820329277
rs2562185	G	0.420985366235607	0.139567888261446	1.52346198426189	2.01823589912829	1.16660531843467	3.01634832682282	0.00255839175550311	1397	149	1248	0.697566213314245
rs2858944	G	0.0667551430708286	0.149383232980456	1.06903368581958	1.4454504087901	0.80371039738363	0.446871725420231	0.654967679971298	1397	149	1248	0.798496778811739
rs2541603	T	-0.260690974710346	0.389746657010376	0.770518992682783	1.97152079051617	0.3932194802707	-0.668872894792799	0.503576561975342	1397	149	1248	0.991410164638511
rs7202152	A	-0.371718541559602	0.121886424467233	0.689548294401694	0.874695166931415	0.5421290205533	-3.04971241206219	0.00229060590658161	1397	149	1248	0.531496062992126
rs8060266	C	0.836495921458406	0.730678273001784	2.30826444920043	14.2794052930977	0.697717228544212	1.14482112355948	0.252283263178713	1397	149	1248	0.985683607730852
rs12923613	G	0.254260102533209	0.142158197466176	1.289507164732	1.71798461926093	0.982889518423614	1.78857151444752	0.0736838488167498	1397	149	1248	0.746599856836077
rs8051004	T	0.301585806966485	0.231431894358361	1.35200112127587	2.18613764308474	0.87857591086597	1.30312983784117	0.192530438471201	1397	149	1248	0.905153901216893
rs6600143	A	-0.629610007142966	0.127228775545058	0.532799548512393	0.685814177724841	0.416089521919758	-4.94864471064559	7.47320180188983e-07	1397	149	1248	0.817108088761632
rs2461286	G	-0.442451661953572	0.127341666167991	0.642459395449642	0.827899191238323	0.5020725692043	-3.47452389518671	0.000511760781358825	1397	149	1248	0.798138869005011
rs2541638	C	-0.461478592583161	0.127297924586707	0.630350923918349	0.812279006322078	0.492674885098393	-3.62518551721426	0.000288754090424309	1397	149	1248	0.804581245526127
rs3785309	C	0.227027875791565	0.201124159328748	1.25486484780367	1.89677000542964	0.859774589860284	1.12879465375652	0.258984468479767	1397	149	1248	0.879026485325698
rs2541677	G	0.163111131325553	0.124177241202977	1.17716750260459	1.50904668101952	0.92663541276991	1.31353482929239	0.189002792627515	1397	149	1248	0.674659985683608
rs2858937	A	-0.478563200500455	0.249589054697006	0.619673098485812	1.04798018420527	0.389596415525071	-1.91740459565191	0.0551865508514394	1397	149	1248	0.967430207587688
rs2541675	G	-0.404071205364653	0.122589301302615	0.667596583118321	0.85181523758771	0.526345716854458	-3.29613759986438	0.000980239915617644	1397	149	1248	0.771295633500358
rs2541673	T	-0.325755379129819	0.258558627696947	0.721981777642712	1.25362030070956	0.449147686416399	-1.25988980538539	0.207709116863964	1397	149	1248	0.967072297780959
rs2974771	C	-0.249728702400747	0.120691627420359	0.779012098517539	0.986555438054375	0.614328520637267	-2.06914686410651	0.0385323071728557	1397	149	1248	0.537580529706514
rs2541670	A	-0.647482157625816	0.612263678559435	0.523361861891183	2.47270283848257	0.167764123138457	-1.05752175132983	0.290273532974553	1397	149	1248	0.997494631352899
rs3209669	C	-0.155166066628873	0.572320793132296	0.856272967310682	3.39300226847929	0.322719762055488	-0.271117297310925	0.786300818308141	1397	149	1248	0.991410164638511
rs4021971	G	-0.260188359087327	0.474346697414037	0.770906364907849	2.3536191649281	0.338069345503087	-0.548519385727313	0.583335321944977	1397	149	1248	0.989978525411596
rs4021969	C	-0.182810669574656	0.623388379322969	0.83292583901288	3.55688568092677	0.282808146998747	-0.293253252127024	0.769328582974941	1397	149	1248	0.991410164638511
rs4021966	C	-0.124844012587542	0.595765300017541	0.88263457172998	3.62701132671996	0.318048832731204	-0.209552339795329	0.834017080964439	1397	149	1248	0.991052254831782
rs4021965	T	-0.107089982267126	0.258450025401466	0.898444825250665	1.56403308563889	0.561315673673248	-0.414354698169506	0.67861436078754	1397	149	1248	0.958124552612742
rs34849179	T	-0.165379934894287	0.254602332737084	0.847571620872287	1.4697388691113	0.534231566405765	-0.649561742488303	0.515975352053456	1397	149	1248	0.96420901932713
rs35723200	A	-0.0276150276311015	0.822044393001192	0.97276278151934	13.0568702483941	0.276492319353174	-0.033593109893107	0.973201616677716	1397	149	1248	0.996778811739442
rs3760046	A	-1.27766551297048	0.29806488634043	0.278687133142694	0.510634079096139	0.157486576999361	-4.28653481682246	1.81481769918746e-05	1397	149	1248	0.979241231209735
rs8061637	G	0.266800987460221	0.4624844334818	1.30578055376617	3.72378097451803	0.583030299003171	0.576886416374316	0.564016187325554	1397	149	1248	0.978525411596278
rs3929997	C	-0.168922585768689	0.287455292274166	0.844574282924246	1.55812444152491	0.499005906467692	-0.58764820237707	0.556768449657947	1397	149	1248	0.962777380100215
rs9925848	G	0.183737822388101	0.228801341613646	1.20170072276627	1.94905749758862	0.789634385425026	0.803045214211902	0.421948601601681	1397	149	1248	0.923407301360057
rs9936930	C	-0.121142637800328	0.32084363595919	0.885907586670855	1.79538635683021	0.499154434970462	-0.377575317765495	0.705746103253718	1397	149	1248	0.973514674302076
