RSID	effectAllele	B	SE	OR	OR_u95	OR_l95	Z	P	N	Ncase	Ncont	AFREQ
rs2185539	C	-0.499226296799315	0.30644187262766	0.607000116011869	1.16246585484582	0.344527981767449	-1.62910601125942	0.103290578904672	1397	143	1254	0.973514674302076
rs11510103	A	-0.222459060539065	0.227610178022262	0.800547780073932	1.31640559840676	0.530941833515763	-0.977368685671462	0.328386659977966	1397	143	1254	0.971009305654975
rs11240767	C	-0.609035951796244	0.189212549291342	0.543874938077142	0.800041403964379	0.379549684593038	-3.21879259106898	0.00128731562018623	1397	143	1254	0.936649964209019
rs3131972	G	-0.493262883175343	0.115932086931504	0.610630723420899	0.765777132513711	0.485802640702245	-4.25475721373651	2.09275966329058e-05	1397	143	1254	0.594130279169649
rs3131969	G	-0.451857565946004	0.112499867013092	0.636444814684569	0.792975394570572	0.509869012855622	-4.01651644524541	5.90647440551137e-05	1397	143	1254	0.596993557623479
rs1048488	T	-0.566845957371555	0.118457813515845	0.567311945919618	0.715924965246209	0.449683040299983	-4.78521374443346	1.70805462915546e-06	1397	143	1254	0.688260558339298
rs12562034	G	0.253397454687565	0.14359159288969	1.28839525381713	1.72517298400788	0.981102819418541	1.76470954592886	0.0776125934207405	1397	143	1254	0.767716535433071
rs12124819	A	0.889045153592705	0.347568391922905	2.4328055862302	5.27245938835676	1.32313433672885	2.55789989611572	0.0105306401369094	1397	143	1254	0.929849677881174
rs4040617	A	-0.520858868782623	0.121694777281524	0.594010152043853	0.755396370863253	0.468449620925445	-4.28004291077907	1.86857282383495e-05	1397	143	1254	0.737294201861131
rs2905036	T	-0.869016737945567	0.271417951701753	0.419363690997127	0.733460791127501	0.250630731093254	-3.20176588356426	0.00136587958120847	1397	143	1254	0.97244094488189
rs4245756	C	-0.561021625244021	0.317054206809377	0.570625800238718	1.11352753323541	0.316963828500197	-1.7694817264523	0.076813517644574	1397	143	1254	0.974230493915533
rs12086311	G	-0.355763212552038	0.256135686224922	0.700638502998068	1.21060505185148	0.437812045703467	-1.38896386440907	0.164843738572893	1397	143	1254	0.967072297780959
rs4970383	C	0.00251984654869678	0.133349471116423	1.00252302403037	1.30610015383269	0.773804027757983	0.0188965620005855	0.984923622178456	1397	143	1254	0.66034359341446
rs4475691	C	-0.423627249457721	0.128398315725597	0.654667864235168	0.844195178859776	0.509909017733344	-3.29932092227024	0.000969190424332907	1397	143	1254	0.741947029348604
rs1806509	C	0.358776371496782	0.124481234533719	1.43157662443486	1.831642795938	1.12368878478578	2.88217234381298	0.00394943651099368	1397	143	1254	0.514674302075877
rs7537756	A	-0.183455439986446	0.146534817018937	0.832388966175128	1.11601588902312	0.627635586324353	-1.25195802416526	0.210585159743783	1397	143	1254	0.790980672870437
rs6694982	A	0.761505296927935	0.721905651933417	2.14149738491882	13.1140910940479	0.663955412810518	1.05485432187497	0.291491955920111	1397	143	1254	0.985683607730852
rs13302982	G	-0.374576747309452	0.11130034448603	0.687580237397568	0.855224399887314	0.552484698220169	-3.36545901128338	0.000764164198296096	1397	143	1254	0.608088761632069
rs4040604	T	-0.392413173562758	0.110260212292756	0.675424988552081	0.838188694142057	0.543692256919383	-3.55897349916981	0.000372307092033844	1397	143	1254	0.601646385110952
rs2340587	G	0.545267217279921	0.122933795921182	1.72506928911568	2.20525399486135	1.3609325514743	4.43545416615553	9.18783791578159e-06	1397	143	1254	0.543664996420902
rs28576697	T	0.260538194274857	0.182824965133223	1.2976282748769	1.88951398884897	0.920471719001365	1.42506902208353	0.154137250219742	1397	143	1254	0.851109520400859
rs1110052	G	0.439535795131986	0.121309652400288	1.55198661152948	1.97640037252676	1.22753279884442	3.623254921889	0.000290918847446084	1397	143	1254	0.549391553328561
rs7523549	C	-0.387860078452452	0.147982899014729	0.678507274410351	0.914691258997926	0.511202756871695	-2.62097905254477	0.00876776491194676	1397	143	1254	0.866141732283465
rs3748592	G	-0.191170315590544	0.219196875364829	0.825991896872874	1.29397825339018	0.546037403381817	-0.872139784257245	0.383132124615446	1397	143	1254	0.918754473872584
rs3748593	C	-0.352630648759441	0.167041706199061	0.702836739064014	0.986098557278335	0.511203452727292	-2.11103356630719	0.0347694268316021	1397	143	1254	0.885826771653543
rs2272756	G	0.249016347119588	0.203649201275369	1.28276300237862	1.95868589972415	0.878267948177064	1.22277104727199	0.221416183778703	1397	143	1254	0.885826771653543
rs2340582	G	-0.207740566937229	0.219178054687141	0.812417777406448	1.27264217593822	0.5370623858456	-0.947816455592517	0.343222901747494	1397	143	1254	0.91982820329277
rs4246503	G	-0.234055602357826	0.210107970967742	0.791317815536	1.21625420908277	0.531958156317189	-1.11397773858737	0.265288737002902	1397	143	1254	0.915891195418755
rs3748594	G	-0.456694086147571	0.151467891616365	0.63337406833044	0.859372814262122	0.473757388643466	-3.01512143117617	0.00256876389294034	1397	143	1254	0.872226198997853
rs17160698	T	-0.346286355568547	0.239395802008836	0.707309915971073	1.16655052522529	0.45302666390432	-1.44650136996039	0.148036628044825	1397	143	1254	0.952040085898354
rs3748595	C	-0.372703063837057	0.179697397370852	0.688869752818935	0.990591145954892	0.488684890933896	-2.07405933135408	0.0380738009568959	1397	143	1254	0.889763779527559
rs13303106	A	0.621099765806341	0.126429208025897	1.86097355192807	2.40037517283551	1.46087779374366	4.91262877862147	8.98633214472563e-07	1397	143	1254	0.583035075161059
rs28415373	C	0.490501359420587	0.9957191423902	1.63313480225446	28.4932484577746	0.365146403347711	0.492610153344195	0.622288072481833	1397	143	1254	0.994273443092341
rs13303010	A	-0.576719971346702	0.109518846670827	0.561737864404281	0.694591962130267	0.451826715014325	-5.26594270189959	1.39471783508692e-07	1397	143	1254	0.555476020042949
rs3935066	A	-0.555546600941148	0.109768103802521	0.573758558501084	0.710095373002074	0.461473311276122	-5.06109317457652	4.16859424072584e-07	1397	143	1254	0.566571224051539
rs28499371	C	0.268782068992703	0.296072007195679	1.3083699755877	2.47216846611241	0.765847957475954	0.907826685604427	0.363969797046902	1397	143	1254	0.945955619183966
rs28570376	G	-0.613708581389452	0.360824897184732	0.541339540047453	1.18359006996298	0.278717897634389	-1.70084876675029	0.0889713892021325	1397	143	1254	0.984967788117394
rs6696281	C	-0.461419403336564	0.114372841254411	0.630388235018825	0.789690231137216	0.504018614673319	-4.03434415264883	5.47550170745975e-05	1397	143	1254	0.691123836793128
rs28391282	G	-0.181296560796091	0.168271595787681	0.834187934571489	1.17427401493464	0.605876529718562	-1.07740441841916	0.281299631060832	1397	143	1254	0.870794559770938
rs28695703	C	-0.637369849614642	0.166579410723343	0.528681107838411	0.740053490570206	0.38422152308233	-3.82622226148461	0.000130124810599863	1397	143	1254	0.912670007158196
rs28562326	G	-0.00109176529414343	0.214927567303261	0.998908830464756	1.55859142308963	0.668406934014742	-0.00507968944068937	0.99594701165165	1397	143	1254	0.912670007158196
rs34831709	G	-1.78019160882096	1.06613962892609	0.168605837807517	1.16959474883514	0.00850674758666378	-1.66975465550805	0.0949679151898529	1397	143	1254	0.998926270579814
rs28504611	C	-0.440786285860099	0.128919417331717	0.643530223385981	0.831832727252206	0.501337819706739	-3.4190837577704	0.000628323824171599	1397	143	1254	0.790980672870437
rs6694632	A	-0.42900178658108	0.115135639901816	0.651158765832062	0.814532304876523	0.518332171574043	-3.72605551979318	0.000194499580745914	1397	143	1254	0.522548317823908
rs13303118	G	0.573020832899345	0.121202762544797	1.77361676694764	2.26192520311894	1.40523731611213	4.72778689914395	2.26980218730757e-06	1397	143	1254	0.559055118110236
rs2341354	G	-0.442437104495658	0.114901630205301	0.642468748093328	0.803014815744991	0.511461948157628	-3.85057290923664	0.000117841842042522	1397	143	1254	0.510379384395132
rs6665000	A	-0.579825442317623	0.13497080435769	0.559996109657292	0.73318537460558	0.431412746824092	-4.29593233201019	1.73960645753144e-05	1397	143	1254	0.845025053686471
rs4970403	T	-0.569364406089646	0.131955627745163	0.565884997479106	0.736416225886474	0.438487996348022	-4.3148171534542	1.59735058666451e-05	1397	143	1254	0.840730136005727
rs2341362	C	-0.578462450882855	0.137247046476383	0.560759899959834	0.737634380240672	0.430154562456225	-4.21475336434575	2.50051297519074e-05	1397	143	1254	0.848604151753758
rs9777703	T	-0.576336542155215	0.136373729107822	0.561953292397509	0.737856748076668	0.431770598786952	-4.22615518344844	2.37718084626986e-05	1397	143	1254	0.846098783106657
rs9777939	G	-0.651293739270894	0.154840192426908	0.521370822340079	0.711388105456224	0.386974755812601	-4.20623178686848	2.59663921596007e-05	1397	143	1254	0.891195418754474
rs1891910	G	0.0829597707853525	0.189760599522161	1.08649809870381	1.60051234973971	0.758824434118524	0.437181221993685	0.661979926854736	1397	143	1254	0.869362920544023
rs9697457	G	0.0691767269799828	0.489323996265021	1.07162557756659	3.38577419891632	0.465639422143424	0.141372030613672	0.887576048670884	1397	143	1254	0.984967788117394
rs35940137	G	0.158958102412959	0.595466911665824	1.17228882957851	4.82679266105457	0.427640065129166	0.266946994532866	0.789509972687493	1397	143	1254	0.987831066571224
rs28360890	C	-0.803316100337074	0.452944177182059	0.447841411987073	1.24380110615723	0.188349938110788	-1.77354327708729	0.0761387273589855	1397	143	1254	0.995705082319256
rs3121567	C	-0.624983729161038	0.12590150557149	0.53527013774235	0.687611231470105	0.419325197153779	-4.96406874821809	6.9031489738116e-07	1397	143	1254	0.829634931997137
rs3128117	T	0.193208763598423	0.142580676570845	1.21313602572747	1.614897436341	0.922534909083071	1.3550837900704	0.175390862626777	1397	143	1254	0.724051539012169
rs2465126	A	-0.694463569095125	0.110737046242847	0.499342238762072	0.620846721951055	0.401944935375498	-6.27128492819073	3.58080659913276e-10	1397	143	1254	0.749105225483178
rs9697358	A	-0.655174493194863	0.221221469486209	0.519351431389495	0.817975438462841	0.341624081707704	-2.96162255280429	0.00306022679139842	1397	143	1254	0.953829634931997
rs2341365	A	-0.775423512956773	0.109534112725191	0.460508708289304	0.57070340016922	0.371240841783233	-7.07928784617286	1.44897138269477e-12	1397	143	1254	0.731209735146743
rs15842	C	-0.75717122921798	0.127133935601408	0.46899122102025	0.603463931994638	0.366237105162231	-5.95569723879132	2.58965361236397e-09	1397	143	1254	0.840014316392269
rs1126573	C	-0.305909525247017	0.57027604758794	0.736453246867599	3.38098069688932	0.282915473665434	-0.536423590892347	0.591665830832249	1397	143	1254	0.995705082319256
rs1891906	A	0.0828010530181723	0.134462247594911	1.08632566583598	1.4204702474098	0.837795984060467	0.615794057434051	0.538030449977734	1397	143	1254	0.690050107372942
rs28555183	C	-0.275956836807701	0.210506407672922	0.758845684256558	1.18849605146868	0.515691047000244	-1.31091893999005	0.189885151228861	1397	143	1254	0.959198282032928
rs6657048	C	-0.610674221604781	0.215678234315541	0.542984653648642	0.846484834822181	0.361253245742477	-2.8314133020551	0.00463427952560275	1397	143	1254	0.95311381531854
rs2710888	C	0.186258588214807	0.149085183587656	1.20473375005186	1.6268002977593	0.905770836884919	1.24934338699925	0.211539505305787	1397	143	1254	0.759484609878311
rs28736676	G	-0.432318746122138	0.827132443865052	0.649002476689911	8.26988601210551	0.157438262308885	-0.522671730904406	0.601202713822627	1397	143	1254	0.998210450966357
rs2710875	T	-0.592684886112164	0.1062148951075	0.552840975284782	0.681135244638059	0.448878005458342	-5.58005433712763	2.40443459073346e-08	1397	143	1254	0.711882605583393
rs9331225	C	-0.568764946936471	0.263922560669753	0.566224324116557	0.978119624175549	0.34503568785776	-2.15504481880262	0.0311583271672996	1397	143	1254	0.960987831066571
rs3128097	A	-0.546368769497209	0.140481708324501	0.579048656521331	0.766902706744919	0.441560522851714	-3.88925203155378	0.000100553651337001	1397	143	1254	0.850393700787402
rs17160776	C	-0.512317047762578	0.201193859318711	0.599105812574088	0.903824015809612	0.409132111420661	-2.54638511084484	0.0108845034055332	1397	143	1254	0.932712956335004
rs9803031	T	-0.577253191627146	0.105645334140067	0.561438414226237	0.690852138606176	0.456301670986659	-5.46406707239726	4.65347575508364e-08	1397	143	1254	0.700071581961346
rs13303287	G	-0.527081452558057	0.161985974880117	0.590325350492265	0.81820908201078	0.432727498187588	-3.25387091659102	0.00113843996955428	1397	143	1254	0.88940586972083
rs9778201	G	-0.458361488285123	0.179202195185732	0.632318859028635	0.91280422165152	0.450518999808875	-2.55778947244514	0.0105339844069776	1397	143	1254	0.926628489620616
rs2465136	T	-0.297162315527628	0.118817004929077	0.742923414568734	0.938093308966926	0.588425049274375	-2.50100830015878	0.0123840275949868	1397	143	1254	0.597351467430208
rs13129	C	-0.729589524177845	0.198744302055176	0.482106842683188	0.722052603839505	0.329905981073033	-3.67099593112004	0.000241607186948689	1397	143	1254	0.943450250536865
rs2488991	T	-0.507779074470747	0.105818689621326	0.601830716845727	0.741035148191125	0.489110614420568	-4.79857647347405	1.59797294767425e-06	1397	143	1254	0.692913385826772
rs7526076	G	-0.149743324378907	0.147134049321684	0.860928927534655	1.15663022949384	0.64889614709574	-1.01773399882116	0.308804385315516	1397	143	1254	0.799570508231926
rs3934834	C	-0.313079057473131	0.133466687350779	0.731192104083693	0.953805147998795	0.564710773013927	-2.34574682033048	0.0189890012760914	1397	143	1254	0.767716535433071
rs3766192	C	0.534360792753155	0.119738993185139	1.70635717770948	2.16815978586429	1.35484147665997	4.46271326105885	8.09283174168824e-06	1397	143	1254	0.545096635647817
rs6667248	A	-0.617882025409152	0.179160260741837	0.539084997657042	0.774783595945409	0.382754504619135	-3.44876716996688	0.000563152053717956	1397	143	1254	0.91982820329277
rs3766191	C	-0.0417750065140902	0.168862337353742	0.959085544298755	1.3493626726283	0.694895178128685	-0.247390905330047	0.804605711980818	1397	143	1254	0.840730136005727
rs9442372	G	-0.300704769826874	0.121474323802598	0.740296298291763	0.939443595821291	0.583171675434382	-2.475459507933	0.0133064849728336	1397	143	1254	0.584824624194703
rs10907177	A	-0.427023946435222	0.148873434712072	0.652447928238783	0.878352417510363	0.489409772882534	-2.86836900929374	0.00412594007716745	1397	143	1254	0.827487473156765
rs3737728	G	-0.0452919942334979	0.150005185623925	0.955718376831675	1.29144584221355	0.716448871675587	-0.30193619003978	0.762700706809881	1397	143	1254	0.786685755189692
rs9442398	G	-0.200170372468213	0.123583047486461	0.818591275780661	1.04559423565478	0.643651243845016	-1.61972355059574	0.105291674898349	1397	143	1254	0.677523264137437
rs6689308	A	-0.429093865064525	0.117308329488859	0.651098810880745	0.819953780928538	0.517358711138358	-3.65782947327093	0.000254360179962065	1397	143	1254	0.654974946313529
rs6687776	C	-0.363640234329326	0.118473589359947	0.695141237715375	0.877932105342611	0.551404815916683	-3.06937804698827	0.0021450496240571	1397	143	1254	0.664638511095204
rs6678318	G	-0.307058207232193	0.118354243628579	0.735607781968111	0.9290883689751	0.583803704626243	-2.59439964143413	0.0094756272781606	1397	143	1254	0.661775232641374
rs9651273	G	-0.0534777916485964	0.18558905547545	0.947926992665799	1.39031620919891	0.669424132520161	-0.288151645104259	0.773230661203599	1397	143	1254	0.896921975662133
rs11260595	C	0.172058532217019	0.315733311441502	1.18774735266513	2.36544281127535	0.675070244175582	0.544948936276233	0.58578863809035	1397	143	1254	0.95848246241947
rs6671356	T	-0.300034349939998	0.121649774073177	0.740792774057335	0.942110951750245	0.584370924932542	-2.46637819285646	0.0136487141090138	1397	143	1254	0.680386542591267
rs6604968	A	-0.255374345085161	0.122367121330676	0.774626466068053	0.986877162376876	0.61040979931866	-2.0869522981999	0.0368924467243021	1397	143	1254	0.683607730851825
rs4970405	A	0.42171700974265	0.235910756783209	1.52457702318666	2.49813506335497	0.985826922153559	1.78761246622675	0.0738385528153315	1397	143	1254	0.898711524695777
rs12726255	A	-0.322736192621409	0.121275249955818	0.724164869207058	0.919866120807304	0.571426215456193	-2.66118761032433	0.00778655575029989	1397	143	1254	0.665354330708661
rs4970409	G	0.379497657875816	0.203741328492082	1.46155020675853	2.2257710236384	0.998339247482938	1.8626444653352	0.062512303997387	1397	143	1254	0.865425912670007
rs7548798	C	-0.173414846326221	0.139266566418758	0.840788744364081	1.11206108896649	0.643443417264271	-1.24520084601485	0.213057931716175	1397	143	1254	0.79563350035791
rs17160824	G	0.32459203247359	0.202311158445198	1.38346612158328	2.09847205957802	0.946680792704252	1.60441982028152	0.108621545015245	1397	143	1254	0.867573371510379
rs11807848	T	-0.0494268703309069	0.129452074933941	0.951774758564648	1.23067645211804	0.740324728706465	-0.381815975959669	0.702597867852982	1397	143	1254	0.671080887616321
rs12757754	A	0.0490470876777129	0.177274157520476	1.05026980434175	1.50565591311183	0.750002383450727	0.276673646986859	0.782030708888182	1397	143	1254	0.851109520400859
rs9442373	A	-0.177282966444772	0.122148634647618	0.837542754493219	1.06417678316993	0.658865019119386	-1.4513708397659	0.146676625083432	1397	143	1254	0.54151753758053
rs2298217	C	0.390010021123266	0.171097530653385	1.4769955949634	2.09824287298229	1.07061849405624	2.2794602565794	0.0226397199148163	1397	143	1254	0.813171080887616
rs12145826	G	1.32106079900276	0.711174191338665	3.74739450189551	22.6546054557836	1.20026934982239	1.85757696931617	0.0632291115741705	1397	143	1254	0.974588403722262
rs7520581	G	-0.542103456582171	0.306664401571315	0.581523755016783	1.11340588711075	0.32957046585052	-1.76774171962736	0.0771040920048497	1397	143	1254	0.974588403722262
rs9442380	C	0.455931468951126	0.185286820051618	1.57764222358536	2.31252486999865	1.11553157212052	2.46067944187347	0.0138674206188898	1397	143	1254	0.832498210450966
rs6686003	G	-0.67662499753478	0.146901220912459	0.508329714558808	0.682228777665224	0.382917380981806	-4.60598620850125	4.10515598100756e-06	1397	143	1254	0.885468861846815
rs7553429	A	-0.605580672024097	0.132233468581512	0.545757428541956	0.71060987320821	0.422647212549029	-4.57963236176325	4.65793940756114e-06	1397	143	1254	0.848962061560487
rs4970362	G	-0.237120893260919	0.12094447162451	0.788895910053357	1.00046962520763	0.62234179085978	-1.96057653628928	0.0499284417092895	1397	143	1254	0.587687902648533
rs9660710	C	0.202743231154776	0.161020385716205	1.22475794818572	1.69953794255704	0.902539759899424	1.25911529930196	0.207988689136415	1397	143	1254	0.809949892627058
rs4970420	A	0.112305374399816	0.114993587851473	1.11885447799649	1.40684252556318	0.895597099822103	0.976622927400707	0.328755864133162	1397	143	1254	0.62705798138869
rs4442317	T	-0.355509258788756	0.1334448300164	0.700816455377487	0.9123321348277	0.540296020010228	-2.66409166053916	0.00771965250065938	1397	143	1254	0.714030064423765
rs4970421	G	-0.349194732751719	0.132946392182202	0.705255780498337	0.919977234572795	0.54571521460002	-2.6265829934907	0.00862469573215251	1397	143	1254	0.801360057265569
rs11260542	A	-0.171003432255901	0.14884707140428	0.842818680697265	1.13788024967102	0.633952286207348	-1.14885318631122	0.250616523841741	1397	143	1254	0.826413743736578
rs9442387	C	0.433668247700907	0.151671718766062	1.54290692028316	2.10656529969732	1.16005292885123	2.85925584037059	0.00424636163221803	1397	143	1254	0.770579813886901
rs12092254	G	-0.204612865306346	0.158344099035973	0.814962755705497	1.12220374135055	0.602241812060349	-1.2922039188834	0.196286534914688	1397	143	1254	0.848604151753758
rs11811498	G	-0.48116979434682	0.273712679881431	0.618059965704878	1.10255512831224	0.372256572183727	-1.75793753711102	0.0787581379803245	1397	143	1254	0.96957766642806
rs1320565	C	-0.464060621589597	0.110481571303899	0.628725438976269	0.780705775179792	0.505965780160977	-4.20034414891799	2.66509569532418e-05	1397	143	1254	0.634216177523264
rs1320571	G	-0.391169314770549	0.130513222500983	0.676265644582879	0.876928149643653	0.525232564236019	-2.99716233554499	0.00272505559139901	1397	143	1254	0.780601288475304
rs3813204	G	0.764088788344288	0.183779999785865	2.14703707782425	3.14576733121422	1.5258622113995	4.15762753963752	3.21569751808804e-05	1397	143	1254	0.783464566929134
