RSID	effectAllele	B	SE	OR	OR_u95	OR_l95	Z	P	N	Ncase	Ncont	AFREQ
rs4819391	A	0.710390052002162	0.476902508484331	2.03478477575597	6.32806455355779	0.920452738781689	1.4895917705694	0.136331607146602	1397	145	1252	0.96957766642806
rs11089128	A	-0.138428918572469	0.226438866557327	0.870725141455511	1.38138986162096	0.566750443852617	-0.611330204381776	0.540980998791337	1397	145	1252	0.915891195418755
rs7288972	T	0.132229095927363	0.180225690607114	1.14136977248365	1.63920669615768	0.807469652908832	0.733686165839799	0.463140031890813	1397	145	1252	0.823550465282749
rs2032141	C	-0.235194816565222	0.554713536850881	0.790416848332735	3.52732592924744	0.315484951784209	-0.42399328832036	0.671570708078823	1397	145	1252	0.995347172512527
rs11912265	A	1.70746884899119	1.00230043845139	5.51498453753743	96.9377012380657	1.24410244485361	1.70354993721176	0.0884652010868278	1397	145	1252	0.981388690050107
rs4321465	C	-0.0768324258019956	1.06428057669747	0.926045021856888	17.2414395245995	0.168202693476772	-0.0721918895113274	0.942449199566166	1397	145	1252	0.996778811739442
rs11167319	T	-0.154076612852197	0.162230636179969	0.857206345472647	1.19099098516479	0.629389814551963	-0.949738079565154	0.342245355691497	1397	145	1252	0.857193987115247
rs8138488	T	0.147043649079559	0.126713407137947	1.15840452521763	1.48989508272923	0.905958849159092	1.16044270610985	0.245868607787198	1397	145	1252	0.619541875447387
rs2186521	G	0.368315045696895	0.212886295913728	1.44529730195151	2.24801075670453	0.972229552251002	1.73010218490604	0.0836120199493772	1397	145	1252	0.881531853972799
rs2027649	A	0.105297278660668	0.150260634292393	1.11104085000251	1.50435695025115	0.833617464045016	0.700764236465086	0.483450160447282	1397	145	1252	0.783464566929134
rs4911642	T	-0.0761230427566173	0.134266757720004	0.926702175553938	1.21277508221046	0.715724791023609	-0.566953757201483	0.570745599679212	1397	145	1252	0.759126700071582
rs6010348	A	-0.271718760124154	0.270309442608452	0.762068555020226	1.35441821128734	0.463972807531476	-1.00521371914389	0.314793950493871	1397	145	1252	0.963135289906943
rs3016104	A	0.0107271498699488	0.225458722803899	1.010784892027	1.61665662255406	0.664671285865857	0.0475792186549339	0.962051594379949	1397	145	1252	0.923407301360057
rs140378	C	-0.188353353910316	0.165453251665869	0.828321964709638	1.1598149044629	0.605033510635722	-1.13840829366529	0.254950032506623	1397	145	1252	0.874015748031496
rs7287144	A	0.0657351194780885	0.162676998639796	1.06794380218662	1.48700264775509	0.784418719663087	0.404083675182875	0.686151189095329	1397	145	1252	0.836077308518253
rs5748616	C	0.0141423642219119	0.136679219154859	1.01424284055369	1.33410640249533	0.779911775858162	0.103471210249514	0.917588997720731	1397	145	1252	0.749105225483178
rs5994019	C	0.559214831597463	0.340495149980716	1.74929846706001	3.74326339861975	0.964645318509457	1.64235770062844	0.100515895647247	1397	145	1252	0.949534717251253
rs4276106	C	15.7392540467431	561.829105550686	6846540.50393624	8.77003516538608e+98	0.0352163752775136	0.0280143087840136	0.977650738866831	1397	145	1252	0.959198282032928
rs2027653	T	0.0790536819995886	0.133668407275492	1.08226241852164	1.41236431354494	0.835659363665357	0.591416353429408	0.554241485733876	1397	145	1252	0.681102362204724
rs4384884	C	15.2279467967101	442.280216584044	4105946.29448336	9.54646804677388e+75	0.327499105431777	0.0344305402451037	0.97253383030939	1397	145	1252	0.973156764495347
rs9680776	C	0.328948103888529	0.131793550001633	1.3895057437715	1.805992193847	1.07659528722915	2.49593476983095	0.0125625700534961	1397	145	1252	0.604151753758053
rs12172182	G	14.9042809512714	398.678769136369	2970619.13278665	2.16668987850249e+69	1.36616398195051	0.0373841852265109	0.970178682217469	1397	145	1252	0.969219756621331
rs5747620	T	0.378872139201657	0.130886833905499	1.46063626568438	1.89507137866309	1.13372835487137	2.89465432004569	0.00379576281341039	1397	145	1252	0.588761632068719
rs11089239	G	1.32008137355167	0.711067904726159	3.74372600514788	22.6295897812997	1.19944906821289	1.85647722921772	0.0633855657410621	1397	145	1252	0.974946313528991
rs17430900	G	-0.214741542701018	0.337838892578853	0.806749923640348	1.75885703758704	0.446703895941563	-0.63563298192761	0.525015667101525	1397	145	1252	0.984967788117394
rs9605903	T	-0.657281632975793	0.135164116624818	0.518258237488794	0.67775902155298	0.398557541016689	-4.86284118439691	1.15712687273199e-06	1397	145	1252	0.827129563350036
rs3729688	T	0.501939142587781	0.134186613261375	1.651921478158	2.15961826132517	1.27531461676551	3.74060519442487	0.000183577692254528	1397	145	1252	0.602362204724409
rs5746647	T	0.272068617668755	0.211528596704667	1.31267707106133	2.03658047025083	0.885374604895404	1.28620253671239	0.198372385995353	1397	145	1252	0.890479599141016
rs16980739	C	-0.194680371186033	0.165456342048535	0.823097701757798	1.15043525037034	0.600327649973582	-1.17662682962569	0.239344484279899	1397	145	1252	0.861130994989263
rs7510629	A	-0.410495626792646	0.252821181007401	0.663321408789428	1.14106288947828	0.417097279741011	-1.62365995268659	0.104448402495229	1397	145	1252	0.973156764495347
rs9605923	T	-0.671076803903495	0.133564405334257	0.511157864550824	0.665962124194172	0.394115207164043	-5.0243685974872	5.05091481173585e-07	1397	145	1252	0.812813171080888
rs9605927	T	-0.0537139039309019	0.266267006777248	0.947703201881018	1.65958253849819	0.579818828628227	-0.201729476667147	0.840128217267505	1397	145	1252	0.94738725841088
rs5747968	T	-0.600670151585933	0.128196712766578	0.548443972314712	0.706575647609736	0.427109817154408	-4.68553474284195	2.79229924813654e-06	1397	145	1252	0.771295633500358
rs2236639	G	-0.812826042831329	0.136919769274461	0.443602653035184	0.581827832797039	0.339770292837487	-5.93651338399489	2.91147158546289e-09	1397	145	1252	0.850035790980673
rs5746664	C	-0.801227047586018	0.133889345045706	0.448777954223289	0.584809516717489	0.345632017543514	-5.9842480169912	2.173918498698e-09	1397	145	1252	0.832140300644238
rs5747999	A	-0.519024281149761	0.122926524647257	0.595100915967657	0.755773883136482	0.466499264293387	-4.22223179772734	2.41895152292339e-05	1397	145	1252	0.529706513958482
rs5746679	G	-0.664841357836583	0.129521409771215	0.514355119643445	0.66470925902972	0.399682281803487	-5.1330614684549	2.85066754163645e-07	1397	145	1252	0.805297065139585
rs2070501	A	0.420717224899064	0.122357244429657	1.52305353589265	1.94051795527008	1.20044893472196	3.43843330944687	0.000585090636715235	1397	145	1252	0.493199713672155
rs11089263	C	0.408558947754243	0.124002282257686	1.5046479457611	1.92383694609307	1.1824727807487	3.29476958258902	0.000985024121046516	1397	145	1252	0.515390121689334
rs2096537	C	0.0573213473788588	0.140199656799783	1.05899606133173	1.40171541379148	0.808279487456881	0.408855119101458	0.682645987142033	1397	145	1252	0.731209735146743
rs16984366	T	-0.00738682515344738	0.158641840987075	0.992640390386102	1.3702894660422	0.73442468329472	-0.0465629061506492	0.962861596549206	1397	145	1252	0.838940586972083
rs2154615	C	0.17165755862623	0.239410788110427	1.18727119281433	1.96289654024746	0.763229408547295	0.717000098370896	0.473374035961526	1397	145	1252	0.923407301360057
rs8137637	T	-0.0179451064007197	0.158737421037975	0.982214948192243	1.35611346413647	0.726552665287116	-0.113048998045815	0.909991709343302	1397	145	1252	0.840372226198998
rs9604967	C	1.27385779377734	0.447809876861057	3.574616128643	9.97946537480277	1.66053448986988	2.8446397893376	0.00444616716627896	1397	145	1252	0.93915533285612
rs5993671	T	0.0571833069887761	0.139436588007986	1.05884988719153	1.39996451179004	0.809651594232219	0.410102597931476	0.681730687047971	1397	145	1252	0.738010021474588
rs4428101	C	-0.0815543787790476	0.143978365711443	0.921682588517298	1.23372590493221	0.700532258909148	-0.566434952751833	0.57109813979625	1397	145	1252	0.823550465282749
rs5993792	T	0.165303949827387	0.173177361816706	1.17975164953118	1.68317801880884	0.851680864187328	0.954535558766324	0.339812618815251	1397	145	1252	0.852183249821045
rs5992472	A	0.133621707680718	0.131334472298823	1.1429603647254	1.48539181249563	0.886904143640519	1.01741534680012	0.308955884342804	1397	145	1252	0.676091624910523
rs5993847	A	13.419935330284	420.137087754858	673292.631277239	NA	6.19719979539637e-08	0.0319418011916013	0.974518463103383	1397	145	1252	0.995705082319256
rs5993848	G	0.142238111497342	0.170233069826437	1.15285112296505	1.63467635735967	0.836668876071108	0.835549236363783	0.403408537023105	1397	145	1252	0.851109520400859
rs4819849	A	0.212040615387512	0.148810025143579	1.23619809272347	1.67242711452886	0.931862244825804	1.42490813493865	0.154183757812283	1397	145	1252	0.785254115962777
rs9605028	A	1.09560421628977	0.454104921394919	2.9909893420151	8.43055593962522	1.36715316037635	2.41266756793628	0.0158362560855155	1397	145	1252	0.951324266284896
rs1892844	A	0.147999825374631	0.222638811743836	1.15951269388262	1.85001404919238	0.76863835674691	0.664753033019766	0.506208467460018	1397	145	1252	0.916607015032212
rs361799	T	-0.238297092681476	0.123480245898902	0.787968556624268	1.00374651165697	0.618224789332002	-1.92983979701966	0.0536266907491869	1397	145	1252	0.557265569076593
rs361973	A	-0.227015596893684	0.132239640043832	0.796908352898354	1.03678347790233	0.616847666992535	-1.71669853924616	0.0860342671994075	1397	145	1252	0.74302075876879
rs12106650	C	0.176835535075448	0.185182772569731	1.19343479882167	1.74675040498754	0.84294948844797	0.954924330279486	0.339615964820124	1397	145	1252	0.867215461703651
rs2845362	G	-0.0995442416356871	0.19276085779605	0.905249899246314	1.34969321018372	0.631443821287053	-0.516413149297197	0.605565883840106	1397	145	1252	0.912312097351467
rs2529883	C	-0.210406699213042	0.202698769766658	0.810254649023199	1.23020200124388	0.553627901516024	-1.03802652307785	0.299257707160597	1397	145	1252	0.91982820329277
rs2845371	G	-0.0555318439170419	0.12199428944553	0.945981899421672	1.20289963461922	0.745181583361734	-0.455200355438251	0.648965104818855	1397	145	1252	0.568002863278454
rs16981507	C	0.0395690706806096	0.217910527590793	1.04036235493929	1.63208303277369	0.691888805964634	0.181584024957781	0.855909186653939	1397	145	1252	0.910880458124553
rs5993924	G	0.0851801287970589	0.183872228875038	1.08891319365749	1.5897095061792	0.770956416395309	0.463257172212496	0.643180040252048	1397	145	1252	0.877236936292054
rs2845373	T	-0.0880681409031411	0.123459499910398	0.915698478076099	1.16705855636052	0.718848537579289	-0.713336284101728	0.475637690043525	1397	145	1252	0.544022906227631
rs3016111	C	-0.0373447602590999	0.204249476953013	0.963343955379459	1.47159926971004	0.658036767937109	-0.182838951737883	0.854924384681266	1397	145	1252	0.913385826771654
rs2845377	C	0.431551951983438	0.256259327215264	1.5396451256537	2.65212871726934	0.964277105359928	1.68404388114593	0.0921731885848124	1397	145	1252	0.917322834645669
rs5748567	G	0.0295101508257166	0.127735465359849	1.02994989026066	1.32632604279281	0.80331911329374	0.231025508401933	0.817294985169647	1397	145	1252	0.621331424481031
rs2529889	A	0.327042002066105	0.239765959332842	1.38685972693092	2.30208963579559	0.89368152735884	1.36400514475079	0.172565946466558	1397	145	1252	0.915175375805297
rs2190740	C	0.397599908164438	0.258897808055565	1.48824847471282	2.57526214512225	0.926751663914526	1.53574072778208	0.124601981925797	1397	145	1252	0.920544022906228
rs17432784	C	-0.271236932378527	0.248851052972189	0.762435829268461	1.2765003553367	0.478523065811361	-1.08995694066378	0.275732112212825	1397	145	1252	0.94488188976378
rs2108587	G	-0.224528559567647	0.19827656886505	0.798892760342279	1.20713459767173	0.552054722459037	-1.13240087244229	0.257465938246769	1397	145	1252	0.931639226914817
rs2845380	G	0.178100876111294	0.164231911572729	1.19494585664635	1.67231948411087	0.876636447880833	1.08444744024321	0.278166459162401	1397	145	1252	0.83428775948461
rs5992529	A	0.838335939280328	0.984677916439428	2.31251560682815	39.930597387279	0.541825273630652	0.851380868082968	0.39455781595087	1397	145	1252	0.99176807444524
rs2247281	A	0.0609648620219028	0.128175869641424	1.06286156672459	1.36952731772618	0.828073001300974	0.475634471546432	0.634334812495925	1397	145	1252	0.600930565497495
rs2845346	T	0.103934585078116	0.227884965817098	1.1095278728625	1.78270489427543	0.726141157753856	0.456083553846787	0.648329896059485	1397	145	1252	0.916964924838941
rs2845347	T	0.0886510071985617	0.22651841715872	1.09269924560455	1.75964015367346	0.719700633439883	0.391363352748684	0.695528676701368	1397	145	1252	0.924838940586972
rs16981635	C	0.0358994147245869	0.201783507791885	1.03655157942105	1.57028924317451	0.709628805351288	0.177910549367656	0.858793225822995	1397	145	1252	0.896921975662133
rs1807512	T	0.0740363325531972	0.159433231773426	1.07684592934749	1.48661602033189	0.794528749035197	0.464372024136173	0.642381229958945	1397	145	1252	0.813886900501074
rs4819880	T	-0.0426312233354127	0.122019270235282	0.958264710578606	1.21795761865342	0.754446789624761	-0.349381071147284	0.726803242088101	1397	145	1252	0.534001431639227
rs5748593	C	-0.0418043015753718	0.165284072260693	0.959057448240501	1.34165462445242	0.700552582995152	-0.252923956940245	0.800326976262786	1397	145	1252	0.850035790980673
rs16981650	A	-0.348529687528816	0.200558867338887	0.705724963482741	1.06764883690655	0.48418065343836	-1.73779246040466	0.0822473896602922	1397	145	1252	0.933070866141732
rs2159071	C	-0.129897116761266	0.164198031442617	0.878185776869874	1.22578695766675	0.642733750950048	-0.791100329401093	0.428885446981867	1397	145	1252	0.860773085182534
rs4390844	T	-0.315199622022791	0.185775582490904	0.729643206877459	1.0652579307636	0.512849065289498	-1.69666873222278	0.0897593073107897	1397	145	1252	0.904438081603436
rs16984825	G	0.228923338123185	0.262598428913672	1.25724565250396	2.1993352068256	0.779067518647148	0.87176202489179	0.383338215415681	1397	145	1252	0.935576234788833
rs8139954	C	0.149192230965964	0.121754904192562	1.16089612794537	1.47688350838368	0.915778979983871	1.22534884286885	0.220443812890763	1397	145	1252	0.55798138869005
rs2381107	T	-0.147209911111158	0.191479849840904	0.863112781436454	1.27957265676058	0.6020687658555	-0.768801057831786	0.442011420817821	1397	145	1252	0.906227630637079
rs5748606	G	-0.273163330170424	0.159554209088872	0.760968488365409	1.05159222405693	0.561509220346816	-1.71204089024233	0.0868891332022735	1397	145	1252	0.871868289191124
rs4819884	C	0.0218122084139909	0.146353145618589	1.0220518337128	1.37028243389588	0.771244610475456	0.149038193349364	0.881523495571421	1397	145	1252	0.761989978525412
rs2190742	C	-0.0739844940178262	0.128377180342878	0.928686093919661	1.19813007850606	0.723802472036952	-0.576305647313828	0.56440860640054	1397	145	1252	0.67394416607015
rs5748614	C	0.0254237242589046	0.142574190260343	1.02574966347071	1.36603997850152	0.780264830186528	0.178319261098242	0.858472253058656	1397	145	1252	0.7680744452398
rs2839999	C	0.0893423417551432	0.123329241453514	1.09345492753741	1.39555984406535	0.859988873060462	0.724421400003653	0.468807065727683	1397	145	1252	0.583035075161059
rs5746892	T	-0.0168703951303543	0.150252558583492	0.983271113101496	1.33145485182254	0.737788524063855	-0.11228025192649	0.910601199461153	1397	145	1252	0.806012884753042
rs5994011	A	0.0906140449282333	0.331646894450063	1.0948463621968	2.26767888282097	0.60616441096517	0.273224463863862	0.784680675722721	1397	145	1252	0.965998568360773
rs8140156	G	0.172647817336767	0.198395795549511	1.18844748077335	1.79202109318227	0.820535417772317	0.870219133719903	0.384180661485809	1397	145	1252	0.887258410880458
rs11089345	G	-0.0489292853009012	0.135548415347197	0.952248465281359	1.24678676105259	0.732279634568319	-0.360972757782322	0.718119812134992	1397	145	1252	0.702219040801718
rs5748621	G	-0.139942927167995	0.137253680772361	0.869407853551238	1.14438208760579	0.6674870028857	-1.01959325520817	0.307921405134656	1397	145	1252	0.773085182534001
rs5748622	T	-0.235429387629612	0.182828542365553	0.790231461155393	1.14769168226506	0.558976058058347	-1.28770587230788	0.197848368644815	1397	145	1252	0.898353614889048
rs9605145	A	0.0214261354648082	0.12168883420686	1.02165732330694	1.29896923258844	0.805650009456821	0.176073142654862	0.860236480328287	1397	145	1252	0.570866141732283
rs5748623	C	-0.114070859710847	0.189243451859815	0.892194732981659	1.31375242409444	0.623952696505866	-0.602773087204867	0.546659652749094	1397	145	1252	0.893342877594846
rs9605146	G	0.0393266078333273	0.121215923431443	1.04011013629857	1.32150388276853	0.821138319509358	0.324434337668264	0.745609226714472	1397	145	1252	0.576950608446671
rs759235	T	-0.161818116165661	0.175921549765758	0.85059590011528	1.21593879257448	0.60881580722118	-0.919831120070988	0.357661018108531	1397	145	1252	0.87580529706514
rs2108583	C	-0.124996541253358	0.187029961344827	0.882499954923072	1.29524289408639	0.620368563756931	-0.668323622346806	0.503927037684886	1397	145	1252	0.897995705082319
rs2108585	T	-0.116445100360587	0.134462701459043	0.890078960649355	1.16539230340253	0.687213277073725	-0.86600298147405	0.386488526781227	1397	145	1252	0.769863994273443
rs5748631	C	-0.106382873512821	0.138033956727485	0.899080348117271	1.18587812106324	0.689544434128895	-0.770700746649237	0.440884329281705	1397	145	1252	0.777380100214746
rs5748632	C	0.20308820262601	0.296157100579819	1.22518052762174	2.3153724727744	0.7165752064144	0.685744836873409	0.49287402741706	1397	145	1252	0.949892627057981
rs16981694	C	-0.0889058458687447	0.181462477190405	0.914931714119845	1.32695977060738	0.64974741333336	-0.489940660158947	0.624175889784885	1397	145	1252	0.888332140300644
rs9606468	T	0.120194297017785	0.146410633287024	1.12771594213883	1.51716685119139	0.853339378618521	0.820939670291269	0.41168063318022	1397	145	1252	0.790264853256979
rs4819534	T	-0.123244367712921	0.167117369807256	0.88404760347199	1.24134758554829	0.643466359609115	-0.737471920812684	0.460835412728795	1397	145	1252	0.862920544022906
rs5748636	G	-0.117651408095914	0.123782917445254	0.889005898865562	1.13515687456843	0.698275490654137	-0.95046562582392	0.341875712030601	1397	145	1252	0.622763063707946
rs4819535	T	-0.153090234882388	0.164871272993715	0.858052292070357	1.19709392331471	0.626207449835444	-0.928544021663642	0.353125443768119	1397	145	1252	0.849677881173944
rs5748648	G	-0.19054990542085	0.15897324390984	0.826504509644425	1.13909692476465	0.609849014393366	-1.19862878012931	0.230672322211729	1397	145	1252	0.8453829634932
rs738045	G	-0.0511742026017669	0.129532305289296	0.950113143933617	1.22864638036084	0.738885158115743	-0.39506903306843	0.692791941875443	1397	145	1252	0.672512526843235
rs7284996	T	-0.0387854936844301	0.132999823757791	0.961957032875563	1.25287595717458	0.743266027712451	-0.291620639701473	0.770576692852552	1397	145	1252	0.686828919112384
rs4819892	C	-0.201779656460689	0.165722770764211	0.81727498936757	1.14384127668577	0.59617094237121	-1.21757351467277	0.223386084237158	1397	145	1252	0.868647100930566
rs2385714	T	0.0421147647868459	0.165131115186009	1.04301417318154	1.45961934578516	0.762568041537983	0.255038335684988	0.798693490406654	1397	145	1252	0.842877594846099
rs2080203	T	0.0831484457438129	0.16808023142763	1.08670311302738	1.52924707858154	0.789808244321286	0.494694974165443	0.620815449726911	1397	145	1252	0.837866857551897
rs5748654	T	0.0409317402727496	0.133489811204064	1.04178099143206	1.3585467723839	0.804403816582489	0.306628198089049	0.759126387931358	1397	145	1252	0.678239083750895
rs2072467	T	0.0134960529020113	0.30704469276084	1.01358753571299	1.94992368275674	0.578479918764791	0.0439546854910908	0.964940524670107	1397	145	1252	0.958124552612742
rs2072466	T	-0.249166516329553	0.163725998587986	0.779450171396315	1.08531983077241	0.570202944724752	-1.52185064362671	0.12804650855901	1397	145	1252	0.864352183249821
rs7291429	G	0.236166897865714	0.123971894828996	1.26638564959243	1.61854518564443	0.994942008804537	1.90500353480503	0.0567796116187622	1397	145	1252	0.549391553328561
rs9605155	G	0.13279996890149	0.126204638161742	1.14202153565954	1.46710397619984	0.893893629133403	1.0522590202374	0.292680727628822	1397	145	1252	0.615604867573372
