RSID	effectAllele	B	SE	OR	OR_u95	OR_l95	Z	P	N	Ncase	Ncont	AFREQ
rs10181821	A	0.569750052991259	0.184642537144411	1.7678251336039	2.5968045662993	1.25505235220868	3.08569228847658	0.0020307886646306	1397	147	1250	0.827129563350036
rs11901199	G	-0.0750252930916169	0.390750663727851	0.927720021124311	2.19835421466118	0.462345740597622	-0.192002983119359	0.847739868710532	1397	147	1250	0.97780959198282
rs7594567	C	0.665918248553658	0.198117590886806	1.94627686697478	2.94336363806746	1.34887932077272	3.36122726696252	0.000775969483879907	1397	147	1250	0.833214030064424
rs6725981	G	0.57283057365051	1.03649010192039	1.77327935205301	32.1831308549424	0.355538143188076	0.552663814723537	0.580493635725108	1397	147	1250	0.994273443092341
rs6712483	C	0.597789167909682	0.16000854236588	1.81809485145097	2.52275281235956	1.34488759502329	3.73598283610858	0.000186983422699554	1397	147	1250	0.754473872584109
rs13383216	G	0.340645988759077	0.237440081351352	1.40585546412067	2.3165866751399	0.90813894200761	1.43466084925656	0.151383765765078	1397	147	1250	0.91159627773801
rs4637157	T	0.490329929010959	0.157344051340119	1.63285485728256	2.24902275993661	1.2119172211327	3.11629149519641	0.00183141141505709	1397	147	1250	0.757695060844667
rs6760926	C	0.400777032721714	0.209619657934392	1.49298434472992	2.31719110109753	1.01420370498676	1.91192484841833	0.0558858340005054	1397	147	1250	0.884395132426628
rs6706843	C	0.638179139152442	1.03447282940849	1.89303079353997	34.2890290001827	0.382221936564399	0.616912422453233	0.537292492613951	1397	147	1250	0.993915533285612
rs28433318	C	0.379339144645549	0.132146945359239	1.46131855007487	1.90764241086755	1.13516729948927	2.87058579836501	0.00409711992395984	1397	147	1250	0.686471009305655
rs13423995	A	0.294242334941092	0.209901321716282	1.34210910419236	2.0762273071938	0.908361374417349	1.40181268290827	0.160971190114619	1397	147	1250	0.88940586972083
rs4522651	G	0.498640963481993	0.181651422050763	1.64648212017354	2.39513755606944	1.17209742990082	2.74504299417291	0.00605029706037017	1397	147	1250	0.824982104509664
rs13386087	G	0.340870241599396	0.217655907652403	1.40617076655399	2.22394435746667	0.942494759601945	1.56609689705168	0.117325934424672	1397	147	1250	0.899785254115963
rs11900053	C	0.501887566166031	0.144022710484353	1.65183628015627	2.21240698915864	1.25635155607834	3.48478072991521	0.000492540485535864	1397	147	1250	0.712956335003579
rs4076894	C	0.370723985167172	0.226382881275766	1.44878313256025	2.32798963163657	0.95379319603184	1.63759725593199	0.101505735875526	1397	147	1250	0.899785254115963
rs11542478	A	0.35267433251184	0.219803904058159	1.42286768622587	2.24458977855727	0.944622600052755	1.60449530695562	0.108604918100547	1397	147	1250	0.890121689334288
rs6731388	T	0.524081898967924	0.140774396291729	1.68890754859964	2.24627552376779	1.29203235350408	3.7228495576842	0.000196986906943637	1397	147	1250	0.693629205440229
rs10173732	G	0.497221290158253	0.155846918726156	1.6441463118642	2.25822394327834	1.22400573983183	3.1904467167037	0.0014205303264104	1397	147	1250	0.754473872584109
rs10179984	G	0.506517679018237	0.168540108269829	1.65950220189301	2.34506721700495	1.20875716854705	3.00532427692115	0.00265297840951675	1397	147	1250	0.793843951324266
rs6758948	T	0.384752864085438	0.224211084476342	1.46925117183727	2.34612669093199	0.969850123939178	1.7160296288832	0.086156619661573	1397	147	1250	0.894774516821761
rs11897072	G	-0.103994088632873	0.323393786859903	0.901230624910548	1.81560537617583	0.502422111900347	-0.321571077919083	0.747777657390178	1397	147	1250	0.969219756621331
rs10165221	C	-0.0300579860093413	0.134160448907027	0.970389262916205	1.2685154271682	0.749035395933215	-0.224045061374023	0.822722240423812	1397	147	1250	0.730136005726557
rs4438516	G	0.522731765844904	0.145923305376516	1.68662883720457	2.26859471694694	1.2786212624208	3.58223632953033	0.000340665390294308	1397	147	1250	0.717251252684324
rs10188860	T	0.45785658293955	0.141914012838506	1.58068228999701	2.10791366935143	1.20695064816494	3.22629579547283	0.0012540368192771	1397	147	1250	0.716535433070866
rs7559713	C	0.510039302603715	0.256237178756397	1.66535664651199	2.86882963058603	1.04326667032144	1.99049687121558	0.046536228311299	1397	147	1250	0.912312097351467
rs4499454	C	0.512349643898851	0.174243235154593	1.66920863673621	2.38724156378489	1.20316658162965	2.94042775000293	0.00327759429412305	1397	147	1250	0.804581245526127
rs11695591	C	-0.655829848286224	0.136874515278158	0.519011183288568	0.6814874981466	0.398030777652027	-4.79146791463289	1.65565500250299e-06	1397	147	1250	0.8453829634932
rs300761	A	0.510319497660394	0.13594903942616	1.66582333659102	2.1935128723658	1.28582374559059	3.75375581772736	0.000174204570727066	1397	147	1250	0.679312813171081
rs7587200	A	0.258785945754611	0.194025326279109	1.295356498592	1.93786472087788	0.902603491481786	1.33377405268394	0.182277917095897	1397	147	1250	0.878668575518969
rs300758	C	0.460102384458366	0.133149641348238	1.58423617785432	2.07384747774787	1.2291169492668	3.45552853015218	0.000549215064323069	1397	147	1250	0.680744452397996
rs300757	G	0.311829167158509	0.22743291673474	1.36592132887505	2.20443778357342	0.898912349268758	1.3710819508251	0.170349410787541	1397	147	1250	0.908375089477452
rs1870693	T	13.4320225741504	514.560739746229	681480.266793316	NA	7.98483861797826e-14	0.0261038620645151	0.979174496631564	1397	147	1250	0.99713672154617
rs6714203	G	1.53082084189951	0.713252562055565	4.62196917158152	28.0109521362095	1.471852721204	2.14625354795466	0.0318527554733038	1397	147	1250	0.970293486041518
rs6749571	C	0.258700041755989	0.273620841637452	1.29524522706854	2.36723476605447	0.797250664212076	0.945469066639179	0.34441945602593	1397	147	1250	0.948818897637795
rs7605248	C	1.13929594556845	0.508600629336633	3.1245677248384	10.194369077217	1.31465475275597	2.24006003896304	0.0250870253726048	1397	147	1250	0.960272011453114
rs6761187	C	0.0902063266496216	0.273151725436441	1.09440006431075	1.95986769905038	0.665188112042342	0.330242565758976	0.741216686440206	1397	147	1250	0.948103078024338
rs6713375	T	0.859954805324433	0.415099091231062	2.36305389383834	6.00865904096877	1.14651017413555	2.07168558903384	0.0382947721466881	1397	147	1250	0.953829634931997
rs6723660	A	0.860856896663683	0.416688478979646	2.36518654606908	6.028378293962	1.14318095902566	2.06594840052137	0.0388333520301316	1397	147	1250	0.954187544738726
rs17042545	C	0.860856896663683	0.416688478979646	2.36518654606908	6.028378293962	1.14318095902566	2.06594840052137	0.0388333520301316	1397	147	1250	0.954187544738726
rs6712052	C	0.19665580124496	0.288068928710125	1.21732496684963	2.34838890222691	0.738374556062826	0.682669256019794	0.494815860811411	1397	147	1250	0.963493199713672
rs2169281	G	0.65660703660166	0.285041734158673	1.9282387791018	3.55034950203449	1.15066470743447	2.30354701756112	0.021248084938364	1397	147	1250	0.918754473872584
rs300789	A	0.580623573508681	0.286994843920099	1.78715250431826	3.30119748951279	1.06173808940344	2.02311499948177	0.0430612924500365	1397	147	1250	0.924838940586972
rs6759760	C	0.499092774300347	0.245539123316069	1.64722618668365	2.77318337160089	1.05213253927313	2.03264053222953	0.0420888533737005	1397	147	1250	0.906585540443808
rs7580475	T	0.0247507185777158	0.133703203616374	1.02505956036742	1.33856074370474	0.791840862477196	0.185116870114283	0.853137369849882	1397	147	1250	0.712956335003579
rs7588043	C	-0.819212047170817	0.12755602737151	0.440778830635473	0.566004836451507	0.343028465343066	-6.42237034228764	1.3416851709688e-10	1397	147	1250	0.747673586256263
rs300798	A	0.397780053452005	0.202180835508447	1.48851659981228	2.26386885557405	1.02137483093791	1.96744687720605	0.0491317145521736	1397	147	1250	0.869362920544023
rs436446	C	0.254226994907472	0.165461571093549	1.28946447291812	1.80612336144039	0.942550125485371	1.53647153974947	0.124422772723626	1397	147	1250	0.816034359341446
rs6755432	T	-0.767203878763682	0.125938577850836	0.464309520658526	0.594494253683215	0.362591856121566	-6.09188933094329	1.11585818079158e-09	1397	147	1250	0.744094488188976
rs300797	A	0.377215128285537	0.168479236518385	1.45821797956423	2.04996430137202	1.05760079688525	2.23894134423131	0.025159732909436	1397	147	1250	0.787043664996421
rs300780	C	0.282666320129193	0.126283109594712	1.32666240741144	1.70351904522365	1.03775640320615	2.23835413173124	0.0251979706737645	1397	147	1250	0.550465282748747
rs300779	A	0.207442408293842	0.162413114069741	1.23052684665877	1.71205856134091	0.904270079398097	1.27725159068598	0.201513438349333	1397	147	1250	0.81496062992126
rs300778	A	0.401592189250901	0.16077525374056	1.49420185683055	2.07112246177735	1.10117658196335	2.49784826898138	0.0124949662208783	1397	147	1250	0.777022190408017
rs300774	C	0.215198326379561	0.161706359385545	1.24010781867282	1.72312866112311	0.912634422516684	1.33079692844039	0.183255838902026	1397	147	1250	0.813528990694345
rs1078763	C	-0.584699407578663	0.12553106093723	0.557273348783513	0.712722950444137	0.435440792530341	-4.65780662740542	3.19596194135907e-06	1397	147	1250	0.667859699355762
rs876724	C	0.134586968385885	0.139131197742599	1.14406415208861	1.51303833095161	0.876018658670288	0.967338530606764	0.333374827992932	1397	147	1250	0.740873299928418
rs300773	T	0.306503836528806	0.161785025614647	1.35866668003111	1.89013160734175	1.00066569767813	1.89451301419491	0.0581569485994021	1397	147	1250	0.806012884753042
rs7562639	T	0.229370207513891	0.150344977545195	1.25780760265247	1.70308467371097	0.943579633476988	1.52562600533124	0.127103031863496	1397	147	1250	0.762705798138869
rs10519439	C	0.087883834626221	0.135765436115041	1.09186127818741	1.43364582195226	0.841131462629828	0.647321123409884	0.517424133153312	1397	147	1250	0.735146743020759
rs400978	G	0.20656832390283	0.163007732304862	1.22945173228818	1.71245808294145	0.902384076590196	1.26723021651819	0.205072984340628	1397	147	1250	0.815318539727989
rs435733	A	0.448855901675146	0.183841728526507	1.56651890818429	2.28373626149036	1.10840863265674	2.44153438543431	0.0146249955016059	1397	147	1250	0.828203292770222
rs365967	A	0.204803835163263	0.163274865027089	1.22728429132565	1.71028597432751	0.90029948248271	1.25435005032332	0.209714799400598	1397	147	1250	0.815676449534717
rs1461027	C	0.188232808078006	0.141002583105161	1.20711450864827	1.60278698736075	0.921247021966044	1.33495999812728	0.181889439075835	1397	147	1250	0.738367931281317
rs441469	A	0.218241430445091	0.156209477915743	1.24388734364474	1.70595822936585	0.923527506229253	1.39710748257418	0.162381252038441	1397	147	1250	0.78740157480315
rs12714396	T	0.203277972070564	0.142010755901329	1.22541305151221	1.63056261375748	0.933505000890832	1.43142659005212	0.152307992237906	1397	147	1250	0.739441660701503
rs375613	C	0.236636858877595	0.156108392372415	1.26698094134474	1.73795287168076	0.941179924526594	1.51584969444224	0.129557362998061	1397	147	1250	0.787759484609878
rs17041600	T	-0.0274536092299251	0.356268501391094	0.972919816006044	2.21698898036054	0.525245202711903	-0.0770587608018367	0.938576799521117	1397	147	1250	0.980314960629921
rs12623893	T	-0.649928152856662	0.130128685433557	0.522083285606204	0.674369001703601	0.404596059950956	-4.99450333100085	5.89873735657771e-07	1397	147	1250	0.739441660701503
rs300729	C	0.231994845363446	0.156786624369614	1.26111322823123	1.73208699528538	0.935520205946708	1.47968518549474	0.138957280979013	1397	147	1250	0.788833214030064
rs300728	A	0.387007567268882	0.15123217142529	1.47256763454621	1.99803647613358	1.10318222747143	2.55902936274421	0.0104964875237817	1397	147	1250	0.739083750894775
rs300727	A	0.202578656599919	0.157199657904248	1.22455640077683	1.68251743627376	0.907315311643577	1.28867110336405	0.197512452556376	1397	147	1250	0.790264853256979
rs300723	T	0.202578656599919	0.157199657904248	1.22455640077683	1.68251743627376	0.907315311643577	1.28867110336405	0.197512452556376	1397	147	1250	0.790264853256979
rs300722	C	0.424662983174777	0.152023487795488	1.52907500881219	2.07845347490239	1.14401039481885	2.79340376498967	0.00521565454579411	1397	147	1250	0.736220472440945
rs300715	C	0.394587913430899	0.147290576821038	1.48377262215074	1.99680293971612	1.11972933638541	2.67897595316185	0.0073847697053066	1397	147	1250	0.724051539012169
rs300711	T	0.317916442121131	0.170620535430323	1.37426142606016	1.94560231489671	0.994968914404185	1.86329530217047	0.0624207307407623	1397	147	1250	0.816034359341446
rs300710	C	0.247070446505714	0.159887710627222	1.28026930010011	1.76924873558095	0.944044601254352	1.54527477775799	0.122279813585722	1397	147	1250	0.791338582677165
rs300709	G	0.395232448806511	0.150537862441072	1.48472927436006	2.0113663757496	1.11360169333729	2.62546871861705	0.00865297593994966	1397	147	1250	0.733715103793844
rs300708	G	0.387245376171407	0.150515255288805	1.47291786588169	1.9952680722801	1.10478376265523	2.57279818865119	0.0100880012442601	1397	147	1250	0.735146743020759
rs300707	T	0.344767856989488	0.148767432635515	1.41166217412029	1.90495071136276	1.0620611326476	2.31749550880656	0.0204767550207213	1397	147	1250	0.73478883321403
rs437409	A	0.367152137576891	0.147821088058913	1.44361753088226	1.9446558638778	1.08822117795553	2.48376021579928	0.0130003313627521	1397	147	1250	0.729778095919828
rs409954	C	0.216528678325062	0.175149461138736	1.24175869640274	1.77471140325557	0.891462408044914	1.23625089633333	0.216365317268777	1397	147	1250	0.838224767358626
rs408074	C	0.22747515964399	0.148253343084514	1.2554262541317	1.69365510570927	0.946018646510656	1.53436782544805	0.12493918832647	1397	147	1250	0.76521116678597
rs381726	T	0.357411318805783	0.127408025848118	1.42962378008226	1.83913782797604	1.11547721080751	2.80524964127338	0.00502776228552373	1397	147	1250	0.511811023622047
rs396500	C	0.226179958096039	0.153848094596654	1.25380127666784	1.71141743582089	0.935115142948926	1.47015118184609	0.141520813027915	1397	147	1250	0.78167501789549
rs408209	A	0.318712854204497	0.127739154102909	1.37535634040922	1.77046748887998	1.07243201735535	2.4950286890716	0.0125946946741782	1397	147	1250	0.523979957050823
rs409572	G	0.245109097801928	0.158741542717277	1.27776070648547	1.76136351542958	0.944101470573377	1.54407657634066	0.122569782622967	1397	147	1250	0.787759484609878
rs6732632	C	-0.719009570159387	0.131624421238265	0.48723458873822	0.631001046495513	0.376355603413217	-5.46258485617834	4.69251100761704e-08	1397	147	1250	0.746241947029349
rs300739	G	0.235020622588294	0.158497765460346	1.26493485469464	1.7428787341218	0.935079551664964	1.48280085782719	0.138127328096838	1397	147	1250	0.789191123836793
rs13003862	G	0.158939787207661	0.137267061987843	1.17226735906454	1.54432696267912	0.900713080633834	1.15788729580107	0.246910032604764	1397	147	1250	0.728704366499642
rs7583166	G	-0.731482527259162	0.132087726044509	0.481195076205115	0.623708875725657	0.371328921308997	-5.5378538882006	3.06200541507978e-08	1397	147	1250	0.747673586256263
rs6548215	G	-0.78283353977603	0.130863662796756	0.457108938160637	0.591194738762485	0.353651037175121	-5.98205432314579	2.20340755760839e-09	1397	147	1250	0.770937723693629
rs300730	A	0.206682616385002	0.16905013849671	1.22959225740871	1.73457976359999	0.892529925359741	1.22261134017955	0.221476527882071	1397	147	1250	0.827487473156765
rs300731	T	0.279944322282246	0.126913471723457	1.32305614554001	1.70052642911719	1.03339307765618	2.20578886134516	0.0273987865627176	1397	147	1250	0.538296349319971
rs6707786	G	0.35024284242429	0.125667064779126	1.41941220024332	1.82282693002595	1.11302949400261	2.78706949223237	0.00531870719942155	1397	147	1250	0.587329992841804
rs6708206	C	0.374992064492963	0.125073542707777	1.4549798685694	1.86623976260679	1.14219843384779	2.99817256611256	0.00271603835606974	1397	147	1250	0.5773085182534
rs300737	C	0.188716803261824	0.156670446144062	1.20769888766368	1.65712464887576	0.895507425604575	1.20454628110457	0.228378505250642	1397	147	1250	0.788833214030064
rs10495480	G	-0.704619036351548	0.132324686530642	0.49429684752168	0.640980318085078	0.381262905697435	-5.32492503723696	1.00994681089487e-07	1397	147	1250	0.739441660701503
rs7558758	A	0.164878103182481	0.140367174237876	1.17924936320546	1.56361063451772	0.900905630001634	1.17462009246597	0.240146741138239	1397	147	1250	0.739083750894775
rs446955	T	0.208171571958402	0.171427031602292	1.23142442932619	1.74578274452351	0.889924505617667	1.21434507739337	0.224615978937337	1397	147	1250	0.83142448103078
rs373323	G	0.238528743004084	0.175981764593736	1.26938019131208	1.81699225965138	0.90975281515516	1.3554173840383	0.175284614076544	1397	147	1250	0.835719398711525
rs436925	C	0.251946759311461	0.171693003654275	1.28652753984938	1.82487512617216	0.929300096902519	1.46742589359544	0.142260234882164	1397	147	1250	0.825697924123121
rs300691	C	0.380078498482717	0.160274397951394	1.46239938106122	2.02425795140352	1.07842271016009	2.37142365431304	0.017719707060793	1397	147	1250	0.777022190408017
rs300692	T	0.277573351319071	0.164177274211513	1.31992293368124	1.84090528369193	0.965809992979953	1.6906928967615	0.0908954716687723	1397	147	1250	0.798854688618468
rs300693	C	0.380668010122324	0.128689300677526	1.46326173667747	1.89525329285813	1.1433255255362	2.9580393095477	0.00309602639552595	1397	147	1250	0.658911954187545
rs300695	C	0.417917417037197	0.129131084930619	1.51879524261202	1.96922565216572	1.18588197809594	3.23638121109059	0.00121055599319745	1397	147	1250	0.653543307086614
rs13033859	G	-0.439443834562421	0.111826412048569	0.644394711506229	0.801183665830543	0.516513800201689	-3.92969627221484	8.50532274802189e-05	1397	147	1250	0.547602004294918
rs6744829	T	0.111321752019713	0.214928590667391	1.11775448876756	1.74757273755004	0.749239645978688	0.517947620063201	0.604494815773091	1397	147	1250	0.909806728704367
rs11904087	C	0.385043330725903	0.221921915043955	1.46967800227615	2.34276484991524	0.976623253054474	1.73503969019751	0.0827337753561394	1397	147	1250	0.896921975662133
rs443419	G	0.362469866031441	0.154457308787896	1.43687392162016	1.96446697052607	1.07083362403265	2.34673172073192	0.01893888579356	1397	147	1250	0.76234788833214
rs440617	T	0.402077149878497	0.12959493084161	1.49492666163748	1.93999527135336	1.16616001817194	3.10256849760516	0.00191849144452248	1397	147	1250	0.658196134574087
rs415660	A	0.397252519802232	0.154144534748673	1.48773156430216	2.03286898285694	1.10948656915781	2.57714307192232	0.00996207071812524	1397	147	1250	0.755905511811024
rs376385	A	0.407080175605023	0.156474462156786	1.50242455863118	2.06341147693983	1.11584736111158	2.60157580984131	0.00927965528744335	1397	147	1250	0.762705798138869
rs424292	G	0.409224786929388	0.130530828489644	1.5056501329189	1.9577704392094	1.17252375315532	3.13508151035643	0.00171806366825728	1397	147	1250	0.661059413027917
rs384526	A	-0.263871971416725	0.107403379043192	0.768071868515299	0.94706755156853	0.621239522799153	-2.45683118880839	0.0140168535222674	1397	147	1250	0.514316392269148
rs17041717	T	-0.00888477254602301	0.132667016795801	0.991154580411974	1.29134169891069	0.767029167945184	-0.0669704705857549	0.946605211465318	1397	147	1250	0.71259842519685
rs437853	C	0.402802663014368	0.133798190934138	1.49601164410459	1.95921355182848	1.1583602139491	3.01052398543002	0.00260797349159993	1397	147	1250	0.683249821045097
rs390389	C	-0.447893186982965	0.403285447625266	0.638972931013583	1.66058490601887	0.312405225532973	-1.11061083314652	0.26673589774205	1397	147	1250	0.993557623478883
rs385909	G	0.331831170122013	0.136428977895865	1.39351756125148	1.83483478502427	1.07365399383657	2.43226311037305	0.0150048030895115	1397	147	1250	0.709019327129563
rs434818	A	-0.00702840472189683	0.204563239387527	0.992996236750693	1.51578308894371	0.677223104642776	-0.0343581023791969	0.972591593188238	1397	147	1250	0.90873299928418
rs449725	G	-0.119057626224116	0.194834376873471	0.887756641224731	1.32442630432778	0.615115457260495	-0.611070942072172	0.541152615903417	1397	147	1250	0.904795991410165
