RSID	effectAllele	B	SE	OR	OR_u95	OR_l95	Z	P	N	Ncase	Ncont	AFREQ
rs4814683	G	0.0155316718602422	0.129638274399363	1.0156529151661	1.31125634265091	0.788313247456694	0.119807764583439	0.90463543100335	1397	135	1262	0.555833929849678
rs6139074	A	-0.451198839636711	0.138817368290499	0.636864195741918	0.83987683635461	0.486848169334578	-3.25030538464395	0.00115281141935318	1397	135	1262	0.801360057265569
rs1418258	C	0.0371376606502955	0.127902915072362	1.03783588016704	1.33515176369555	0.808157383550205	0.290358203558415	0.771542215680204	1397	135	1262	0.539727988546886
rs6055307	A	-1.54788001943456	1.22811088144063	0.212698412698435	4.59471054306009	0.0202452949986705	-1.26037481047218	0.207534184166245	1397	135	1262	0.998926270579814
rs6086616	C	-0.302629714835592	0.124432235256157	0.738872639299633	0.942153700623029	0.578085608288235	-2.43208453350209	0.015012203186169	1397	135	1262	0.528632784538296
rs6039403	G	-0.257719761057178	0.126012784122015	0.772811773718282	0.990023954557345	0.603696428234608	-2.04518742167964	0.0408363840825458	1397	135	1262	0.600214745884037
rs6135141	G	-0.915386367653219	0.130528274812485	0.400361909312625	0.517702467130822	0.310052914094697	-7.01293546527181	2.33369112355881e-12	1397	135	1262	0.817108088761632
rs892665	C	0.4377280308894	0.145422038330212	1.54918352005583	2.07402402869706	1.17174109860453	3.01005291849537	0.00261202176567341	1397	135	1262	0.664280601288475
rs6111385	C	0.168519925090088	0.161720422183181	1.18355180898634	1.64221116602503	0.869856346960947	1.0420448006202	0.297390908622286	1397	135	1262	0.793486041517538
rs2196239	G	0.346798175881038	0.268825379027684	1.41453121004425	2.48918524925663	0.861766922469196	1.2900499838794	0.19703330403144	1397	135	1262	0.920544022906228
rs7266748	T	0.616403015966332	0.512236381434587	1.85225351863321	6.73059249412253	0.815929742474702	1.20335657190146	0.228838365824986	1397	135	1262	0.975304223335719
rs1935386	C	-0.472049098701674	0.121429050392123	0.623722888181927	0.791780195641789	0.491549975740063	-3.88744783210702	0.000101303750561969	1397	135	1262	0.659627773801002
rs1077784	A	0.328342708991875	0.17606379564151	1.38866479866297	1.98679665027294	0.994565242854969	1.86490759099858	0.062194358235761	1397	135	1262	0.804939155332856
rs6051659	A	-0.0911906158971164	0.147765026081067	0.91284369179515	1.22870178148701	0.687588240222728	-0.617132607868165	0.537147262389146	1397	135	1262	0.789191123836793
rs8122066	C	-0.436503631130581	0.157532062015056	0.646292151110763	0.886135637826525	0.47714911124488	-2.77088756121825	0.00559037274491493	1397	135	1262	0.844309234073014
rs6051856	T	0.0646461803877101	0.203257730636008	1.06678150938198	1.62476576177933	0.729718981849792	0.318050291053764	0.750446789194573	1397	135	1262	0.894058697208304
rs6052070	A	0.2923055949366	0.137762325285747	1.33951230327569	1.76852626501168	1.02936240277613	2.12181083856053	0.0338536261079055	1397	135	1262	0.701145311381532
rs6037772	T	-0.060470640681381	0.19285974711034	0.941321405167772	1.40089023218224	0.655564807022023	-0.313547236203644	0.753864939229308	1397	135	1262	0.894774516821761
rs6116236	C	0.377833633457475	0.161210825501476	1.45912017390358	2.0239029394979	1.07419444679577	2.34372370640838	0.0190923088647541	1397	135	1262	0.761989978525412
rs6139361	G	-0.526594934855507	0.143952409528078	0.590612624101725	0.787161687689347	0.447128867963175	-3.65811823908924	0.000254073836030719	1397	135	1262	0.828561202576951
rs6052493	T	0.296778254661173	0.131494402833298	1.34551690426362	1.75086599206567	1.04469303052272	2.25696492220595	0.0240102667190837	1397	135	1262	0.64352183249821
rs1954267	C	-0.0346048750972253	0.158764780883945	0.965987026390652	1.3325552236196	0.713953814201046	-0.217963171079618	0.827457806746722	1397	135	1262	0.823550465282749
rs6038037	C	0.0462577345702051	0.204905979051947	1.04734431301027	1.5999095594557	0.713948517133853	0.22575102388046	0.821395070977063	1397	135	1262	0.895848246241947
rs6053803	G	0.566898921881003	0.373810556724131	1.76279201082395	4.18451524853813	0.932963565654861	1.51654069603864	0.129382688038629	1397	135	1262	0.955977093772369
rs6038405	G	0.294583716655907	0.130717494741032	1.3425673539144	1.7436844809275	1.04362186091185	2.25359059427749	0.024221935596303	1397	135	1262	0.632426628489621
rs6117214	G	0.16828323480828	0.178722941704246	1.18327170692516	1.70318948194173	0.84355999581083	0.941587203095382	0.346404023991621	1397	135	1262	0.835003579098067
rs6038528	A	0.240855120870512	0.128922647213742	1.27233668692282	1.64602572291326	0.992146161666764	1.86821420499686	0.0617322195786865	1397	135	1262	0.632784538296349
rs1342137	C	0.00894305803040999	0.142191941153899	1.00898316664929	1.34072807534042	0.767077307974681	0.0628942678314702	0.949850699417255	1397	135	1262	0.727988546886185
rs6133348	G	-0.185180082239205	0.129800927084478	0.830954630207063	1.07275511378122	0.644507981968685	-1.4266468383441	0.153681716203691	1397	135	1262	0.595919828203293
rs6117404	C	-0.0796376104040689	0.126701091089206	0.923450934768413	1.18417424761361	0.720159719510102	-0.628547155509488	0.529645565730032	1397	135	1262	0.525769506084467
rs11907333	T	0.64093746510154	0.443900555010034	1.89825959755791	5.26662268313519	0.888166402987192	1.44387624180162	0.148773790734624	1397	135	1262	0.964566929133858
rs753217	C	-0.102471038928298	0.128667801022989	0.902604289761957	1.16237454426513	0.701472480315103	-0.796400017048473	0.425799568333115	1397	135	1262	0.556191839656407
rs16994490	A	-0.231547519693274	0.153190122640112	0.79330499699729	1.08092242825924	0.591952509856437	-1.5115042386724	0.13066002949238	1397	135	1262	0.837866857551897
rs4815966	A	0.249874642016421	0.204124957058935	1.28386446393921	1.96826174361245	0.880281245352673	1.22412587670148	0.220904745731162	1397	135	1262	0.886184681460272
rs6054812	C	-0.0721285664296912	0.126517902783794	0.930411268466409	1.1933128019317	0.726230962532302	-0.570105612270156	0.568606068871641	1397	135	1262	0.553686471009306
rs12625439	C	-0.111811224749779	0.123469243159459	0.894213046859901	1.14198415754675	0.703277601520005	-0.905579575031304	0.365158423652738	1397	135	1262	0.645311381531854
rs6055045	A	-0.0312567693702024	0.126924152110512	0.969226673399975	1.24501899327309	0.756476209832756	-0.246263369504232	0.805478363783792	1397	135	1262	0.581245526127416
rs6055084	C	0.118082850703523	0.137620051575706	1.12533734249568	1.48741081905978	0.865972384279888	0.858035216173161	0.390873017901608	1397	135	1262	0.764853256979241
rs6086092	A	-0.161804150765038	0.127291362616082	0.850607779110741	1.09657724179356	0.66514816912084	-1.27113220755636	0.203681619025952	1397	135	1262	0.728346456692913
rs6038867	T	-0.16273773777577	0.181013582460733	0.849814033309972	1.2340544270627	0.604943899511067	-0.899036058860788	0.368633454233804	1397	135	1262	0.898711524695777
rs2316226	G	0.0321087066017179	0.209890203854965	1.03262975287525	1.5992696413862	0.699211601229017	0.152978586003495	0.878415162399169	1397	135	1262	0.908375089477452
rs6108048	A	0.804780349435004	0.385075115880049	2.23620526112259	5.26256547855058	1.1363939824858	2.08993081153988	0.0366240153205717	1397	135	1262	0.944523979957051
rs6086226	C	-0.210034246385924	0.125865683435249	0.810556486864603	1.04185863562171	0.63549975318072	-1.66871732352667	0.0951734142841111	1397	135	1262	0.735862562634216
rs1434789	T	-0.208998445237899	0.125655851211326	0.811396497170953	1.04203324417144	0.636160269088078	-1.66326074928583	0.0962602519762774	1397	135	1262	0.721188260558339
rs6055356	C	0.017388992543313	0.205400481742959	1.01754106123584	1.56026643344744	0.694419515711229	0.0846589666964551	0.9325325186361	1397	135	1262	0.905869720830351
rs2298108	G	-0.217489763119056	0.12620627459012	0.80453584081529	1.03431070089219	0.630084707799042	-1.72328803639437	0.0848364501487281	1397	135	1262	0.722619899785254
rs2298109	C	-0.214536710094187	0.126323878050682	0.806915189255584	1.03761028222729	0.631803941363381	-1.69830687123232	0.0894498585370573	1397	135	1262	0.721904080171797
rs1858594	T	-0.200478533447491	0.126018750863404	0.818339056755515	1.05218972125136	0.641417694419326	-1.59086272537963	0.111640472820712	1397	135	1262	0.733715103793844
rs11087789	T	-0.209067083562728	0.12566947147838	0.811340806185905	1.04259748072775	0.636430950140779	-1.66362666368574	0.0961870600146639	1397	135	1262	0.739441660701503
rs6055460	A	-0.0606776765679033	0.127661801822638	0.941126538029092	1.21051797595053	0.733392530987294	-0.4753001735962	0.634573035378825	1397	135	1262	0.584108804581245
rs12624951	G	-0.232053290915406	0.125285724388702	0.792903867607838	1.0177494745554	0.622219602677665	-1.85219259454856	0.0639981718088134	1397	135	1262	0.733715103793844
rs12624954	G	-0.154783820338862	0.123802542823004	0.856600337039619	1.0963472423177	0.674193398126754	-1.25024750549875	0.211209148013361	1397	135	1262	0.714030064423765
rs16995685	C	-0.225759269176055	0.121863109563806	0.797910160117831	1.01684712659818	0.630096349652711	-1.85256448800735	0.0639448063902683	1397	135	1262	0.716893342877595
rs4142303	T	-0.0999644943182174	0.127706080236996	0.904869545475739	1.16375330230414	0.704940004275315	-0.782770046130176	0.433762160401261	1397	135	1262	0.58554044380816
rs6039029	G	-0.07397435674761	0.125909177454483	0.928695508309259	1.19028018107134	0.7261014731435	-0.587521563107281	0.556853472784725	1397	135	1262	0.58017179670723
rs6039035	T	-0.235197877434724	0.126689422623167	0.790414428973613	1.01489222712109	0.617193603412873	-1.85649182516454	0.0633834871607411	1397	135	1262	0.642090193271296
rs6086352	A	-0.226966426456014	0.125263483183846	0.79694753819422	1.02290378109357	0.625425789794673	-1.81191214460244	0.0699997725713494	1397	135	1262	0.732641374373658
rs6086539	G	-0.322427115114247	0.125589442839571	0.72438872687251	0.927467313969081	0.566476482043897	-2.56731065784022	0.0102490745349531	1397	135	1262	0.633500357909807
rs1858597	A	-0.121756393616108	0.127428158182314	0.885364022562173	1.13946534661273	0.690924614168181	-0.955490492469556	0.339329711074807	1397	135	1262	0.649606299212598
rs4816104	C	-0.0495857819581523	0.20431370212573	0.951623522505896	1.45381208435517	0.649945699299772	-0.242694354036218	0.808242181542671	1397	135	1262	0.908017179670723
rs6077481	C	-0.319316904746405	0.122228886031627	0.726645235490415	0.924394374912967	0.572080697666385	-2.61245042079318	0.00898957301009902	1397	135	1262	0.640300644237652
rs6056599	T	0.0585559711384646	0.126763629277263	1.06030433047428	1.36035138478324	0.827100351530201	0.461930377603723	0.644131248801252	1397	135	1262	0.505010737294202
rs6032887	T	0.508096901589219	0.193308610961836	1.66212499566931	2.48391009644799	1.16035514625019	2.62842352992506	0.00857816397011225	1397	135	1262	0.833571939871153
rs13042281	G	-0.715008803612241	0.303003783682586	0.489187805157625	0.927192920797541	0.277869315689279	-2.35973556145838	0.0182879660405916	1397	135	1262	0.97780959198282
rs6040142	G	0.164871633739867	0.127365645875314	1.17924173414406	1.5158410000665	0.919462591837233	1.29447491595395	0.195501428224386	1397	135	1262	0.513958482462419
rs13039629	C	0.518107167374224	0.194228248951112	1.67884686418306	2.51318845490053	1.16984932278205	2.66751705878084	0.00764140098414146	1397	135	1262	0.832856120257695
rs13038380	G	0.516219126027904	0.207414783918353	1.67568012229985	2.58568956303075	1.14201378720502	2.48882512748517	0.0128165989277314	1397	135	1262	0.855046528274875
rs4813042	T	0.0467253401825191	0.127760230692959	1.04783417161045	1.34914639017879	0.817044273004929	0.365726798778347	0.714568946936525	1397	135	1262	0.593056549749463
rs722829	G	0.156468877418679	0.127727630800232	1.16937436780384	1.50420220614898	0.911110511727823	1.22501980533405	0.220567758417356	1397	135	1262	0.516105941302792
rs6040343	C	-0.344217773295754	0.124808158835931	0.708774559069725	0.906911948891017	0.555586585910564	-2.75797493133643	0.00581606579836662	1397	135	1262	0.682534001431639
rs1469782	C	-0.346828476231106	0.12468751288466	0.70692657256937	0.904333039732506	0.554268492983991	-2.78158147682305	0.00540947502659429	1397	135	1262	0.683249821045097
rs1469781	A	-0.313659101353979	0.126285366811914	0.730768103559338	0.937250184731038	0.570881707336153	-2.48373274966319	0.0130013340304872	1397	135	1262	0.648890479599141
rs6078096	C	-0.0259419374785565	0.126867458080332	0.974391663603181	1.2519037227029	0.760816919222548	-0.204480627822858	0.837977928937689	1397	135	1262	0.594846098783107
rs11905813	G	-0.0532081965493355	0.312914720266252	0.948182583588961	1.87627699962652	0.540812859712366	-0.170040567295977	0.864978233095642	1397	135	1262	0.964924838940587
rs7269972	T	0.0853686410844579	0.129480333470747	1.08911848652391	1.40716113927288	0.846458529595531	0.659317432973284	0.509691950091725	1397	135	1262	0.58840372226199
rs6033356	C	-0.299436525640607	0.124314606318376	0.74123577038227	0.947766540310852	0.581735225930886	-2.40869946427482	0.0160094752932268	1397	135	1262	0.680386542591267
rs6041237	A	-0.109978896418185	0.127199168242005	0.895853040804982	1.14963372115979	0.697792247683164	-0.864619619280389	0.387247600570144	1397	135	1262	0.521474588403722
rs6078500	C	0.0733886002492675	0.127074758412867	1.07614864730313	1.381636766598	0.839018978555433	0.577523035777312	0.563586181833133	1397	135	1262	0.505368647100931
rs6078732	G	0.165214124157039	0.131404803182737	1.17964568230777	1.53101215886301	0.914015050810147	1.25729136344647	0.208648150192474	1397	135	1262	0.600930565497495
rs6109597	T	0.356892992336942	0.193835301635281	1.42888296024641	2.13184543544056	0.994242332103972	1.84121772105511	0.0655896594560382	1397	135	1262	0.848604151753758
rs6109606	C	0.408966732455006	0.220700393963551	1.50526164329315	2.38337504224494	0.999220042439425	1.85304033722091	0.0638765772803092	1397	135	1262	0.87831066571224
rs16994393	G	-0.607407931831661	0.266920469717677	0.544761098482257	0.960132282172415	0.331818800674714	-2.27561390280078	0.022869128484703	1397	135	1262	0.976020042949177
rs6074578	G	-0.314154499523682	0.126510428690931	0.730406172035867	0.936850272458696	0.570147098161827	-2.48323006074994	0.0130196970764365	1397	135	1262	0.630637079455977
rs6074583	C	-0.360309644826674	0.126301911850632	0.697460327649093	0.893160481836818	0.544024236304397	-2.85276477249833	0.00433406901812907	1397	135	1262	0.579813886900501
rs8124562	G	0.398284072483344	0.30311610047537	1.48926702960661	2.84780404461461	0.858732932548625	1.3139654141061	0.188857843435896	1397	135	1262	0.936649964209019
rs4813140	G	-0.160664814481481	0.128661187492862	0.851577459707807	1.09677261476309	0.66189260584357	-1.24874344479678	0.211758925206679	1397	135	1262	0.58017179670723
rs6110044	G	0.162105836948303	0.321168446728901	1.17598469736648	2.36364999140809	0.660989561014958	0.5047377430733	0.613743047931244	1397	135	1262	0.956692913385827
rs6110061	G	0.218749287335925	0.314356657509925	1.24451922084164	2.4727342195032	0.709979865097113	0.695863383548728	0.486514390404932	1397	135	1262	0.953829634931997
rs2164169	C	-0.352493350133795	0.130236810263492	0.702933244207201	0.908129055569529	0.544653805747353	-2.70655699736993	0.00679849108847659	1397	135	1262	0.638511095204009
rs2298149	G	-0.362434486174178	0.136998503208479	0.695979908491581	0.914697789133794	0.534039420923586	-2.64553610211813	0.00815615831990944	1397	135	1262	0.784896206156049
rs6110460	C	0.0771267039013599	0.128828712584031	1.08017893060711	1.39361367021944	0.840457497621875	0.598676353697569	0.549388728655754	1397	135	1262	0.582677165354331
rs7274629	A	0.317510416474194	0.329860389552195	1.37370355393845	2.80210463182756	0.758200631296934	0.962559999717557	0.335768379366889	1397	135	1262	0.950608446671439
rs6074833	C	0.334476071376337	0.161827249500474	1.39720815607513	1.94190226394444	1.02804216848262	2.06687113825882	0.038746297983752	1397	135	1262	0.777022190408017
rs13045643	G	-0.333811658473564	0.136270258503023	0.71618865759048	0.940001823586519	0.550386396559317	-2.44962959739419	0.0143003237557776	1397	135	1262	0.780601288475304
rs6074848	G	0.336667764753517	0.159889647629114	1.40027376614885	1.93824765831039	1.03396767223648	2.10562578469411	0.0352368710719209	1397	135	1262	0.771653543307087
rs1342841	G	0.14583090608792	0.196487856599441	1.15700052976309	1.7405726190592	0.802655101361365	0.742187881794702	0.45797350970764	1397	135	1262	0.885110952040086
rs1342842	A	0.123710904454418	0.15487604518755	1.1316886575536	1.5473672108134	0.842027291107292	0.798773653502118	0.42442167008463	1397	135	1262	0.780243378668576
rs6074947	T	-0.0685351103749708	0.128192294065597	0.933760674840548	1.2045293928948	0.728155984772079	-0.534627380487481	0.59290754633506	1397	135	1262	0.667143879742305
rs4814401	A	0.00943971433772953	0.121964585384532	1.00948440896526	1.28396824703917	0.795453561373996	0.0773971748271665	0.938307588204191	1397	135	1262	0.556907659269864
rs4814402	A	0.00656914955567925	0.121981056416601	1.00659077374353	1.2803247755278	0.793145056584935	0.0538538503326587	0.957051605371107	1397	135	1262	0.557623478883321
rs10153962	A	-0.037424806264218	0.302160314642618	0.963266846630441	1.83766638573587	0.555507491472768	-0.123857450666486	0.901428142908581	1397	135	1262	0.957050823192556
rs10485818	A	0.376121879677664	0.17554708873719	1.45662465589623	2.08348815642012	1.04500197877703	2.14256973660641	0.0321476634086217	1397	135	1262	0.80100214745884
rs8124344	C	0.449172628755699	0.178940088653459	1.5670151457265	2.25858395288706	1.11773237806007	2.51018445411403	0.0120668112559079	1397	135	1262	0.799212598425197
rs10485819	T	0.434274639322858	0.179672797398172	1.54384280984218	2.22813405738714	1.09950836137393	2.41703054447615	0.0156477039983206	1397	135	1262	0.802075876879026
rs6110962	C	0.466213369310634	0.339957219324565	1.59394706245358	3.35191858508045	0.869748626759669	1.37138834773657	0.170253927895428	1397	135	1262	0.948103078024338
rs7268977	G	0.282877891976059	0.266907357939097	1.3269431215217	2.3515295460932	0.818235437908342	1.05983549558273	0.289219445371589	1397	135	1262	0.931281317108089
rs2050980	A	0.117510294224315	0.12676180149716	1.12469320772831	1.44497371281058	0.878525393839338	0.927016599925395	0.353917915579447	1397	135	1262	0.561560486757337
rs12624551	C	0.415717853485709	0.202593603995481	1.51545822728823	2.29993516136891	1.03646930180559	2.05197916067963	0.040171687718757	1397	135	1262	0.849319971367215
rs1978761	T	0.0581705434588421	0.128751186968466	1.05989573858286	1.36907079358257	0.82582357953122	0.451805881005893	0.651408832641376	1397	135	1262	0.642448103078024
rs16999397	T	-0.267332329978687	0.128787344866681	0.765418657626867	0.988534236091456	0.59615382922126	-2.07576552071499	0.0379156427282053	1397	135	1262	0.720114531138153
rs6075074	T	-0.0290021071109964	0.127381656606691	0.971414417586447	1.24832349940336	0.757141688213415	-0.227678834485129	0.819895927952066	1397	135	1262	0.554760200429492
rs10222024	A	-0.0305358648439516	0.127302121257062	0.969925645211491	1.24621497994419	0.756098170092583	-0.239869253885333	0.810431616927223	1397	135	1262	0.55511811023622
rs371791	A	-0.374861744818504	0.126747411830382	0.687384306663849	0.882444698361017	0.536517417948466	-2.95754950262934	0.00310094953346529	1397	135	1262	0.668933428775948
rs12479791	A	0.348189842992063	0.192329274160059	1.41650113703015	2.10286822924338	0.986876759066197	1.81038401206825	0.0702362568880084	1397	135	1262	0.842161775232641
rs401906	A	0.0864096296151619	0.127127371329774	1.09025283669728	1.40145445917665	0.850851782030437	0.679709087911618	0.496688680533024	1397	135	1262	0.561560486757337
rs406449	A	-0.34181791082843	0.125967127779434	0.710477563202332	0.911439296677049	0.555816057367293	-2.71354850153403	0.00665668229624137	1397	135	1262	0.695060844667144
rs448294	T	-0.217393141251453	0.127538192583401	0.804613580326391	1.03387753196675	0.626684420173474	-1.70453365260993	0.0882814345499913	1397	135	1262	0.589835361488905
rs434609	T	-0.288746249262203	0.130086591905131	0.749202291918686	0.969201130136013	0.581566011595452	-2.21964650648069	0.0264427727114989	1397	135	1262	0.694345025053686
rs376396	A	-0.211857134367056	0.129882157083972	0.809080279076164	1.04523516414413	0.62775187134837	-1.63114887466863	0.102858909974098	1397	135	1262	0.630994989262706
