RSID	effectAllele	B	SE	OR	OR_u95	OR_l95	Z	P	N	Ncase	Ncont	AFREQ
rs28783163	C	1.30468910742132	0.714245173171948	3.68654279673014	22.3686595361496	1.1704604107056	1.8266684276314	0.0677496380737571	1397	138	1259	0.974588403722262
rs12627229	T	0.316253792535133	0.389495552364721	1.37197840932342	3.34310647595226	0.701506832429258	0.811957391079513	0.416816081184286	1397	138	1259	0.969219756621331
rs11184136	C	-0.41768668767279	0.49925740699801	0.658568533744074	2.24939181236267	0.276642741889166	-0.836615905579254	0.402808502141241	1397	138	1259	0.993915533285612
rs12482818	A	-0.515932302455511	0.525894672488538	0.596943802936161	1.98055064333663	0.234317482910373	-0.981056339692728	0.326564959231498	1397	138	1259	0.991052254831782
rs469863	A	0.159714054412349	0.148231653962193	1.1731753587076	1.58416901048975	0.884740170604157	1.07746254017434	0.281273677281612	1397	138	1259	0.776664280601288
rs28555476	A	11.3568369714151	378.59287856322	85548.3482246536	NA	1.31365255587729e-21	0.0299974923313796	0.976069053101755	1397	138	1259	0.999284180386543
rs240444	T	0.0942708969138776	0.159782308457004	1.09885738267467	1.52304476854533	0.812474472334381	0.589995837613304	0.55519344008428	1397	138	1259	0.830350751610594
rs3902756	C	11.4784886107781	402.170066178062	96614.9346041256	NA	1.57364816573116e-18	0.0285413798193919	0.977230365136809	1397	138	1259	0.998568360773085
rs1640130	G	-0.572819669968271	0.305449657329866	0.563933089608201	1.10328838727037	0.32225187473269	-1.87533250151812	0.0607469947051671	1397	138	1259	0.987473156764495
rs28640965	G	11.4653615506402	565.009292644725	95354.9525705881	NA	9.20996864808063e-28	0.0202923415595035	0.983810165080771	1397	138	1259	0.998210450966357
rs28437280	T	-0.188490592425273	0.565111520301526	0.828208294833416	3.81617355356982	0.328838325196724	-0.333545832377829	0.738722298894366	1397	138	1259	0.994631352899069
rs2987513	G	2.01820990675455	0.97522966734996	7.52484269994418	128.705619324408	1.84048228159655	2.06947140178655	0.0385018722671249	1397	138	1259	0.965282748747316
rs1752238	C	1.4231320373973	1.00387069234583	4.15009836925779	73.0524265225891	0.931049417783832	1.41764477063449	0.156294502116727	1397	138	1259	0.985325697924123
rs4293623	G	0.127644359057583	0.288317956999852	1.13614886978344	2.11711123144635	0.675406252071124	0.442720808602459	0.657967689430364	1397	138	1259	0.950608446671439
rs8132287	A	0.0177020862601993	0.244263410323131	1.01785969682759	1.71365793774926	0.651927639205028	0.0724712974275663	0.94222684672521	1397	138	1259	0.940944881889764
rs469072	C	10.852500479172	415.491767538195	51663.1726683168	NA	9.35995337188729e-15	0.0261196522459964	0.979161902183878	1397	138	1259	0.996778811739442
rs450541	C	-0.0488339158582128	0.3101730319571	0.952339285017438	1.91588374870902	0.552244648962788	-0.157440882432896	0.874897395675072	1397	138	1259	0.972798854688618
rs11910737	C	-0.15156709428998	0.570436204996897	0.859360222174673	4.0207430357215	0.340043671753026	-0.265703847270361	0.790467300170647	1397	138	1259	0.994273443092341
rs11088764	A	0.252466216787311	0.390533997071406	1.28719600980367	3.381233818112	0.676576017529868	0.646464120103606	0.51797882646756	1397	138	1259	0.978167501789549
rs12483499	A	12.4831708005552	382.804220189459	263859.172039599	NA	1.06032804568964e-08	0.0326098045480715	0.973985751091229	1397	138	1259	0.995705082319256
rs28473588	A	0.157160370102462	0.310731050811676	1.17018326126351	2.28641615621798	0.667577615766385	0.50577620000298	0.613013768125917	1397	138	1259	0.953829634931997
rs1736316	A	-0.0476576203210568	0.119540522395442	0.953460176588894	1.20975490348665	0.756494000254699	-0.398673348301126	0.690133908215909	1397	138	1259	0.675017895490336
rs2259303	A	11.8602993040206	395.513365933914	141534.573798808	NA	8.91672628168585e-07	0.0299871011337763	0.976077340349706	1397	138	1259	0.990336435218325
rs2775535	C	0.0913127669453801	0.162960457832484	1.09561162277653	1.53008512057774	0.805927159352513	0.560336956338486	0.575249624305082	1397	138	1259	0.842161775232641
rs3965725	A	-0.0639256744775828	0.136307757993377	0.938074719833316	1.23197742718864	0.721276172270973	-0.468980455835014	0.639083605981395	1397	138	1259	0.736936292054402
rs2775537	A	-0.00058566475315498	0.11979400635734	0.999414506714971	1.26616336227533	0.791094842856679	-0.00488893201724944	0.996099212163843	1397	138	1259	0.576234788833214
rs2801233	T	-0.108449450588843	0.125490438359476	0.897224247828081	1.14782310288842	0.701386054393193	-0.864204890879275	0.387475345943876	1397	138	1259	0.53579098067287
rs2259138	G	-0.00447794207056985	0.274216408018784	0.995532068963506	1.79562319288456	0.605676085105813	-0.0163299567043527	0.986971158730982	1397	138	1259	0.95311381531854
rs2259468	T	-0.0980573488396374	0.125451837723307	0.906596909982238	1.16017811259238	0.709037674366287	-0.781633419001083	0.434430040956791	1397	138	1259	0.55511811023622
rs2801294	C	-0.149319360474958	0.1279068482581	0.861294007708735	1.1092811770544	0.671380939261699	-1.16740708186047	0.243046012542139	1397	138	1259	0.652111667859699
rs2260810	A	-0.0367705848693674	0.128844834968675	0.963897242597236	1.24443153446894	0.75037435424866	-0.285386564997403	0.775347999335226	1397	138	1259	0.645669291338583
rs2260895	G	-0.11674530943846	0.12729098692153	0.889811790970732	1.14460651466614	0.69444179512366	-0.91715299144023	0.35906247600708	1397	138	1259	0.641732283464567
rs3875478	C	12.5838246014167	492.636353056356	291800.200275784	NA	4.15145735174879e-11	0.0255438408541018	0.979621179938267	1397	138	1259	0.993557623478883
rs2821796	C	-0.165433761950484	0.121473249087733	0.847525999814855	1.07767683549619	0.668912616750644	-1.36189459978139	0.173231150693594	1397	138	1259	0.644953471725125
rs2742182	T	-0.0903158405037972	0.128155930427955	0.913642574365142	1.17717039788724	0.711790309494088	-0.704733992427842	0.480975793019663	1397	138	1259	0.632068718682892
rs1148737	A	0.0131024746205263	0.128314729150133	1.01318868816656	1.30625366409774	0.789315560024911	0.102112007774228	0.918667770011004	1397	138	1259	0.616678596993558
rs2259207	A	-0.0579291205235347	0.149541412154909	0.943716835221497	1.27672998564311	0.709341125519346	-0.387378450482508	0.698476054882521	1397	138	1259	0.809949892627058
rs1296971	T	0.0136390287157436	0.128029891624927	1.01373246457611	1.30657100752432	0.790373878095168	0.10653003406189	0.915161827250116	1397	138	1259	0.627415891195419
rs1296972	C	0.0557322933590773	0.1269937437357	1.05731459570721	1.35985927003217	0.82596162984982	0.438858574600869	0.660764014677341	1397	138	1259	0.61059413027917
rs2259605	A	0.0126510415808823	0.153553081828587	1.01273140454156	1.3856049264514	0.757400828119523	0.0823887181567923	0.934337607156424	1397	138	1259	0.835003579098067
rs2821807	C	0.321038228674687	0.225603282236952	1.37855828034247	2.22945817313836	0.914226953697757	1.42302109034699	0.154730041473499	1397	138	1259	0.907659269863994
rs17239865	C	-0.134748200775458	0.261314762402318	0.873935940377432	1.52966560567698	0.542975864488314	-0.515654758792389	0.606095557743059	1397	138	1259	0.955977093772369
rs3126383	A	-0.219050866372357	0.125536077975001	0.803280857131223	1.03143513740706	0.629990385743215	-1.74492361005558	0.0809981669664365	1397	138	1259	0.729420186113099
rs2821821	T	-0.0363557908039008	0.135092315233789	0.964297144385896	1.26411918438929	0.74358362293532	-0.269118126674963	0.787838781773792	1397	138	1259	0.742662848962062
rs2257596	C	0.138988350431238	0.129992768891375	1.14911071328136	1.48910686071779	0.893844315495297	1.06920063028568	0.284979274788054	1397	138	1259	0.654259126700072
rs9305799	T	0.0379996407320854	0.215717122065925	1.03873085969576	1.63549304435564	0.697917321668628	0.176154958717057	0.860172205109868	1397	138	1259	0.920901932712956
rs2792539	A	0.823365967035245	0.580800662585294	2.27815514166203	9.2052192861757	0.869425697969873	1.41763951055123	0.156296038607172	1397	138	1259	0.975662133142448
rs17305633	A	-0.0828295068837574	0.275843362389329	0.920508074132351	1.66433352266507	0.557698817416375	-0.300277324660981	0.763965627930955	1397	138	1259	0.956692913385827
rs2821847	T	-0.0150826075800215	0.132165628989921	0.985030565250797	1.28161568145489	0.762725588978563	-0.114118986118332	0.909143471799602	1397	138	1259	0.68790264853257
rs2257224	G	0.180089912286386	0.12996070263584	1.19732501251166	1.55192904905277	0.931654437350118	1.38572590509157	0.165830614877311	1397	138	1259	0.652111667859699
rs2821849	T	-0.0681917364456177	0.131793326396048	0.934081358966677	1.21496388269648	0.724074102305057	-0.517414184089236	0.604867060286596	1397	138	1259	0.713314244810308
rs2775817	A	-0.0107086736023747	0.311746759026935	0.989348460118797	1.97490442625199	0.569265412462069	-0.0343505531085552	0.972597613081281	1397	138	1259	0.967788117394417
rs2821850	A	0.103347185718394	0.14002140442504	1.10887632827756	1.46926609863951	0.847703343632575	0.738081339369226	0.460465022627166	1397	138	1259	0.73765211166786
rs2257226	T	0.0571501049055684	0.135317383329063	1.05881473175309	1.3888171447858	0.816211929509491	0.422341191497856	0.672775996124188	1397	138	1259	0.724051539012169
rs7410107	G	0.0113611351786284	0.13713443316566	1.01142591797783	1.33142100970208	0.776924577116321	0.082846699522242	0.933973435881577	1397	138	1259	0.736936292054402
rs2747351	G	-0.229308166579626	0.127514719944894	0.795083477592206	1.02468999407649	0.621043892387033	-1.79828781084037	0.0721314103414919	1397	138	1259	0.72655690765927
rs446549	G	0.0447450156298646	0.139554968230185	1.04576117315564	1.38381421892435	0.799832189419853	0.320626461367261	0.748493482218578	1397	138	1259	0.741589119541875
rs455947	T	0.0963352326688635	0.128999951101304	1.10112813625186	1.42304863808203	0.857572041221912	0.746785032447115	0.455193331857257	1397	138	1259	0.63815318539728
rs464653	G	-0.251033163908435	0.128150670167908	0.777996569724114	1.00386377427671	0.606904949420785	-1.95889076178471	0.0501255811659121	1397	138	1259	0.730493915533286
rs461083	A	-0.203917721393361	0.128852282397931	0.815529469055282	1.05440839518316	0.635680821410192	-1.58256972712061	0.113519568013462	1397	138	1259	0.738367931281317
rs3132414	A	-0.263099666553938	0.144922490138529	0.76866528327338	1.02806638863064	0.581756726913371	-1.8154509096721	0.0694546434993949	1397	138	1259	0.810665712240515
rs459504	G	0.0683589164942463	0.186789094698173	1.0707495491939	1.57778830640845	0.755816340918496	0.365968455517736	0.714388614018161	1397	138	1259	0.887616320687187
rs2821867	T	0.215543593768274	0.223824267991599	1.24053606138596	1.97472611721784	0.817739845431962	0.963003680085149	0.335545676461249	1397	138	1259	0.899785254115963
rs16998778	G	0.202919102918595	0.256842912072495	1.22497336746884	2.11142823942602	0.765640870362251	0.790051402552702	0.429497749457462	1397	138	1259	0.929849677881174
rs467453	G	-0.441877428222988	0.931165133879912	0.642828423249004	9.97315399230491	0.132882833844853	-0.474542497507187	0.635113100357102	1397	138	1259	0.997852541159628
rs59682	C	-0.243190424253347	0.128405300693708	0.784122183672613	1.01238995569162	0.611443491606718	-1.89392823302085	0.0582345364239394	1397	138	1259	0.732283464566929
rs8128906	G	-0.0414160217214667	0.217449405637713	0.959429903230095	1.51198047019493	0.641192957618054	-0.19046279570186	0.848946494248254	1397	138	1259	0.923407301360057
rs1782851	G	-0.0343474439238045	0.168863904052664	0.966235733575483	1.36353929765839	0.701832896010556	-0.203403113983983	0.838819966078113	1397	138	1259	0.855762347888332
rs459902	T	0.0631661114321352	0.124865254297772	1.06520376705929	1.36450054176985	0.835710336083365	0.505874206458589	0.612944960648047	1397	138	1259	0.612025769506084
rs3132407	T	-0.132170289972022	0.153418018587747	0.876191775701482	1.1935842796876	0.653201537856144	-0.861504347329501	0.388960327853853	1397	138	1259	0.816750178954903
rs3119486	T	-0.19247027632367	0.135838147783523	0.824918837459724	1.08266297643285	0.634987794157322	-1.41690886885766	0.156509573186944	1397	138	1259	0.771653543307087
rs17305640	T	-0.309266147960457	0.23582009876426	0.733985395312158	1.20588743530257	0.47448416306807	-1.31144948874616	0.189705948362889	1397	138	1259	0.952397995705082
rs468843	A	-0.0708680985069589	0.129456846769925	0.93158476144502	1.20502044263119	0.724821026070228	-0.54742642258936	0.584085806613654	1397	138	1259	0.681818181818182
rs469131	C	-0.459084236455164	0.302537857669999	0.631862016841205	1.22648593220787	0.364707861441102	-1.51744393244141	0.129154639118683	1397	138	1259	0.981746599856836
rs4484114	A	-0.163924100867409	0.204525854673257	0.848806443108188	1.29670021665271	0.579104160549221	-0.801483514782459	0.42285178392459	1397	138	1259	0.919112383679313
rs3133509	T	-0.115404060059276	0.145502658645686	0.891006051204326	1.19415895286228	0.674193863840011	-0.793140559309621	0.427695934331988	1397	138	1259	0.798138869005011
rs469000	T	-0.261784624083644	0.13262295049577	0.769676775698306	1.00265457726183	0.595583903384281	-1.97390137306585	0.0483929586201242	1397	138	1259	0.757695060844667
rs468064	A	0.0442960916066693	0.138856870545721	1.04529181120429	1.38134834342555	0.800589859556799	0.319005400543605	0.749722417535535	1397	138	1259	0.741589119541875
rs3126409	G	-0.196526957135398	0.146996929554606	0.821579183575443	1.10434031784145	0.61980554254274	-1.33694600105503	0.181240263711907	1397	138	1259	0.813886900501074
rs467489	C	-0.100678168995232	0.195271158763042	0.904223993379624	1.35016022163871	0.626013456406847	-0.515581356883343	0.606146833988879	1397	138	1259	0.896921975662133
rs469471	G	0.0857321434657806	0.109930552827629	1.0895144556508	1.35275715144082	0.878565033987112	0.779875487392556	0.435464168103604	1397	138	1259	0.503221188260558
rs469388	A	-0.166738712567247	0.175684340062827	0.846420741549246	1.21314579201399	0.607604548695723	-0.949081247125493	0.34257929131772	1397	138	1259	0.887974230493916
rs468601	G	0.137380525652782	0.110658987907352	1.147264629091	1.42645767642868	0.923791276214743	1.24147643359798	0.214429798701587	1397	138	1259	0.484609878310666
rs468732	T	0.278984076431415	0.121960573826919	1.32178629614722	1.68536490879196	1.04404509405577	2.2874939636422	0.0221670073699929	1397	138	1259	0.58840372226199
rs7281054	A	0.29194993462722	0.325407646771789	1.33903597662576	2.71142221884342	0.746340434223306	0.897182157590681	0.369621724418702	1397	138	1259	0.952397995705082
rs2821889	A	-0.173540514673381	0.185301420336782	0.84068309047108	1.22869336972046	0.592554224544994	-0.936530947026602	0.348999886540917	1397	138	1259	0.894058697208304
rs8133968	G	0.148525421523476	0.11288537029102	1.16012228947558	1.44968511299915	0.93066560098047	1.31571895579184	0.188268389487447	1397	138	1259	0.515390121689334
rs7278176	G	0.273108344431131	0.131348098428159	1.31404260631123	1.70880739775411	1.02023922552689	2.07927139942958	0.037592412341381	1397	138	1259	0.646027201145311
rs12626247	T	-0.341910623790135	0.200944597502122	0.710411695776652	1.07221461118429	0.486006648656713	-1.70151687599625	0.0888459716122276	1397	138	1259	0.918754473872584
rs2821912	A	0.283162455218561	0.133248608246662	1.3273207744895	1.73364973269267	1.02732546047983	2.12506876390324	0.0335808755205078	1397	138	1259	0.663206871868289
rs2821923	A	0.28985087728293	0.133226671653935	1.33622821118601	1.74470776107615	1.0340035039015	2.17562199584056	0.0295835372292538	1397	138	1259	0.6546170365068
rs10482849	T	-0.309911803932351	0.169069946686424	0.733511646214317	1.03470236072511	0.532036593361121	-1.83303898774599	0.0667967733007867	1397	138	1259	0.886900501073729
rs2775671	C	0.941931447366678	0.660392554389545	2.56493066576532	14.5026633773661	0.924025082286798	1.42632051361842	0.153775845919806	1397	138	1259	0.97780959198282
rs10222103	T	0.198551873791809	0.121193231855413	1.21963529288059	1.55014216587629	0.963270115052184	1.63830826814394	0.101357403777899	1397	138	1259	0.540801717967072
rs2821945	T	0.0661831355869569	0.131012813944498	1.06842236540738	1.38916766319686	0.830389927533637	0.505165362030881	0.613442696532154	1397	138	1259	0.710450966356478
rs7281173	T	-0.147734716658164	0.163317820672555	0.862659933899908	1.20310254391364	0.632899831184873	-0.904584178565334	0.365685720229283	1397	138	1259	0.863278453829635
rs8130901	G	0.244528079376087	0.122451352296531	1.27701851960419	1.62622590793488	1.00560647828821	1.99694062000991	0.0458316338983167	1397	138	1259	0.501789549033643
rs2821973	T	0.139759692739408	0.139980963335125	1.1499974129218	1.52370028355137	0.879257485395319	0.998419280804725	0.318076088006305	1397	138	1259	0.730493915533286
rs4586716	C	0.140183559699151	0.123782483882943	1.15048496214963	1.46776509372203	0.902909383715894	1.13249916548546	0.257424635030282	1397	138	1259	0.492125984251969
rs2261599	C	-0.692895430840925	0.612275996693961	0.50012589070532	2.36132792662692	0.160180622567035	-1.1316717208943	0.257772474846556	1397	138	1259	0.997494631352899
rs2821990	G	0.104255779978203	0.139808794027584	1.10988430479577	1.46890089092429	0.848278286815009	0.745702591194899	0.455847093549638	1397	138	1259	0.722977809591983
rs12162499	G	-0.17293783773788	0.36655402505915	0.84118990348669	1.99809575512827	0.447361007620922	-0.471793585433887	0.637074129932615	1397	138	1259	0.986041517537581
rs2150358	G	0.159283009251556	0.142261286776618	1.17266977611876	1.56022962303573	0.89237348120699	1.11965112126159	0.262862461722555	1397	138	1259	0.724051539012169
rs2334600	A	-0.332558151394831	0.168575574108659	0.71708696804411	1.01049496083834	0.520580591820348	-1.97275407871649	0.0485235873738312	1397	138	1259	0.88940586972083
rs2821997	G	0.193402038921579	0.139378467443635	1.2133705176449	1.60560044947505	0.928739891605484	1.38760342590071	0.165257837681747	1397	138	1259	0.715819613457409
rs3895431	A	0.409159664075564	0.189164040264748	1.50555208387804	2.23239174899948	1.0597396153826	2.16298860768102	0.0305420558484159	1397	138	1259	0.848604151753758
rs6517933	C	0.251887761615044	0.215878395499352	1.28645163992714	2.02315478014109	0.863702076651893	1.16680393622714	0.243289557047756	1397	138	1259	0.898353614889048
rs3852966	G	-0.333176041502108	0.167528540900534	0.716644023959975	1.00833892481635	0.521539398666356	-1.98877182187078	0.0467263943412574	1397	138	1259	0.893342877594846
rs7283278	A	0.0987434151223991	0.189503715802357	1.10378304918298	1.62516882988116	0.771360556571759	0.521063213480118	0.602322736172009	1397	138	1259	0.862920544022906
rs9976705	G	0.135381855843778	0.156049447649146	1.14497391586614	1.56904576396778	0.849930633841295	0.867557417749819	0.385636666179573	1397	138	1259	0.783464566929134
rs2334639	A	0.234321711265415	0.178198201998891	1.26405108627584	1.81662099964217	0.901713672268352	1.31494991889353	0.188526734325698	1397	138	1259	0.826413743736578
rs7282547	G	-0.753463870056058	0.12691339057401	0.470733166934751	0.602443221238527	0.366076655130109	-5.93683508610285	2.90576686003839e-09	1397	138	1259	0.599856836077309
rs3865612	T	0.0574281235040827	0.123974701640918	1.05910914286488	1.35158748301539	0.830774294671835	0.463224534876626	0.643203431677189	1397	138	1259	0.511811023622047
rs2775018	G	0.0686825844914131	0.165106535126981	1.07109617264839	1.49545743337619	0.781608368418753	0.415989496954742	0.6774176888128	1397	138	1259	0.813171080887616
rs1929150	C	-0.0645266174993079	0.144158429353319	0.937511159727292	1.25529924833855	0.712266728044197	-0.447609049215977	0.654435371163961	1397	138	1259	0.811739441660702
rs2822068	T	-0.114089048586311	0.155524056715262	0.892178505110354	1.22304656399932	0.663600752698896	-0.73357814215963	0.463205886606774	1397	138	1259	0.838940586972083
rs2775862	C	0.0761534047437006	0.215794363174137	1.07912810483071	1.68973092316518	0.721956486943615	0.352898025803613	0.724164890918767	1397	138	1259	0.906943450250537
rs17207824	T	0.0379814298478665	0.290512324314426	1.03871194366058	1.95718504465764	0.617070946096367	0.130739478738116	0.895981400848933	1397	138	1259	0.95848246241947
rs17004452	G	0.263057403942001	0.248451624896282	1.30090139367654	2.20921670494861	0.8276163298144	1.05878721482227	0.289696697589335	1397	138	1259	0.924481030780243
