RSID	effectAllele	B	SE	OR	OR_u95	OR_l95	Z	P	N	Ncase	Ncont	AFREQ
rs9755941	C	-0.354257341817329	0.116652749286071	0.701694368814532	0.882782514811833	0.558436332649426	-3.03685377314661	0.00239061396089301	1397	144	1253	0.647100930565497
rs13060385	A	-0.0252817119072185	0.124591431709848	0.975035194310329	1.24548443037195	0.763759093744512	-0.202916938671154	0.839199954553603	1397	144	1253	0.526485325697924
rs13072188	C	-0.34677660631712	0.114124890390302	0.706963241740889	0.884461373033719	0.565082908071518	-3.03857121028689	0.00237702918846198	1397	144	1253	0.612025769506084
rs9713920	T	0.544128106739153	0.17173433116412	1.72310536328157	2.45113511786858	1.24766213157108	3.16842941682493	0.00153264959365465	1397	144	1253	0.789549033643522
rs9683305	C	-0.35858281230613	0.133453712673536	0.698665765319606	0.911878789392972	0.539865787377719	-2.68694519712105	0.00721087825917565	1397	144	1253	0.793843951324266
rs9681213	G	-0.311676435945169	0.13390856312949	0.732218409460707	0.956600961149504	0.565343905666972	-2.32753177736496	0.0199369797193834	1397	144	1253	0.785612025769506
rs11928872	A	-0.5630546397979	0.638669652709934	0.569466888123774	2.48005763012819	0.185137847296319	-0.881605439382954	0.377990212620232	1397	144	1253	0.993557623478883
rs13089679	T	-0.451364872508821	0.142962405954279	0.63675846412806	0.846879220491698	0.482975021637431	-3.15722773057676	0.0015927690203899	1397	144	1253	0.819971367215462
rs9682794	T	0.167427608459488	0.133075003084271	1.18225970148593	1.54277172685324	0.914898007802041	1.25814468967897	0.2083394337248	1397	144	1253	0.688260558339298
rs12637617	T	0.446933500994551	0.152891895877252	1.56351032394778	2.12869611209527	1.16769350749059	2.92319941766807	0.00346454550372402	1397	144	1253	0.727630637079456
rs1516319	C	-0.297422547340154	0.36669921224157	0.74273010741542	1.71432533098909	0.388570769764671	-0.811080409805248	0.417319495144232	1397	144	1253	0.985683607730852
rs17075464	A	-0.197047514415421	0.225273362639787	0.82115161584672	1.30937754807855	0.538783875233655	-0.874704013410149	0.381734975821848	1397	144	1253	0.932712956335004
rs9284831	A	-0.14470600902048	0.144001744497853	0.865276639247902	1.15586449248853	0.656445643849543	-1.00489066660326	0.314949499162887	1397	144	1253	0.804581245526127
rs6790898	T	0.229579729273347	0.495074642327275	1.25807116832485	4.0182469907639	0.542444074580982	0.463727506208207	0.642842987606173	1397	144	1253	0.982462419470293
rs1516320	T	-0.275828813218512	0.161112914820872	0.758942840623719	1.0503491684693	0.557584358178461	-1.71202174279562	0.0868926616301435	1397	144	1253	0.857193987115247
rs1548188	G	-0.083402765235574	0.151884314205993	0.919980536413088	1.24980082718234	0.688090133899656	-0.549120333271934	0.582922872076134	1397	144	1253	0.817823908375089
rs1400174	A	-0.0167255737726643	0.128985334807163	0.983413522070754	1.2717160008997	0.766352650198653	-0.129670352041723	0.896827240127201	1397	144	1253	0.697924123120974
rs1516321	A	-0.38725954988169	0.167192751710929	0.678914859785187	0.953513700509345	0.493902967939033	-2.31624604487191	0.0205448384408034	1397	144	1253	0.896564065855404
rs41342346	C	0.063115419922297	0.31612671666688	1.06514977164062	2.09969775370707	0.600105516947646	0.199652280540417	0.841752536881081	1397	144	1253	0.959556191839656
rs1949341	C	0.61272051483821	0.18471129357163	1.84544513659248	2.69989475122522	1.30564135961559	3.31717949125076	0.000909311786983376	1397	144	1253	0.8067287043665
rs13088719	G	0.466232214413047	0.159107872500201	1.59397710083225	2.20171131945644	1.17833908480158	2.93029004213765	0.00338645754768684	1397	144	1253	0.756263421617752
rs17075510	C	0.502214257279736	0.176949042074349	1.65237600854773	2.37676559063402	1.18515457478274	2.83818579288336	0.00453707647686857	1397	144	1253	0.807802433786686
rs1400176	T	0.177987559578208	0.195964003812812	1.19481045719629	1.79358287828799	0.829058085594168	0.908266600575404	0.36373738409526	1397	144	1253	0.885468861846815
rs9817072	G	-0.264895185231491	0.174498542707366	0.767286368704363	1.09488171952474	0.5510674357775	-1.51803666163402	0.129005156745165	1397	144	1253	0.89226914817466
rs6800996	T	0.330551174837914	0.130323403577144	1.39173500641903	1.80429222059829	1.08175251719423	2.53639151345712	0.0112001439319828	1397	144	1253	0.609520400858984
rs7630409	T	-0.534565164890936	0.150813866599512	0.585924015092111	0.793165228313524	0.438417228763635	-3.5445359033893	0.000393304934537879	1397	144	1253	0.87294201861131
rs990284	G	0.0401128088045121	0.120764627228683	1.04092819343439	1.32025499105991	0.821831988302902	0.332156938045719	0.739770757970415	1397	144	1253	0.528632784538296
rs17030598	T	-0.0262495078297746	0.123482977354539	0.97409201570075	1.24180072528513	0.764810926311936	-0.212575922545243	0.831657753232891	1397	144	1253	0.537222619899785
rs17042559	A	0.11807215835986	0.230101501897585	1.12532531006641	1.81522273121875	0.733046046519585	0.513130759191706	0.607859856459033	1397	144	1253	0.915533285612026
rs1015456	T	-0.0745679647683443	0.123147643887198	0.928144390796777	1.18170772595147	0.728758556614003	-0.605516779814707	0.544835678855603	1397	144	1253	0.513600572655691
rs17042667	T	-0.274858868944119	0.193773777940707	0.759679330005662	1.13383922774301	0.528212744268889	-1.4184523409985	0.156058743608503	1397	144	1253	0.925554760200429
rs17042708	A	0.576039128703939	0.171760478563058	1.77897815405014	2.52908342401973	1.2873686963748	3.3537350007584	0.0007972867953296	1397	144	1253	0.781317108088762
rs954824	T	-0.0768982999107206	0.126988226417887	0.925984021475629	1.18999853642104	0.722869553233007	-0.605554562654237	0.544810582392057	1397	144	1253	0.620615604867573
rs7624034	G	-0.613867333941622	0.150145416072538	0.541253607835039	0.730169322143236	0.404764385477888	-4.08848534972957	4.34198962832397e-05	1397	144	1253	0.854330708661417
rs4685781	C	-0.280016482656508	0.126767727338253	0.755771284234585	0.968807941806859	0.589067580094888	-2.20889408160914	0.0271820089617594	1397	144	1253	0.560486757337151
rs1123956	A	0.448421952534776	0.133384360814091	1.56583926612642	2.04203008047868	1.20974721380438	3.36187803276111	0.000774143095340408	1397	144	1253	0.584108804581245
rs9860846	A	-0.287209843431537	0.112258896788177	0.750354255403441	0.935063415019847	0.601801510560774	-2.55845952213014	0.010513705928592	1397	144	1253	0.578740157480315
rs9311804	C	-0.045866785044213	0.129642815194713	0.955169196538053	1.23458265296593	0.742170413535919	-0.353793497737029	0.723493646800354	1397	144	1253	0.641374373657838
rs6778252	C	-0.311133860517179	0.203607295808699	0.732615800975289	1.11501879502836	0.499754714545991	-1.52810762149461	0.126485819493933	1397	144	1253	0.929491768074445
rs2176252	C	-0.243627082175413	0.213292333165559	0.783779865252708	1.21829356990849	0.525567727575823	-1.14222146928417	0.253361974083405	1397	144	1253	0.930207587687903
rs17047323	T	0.144707773468647	0.448061649715544	1.15570179419026	3.2220425492188	0.532184273635432	0.322963979533879	0.74672252161142	1397	144	1253	0.979957050823193
rs17047339	A	0.648166606209159	0.175267386898329	1.91203210577042	2.74200279482999	1.37632359210105	3.69815866876109	0.000217169129358104	1397	144	1253	0.780959198282033
rs6795871	A	-1.0708472940038	0.245763694843739	0.342718011448008	0.563693582431765	0.213800335698863	-4.35722328590749	1.31722871888877e-05	1397	144	1253	0.967430207587688
rs17047384	C	-0.352080111542295	0.173782555208052	0.70322378337782	0.999225332973353	0.504557608326794	-2.0259807500286	0.0427667573371062	1397	144	1253	0.8840372226199
rs6443038	A	0.570170538958326	0.149486218665362	1.76856863556992	2.38954517753827	1.32860499706583	3.81420136283401	0.000136624038057811	1397	144	1253	0.683607730851825
rs13317301	G	0.592712199264311	0.407945235123786	1.80888783254536	4.54784341850576	0.891552378102757	1.45292100074281	0.146245689365739	1397	144	1253	0.962419470293486
rs6788514	T	0.116198381641646	0.225490273724989	1.1232186759973	1.80124434439355	0.740140891905557	0.515314384616709	0.606333348710853	1397	144	1253	0.918754473872584
rs7648695	C	0.130237854856505	0.246262569502144	1.13909929140345	1.91890240437679	0.725333429177599	0.528857694938375	0.596904170998554	1397	144	1253	0.933070866141732
rs17049025	A	-0.32228954286385	0.193899984029527	0.724488389515078	1.07918081516492	0.50274907044146	-1.66214321510605	0.096484062475979	1397	144	1253	0.922333571939871
rs994518	G	0.721314204762673	0.155658289987972	2.05713493147225	2.81658935289833	1.5284661659612	4.63395945579518	3.58737283802077e-06	1397	144	1253	0.682176091624911
rs1112442	A	0.657692290594295	0.143333706406133	1.93033254386336	2.57341099272166	1.46600328245982	4.58853892140861	4.46359093171349e-06	1397	144	1253	0.626700071581961
rs1516318	C	0.188538739460004	0.248840689722186	1.20748385935324	2.04365689123455	0.765095935548884	0.757668449120981	0.448649491560201	1397	144	1253	0.929491768074445
rs17325178	C	0.234023062821301	0.26847891157429	1.26367363575095	2.24532464052665	0.776415453986741	0.871662736745508	0.38339239442768	1397	144	1253	0.938797423049392
rs11711363	G	-0.468024391818144	0.151947154107172	0.626238248381792	0.849376117800245	0.467471513344275	-3.08017872771763	0.00206876410615284	1397	144	1253	0.857909806728704
rs12715640	A	0.218082457305945	0.237767366854434	1.24368961468619	2.05651650879184	0.804386279152885	0.917209372299857	0.359032936525719	1397	144	1253	0.9226914817466
rs7628020	C	0.638330850481284	0.140104497011495	1.8933180095436	2.50448259553324	1.4451138176796	4.55610536490427	5.21108038489859e-06	1397	144	1253	0.590551181102362
rs17325283	G	-0.0740454502270326	0.306821529056372	0.928629486461138	1.78536934772769	0.52995209586413	-0.241330686457234	0.809298829257672	1397	144	1253	0.960987831066571
rs13085684	A	0.467232864525117	0.146422158767061	1.59557291248824	2.14276474544492	1.20574843197397	3.19099833289868	0.00141782098345364	1397	144	1253	0.696492483894059
rs1516316	C	0.00425923333257493	0.130029501156454	1.00426831675843	1.29852023318525	0.779454483522035	0.0327558999665016	0.973869246052707	1397	144	1253	0.610236220472441
rs13320877	G	-0.182023912572889	0.20347463215529	0.833581407101251	1.27248878850261	0.570351522968724	-0.8945779168873	0.371012761022178	1397	144	1253	0.927344309234073
rs6770573	G	0.67774409821307	0.15993440080745	1.96942987677596	2.72487155773053	1.45370980882244	4.23763802403605	2.25883557575409e-05	1397	144	1253	0.717609162491052
rs2386556	A	0.0400044192898336	0.129132583999847	1.04081537384702	1.34324632191641	0.809150422600649	0.309793377091262	0.75671808833798	1397	144	1253	0.592340730136006
rs1016162	C	0.0226195097887454	0.130325422704357	1.0228772707066	1.32292781909729	0.793203283475645	0.173561760394652	0.862209886606305	1397	144	1253	0.589119541875447
rs7623734	A	0.247293540849571	0.244351940754264	1.28055495280214	2.15028964885892	0.819220341591109	1.01203837418367	0.311519705762403	1397	144	1253	0.924838940586972
rs12636620	G	0.645230894320781	0.175558528580828	1.90642716166254	2.73333782259868	1.3706025245813	3.67530361262805	0.000237566725975719	1397	144	1253	0.779527559055118
rs7651017	G	0.166191787083838	0.239092438047014	1.18079954210919	1.9571904956738	0.761324452421461	0.695094284208011	0.486996216559245	1397	144	1253	0.926628489620616
rs7651086	G	0.648770002543126	0.143659057332895	1.91318616707663	2.55164081267898	1.45178229484959	4.51603967468448	6.30068646847687e-06	1397	144	1253	0.626342161775233
rs9790115	G	0.650418691153278	0.148880050780696	1.91634301693552	2.58642687958102	1.44150443039121	4.36874307701144	1.24963674566312e-05	1397	144	1253	0.666070150322119
rs17050287	G	-0.769280441514009	0.13679216033816	0.463346353188257	0.607147716902762	0.354777531116106	-5.62371732131646	1.86891385207901e-08	1397	144	1253	0.818897637795276
rs1568091	C	-0.585665249420823	0.12490167564187	0.556735370708426	0.712351423425848	0.43622691391601	-4.68901034682754	2.74529508955597e-06	1397	144	1253	0.749821045096636
rs7429216	A	-0.413912070235898	0.156848016120009	0.661059075479015	0.906865871985612	0.489490257996946	-2.63893723666356	0.00831663765865398	1397	144	1253	0.871510379384395
rs9856879	T	0.757537614335561	0.165966706095965	2.13301743701853	2.98696572265705	1.55628269908488	4.56439506546295	5.00936681483649e-06	1397	144	1253	0.719040801717967
rs17050452	G	0.0607162909633078	0.129856344153183	1.06259740293291	1.37255476197822	0.824489816885176	0.467565072459493	0.640095647222919	1397	144	1253	0.556907659269864
rs17259853	A	-0.485782901058854	0.154586373493354	0.615215355418666	0.838984528536338	0.456964114010655	-3.14246909401583	0.00167529398297219	1397	144	1253	0.86471009305655
rs12633980	T	0.625522196233327	0.163185842647674	1.86922180320344	2.60527658399281	1.37210538099371	3.83318911790564	0.000126492631257922	1397	144	1253	0.741231209735147
rs7629216	G	-0.211990445262222	0.161873253407304	0.808972427048984	1.12175488598764	0.593719273543166	-1.30960761459963	0.190328611148112	1397	144	1253	0.852899069434503
rs9857814	A	-0.334193414480451	0.168049770665928	0.715915300449566	1.00513545469375	0.519164452109588	-1.98865736713682	0.0467390347052853	1397	144	1253	0.874373657838225
rs6786696	G	-0.418319230309093	0.172686994259683	0.658152092789768	0.931851124727063	0.472639848196518	-2.42241306070817	0.015417814453868	1397	144	1253	0.880816034359341
rs1568087	G	-0.0532984685677904	0.128142427063888	0.948096993096548	1.22100455267306	0.738367961792658	-0.415931473977916	0.677460147696648	1397	144	1253	0.608446671438797
rs1568086	G	-0.525023877501478	0.129817356164863	0.59154123967136	0.765311443415942	0.459648559305156	-4.04432729961559	5.24735713273916e-05	1397	144	1253	0.786327845382964
rs11714648	A	0.106738062514253	0.126610987698934	1.11264277345548	1.43052295236313	0.870210557264502	0.843039490127535	0.399206358362197	1397	144	1253	0.622405153901217
rs17034602	A	-0.490121557978034	0.16372290539173	0.612551929084654	0.853475825736484	0.448157402137744	-2.99360408249139	0.002757034531261	1397	144	1253	0.901574803149606
rs13070820	T	-0.338811696163263	0.154206792754941	0.712616624900477	0.972351143059711	0.530373604783857	-2.19712562663622	0.0280114753578174	1397	144	1253	0.857551896921976
rs6805411	C	0.0715611648617739	0.127049266156524	1.07418385099878	1.3818341888374	0.839170342559126	0.563255239692694	0.573261092604216	1397	144	1253	0.619899785254116
rs1400181	C	0.12979443679517	0.129649652581842	1.13859430617204	1.47439527342559	0.886187273669205	1.00111673429465	0.316770375610704	1397	144	1253	0.663564781675018
rs1400180	T	0.121955219896089	0.129301196458563	1.12970351240695	1.46156836843757	0.879697270057905	0.943187095218967	0.345585212941529	1397	144	1253	0.658196134574087
rs9832112	C	0.314754237005712	0.218290124732578	1.36992259330385	2.16422389396433	0.91539474153547	1.44190781599172	0.14932838097727	1397	144	1253	0.897279885468862
rs1110344	A	-0.604365715802527	0.128294535922733	0.54642090288976	0.704144416536255	0.42547249335046	-4.71076738736959	2.46785782343822e-06	1397	144	1253	0.77344309234073
rs6795349	A	-0.395148706785359	0.151670328621441	0.673579865904283	0.916351188426648	0.50457297254599	-2.60531318404158	0.00917903147396907	1397	144	1253	0.888690050107373
rs7639674	A	0.127625197742123	0.134081914912497	1.13612709988511	1.484438061002	0.87684186590156	0.951844980923878	0.341175606008104	1397	144	1253	0.67967072297781
rs10510180	C	0.397657128731057	0.440613384199768	1.48833363557026	4.10520683952552	0.699683888546858	0.902508055794248	0.36678704404306	1397	144	1253	0.973872584108805
rs17326792	A	0.158158192954522	0.129961217894504	1.17135147960324	1.51739457959862	0.911001207407148	1.21696453385737	0.22361771011661	1397	144	1253	0.650680028632785
rs1516342	G	-0.304645854777354	0.156384816054525	0.737384469343205	1.01070984705303	0.546607195421323	-1.94805264643555	0.0514086640697764	1397	144	1253	0.855762347888332
rs1159106	G	0.221645057611169	0.230257047361049	1.24812828559756	2.01898602251487	0.814682362990773	0.962598366266828	0.335749117732293	1397	144	1253	0.911238367931281
rs1516341	C	0.462893172442681	0.16956496632254	1.58866362029678	2.24499861324603	1.15288121760484	2.72988685388103	0.00633560660771094	1397	144	1253	0.789191123836793
rs4684051	A	0.0502267727731806	0.128800327213509	1.05150952307123	1.35789445570352	0.818965254361021	0.389958425260216	0.696567289841777	1397	144	1253	0.645669291338583
rs4684741	C	0.241767787941873	0.135441337008531	1.27349843678544	1.66950234784459	0.980946822038113	1.78503692655253	0.0742553274643972	1397	144	1253	0.674302075876879
rs1568097	T	0.0555541212147563	0.128159571232778	1.05712622847987	1.36158675134579	0.823335323085694	0.433476178800976	0.664668868193301	1397	144	1253	0.581961345740873
rs1158449	C	0.362182522141953	0.239375701469379	1.43646110399197	2.38290808154099	0.926508796442355	1.51302960124498	0.130272139968496	1397	144	1253	0.91159627773801
rs9842824	G	0.048139758198798	0.172509088532534	1.04931729577235	1.49206363583703	0.757107479030771	0.279056359339114	0.780201573423309	1397	144	1253	0.855404438081603
rs1400179	C	0.0681054415723446	0.122760378580923	1.07047817543021	1.36504481553653	0.843040490949099	0.55478357398067	0.579042703770959	1397	144	1253	0.598783106657122
rs11717011	C	-0.380743567901591	0.15969806142634	0.68335310082365	0.943248381425849	0.503439835146852	-2.38414646052048	0.0171187878073035	1397	144	1253	0.87294201861131
rs7619069	T	-0.216786882238122	0.122313048355766	0.805101532459457	1.02665718053185	0.635102984979779	-1.77239374827422	0.0763292188451502	1397	144	1253	0.715103793843951
rs9878349	C	-0.287042030261321	0.124647663536361	0.750480185295876	0.961316601395551	0.589254608116242	-2.30282720203246	0.0212885673774761	1397	144	1253	0.731209735146743
rs6807605	G	-0.3945602876513	0.137171815617526	0.673976329817735	0.886117690828897	0.517002238916368	-2.87639473076193	0.00402246340997677	1397	144	1253	0.803149606299213
rs2048629	C	-0.241554707094349	0.128189144913619	0.78540583534252	1.01364059309737	0.612733862844745	-1.88436163808662	0.0595160751495666	1397	144	1253	0.739799570508232
rs4684083	T	-0.444658278481788	0.143119461966005	0.641043296896772	0.852846739111302	0.486080849944773	-3.10690294928167	0.00189058454793467	1397	144	1253	0.818897637795276
rs9680914	G	0.294214348026628	0.359078517097976	1.34207154322527	2.96071557265604	0.709926462835261	0.819359371327555	0.412581408015216	1397	144	1253	0.963135289906943
rs9754850	T	-0.319609354817344	0.123331785421585	0.72643275911063	0.927517239053721	0.571505942779434	-2.5914597256889	0.00955697271493593	1397	144	1253	0.71546170365068
rs9754552	A	-0.337439811063334	0.120306537282503	0.713594923933637	0.904943677325848	0.564287516097101	-2.80483354176306	0.00503425709925536	1397	144	1253	0.682176091624911
rs10510181	G	0.178537906178136	0.135842957583398	1.19546819804509	1.56875180311676	0.920260261585016	1.31429637100272	0.188746488046337	1397	144	1253	0.694345025053686
rs1516336	T	-0.500252338844717	0.13008227843695	0.606377627775439	0.784790393117979	0.470872030007363	-3.8456609528652	0.000120227913230153	1397	144	1253	0.775232641374374
rs7653043	G	0.472410704694168	0.304047482016065	1.6038559596486	3.100426870158	0.929746554074064	1.55373990128689	0.120246471186639	1397	144	1253	0.939513242662849
rs9824939	G	-0.541680477038413	0.201130842251472	0.5817697796974	0.878891466286178	0.397653800717547	-2.69317460701107	0.00707751929394253	1397	144	1253	0.941302791696492
rs17038869	T	-0.396613390051595	0.211286840765285	0.672594006908053	1.04061830883387	0.452247466693896	-1.87713247363183	0.0604999396356614	1397	144	1253	0.939871152469578
rs10510184	C	0.305611298994499	0.149057181386404	1.35745456003433	1.83365841385638	1.02106516914826	2.05029570633203	0.0403355833386596	1397	144	1253	0.743378668575519
rs10510185	T	0.0277505127371667	0.125108519206102	1.02813914480002	1.31726395089698	0.806073926769534	0.221811535403523	0.824460599182866	1397	144	1253	0.61882605583393
rs13064542	C	-0.364563202554036	0.208992710951284	0.694499940435309	1.07009422932186	0.469256500406845	-1.74438238010614	0.0810924353510378	1397	144	1253	0.938439513242663
rs10446438	G	0.461918708504751	0.159491840211809	1.58711627892593	2.19665273956315	1.17363702101177	2.89619022447363	0.00377723359247269	1397	144	1253	0.766642806012885
