RSID	effectAllele	B	SE	OR	OR_u95	OR_l95	Z	P	N	Ncase	Ncont	AFREQ
rs9999459	G	-0.413053609001703	0.30553224409808	0.661626812724168	1.28373217089393	0.379154421566	-1.35191495163145	0.176402523915289	1397	143	1254	0.97780959198282
rs7678633	G	-0.722992013212403	0.159948838365449	0.485298063345575	0.668458306307815	0.356404692417055	-4.52014544526119	6.17971604368209e-06	1397	143	1254	0.894416607015032
rs10016464	C	-0.451918162798131	0.309316027485219	0.636406249300729	1.24271735043909	0.361571328004924	-1.46102407454372	0.144008834721064	1397	143	1254	0.978525411596278
rs13125929	T	-0.856679914976014	0.184542459752131	0.424569351243524	0.614635480367901	0.297419427542564	-4.64218324675345	3.44746899298106e-06	1397	143	1254	0.922333571939871
rs4690284	T	-0.114591792528163	0.224025359194756	0.891730080502682	1.4163846690775	0.58601637468517	-0.511512593663751	0.608992172279569	1397	143	1254	0.923765211166786
rs13125667	G	-0.753315910452862	0.158715358393688	0.470802821580252	0.647590206521861	0.346825826905345	-4.74633279398387	2.07137803822483e-06	1397	143	1254	0.913385826771654
rs10001263	G	-0.755381168059943	0.159207027305215	0.469831495835738	0.645971664312672	0.345425962498463	-4.74464714809232	2.08870100238261e-06	1397	143	1254	0.89513242662849
rs13148549	T	-0.752765189315322	0.1613461798078	0.471062174054599	0.650491436668161	0.344926637829688	-4.66552843217012	3.07824926076267e-06	1397	143	1254	0.896206156048676
rs13114862	A	-0.727362712500947	0.166688761595551	0.483181600026974	0.674704120535408	0.350315942054452	-4.36359779470795	1.27940707201555e-05	1397	143	1254	0.899069434502505
rs12511220	C	0.582649895830357	0.198197398521836	1.79077752281759	2.68995515148215	1.23375948753198	2.93974542640711	0.00328482009624775	1397	143	1254	0.828919112383679
rs13435282	G	0.23572262621104	0.139262569372771	1.26582315530381	1.67332568221163	0.968489071600392	1.69264883789462	0.0905223291117486	1397	143	1254	0.700071581961346
rs13434621	C	0.170430380515544	0.130883787839404	1.18581509322456	1.54008704106643	0.921217988154703	1.30215042923929	0.192864966924619	1397	143	1254	0.670365068002863
rs7667914	G	-0.544923716283721	0.204016517216443	0.579886017513085	0.88091955272696	0.394128964392967	-2.67097842723002	0.0075630507275609	1397	143	1254	0.940229062276306
rs2006748	T	0.478666887675659	0.218280079896717	1.61392142888676	2.53937922834398	1.07514748643298	2.19290229278892	0.0283144195031231	1397	143	1254	0.874015748031496
rs10024336	A	-0.290674055607771	0.27664177861613	0.747759366273697	1.35803776843019	0.451923221669318	-1.05072363640024	0.293385536975861	1397	143	1254	0.96957766642806
rs11724335	C	0.203162944506709	0.131261116769406	1.2252721033408	1.59294833818191	0.95141171252611	1.54777705315137	0.121675983066571	1397	143	1254	0.670365068002863
rs12509346	A	0.649942598620533	0.200196893117173	1.9154308774836	2.89109289291466	1.31550943829976	3.24651690893189	0.00116826507985338	1397	143	1254	0.824624194702935
rs10002444	G	-0.259079176770922	0.424938639244997	0.771761915008216	1.98535298635523	0.361852347894475	-0.609686088399108	0.542069771734077	1397	143	1254	0.98353614889048
rs9884834	T	0.233914432362335	0.147558482793083	1.26353636975969	1.6997155877015	0.952166876369946	1.58523202417543	0.11291362697531	1397	143	1254	0.736578382247674
rs2213704	T	0.0783433096600325	0.247543706282733	1.08149388224116	1.82570634981664	0.68665523554659	0.316482736872948	0.751636126294326	1397	143	1254	0.935934144595562
rs6819316	G	0.621383604127303	0.1800952110485	1.86150184250741	2.68696486082609	1.32397699759687	3.45030609370265	0.000559951266408011	1397	143	1254	0.783106657122405
rs11727494	G	0.180470250380551	0.125799226159498	1.19778048743675	1.53831309512608	0.938775352817386	1.43458951131971	0.151404105212094	1397	143	1254	0.619899785254116
rs17802159	A	-0.237074871742365	0.149878582611572	0.788932217076565	1.06623015587863	0.591700201881023	-1.58177951520113	0.113699912995329	1397	143	1254	0.824982104509664
rs10488834	G	0.0257049204470377	0.262119184295122	1.02603814092354	1.78424846910913	0.633569558068205	0.0980657730801432	0.921880065613577	1397	143	1254	0.942734430923407
rs10049546	T	0.264250198139961	0.330888673424886	1.30245402711303	2.66100219851018	0.717013261651639	0.798607566118299	0.424517999079285	1397	143	1254	0.955619183965641
rs10033518	C	0.0514884732880206	0.390802716489638	1.05283705047275	2.56515931215477	0.533776334084751	0.13175055114896	0.895181599951912	1397	143	1254	0.97780959198282
rs9996597	T	0.163575033793878	0.120880630784209	1.17771372020073	1.49617522759965	0.930897257787964	1.35319474040374	0.175993425103752	1397	143	1254	0.565139584824624
rs7679594	T	0.217898231931238	0.232679449022628	1.24346051660439	2.03111180165548	0.810894937679749	0.936473903675297	0.349029242682539	1397	143	1254	0.918038654259127
rs3829	T	0.741803783642836	0.239959858002849	2.09971954044792	3.46495102816838	1.34613121818247	3.09136615522596	0.00199237781912347	1397	143	1254	0.870794559770938
rs4582104	A	0.472595437893834	0.151773558900757	1.6041522724604	2.18015801655408	1.20111365479352	3.11381930631843	0.00184682555107268	1397	143	1254	0.722619899785254
rs11735742	T	0.503226499007281	0.168444909062323	1.65404945931864	2.32877102084335	1.20143117995125	2.98748416802013	0.00281283863223954	1397	143	1254	0.770937723693629
rs6599306	G	0.453393496570614	0.206757825908634	1.57364328793622	2.41700303225387	1.07094704502805	2.19287223870775	0.0283165853898074	1397	143	1254	0.86471009305655
rs7667654	G	-0.179464503770939	0.148500832730242	0.83571761524057	1.12814112437327	0.629319296791048	-1.20850840006362	0.226851766680846	1397	143	1254	0.834645669291339
rs6830247	G	0.520397502235696	0.172639431786422	1.68269639235469	2.39138857113032	1.21343019203861	3.01436060609547	0.00257521518619066	1397	143	1254	0.78167501789549
rs7677201	C	0.37372272495781	0.431513745867471	1.45313417675199	3.94911200959708	0.696293933743205	0.866073742810941	0.386449723291369	1397	143	1254	0.973872584108805
rs7440274	A	0.414652709880708	0.188292660340367	1.51384490601074	2.22464116615521	1.0611039283802	2.20217139176409	0.0276532040583411	1397	143	1254	0.831066571224052
rs6842197	G	0.203621163143582	0.121606760186252	1.22583367450515	1.55992547654063	0.967796333410207	1.67442305700536	0.0940474844952315	1397	143	1254	0.56621331424481
rs10027536	A	0.208152916952748	0.139054881579941	1.23140145731077	1.6263335140016	0.942101544696051	1.4969119716454	0.134416164745392	1397	143	1254	0.695060844667144
rs11728456	G	0.603280771172523	0.500980501264323	1.8281065721074	5.89650067838913	0.782910819116475	1.20420010289827	0.228512246230928	1397	143	1254	0.974588403722262
rs9918012	G	0.00981586624231219	0.337495846361514	1.0098641998734	2.14240390043008	0.5563814249873	0.0290844060693943	0.976797272691406	1397	143	1254	0.971725125268432
rs7686948	T	-0.236289033428724	0.271643524428627	0.789552433902764	1.40091582411572	0.478421220126592	-0.869849682320726	0.384382556516203	1397	143	1254	0.957766642806013
rs7665922	T	0.249377447841922	0.1241651377688	1.28322629266756	1.64237154228149	1.00874631749736	2.00843370629743	0.0445972241204172	1397	143	1254	0.58840372226199
rs11728864	T	0.69280318728094	0.251868398739834	1.9993121317598	3.40383653839073	1.26026280461275	2.75065546431082	0.00594761619712465	1397	143	1254	0.889047959914102
rs3935553	C	0.194932289235139	0.141179846434231	1.21522869963918	1.61339918130287	0.9267409235491	1.38073736555556	0.16735972799344	1397	143	1254	0.722977809591983
rs6599313	A	0.268776327258506	0.121668416204049	1.30836246329664	1.66591024803298	1.03327975341708	2.20908873185087	0.0271684697310207	1397	143	1254	0.567287043664996
rs7690900	A	0.251635251291032	0.237739989809925	1.28612683861628	2.12012187448696	0.830047208535543	1.05844730409981	0.289851562996533	1397	143	1254	0.916249105225483
rs6826124	A	0.242625309742485	0.123810980586774	1.27459095782138	1.63004705071199	1.00257128800861	1.95964290560189	0.050037542772917	1397	143	1254	0.586256263421618
rs28716466	T	0.0695050174807062	0.129714986179881	1.0719774398174	1.39008630407216	0.835170612858034	0.535828739050403	0.592076918039002	1397	143	1254	0.71259842519685
rs13140349	A	-0.708819250413346	0.298792368979297	0.49222504899652	0.921062313197475	0.281356126946294	-2.37228029897396	0.0176786734670627	1397	143	1254	0.976377952755906
rs28759200	G	0.239514418872868	0.227617443293442	1.27063200557517	2.04582747487772	0.834040755368406	1.05226741592071	0.292676876765398	1397	143	1254	0.90873299928418
rs4690243	T	0.487949847571203	0.234721215029447	1.62897315096392	2.66380061908614	1.05614357650888	2.07884850762206	0.0376312767893615	1397	143	1254	0.89226914817466
rs6849267	C	0.239514418872868	0.227617443293442	1.27063200557517	2.04582747487772	0.834040755368406	1.05226741592071	0.292676876765398	1397	143	1254	0.90873299928418
rs2353605	C	0.426221874032419	0.193539534365397	1.53146052876361	2.27866212087323	1.06440121763045	2.2022470779935	0.0276478602310088	1397	143	1254	0.842161775232641
rs11248009	T	0.45981216808823	0.237162926708686	1.58377647329147	2.60084800900446	1.02140057593375	1.93880289162155	0.0525253438991544	1397	143	1254	0.895848246241947
rs7695945	C	0.338873138006271	0.283046668752725	1.40336530019948	2.55730662952306	0.836011401009028	1.19723415046554	0.23121530247399	1397	143	1254	0.934144595561918
rs11724417	A	0.491482656621191	0.232822828917481	1.63473817943022	2.65689217142661	1.06172288051939	2.11097278950848	0.0347746507593198	1397	143	1254	0.888332140300644
rs17521834	A	0.417787286990774	0.232280745470224	1.51859761457554	2.46571527507235	0.987356859791243	1.79863073086413	0.0720771128495499	1397	143	1254	0.894774516821761
rs1986386	T	0.392644706535523	0.230000066569426	1.48089214454858	2.39489365921016	0.967529638733173	1.70715040387609	0.0877941006413286	1397	143	1254	0.896206156048676
rs4510422	C	0.416224835552286	0.154704894273667	1.51622673222476	2.07323246568122	1.12908902073681	2.69044387707606	0.00713570363811552	1397	143	1254	0.74302075876879
rs10013794	T	0.25710191639158	0.232727045164945	1.29317691596845	2.10673370991675	0.841550503573232	1.10473587721341	0.269274052648019	1397	143	1254	0.91159627773801
rs7693241	C	0.229432833793966	0.267777097220137	1.25788637693032	2.22050073862748	0.770984728968177	0.856805291325386	0.391552500913255	1397	143	1254	0.935218324982105
rs12506230	A	13.9059111170852	517.849352132313	1094612.65298494	NA	5.63729374073415e-09	0.0268531978650272	0.97857682273452	1397	143	1254	0.993199713672155
rs6599317	G	0.24350610737524	0.302346124044766	1.27571410908163	2.43596685953596	0.736499327769305	0.805388553084893	0.420595495250982	1397	143	1254	0.947745168217609
rs7687112	A	0.351429326039891	0.183568303774168	1.421097309042	2.07051687188439	1.00593620084441	1.91443358583425	0.0555647775806151	1397	143	1254	0.836435218324982
rs6599319	A	0.259500009022222	0.2707351856311	1.29628179540703	2.30005872144555	0.789558687347855	0.958501232181223	0.337810070450892	1397	143	1254	0.93378668575519
rs6858019	A	-0.169950119204887	0.332053680966683	0.84370690031782	1.74474774223795	0.46465812961449	-0.511815194188254	0.608780355382365	1397	143	1254	0.973514674302076
rs6857106	G	0.331788226732871	0.145551231311877	1.39345772016947	1.86893292928018	1.05513805084808	2.27952882117458	0.0226356487169665	1397	143	1254	0.726914817465999
rs12510827	G	0.323448176325742	0.155577198729965	1.38188454007807	1.89246848015171	1.02710796287963	2.07902044108115	0.0376154717013641	1397	143	1254	0.760200429491768
rs7658064	A	0.299582012134391	0.282710387241402	1.34929470087724	2.45732660699169	0.80433104933569	1.0596781216906	0.289291059390768	1397	143	1254	0.936292054402291
rs10010286	A	0.402614707623745	0.513216515716737	1.49573048707496	4.9084860313234	0.620945959525484	0.784492890026093	0.432750952241236	1397	143	1254	0.979599141016464
rs11731285	A	0.44164331901427	0.157650342513116	1.5552609094969	2.13907191328655	1.15157755635807	2.80141046301581	0.00508797579855801	1397	143	1254	0.744810307802434
rs4629385	G	0.402614707623746	0.513216515716738	1.49573048707497	4.90848603132347	0.62094595952549	0.784492890026094	0.432750952241235	1397	143	1254	0.979599141016464
rs6815868	G	11.5045663117582	564.904594243218	99167.5687362322	NA	9.70648466323142e-28	0.0203655031823036	0.983751802612339	1397	143	1254	0.998210450966357
rs6810785	A	0.404700829003321	0.282450545392542	1.49885401932306	2.72871290744342	0.8941982599092	1.43282013649816	0.151909245192103	1397	143	1254	0.930207587687903
rs11723615	T	0.381081817450902	0.214000720257663	1.46386737040693	2.28141323325732	0.982410690658574	1.78075016285959	0.074953274320848	1397	143	1254	0.879026485325698
rs9328738	A	0.318943699142598	0.144774035202943	1.37567387110725	1.84103647213106	1.04264415534611	2.20304489472512	0.0275915845217394	1397	143	1254	0.718682891911238
rs10002733	A	0.288816716909615	0.1238960449202	1.33484705121385	1.70807021441309	1.05018564347855	2.33112136142552	0.0197469612063919	1397	143	1254	0.588761632068719
rs11723261	A	0.348673569309197	0.208077725215486	1.41718650165947	2.18164398936848	0.961631403591732	1.67568906738148	0.0937991123614654	1397	143	1254	0.876879026485326
rs1986557	T	0.407094193179554	0.178310738589952	1.50244561912702	2.16148203375363	1.07242131191818	2.28306043931386	0.0224268084517383	1397	143	1254	0.812813171080888
rs2352927	C	0.524791952543752	0.145724571487214	1.69010718929795	2.26681728762567	1.27904536247825	3.60125919182955	0.000316679664382422	1397	143	1254	0.681460272011453
rs2352928	G	0.370886726104491	0.13135850063281	1.44901892807148	1.88426359511959	1.12502223997818	2.82346954569191	0.00475069390603952	1397	143	1254	0.629205440229062
rs6828802	C	0.479827987626927	0.144143022792684	1.61579644130695	2.15962952563257	1.22617626459329	3.32883256040112	0.00087210817645746	1397	143	1254	0.682176091624911
rs10034550	A	0.466115660001591	0.142379650580918	1.593791326596	2.12219956693965	1.21331538338307	3.27375195893381	0.00106129726864011	1397	143	1254	0.676091624910523
rs6848983	G	0.613096202128654	0.240507502931295	1.84613857712575	3.05916670517835	1.18534587119749	2.54917703047209	0.0107977472897342	1397	143	1254	0.885826771653543
rs6847267	T	0.426476533813873	0.204185819131239	1.53185057983022	2.33475121635403	1.04543915533181	2.08866872160088	0.0367375543240654	1397	143	1254	0.860415175375805
rs11946825	C	0.0103609048706891	0.120294695623546	1.01041476489772	1.2816070105575	0.799206941078966	0.0861293577159281	0.931363586250241	1397	143	1254	0.58840372226199
rs7654234	G	-0.291588386079806	0.940346230504509	0.747075979567618	11.9219600712283	0.160506000705628	-0.310086196573963	0.756495408813573	1397	143	1254	0.997494631352899
rs3762867	G	-0.0680959647289316	0.119395829732046	0.934170821825887	1.1815537828241	0.739438309775786	-0.570337882669401	0.568448551707317	1397	143	1254	0.55511811023622
rs7677824	C	-0.169439396724299	0.25725517384246	0.844137910452754	1.45388662624398	0.525692360929762	-0.658643300321189	0.510124850622082	1397	143	1254	0.952397995705082
rs11729526	A	-0.294978178179835	0.149860245242725	0.74454783467759	1.00658207665943	0.558576498187813	-1.96835510112816	0.0490271941223555	1397	143	1254	0.83965640658554
rs34483255	C	-0.0467713553779958	0.119805704821305	0.954305569483717	1.20809091406177	0.754832887991974	-0.390393391097338	0.696245674090594	1397	143	1254	0.553328561202577
rs6821220	T	0.172688258040357	0.183402992453443	1.18849554339749	1.72661146369304	0.8396047501153	0.941578191992666	0.34640863929273	1397	143	1254	0.848246241947029
rs12647659	G	0.0138299986593454	0.322396345416361	1.01392607549404	2.04085084188972	0.567426527002531	0.0428975044412634	0.965783238088471	1397	143	1254	0.964566929133858
rs12499633	T	12.0593607003285	429.914283765249	172708.537841699	NA	2.14904934288045e-13	0.0280506164966443	0.977621780883589	1397	143	1254	0.996778811739442
rs7682616	G	-0.0670612183618261	0.119783478579979	0.935137951970937	1.18367282790889	0.739640438418132	-0.559853655586144	0.575579262080159	1397	143	1254	0.554760200429492
rs17719492	C	-0.0140553988640328	0.152968138500381	0.98604291709224	1.34203890040117	0.73579572254128	-0.0918844865461828	0.926789817257702	1397	143	1254	0.802791696492484
rs9999356	T	0.0598121223175852	0.114402509081381	1.06163706989508	1.33017919100974	0.848892382265924	0.5228217702379	0.601098288307112	1397	143	1254	0.532927702219041
rs11725919	G	-0.0686068879713231	0.152371552484646	0.933693654149061	1.26854438309646	0.697164780566165	-0.450260477448614	0.652522633298403	1397	143	1254	0.80386542591267
rs2229296	A	-0.134471789860918	0.266102899192513	0.874177539198698	1.53662117562411	0.536318812152808	-0.505337560278266	0.6133217660877	1397	143	1254	0.953829634931997
rs2018645	T	6.19900678781064	220.685848200942	492.25987970009	NA	5.04749367969822e-09	0.0280897340647155	0.977590581873784	1397	143	1254	0.99713672154617
rs1443076	C	0.0777650962541571	0.153461023875511	1.08086872873356	1.47310655166191	0.806079500888805	0.506741674793211	0.61233608517567	1397	143	1254	0.792412312097351
rs4690173	C	11.5045663107583	564.904594091172	99167.5686370812	NA	9.70648484609026e-28	0.0203655031860151	0.983751802609379	1397	143	1254	0.998210450966357
rs17164812	C	0.182089718470168	0.166307915296477	1.19972182625837	1.68288723307436	0.875301529680114	1.09489508148519	0.273562604118013	1397	143	1254	0.821760916249105
rs7688202	G	0.169446716788593	0.166323214521355	1.18464922343641	1.66176596900249	0.864258223297371	1.01877971320015	0.308307558908352	1397	143	1254	0.823550465282749
rs11934905	C	0.0678837470908735	0.311930792375499	1.07024088263041	2.13871686184504	0.616283944134085	0.217624385761685	0.827721782750486	1397	143	1254	0.965998568360773
rs12502090	C	14.2350630421252	568.334598694037	1521280.60609519	NA	3.17001111430654e-10	0.0250469759800575	0.980017493933434	1397	143	1254	0.993915533285612
rs6838825	G	-0.107429223610674	0.206059476163635	0.89814008731382	1.37436704930583	0.610398988369073	-0.521350561550307	0.602122584667145	1397	143	1254	0.914101646385111
rs7695712	G	0.105757410296757	0.113889133481313	1.11155219268003	1.39129668680903	0.88968061626931	0.928599657087648	0.353096599654513	1397	143	1254	0.516821760916249
rs7689019	A	0.109611523392605	0.11434508193193	1.11584450676128	1.39783359034863	0.892266386300049	0.958602867221319	0.337758847587149	1397	143	1254	0.512526843235505
rs7666919	C	-0.109709956372582	0.120411557197337	0.896094003963498	1.13615845374585	0.7081904188246	-0.911124803350754	0.36222961900668	1397	143	1254	0.592698639942734
rs1053401	G	0.0090217869530492	0.150069398855314	1.009062605934	1.36633464662512	0.757624089585039	0.0601174324803377	0.952062105962417	1397	143	1254	0.802791696492484
rs2280250	C	-0.0955556560991705	0.120027043746452	0.908867776210904	1.15151262221839	0.718844433655507	-0.796117717445617	0.425963617057359	1397	143	1254	0.589477451682176
rs2280249	C	-0.112316507768013	0.121009174454025	0.893761330324597	1.13451415439836	0.705511517781369	-0.928165226105933	0.353321869445314	1397	143	1254	0.593056549749463
rs6599338	G	-0.155718190429789	0.123425203958052	0.855800329114754	1.092017290931	0.672684774269174	-1.26164013050942	0.207078308947283	1397	143	1254	0.633142448103078
rs17164836	T	0.0551166120743753	0.152688956723126	1.05666382725213	1.43887484579423	0.789653963118138	0.360973139493771	0.718119526783174	1397	143	1254	0.802791696492484
rs894534	T	-0.116996692549849	0.120487312580453	0.889588135426959	1.12799241771255	0.702892711287955	-0.971029148581324	0.331533763612016	1397	143	1254	0.590909090909091
rs11248018	T	-0.132289032156487	0.166419474643395	0.876087740952804	1.23034399043872	0.639312465210993	-0.794913170107987	0.426664012670091	1397	143	1254	0.872584108804581
rs1045887	G	-0.115300983319895	0.120388981789885	0.891097897936403	1.12969312708311	0.704223903991234	-0.957737008866221	0.338195389836883	1397	143	1254	0.590551181102362
rs11729407	C	-0.136809838836275	0.120381203872818	0.872136056771818	1.10568087430569	0.689272036030391	-1.13647176166151	0.255759177244299	1397	143	1254	0.599141016463851
