RSID	effectAllele	B	SE	OR	OR_u95	OR_l95	Z	P	N	Ncase	Ncont	AFREQ
rs10055084	C	-0.181903126795963	0.132556445093331	0.833682097960029	1.08518403152833	0.644817517326633	-1.37226919949375	0.169979650241438	1397	131	1266	0.710093056549749
rs10076494	C	-0.105125063228467	0.16089434202271	0.900211932135412	1.24477702971085	0.661507848570333	-0.65337949058289	0.513511657534091	1397	131	1266	0.812813171080888
rs10057531	T	-0.0623175376759781	0.160018068137589	0.939584485942789	1.29763912890238	0.691949728723432	-0.38944063255654	0.696950219285694	1397	131	1266	0.810665712240515
rs6898953	C	-0.549445753458294	0.4383072280754	0.577269671450386	1.5139677468458	0.261650989017159	-1.25356306778444	0.210000862152032	1397	131	1266	0.986041517537581
rs10039735	T	-0.395724095231421	0.123330397661588	0.67319240731223	0.858523388487734	0.528994170994706	-3.20865011979664	0.00133359669454432	1397	131	1266	0.675733715103794
rs4957000	T	-0.0117138953315241	0.614539441765658	0.988354445235367	5.11174784356316	0.370383171255202	-0.0190612587824607	0.984792236823703	1397	131	1266	0.992483894058697
rs1507712	G	-0.332202746655163	0.122857850388324	0.717341869445207	0.914225077451235	0.564357717687785	-2.70396027282872	0.00685184804797852	1397	131	1266	0.668933428775948
rs1507711	T	-0.0873984978809284	0.162519838945256	0.916311874527798	1.27136143942995	0.671331208592979	-0.53777125579338	0.590734978694976	1397	131	1266	0.813886900501074
rs4957013	G	1.02412517644084	0.578916818938427	2.78465830998913	11.2227785156304	1.06911032041496	1.76903683385604	0.0768877279005286	1397	131	1266	0.968503937007874
rs6869386	T	-0.554701857127547	0.117632184504935	0.574243442266325	0.725052740179325	0.456796320024099	-4.71556198213998	2.41044497918198e-06	1397	131	1266	0.774874731567645
rs10040320	C	-0.440826541715146	0.145118154758573	0.643504318048014	0.862697512612398	0.487546928132053	-3.03770773855642	0.00238385031287873	1397	131	1266	0.866857551896922
rs341260	C	-0.0167278743841509	0.13046031382158	0.983411259620912	1.27536790271726	0.764085219459575	-0.128221938872754	0.897973338664331	1397	131	1266	0.679312813171081
rs7734346	C	-1.1968164166743	0.14100655078741	0.302154616736276	0.398443906441542	0.228965721364242	-8.48766536016255	2.10829627215848e-17	1397	131	1266	0.863278453829635
rs389363	G	0.892614767224253	0.280528357792508	2.44150528024917	4.43153829664453	1.46334011729643	3.18190565206414	0.0014630947198714	1397	131	1266	0.8840372226199
rs10065373	C	-0.828746024228365	0.159623338104596	0.43659642453916	0.601364404320486	0.320914876177504	-5.19188505934713	2.0817551305362e-07	1397	131	1266	0.911954187544739
rs10070362	T	-1.02715488696762	0.128258863366193	0.358024132023053	0.460750560824072	0.278408483377928	-8.00845150198303	1.16161752761502e-15	1397	131	1266	0.836435218324982
rs6555608	G	-0.973815657379348	0.124918561426782	0.377639343185848	0.48283062121647	0.295616160018343	-7.79560416207747	6.41010353896478e-15	1397	131	1266	0.822834645669291
rs10073501	T	-0.962823939388761	0.124375870307853	0.381813144951878	0.487675334224653	0.299220019343329	-7.74124383616851	9.8448883691244e-15	1397	131	1266	0.822118826055834
rs10042022	C	-0.904014165865908	0.168437548616213	0.404940892947484	0.567367820694553	0.292439812683497	-5.3670584337802	8.00311342535834e-08	1397	131	1266	0.917680744452398
rs6896946	T	-0.976736324647224	0.125286604104219	0.376537993438126	0.481758098248294	0.294533234838394	-7.79601563655385	6.38924734067328e-15	1397	131	1266	0.822476735862563
rs341267	T	-0.624802028593086	0.116025634891594	0.535367405466918	0.670938262859142	0.425431732512445	-5.3850343432885	7.24308172786114e-08	1397	131	1266	0.605225483178239
rs17557733	C	-0.648307577511527	0.33021138643228	0.522930046841837	1.05916917637724	0.284129636103428	-1.9633107886317	0.0496100726166255	1397	131	1266	0.979599141016464
rs3866911	T	-1.03458705729883	0.125800873631894	0.355373099357286	0.45501016838324	0.277618459343475	-8.22400534614835	1.96817315983004e-16	1397	131	1266	0.828919112383679
rs7733335	G	-1.02074851406205	0.12478437762481	0.360325130780315	0.460473483257849	0.282076721769343	-8.18009861083044	2.83611681780278e-16	1397	131	1266	0.828919112383679
rs7727602	T	-1.01146359893993	0.12556492131105	0.36368629896959	0.465512404864535	0.284288623892859	-8.0553038888491	7.92815876913056e-16	1397	131	1266	0.828203292770222
rs7715867	C	-0.916111099044819	0.168427863797702	0.400071859585712	0.560478973092187	0.288896582818446	-5.43918968268313	5.35234469439448e-08	1397	131	1266	0.918754473872584
rs11747517	G	-1.03916217575901	0.126196351680421	0.35375093894773	0.453335161916736	0.276162804547005	-8.23448667034828	1.80329189354938e-16	1397	131	1266	0.834645669291339
rs6888020	A	-1.03761579883868	0.131896145436259	0.35429839441242	0.459308529883043	0.273585577086937	-7.86691525674736	3.63492688631568e-15	1397	131	1266	0.845025053686471
rs6880143	G	-0.97406253273952	0.139665045784529	0.377546124844113	0.497984656522704	0.287621647063075	-6.97427568414127	3.07450668556949e-12	1397	131	1266	0.884395132426628
rs6874209	T	-0.624902301443239	0.108729118576822	0.535313725342667	0.662640799910407	0.432371446372136	-5.74733162213321	9.06628079194654e-09	1397	131	1266	0.710093056549749
rs6880135	T	-0.859058270559933	0.117119159470687	0.423560774209068	0.53321726040953	0.336644127425543	-7.33490809225748	2.21873693050922e-13	1397	131	1266	0.787043664996421
rs6867447	C	-1.01813705075871	0.126925212191973	0.361267336368809	0.463716863618317	0.281675818560506	-8.02155090525904	1.04418291608397e-15	1397	131	1266	0.835003579098067
rs11741126	C	0.707275896456307	0.236816836350786	2.02845799586335	3.32944694159761	1.30941912557133	2.98659464992029	0.0028210349626927	1397	131	1266	0.860057265569077
rs11949577	G	-0.955686295503677	0.131966331292203	0.384548140311236	0.499110315363618	0.297190224527539	-7.24189485413193	4.42458832177363e-13	1397	131	1266	0.855762347888332
rs16900746	A	-0.955709681164718	0.125503511075865	0.384539147503924	0.492345465759615	0.300743765461362	-7.61500354031534	2.63684241258377e-14	1397	131	1266	0.827129563350036
rs7710933	C	-1.00565400321065	0.124806443841116	0.365805318702892	0.46751892396773	0.286368361197835	-8.0577089792807	7.77376209737475e-16	1397	131	1266	0.82605583392985
rs7707462	G	-0.719008107272821	0.112773997655383	0.487235301507675	0.608274635268332	0.390641267540223	-6.37565504656471	1.821825716548e-10	1397	131	1266	0.758052970651396
rs11745772	G	-0.975385159894492	0.126377015448448	0.377047102170357	0.483608076930221	0.294388924462754	-7.71805819621032	1.18115273121978e-14	1397	131	1266	0.834645669291339
rs9312845	C	-0.988525326788231	0.1263499944766	0.372125049439774	0.477174812564383	0.290507777327324	-7.82370692522115	5.12901381500363e-15	1397	131	1266	0.831066571224052
rs9312850	C	-1.01099927811356	0.125097625917611	0.363855205302798	0.465312281126821	0.284688630922876	-8.08168237164947	6.38793072727755e-16	1397	131	1266	0.829277022190408
rs10076077	C	-0.966394049016687	0.122555393089029	0.38045246050857	0.484165254066442	0.299202312803524	-7.88536534099859	3.13616615483716e-15	1397	131	1266	0.821403006442377
rs6888246	C	-0.984046421852017	0.126009404275314	0.3737955002633	0.479010831287332	0.292016248701538	-7.80930937267191	5.75021963517629e-15	1397	131	1266	0.831066571224052
rs6872393	G	-0.926456117394423	0.171174565862425	0.395954442952672	0.557783131231915	0.284408343869443	-5.41234682107519	6.22040603773408e-08	1397	131	1266	0.920544022906228
rs6554829	G	-0.988476502807189	0.126399810781007	0.372143218509672	0.477280691959504	0.290513019847863	-7.82023720367559	5.27238917515543e-15	1397	131	1266	0.833929849677881
rs6554830	G	-0.968160678615998	0.126069479500111	0.379780935273534	0.486800431060743	0.296693281269957	-7.6795802001796	1.59610765734714e-14	1397	131	1266	0.831066571224052
rs3853521	C	-1.00588741580451	0.126261534226583	0.365719945098631	0.468819270886706	0.285521545095234	-7.96669723654229	1.62971286640772e-15	1397	131	1266	0.83142448103078
rs3853520	C	-0.995732630361212	0.126092790977909	0.369452673123127	0.473466958681996	0.288543777868907	-7.89682441509016	2.86098958474138e-15	1397	131	1266	0.829992841803865
rs10069932	G	-1.01326571227738	0.125514605965791	0.36303148524106	0.46459279905979	0.283785066378687	-8.07289083593628	6.8652983943905e-16	1397	131	1266	0.825697924123121
rs11749678	C	-0.753636887493384	0.319238103038382	0.470651728933844	0.924805773051056	0.259533535442708	-2.36073601590965	0.0182387085240603	1397	131	1266	0.979599141016464
rs29675	A	0.452945450257483	0.139616525147466	1.57293838079019	2.07881209210718	1.20162024858385	3.24421088248022	0.00117776514373785	1397	131	1266	0.603078024337867
rs12514037	C	0.26297532579122	0.151845199436931	1.30079462247765	1.76863196732554	0.973929720151073	1.73186460135967	0.0832976726940792	1397	131	1266	0.746957766642806
rs876950	G	-0.380118342902983	0.125473358502267	0.683780483856517	0.873877169630578	0.5339921034691	-3.02947452304079	0.00244979564940857	1397	131	1266	0.565855404438082
rs1108867	T	-0.459308587967662	0.125641767669226	0.631720273542793	0.806086219520916	0.492215382990207	-3.65569982409727	0.000256481332679053	1397	131	1266	0.497852541159628
rs6885136	C	-0.280716726495121	0.125293766731569	0.755242245299144	0.966019375832952	0.590702905425489	-2.24046841130199	0.0250605293102976	1397	131	1266	0.598067287043665
rs4956987	G	0.255258516411966	0.148814775955326	1.29079526950586	1.74441252764029	0.972070712178189	1.71527669059283	0.0862945100501336	1397	131	1266	0.742662848962062
rs6889904	A	-0.601908464325621	0.119988741987182	0.547765247480325	0.694987382229357	0.433808097586595	-5.01637448944936	5.26556470650228e-07	1397	131	1266	0.793843951324266
rs2059860	T	-0.301683054067006	0.12484945965242	0.73957243222123	0.943721481169307	0.578080097903922	-2.41637452742598	0.0156759279209987	1397	131	1266	0.525053686471009
rs2059861	T	0.0671309485679431	0.129419531067066	1.06943551005446	1.38394741596135	0.832551148494136	0.518708018909106	0.603964368873313	1397	131	1266	0.652469577666428
rs7700533	C	-0.60029806456006	0.140887138609988	0.54864807917163	0.72725407156798	0.418033121360446	-4.26084361200522	2.03656707528008e-05	1397	131	1266	0.851109520400859
rs247078	A	0.796619092420199	0.503091254170495	2.21802928553864	7.17839887506196	0.946196831863589	1.58344850127375	0.113319275734106	1397	131	1266	0.96671438797423
rs7717734	C	0.521134260698833	0.128480064272588	1.68393658996959	2.17544557733631	1.31361775257506	4.05614881693379	4.98884800188784e-05	1397	131	1266	0.527201145311382
rs7717970	T	-0.036393796340459	0.126653728427221	0.964260496451939	1.23957470919683	0.753882443448657	-0.287348795747233	0.773845263646319	1397	131	1266	0.634574087329993
rs11133847	A	0.0225407618487684	0.127226515299949	1.02279672440016	1.31717863096836	0.799251562504048	0.177170315445852	0.85937461162616	1397	131	1266	0.64352183249821
rs4956990	A	0.303869858442899	0.149679673580808	1.3550926907409	1.8355487618171	1.01932413369381	2.03013442756373	0.0423428768831084	1397	131	1266	0.740873299928418
rs13176160	A	0.102650627149768	0.128713417910137	1.10810419991708	1.4320858211971	0.863898461213583	0.797513024022365	0.425153141900884	1397	131	1266	0.643879742304939
rs4956991	A	0.0944442351023199	0.128520767736548	1.0990478731319	1.41951163950829	0.856976441406853	0.734855827315935	0.462427302849364	1397	131	1266	0.63815318539728
rs1053477	C	0.0940672245870766	0.129014227645279	1.0986335986248	1.42066025021072	0.855996721306336	0.72912287508097	0.465926503051936	1397	131	1266	0.646027201145311
rs4956993	A	0.0534815291394362	0.129242746037229	1.05493750598406	1.36609391633526	0.822290651843665	0.41380681530885	0.679015592343371	1397	131	1266	0.686113099498926
rs1053478	A	-0.0495274056309033	0.127044573172391	0.951679076413564	1.22560058211921	0.744175888490958	-0.389842748841368	0.696652830706652	1397	131	1266	0.675733715103794
rs1053479	A	-0.0154978792342295	0.127648831270987	0.984621594901294	1.2698601154505	0.769214172954385	-0.121410271288179	0.903366081752763	1397	131	1266	0.675375805297065
rs7727015	C	0.141624728938694	0.142126328460998	1.15214420102247	1.53358095499223	0.877473003332077	0.996470748750527	0.319021472714379	1397	131	1266	0.727988546886185
rs6861289	T	0.119918979511313	0.12864597580273	1.12740550493399	1.457039836871	0.879175857941148	0.932162695047697	0.35125245134436	1397	131	1266	0.64352183249821
rs12514423	T	0.145994661939115	0.144641721473815	1.15719001088358	1.54806099367237	0.877066890270902	1.00935373591737	0.312805017634529	1397	131	1266	0.7319255547602
rs6887262	T	-0.358931537924392	0.15292752631476	0.698422165145915	0.951968092208797	0.521704171695681	-2.34706953400678	0.0189217232262505	1397	131	1266	0.865068002863278
rs6874933	C	0.346061013156004	0.14495064194695	1.4134888546028	1.89199941026511	1.07072177804201	2.38744036251083	0.0169661551924773	1397	131	1266	0.687544738725841
rs6883247	A	-0.58215057513863	0.143175962231957	0.558695556887982	0.742643869968192	0.42316712600348	-4.06597983392978	4.78310719478321e-05	1397	131	1266	0.811381531853973
rs3810865	C	0.447507995965401	0.129765878768303	1.56440881082914	2.02573099368351	1.21708246625518	3.44857985945925	0.000563542799488423	1397	131	1266	0.545096635647817
rs29681	T	0.430858978318473	0.213640944497166	1.53857856172127	2.39634074651173	1.03336579942541	2.0167434633495	0.0437222916820552	1397	131	1266	0.862204724409449
rs16900759	G	-0.533328078450415	0.133233340192367	0.586649302275329	0.765985363929854	0.453758154668963	-4.002962604408	6.25541928023291e-05	1397	131	1266	0.83965640658554
rs16900760	C	-0.541991719021208	0.136815191496892	0.581588736693191	0.765028716529017	0.446834175880213	-3.96148785154111	7.44841724139766e-05	1397	131	1266	0.847172512526843
rs16900761	A	-0.497412077985263	0.132625465706179	0.608102346583867	0.793023466250863	0.470912407169937	-3.75050202716904	0.00017648087822724	1397	131	1266	0.831066571224052
rs2864967	G	-0.323425152628063	0.125360161159218	0.72366612040267	0.92356261587031	0.564586307060487	-2.57996758808635	0.00988095886622937	1397	131	1266	0.48890479599141
rs10054322	G	0.635077920711678	0.268543340917536	1.88716918529576	3.37627905346781	1.16611419084264	2.36489915758774	0.0180349809332933	1397	131	1266	0.902648532569792
rs2162872	C	0.397688582701771	0.127731414778048	1.4883804503091	1.91958272470704	1.16251865886798	3.11347512585539	0.00184898094891219	1397	131	1266	0.554402290622763
rs4956994	A	0.409767412663485	0.132969165001495	1.5064673591315	1.96589273417358	1.16624116401683	3.08167245134523	0.00205841204595239	1397	131	1266	0.606657122405154
rs9312960	C	-0.51563440466713	0.118661457959739	0.597121657664794	0.753998664944364	0.473182945571884	-4.34542448350906	1.39006588841693e-05	1397	131	1266	0.680028632784538
rs1054174	C	-0.546822503770415	0.116870980292488	0.57878598189676	0.727963299976897	0.460068517160071	-4.67885614035156	2.88479750235122e-06	1397	131	1266	0.670722977809592
rs6884639	G	-0.58185576602019	0.136122057187675	0.558860289713761	0.734287003199633	0.430014765954476	-4.27451493197733	1.91553868124835e-05	1397	131	1266	0.860773085182534
rs11557427	C	-0.597602887690065	0.302724609355085	0.550128777259687	1.051016367617	0.314599791688568	-1.97408096078868	0.0483725378631382	1397	131	1266	0.977451682176092
rs9763161	G	-0.351736517429254	0.255607491139766	0.703465448444909	1.20650816803877	0.438737134692142	-1.37608062995667	0.16879667174794	1397	131	1266	0.956692913385827
rs6861223	T	-0.609471332701947	0.137070768866612	0.543638196854056	0.715528518120261	0.417468779685218	-4.44639902250088	8.73216842496549e-06	1397	131	1266	0.863636363636364
rs2115275	C	-0.644094827764843	0.195264872038477	0.525137667075059	0.782638069979444	0.362458067995446	-3.29856989145453	0.00097178684846537	1397	131	1266	0.937365783822477
rs28416084	G	-0.0168167781555559	0.178689179687484	0.983323834537357	1.42001430625545	0.702819137877164	-0.0941118996962625	0.925020267747472	1397	131	1266	0.872226198997853
rs2115273	A	-0.413481034051425	0.259471212907107	0.661344077279253	1.14180277299172	0.408944254968305	-1.59355263121021	0.111036271213193	1397	131	1266	0.958840372226199
rs6881920	G	0.179903580640722	0.39711272632325	1.19710193375564	3.05594732607836	0.611731832610756	0.453028998356201	0.650527860581062	1397	131	1266	0.976020042949177
rs6888378	T	-0.476619011467304	0.119678643870389	0.620879032029556	0.786666920300235	0.491680693725656	-3.98249007553495	6.81969734357346e-05	1397	131	1266	0.729062276306371
rs6555055	A	-0.473591334826128	0.119096116426618	0.62276170159098	0.788096684568077	0.493704009973029	-3.97654725473718	6.99231092178912e-05	1397	131	1266	0.725841088045812
rs6555058	A	-0.470078212176854	0.119052291615575	0.624953387406325	0.790739120474792	0.495447695906928	-3.94850200527645	7.864175741257e-05	1397	131	1266	0.721546170365068
rs6555059	A	0.45897814991592	0.134573478036799	1.58245612560538	2.07215911067317	1.2215628737334	3.41061371535938	0.000648168492318834	1397	131	1266	0.604151753758053
rs10079760	T	-0.489533463351615	0.116685027438536	0.612912273530482	0.771545104677605	0.487944577238306	-4.19534085990147	2.7246153210952e-05	1397	131	1266	0.709377236936292
rs2288461	G	0.380946268321911	0.195873053906699	1.46366895790754	2.20024635725378	1.01727236711147	1.94486306678697	0.0517914611955694	1397	131	1266	0.852183249821045
rs2288459	T	-0.492384366822952	0.119712302735469	0.611167408205359	0.774325666785992	0.483905843861269	-4.11306403412007	3.90442026896618e-05	1397	131	1266	0.729062276306371
rs7714944	G	-0.492075173285082	0.119498025714821	0.611356406435543	0.774177368025874	0.484222883571798	-4.11785190877887	3.82420300233515e-05	1397	131	1266	0.725841088045812
rs9312984	C	0.451588094861829	0.133918012096419	1.5708047927382	2.05428760268999	1.21413335032044	3.37212364335793	0.000745909539483405	1397	131	1266	0.60486757337151
rs7725227	G	-0.431747859553219	0.116509035164793	0.649373089265853	0.817428316940149	0.517312771907009	-3.70570281474347	0.000210805363355513	1397	131	1266	0.706156048675734
rs7708515	C	-0.50785356483649	0.118079415146806	0.601785887925196	0.75981861272344	0.477898025028277	-4.30094918919683	1.70068056554478e-05	1397	131	1266	0.725125268432355
rs7706416	A	-0.599855228043017	0.116566887286386	0.548891094380126	0.689468813137875	0.436264408046571	-5.1460173811562	2.66074780287754e-07	1397	131	1266	0.654259126700072
rs936341	C	6.65278911242806	230.118559797512	774.942716500042	NA	1.53563095534061e-05	0.028910267465093	0.976936156792728	1397	131	1266	0.992841803865426
rs6869925	A	-0.478387521939869	0.119116798797751	0.61978197132682	0.784351480997072	0.491317803079491	-4.01612137639901	5.91637931140721e-05	1397	131	1266	0.726914817465999
rs10055993	A	-0.144356520930121	0.227620258837894	0.865579095977619	1.3863395738384	0.56538587970083	-0.634198913871408	0.525951016310215	1397	131	1266	0.922333571939871
rs1541822	G	-0.448414491173652	0.118599225203309	0.638639918554847	0.807442613330864	0.506810632216939	-3.78092260219203	0.000156248248198935	1397	131	1266	0.720830350751611
rs4957008	A	0.315129179359096	0.129102626018127	1.37043633161004	1.77262834065456	1.06773953986685	2.44091998031743	0.0146499004908891	1397	131	1266	0.58840372226199
rs12173244	G	-0.495131543965683	0.119101536125538	0.609490727195518	0.771218270861699	0.483122478715648	-4.15722214903923	3.22140706299391e-05	1397	131	1266	0.727272727272727
rs7713524	T	-0.51489964882376	0.118046609084127	0.597560557514335	0.754365148510833	0.474531441060985	-4.36183345560406	1.28977035226588e-05	1397	131	1266	0.723335719398712
rs9654453	T	-0.0164329123906631	0.202260619749779	0.983701371350332	1.4913103393831	0.672688393194253	-0.081246227817321	0.935246136522509	1397	131	1266	0.890837508947745
rs7701452	G	-0.502213451403093	0.119018281720871	0.605189618285409	0.765643757475407	0.47978673497059	-4.21963285086667	2.44700493623624e-05	1397	131	1266	0.729062276306371
rs16900804	T	-0.501395724729846	0.186582260170051	0.605684700371979	0.885576036762539	0.424833206753379	-2.68726364592687	0.00720400660187573	1397	131	1266	0.913385826771654
rs7723693	G	-0.537785715697008	0.122629969292495	0.584040052360219	0.745383348011242	0.460441689526816	-4.38543464374756	1.15754410246975e-05	1397	131	1266	0.796707229778096
rs908117	C	0.411009634976528	0.158964478612379	1.50833988930748	2.08423763478478	1.11587719800846	2.58554388102476	0.00972254961390665	1397	131	1266	0.749821045096636
