RSID	effectAllele	B	SE	OR	OR_u95	OR_l95	Z	P	N	Ncase	Ncont	AFREQ
rs412135	G	-0.0641084766546902	0.27713136264418	0.937903253404937	1.7449935602353	0.574743197193618	-0.231328840023789	0.81705934313071	1397	145	1252	0.971725125268432
rs7754266	A	0.00917900775120325	0.136495749790845	1.00922126403414	1.32872953977868	0.777187806791255	0.0672475719227037	0.946384613891104	1397	145	1252	0.774158911954188
rs7774353	C	-0.0957294329630993	0.124357862802299	0.908709849741409	1.16205204467951	0.713199089607338	-0.769789949794231	0.441424502339843	1397	145	1252	0.634931997136722
rs12524185	G	0.129644549340516	0.3072395031047	1.13842365795894	2.21107500991839	0.654005204457319	0.421965756455271	0.673050012352446	1397	145	1252	0.957050823192556
rs4959515	G	0.00372277558778425	0.192863233597638	1.00372971372386	1.49407757407055	0.699182734524197	0.0193026712159712	0.98459965300434	1397	145	1252	0.896206156048676
rs719065	G	0.195610281517864	0.12003743748194	1.21605289468665	1.54272898795575	0.963040019811634	1.62957728539727	0.10319086835181	1397	145	1252	0.569434502505369
rs12209455	A	0.106223771446801	0.294301345151876	1.11207069833499	2.09403395043251	0.652617133103899	0.360935392232012	0.718147745277585	1397	145	1252	0.954187544738726
rs6596790	T	0.0223967404278516	0.203834462487802	1.0226494303696	1.55697466537394	0.697828476714192	0.109877103972013	0.912506840964282	1397	145	1252	0.901574803149606
rs9378598	A	0.291675899326836	0.163068439380323	1.33866908377277	1.87067115933139	0.985026855878915	1.78867167942021	0.0736677065096861	1397	145	1252	0.819613457408733
rs10458115	G	0.0272390651620205	0.382330447514154	1.02761343997419	2.5383077464764	0.535805528294087	0.071244823265121	0.943202908220575	1397	145	1252	0.982104509663565
rs6909153	A	-0.286355681579393	0.111704320679245	0.75099545318836	0.934567204475121	0.602795385909	-2.56351482053817	0.0103618276984207	1397	145	1252	0.561918396564066
rs6596796	G	0.163964137039603	0.123537363529297	1.17817206159707	1.50956998414194	0.929232213207893	1.32724329187031	0.184428215875392	1397	145	1252	0.688976377952756
rs1535051	C	0.0397528198456991	0.201124207552629	1.04055353821775	1.57448423102313	0.713353758726895	0.197653083780563	0.843316499159455	1397	145	1252	0.896564065855404
rs1535053	C	-0.265849068101739	0.113134422345341	0.766554816343783	0.95724034915431	0.613965549546466	-2.34985128832176	0.0187809128680207	1397	145	1252	0.591624910522548
rs12660307	T	0.193011232448406	0.209999069264921	1.21289641723903	1.87960925498778	0.82161699434134	0.91910518043733	0.358040559882241	1397	145	1252	0.900858983536149
rs2158556	G	0.116716768821233	0.254356244999664	1.12380108910351	1.92044738813162	0.703550329746971	0.458871252881515	0.646326623464341	1397	145	1252	0.934860415175376
rs6937363	C	0.138748126666038	0.158564386385463	1.14883470273266	1.58546075499766	0.85007412184861	0.875027046292397	0.381559189721086	1397	145	1252	0.814602720114531
rs17564634	C	0.00355036948149705	0.266371267757038	1.00355667950866	1.76607975061215	0.616080565982658	0.0133286503134993	0.989365590571764	1397	145	1252	0.948103078024338
rs9502887	C	0.172123822572199	0.22214643296977	1.18782490364329	1.88937965305723	0.786932152196231	0.774821455699998	0.438445169200938	1397	145	1252	0.911238367931281
rs736296	G	0.0512955860206238	0.202849562004815	1.05263399119547	1.59986724307942	0.719819570094195	0.252875014930553	0.80036479730779	1397	145	1252	0.899069434502505
rs736864	A	-0.244867696869094	0.11259054023601	0.78280809935343	0.976113029155494	0.627409656875856	-2.17485142495814	0.0296412519930479	1397	145	1252	0.562992125984252
rs2281349	T	-0.325083491306986	0.208185061919673	0.722467031407209	1.10629532398341	0.487417444568268	-1.56151209077824	0.118402973326811	1397	145	1252	0.923407301360057
rs2281350	C	-0.179469418181206	0.191550834505275	0.835713508191434	1.23782242525933	0.582363944456509	-0.936928406731966	0.348795385930259	1397	145	1252	0.905511811023622
rs2281351	G	0.059612256579702	0.146683342177629	1.06142490622158	1.43075355341205	0.803666123269727	0.406400997514178	0.684447986878202	1397	145	1252	0.817823908375089
rs1184	C	0.0886269706357103	0.225021166430822	1.09267298118611	1.7428247631515	0.718159981634162	0.393860595611821	0.693683963876374	1397	145	1252	0.91445955619184
rs17133610	C	0.441994185752513	0.209579915130998	1.55580669456265	2.40166039123954	1.0525120493862	2.10895297612963	0.0349486407808633	1397	145	1252	0.869362920544023
rs17133609	C	0.31979039710204	0.223603024971336	1.37683914461451	2.19107451446576	0.908208669134491	1.43017026331837	0.152668157900279	1397	145	1252	0.895848246241947
rs4959552	C	-0.128044036966322	0.122368131141972	0.879814633924136	1.12057034218309	0.693123895264444	-1.04638385641246	0.295383843129676	1397	145	1252	0.636005726556908
rs10155688	G	0.205541382125555	0.135236297792283	1.22818980501497	1.61169698167656	0.947579314011867	1.51986844864134	0.128544041650986	1397	145	1252	0.714387974230494
rs1316662	G	0.012355212148972	0.124263599705026	1.01243185309573	1.29269381225149	0.793733257174672	0.0994274443867756	0.920798893252733	1397	145	1252	0.528274874731568
rs9501714	A	-0.0909587002542172	0.13511247911461	0.913055419077285	1.19593028649699	0.703511017136359	-0.67320724814072	0.500815450637345	1397	145	1252	0.744452397995705
rs9502903	G	-0.186204307893442	0.117379096531451	0.830103980860104	1.04683752374749	0.660317638827757	-1.58634981351684	0.112659978204364	1397	145	1252	0.645669291338583
rs12191783	G	-0.090242846173825	0.143891988425669	0.913709267526774	1.21915960559154	0.692803358827939	-0.627156849809205	0.530556425048686	1397	145	1252	0.780243378668576
rs13213346	A	-0.0341741395812745	0.128262363986406	0.966403200935011	1.24693372486908	0.753610675777584	-0.266439339796484	0.789900871047903	1397	145	1252	0.676091624910523
rs6915646	G	-0.0951631108088846	0.118324703404151	0.90922461800965	1.14651813066384	0.720546286853811	-0.804253956030164	0.421250323411976	1397	145	1252	0.509663564781675
rs12192106	G	0.505371178021985	0.498044068773075	1.65760067122695	5.32227513886244	0.713973892194168	1.01471176891426	0.310243242423776	1397	145	1252	0.977093772369363
rs6916246	T	0.124652572722045	0.125190797486518	1.13275483476509	1.45258460070348	0.88855480129922	0.995700764151363	0.319395558724149	1397	145	1252	0.623836793128132
rs6913464	C	-0.247395096224535	0.160829815673354	0.780832128752935	1.0794009156606	0.573716588385982	-1.53824149576217	0.123989578462389	1397	145	1252	0.848246241947029
rs9501719	G	0.202535228288762	0.12701492450539	1.22450322151518	1.57705763219754	0.957829505234265	1.59457818896052	0.110806593210601	1397	145	1252	0.634574087329993
rs9502915	A	0.536566358392446	0.416943712269196	1.71012481382606	4.35951145392012	0.82538842394034	1.2869035857915	0.198127895320473	1397	145	1252	0.965640658554044
rs9405480	A	-0.221500154272843	0.110304197100283	0.801315798526659	0.994107490160038	0.64472305002382	-2.00808455249863	0.0446343074972995	1397	145	1252	0.521832498210451
rs9502941	G	0.158591497735126	0.133066257287689	1.1718591417774	1.52877302431216	0.906655744881257	1.19182353939851	0.233330443787705	1397	145	1252	0.685397279885469
rs17329846	T	0.0794292579736339	0.168809370032571	1.08266896662372	1.52897636334516	0.787121611416773	0.470526357383529	0.637979007719517	1397	145	1252	0.852183249821045
rs7766035	C	0.241454439275414	0.251872903994545	1.27309945026275	2.18448261609377	0.806527291182933	0.958636024145905	0.337742137967044	1397	145	1252	0.933428775948461
rs1002064	A	-0.074845443454495	0.247586749463102	0.927886886238326	1.56022712540025	0.58706583404426	-0.302299875162136	0.762423473497582	1397	145	1252	0.94201861130995
rs11757325	C	0.549213864658878	0.595174086224931	1.73189098185741	7.13034094846148	0.635823964954332	0.922778523746608	0.356122634934279	1397	145	1252	0.982820329277022
rs9502952	G	0.0175656644589043	0.192474526982358	1.0177208480455	1.51552942352271	0.710119155009777	0.0912622814784957	0.927284187897198	1397	145	1252	0.898353614889048
rs9392298	C	0.278626303985809	0.145836917384698	1.32131348201646	1.77398868291368	1.00033787443343	1.91053341624625	0.0560645681133683	1397	145	1252	0.747673586256263
rs9392299	A	0.270021661217653	0.145571755465614	1.30999282646566	1.75788939554392	0.992284269160619	1.85490420414306	0.0636099075283142	1397	145	1252	0.749105225483178
rs9405486	G	0.249440681503915	0.147121058925985	1.28330743833075	1.72757117988182	0.969242675268649	1.69547910628761	0.089984570530702	1397	145	1252	0.757337151037938
rs1418708	G	0.186523676820257	0.123274937221113	1.20505315357485	1.53950857543973	0.948877207409753	1.51307054803604	0.130261739801868	1397	145	1252	0.60486757337151
rs1418707	A	-0.0694417716610649	0.13700030277609	0.932914453862062	1.22793529108919	0.716916879451499	-0.506873125489064	0.612243843354347	1397	145	1252	0.767716535433071
rs4282439	C	0.338392689523171	0.382852656565002	1.40269121741376	3.37867185620438	0.726874899188001	0.883871859632029	0.37676538949942	1397	145	1252	0.96957766642806
rs12208195	G	0.117800191472994	0.151402731492291	1.12501930045924	1.52573440428197	0.841761011664559	0.778058561506149	0.436534490363147	1397	145	1252	0.774874731567645
rs11961507	T	0.122878849608568	0.165512715912312	1.13074742215612	1.58221375757844	0.825522164267815	0.742413348311373	0.457836934530959	1397	145	1252	0.825340014316392
rs6920539	A	0.447285187613066	0.172378228835067	1.56406028630815	2.22443106141367	1.12963737086844	2.59478932250216	0.00946489155223924	1397	145	1252	0.801717967072298
rs9502959	T	-0.33990429276236	0.116049981502572	0.711838447594003	0.894491267387972	0.56718606594398	-2.92894741008492	0.00340111961144836	1397	145	1252	0.64352183249821
rs17806289	C	-0.143378581382962	0.221905640717619	0.866425994046832	1.37339793823741	0.572615959286149	-0.646124095445664	0.518198991793576	1397	145	1252	0.930207587687903
rs17744451	A	-0.0952797453094693	0.290093999047483	0.909118577234536	1.72211198832608	0.541441965687992	-0.328444385689874	0.742575687677269	1397	145	1252	0.969219756621331
rs17133789	T	0.105187601987006	0.123050649895606	1.11091900141987	1.42001278449666	0.875860733617695	0.854831746733932	0.392644300297247	1397	145	1252	0.661775232641374
rs17133787	T	-0.0542011852410237	0.123071370201117	0.947241516317707	1.21072563137445	0.746709026438439	-0.440404499864192	0.659644166377245	1397	145	1252	0.701861130994989
rs7748430	C	0.640908049028969	0.239290984732748	1.89820375903711	3.1495156447475	1.22535987198897	2.67836270449038	0.00739830559392506	1397	145	1252	0.885826771653543
rs7756332	G	-0.28235380559589	0.11461466131924	0.754006865486488	0.943378556096272	0.601577857502074	-2.46350512531238	0.0137585928354286	1397	145	1252	0.540085898353615
rs6596836	C	-0.357395696472029	0.116310527186421	0.699495655002493	0.877694026404363	0.555982752716363	-3.07277170104475	0.00212080670044233	1397	145	1252	0.537222619899785
rs7771527	C	-0.328924637308603	0.11408549972671	0.719697253025333	0.899532860475431	0.574809003599448	-2.88314148683695	0.00393730549245199	1397	145	1252	0.556549749463135
rs9502979	G	0.199234774075097	0.163915887652085	1.22046846662252	1.70707359466881	0.895969179302013	1.21546957362655	0.224187046598028	1397	145	1252	0.831066571224052
rs11970426	G	0.0480111853392712	0.174784819312902	1.04918239071984	1.49635941435625	0.752726597845584	0.27468738719992	0.78355642211114	1397	145	1252	0.849677881173944
rs4959585	G	-0.122558587297252	0.284978415253978	0.884654073933984	1.61601950689826	0.52370860897816	-0.430062702075264	0.667150030610732	1397	145	1252	0.956692913385827
rs7741853	C	0.486472248404161	0.147291573625806	1.62656795898536	2.19024263857522	1.22813203302789	3.3027839707928	0.000957301056736246	1397	145	1252	0.708303507516106
rs6932895	T	-0.339419369977891	0.110298387840897	0.712183717984076	0.883377589294294	0.572922917147137	-3.07728314640007	0.00208896770376842	1397	145	1252	0.552254831782391
rs9501753	G	0.352026428982902	0.344698179957433	1.42194610381124	3.01282961058113	0.767252915177097	1.02125990054944	0.307131319325191	1397	145	1252	0.957050823192556
rs12195328	C	-0.0887058555070622	0.350622437610415	0.915114709942357	1.95562076071827	0.485717794212349	-0.252995376199014	0.800271786255231	1397	145	1252	0.971367215461704
rs11963083	C	0.22167114120519	0.23092773646439	1.24816084169364	2.02143173586475	0.813545417888143	0.959915619488059	0.337097684410386	1397	145	1252	0.911954187544739
rs2143738	T	0.201851531182191	0.125605609087297	1.22366631833238	1.57363873292529	0.960912512041467	1.60702641107295	0.108048574551684	1397	145	1252	0.671080887616321
rs2179753	T	0.459963132565741	0.354504831859649	1.58401558532751	3.54058645561383	0.858133883581525	1.29748057354503	0.194465885022209	1397	145	1252	0.959198282032928
rs17133761	G	-0.0542577885826556	0.385072317115351	0.947187900799974	2.22387814701807	0.477973054537804	-0.140902854271922	0.887946687262976	1397	145	1252	0.977093772369363
rs11964365	C	0.138021225991457	0.141008821881434	1.14799991745201	1.52520732748636	0.876467930320073	0.978812702282634	0.327672532302355	1397	145	1252	0.754473872584109
rs6596842	A	0.106248494829019	0.347749393059919	1.1120981928238	2.40499257111151	0.601156091222589	0.305531790851212	0.759961161143984	1397	145	1252	0.969219756621331
rs12195797	G	-0.0149348037442998	0.36452316305535	0.985176167306651	2.19045255978476	0.51327350495099	-0.0409707948848014	0.967319178610603	1397	145	1252	0.972798854688618
rs6940742	G	0.792673772708945	0.343854053613268	2.20929569061896	4.67608383308632	1.1956140235764	2.30526225990188	0.021151889834363	1397	145	1252	0.935934144595562
rs727056	T	-0.260904799447208	0.109542168569662	0.770354254275126	0.955279877166816	0.621395571203251	-2.38177500823612	0.0172294206104235	1397	145	1252	0.594846098783107
rs2235872	A	0.718625680473427	0.185934935120868	2.0516117022376	3.00545778073062	1.44676494875854	3.86493092331615	0.00011112064344445	1397	145	1252	0.790622763063708
rs2092586	T	0.203259989328859	0.128744826973749	1.22539101542396	1.58992514361479	0.958632016455295	1.5787817973479	0.114386115166352	1397	145	1252	0.734073013600573
rs2092587	A	0.268385314224662	0.12435022683297	1.30785097652601	1.67475875166932	1.02789816706275	2.15830176639052	0.0309043774894558	1397	145	1252	0.593056549749463
rs2092590	A	0.397050751484661	0.242915956871641	1.48743141748851	2.50144947042282	0.957573169896238	1.63451901883278	0.1021499160987	1397	145	1252	0.916249105225483
rs742768	A	0.0504888761394263	0.145472889641132	1.05178516337842	1.41007764773671	0.796220929072342	0.34706725262678	0.728540794767053	1397	145	1252	0.781317108088762
rs12212839	T	0.0550217200469182	0.179985618069394	1.05656356303643	1.52317179724805	0.750676464507591	0.305700647846788	0.759832579998655	1397	145	1252	0.856120257695061
rs12203577	G	0.0934488440239916	0.321558559393814	1.0979544349739	2.18404113143337	0.611332280399623	0.290612211350109	0.771347919682132	1397	145	1252	0.958840372226199
rs17133744	G	0.378609430194587	0.145981014767257	1.46025259378057	1.95882565650789	1.10415797774234	2.59355253008905	0.00949900269706553	1397	145	1252	0.712240515390122
rs12210260	C	0.192077497376884	0.116298778196516	1.21176442189026	1.5253411910041	0.966256202743231	1.65158654592502	0.0986188645670416	1397	145	1252	0.543307086614173
rs12210593	C	0.125692941129219	0.276956669192028	1.13393393034879	2.05679468569772	0.686738915938277	0.453836123520353	0.649946781513431	1397	145	1252	0.949176807444524
rs17806996	G	-0.118888398415591	0.189908725145729	0.887906887048156	1.30902168794854	0.620093500579794	-0.626029153343853	0.53129581948746	1397	145	1252	0.893700787401575
rs9503022	T	0.179514419429587	0.306134311661593	1.19663615875391	2.32026260492387	0.68928752046946	0.586391046646302	0.557612759616086	1397	145	1252	0.954903364352183
rs9501772	G	-0.0728586711384184	0.327579206264589	0.929732218737115	1.88713912553439	0.514106603083432	-0.22241543341298	0.823990498562305	1397	145	1252	0.967788117394417
rs12212523	C	-0.228042255710031	0.111014496417019	0.796090619750329	0.990244435107803	0.640430920568166	-2.05416646537227	0.0399595828892292	1397	145	1252	0.594130279169649
rs9328070	C	-0.267739271315597	0.108980390971392	0.765107240503584	0.947101564491799	0.617436184513179	-2.45676556056657	0.0140194142350237	1397	145	1252	0.560486757337151
rs6926102	T	0.113351795773397	0.123858548020465	1.12002588402146	1.43306180667962	0.881169197844028	0.915171359466185	0.360101677673295	1397	145	1252	0.639584824624195
rs4959611	G	-0.242469354612702	0.117270051965428	0.784687794271624	0.987657994807497	0.623294559494742	-2.06761530799172	0.0386762114555721	1397	145	1252	0.570866141732283
rs13196989	C	0.0904308152320802	0.126702042132025	1.0946457722081	1.41040118331421	0.857502875372241	0.713728158681535	0.475395290743173	1397	145	1252	0.693987115246958
rs12213916	A	0.0344275500696816	0.285658478374936	1.03502703802284	1.89376361914236	0.612408559789891	0.120519965889107	0.904071264428483	1397	145	1252	0.95025053686471
rs13196509	T	-0.243510643408447	0.219589732539407	0.783871132927236	1.23257177352493	0.518906724148583	-1.10893455988316	0.267458413527574	1397	145	1252	0.929849677881174
rs13213850	T	0.408451548099251	0.219321441994785	1.50448635576835	2.37638864086489	1.00166057651219	1.86234206917609	0.0625548891649915	1397	145	1252	0.886184681460272
rs6596860	A	0.294708719991417	0.135729195185274	1.34273518980159	1.761861992633	1.0340327656294	2.17129939943379	0.0299085476888741	1397	145	1252	0.672512526843235
rs6941485	A	0.337483809893787	0.127386741952211	1.40141691911953	1.80663949167412	1.09568080121657	2.64928519814403	0.00806622301105625	1397	145	1252	0.607015032211883
rs6927090	G	0.242716472739831	0.214113808733319	1.27470715865001	1.99816587759155	0.858872716271097	1.13358626506026	0.256968137060763	1397	145	1252	0.903722261989979
rs12197235	C	0.286914999087345	0.145225447925608	1.33231096101484	1.78623356935946	1.00969119601117	1.97565236110904	0.0481941639101456	1397	145	1252	0.742304939155333
rs12193595	G	0.088809524310721	0.250005503216728	1.09287247086264	1.85311925463171	0.690379730477662	0.355230277606059	0.722417083712838	1397	145	1252	0.936292054402291
rs6922303	T	0.348080246319073	0.13933926121619	1.41634590172503	1.87528974057256	1.08491449312762	2.4980773062878	0.0124868959704403	1397	145	1252	0.704724409448819
rs6921918	A	0.359197528013012	0.139210630324437	1.43217966923794	1.89580774842145	1.09733892251086	2.5802449653154	0.00987302521879813	1397	145	1252	0.702219040801718
rs6927547	T	0.34124369622218	0.131665676637086	1.40669600559756	1.83129745196511	1.09202486856997	2.59174376297598	0.00954908651500306	1397	145	1252	0.6546170365068
rs17133690	T	0.195888843950065	0.175137047850997	1.2163916885241	1.74068977701796	0.874209827807139	1.11848889971426	0.26335824475526	1397	145	1252	0.8453829634932
rs12212311	A	-0.53505773355787	0.233699532651397	0.585635478348986	0.949934076448724	0.377448311373017	-2.28951135454772	0.0220496589474188	1397	145	1252	0.955619183965641
rs1166328	G	0.211966803071014	0.1598314819778	1.23610684944608	1.71150741931084	0.913130660693819	1.32618931169302	0.184776998728665	1397	145	1252	0.810665712240515
rs1150764	G	0.0180559887128294	0.243872397348721	1.01821998362016	1.69602565126646	0.648070018721557	0.0740386731304017	0.94097961298264	1397	145	1252	0.933428775948461
rs11757381	C	-0.439793968257055	0.269039109681669	0.644169126699813	1.12743793112223	0.389693241736606	-1.634684149741	0.102115276897545	1397	145	1252	0.959556191839656
rs17751693	G	-0.420950023212409	0.265975620744713	0.656422906497586	1.14266005279358	0.399627142203368	-1.58266393752096	0.113498082020955	1397	145	1252	0.959198282032928
rs11242786	C	-0.280694597711595	0.326313351170089	0.755258958076216	1.51264980507949	0.415113051795098	-0.860199549620282	0.389679052909296	1397	145	1252	0.970293486041518
rs17133064	G	0.194349903992921	0.156973345187778	1.21452117442471	1.67182051649068	0.902018783788665	1.23810767847517	0.215676137143959	1397	145	1252	0.808876163206872
rs2666949	C	13.1451962297212	423.205478951293	511547.758604634	NA	3.48220213573291e-09	0.031061025632974	0.975220871700237	1397	145	1252	0.996062992125984
