RSID	effectAllele	B	SE	OR	OR_u95	OR_l95	Z	P	N	Ncase	Ncont	AFREQ
rs4096522	T	-0.197232303137501	0.269771087576537	0.82099989030801	1.47349344008855	0.503891036131066	-0.73110986395658	0.464712049797711	1397	142	1255	0.966356478167502
rs7456436	C	0.316370330729686	0.154116461908501	1.37213830652709	1.87460507326316	1.02317968020519	2.05280037454737	0.0400919422094315	1397	142	1255	0.761989978525412
rs7384563	C	0.249296318924774	0.127756527718424	1.2831221901309	1.65138113647571	1.0001953025607	1.95133918694334	0.0510167104180285	1397	142	1255	0.522906227630637
rs6583338	G	0.211923553197663	0.128185049931532	1.23605338913748	1.59204601464411	0.962639531520384	1.6532626332857	0.0982774243028263	1397	142	1255	0.531496062992126
rs7806592	T	-0.147877045450331	0.143088433464903	0.862537161290711	1.14968099433351	0.655304714946581	-1.0334661011339	0.301385826498416	1397	142	1255	0.79563350035791
rs4281072	C	-0.0525834468414666	0.181224496979639	0.94877514546322	1.37065890974314	0.672211188680514	-0.290156395618935	0.771696593109914	1397	142	1255	0.86471009305655
rs6965835	C	0.0502334047800003	0.12397412375849	1.05151649671269	1.34433196119681	0.826283367132669	0.405192658411996	0.685335901078088	1397	142	1255	0.611667859699356
rs12670102	C	-0.318546273231946	0.144762067626114	0.72720542703162	0.970097102391487	0.549437443605137	-2.20048164865035	0.0277727405474863	1397	142	1255	0.783106657122405
rs4916941	G	-0.228376302894052	0.190455288240307	0.79582473233252	1.17720969084399	0.556052093516927	-1.19910717630428	0.230486274037006	1397	142	1255	0.911238367931281
rs6964622	G	-0.224782309291711	0.152729126504688	0.798690067242532	1.08582456669594	0.595851970117137	-1.47177106578169	0.141082709502573	1397	142	1255	0.827845382963493
rs6969424	A	-0.195894768167843	0.156715688670289	0.822098741083231	1.12547677658713	0.608095114146568	-1.25000100391979	0.211299180603879	1397	142	1255	0.815676449534717
rs4617107	T	0.303239909076665	0.134087536669676	1.35423931977765	1.77081406719253	1.04600187799726	2.26150704687562	0.0237278768222447	1397	142	1255	0.655332856120258
rs3924854	C	0.36693646038788	0.133153267566343	1.4433062090849	1.88538453501046	1.1176706539749	2.7557450680289	0.00585586182410045	1397	142	1255	0.656764495347173
rs7782358	G	0.00510599671811227	0.122922286452872	1.00511905453428	1.27921873113908	0.789577503834856	0.0415384131344635	0.966866670014499	1397	142	1255	0.49176807444524
rs10272797	G	-0.132991940952179	0.162060480290779	0.875472147552244	1.20949143915582	0.640029650179296	-0.820631536532262	0.411856178653064	1397	142	1255	0.79563350035791
rs11763364	T	0.385584867996237	0.140993231267638	1.47047410322948	1.95668968445707	1.12440992843086	2.73477573731399	0.00624227888942418	1397	142	1255	0.718682891911238
rs7803185	C	-0.271882970283367	0.14046120535371	0.761943425895493	1.00830229295542	0.580787977069166	-1.93564457601449	0.0529112468915296	1397	142	1255	0.778453829634932
rs7777705	G	0.203615847757163	0.121988854433304	1.2258271587428	1.56034522596937	0.966627011199429	1.6691348459911	0.0950906588342056	1397	142	1255	0.542591267000716
rs11764261	G	0.313098896534471	0.273856026731017	1.3676567808556	2.4396968342791	0.827475608910945	1.14329744819528	0.252915114143022	1397	142	1255	0.930565497494631
rs9642261	G	0.0978711658093047	0.125565133858574	1.10282069494395	1.41414080302141	0.863798581183261	0.779445398589216	0.435717389742403	1397	142	1255	0.594130279169649
rs10435479	T	0.0660249580738199	0.138256937741503	1.06825337837996	1.40968681536916	0.818993797659238	0.477552585442517	0.63296868486532	1397	142	1255	0.73765211166786
rs4637765	G	-0.0250611022987763	0.130471288424381	0.975250320171307	1.26442130965979	0.757544470240553	-0.192081358292873	0.847678476942053	1397	142	1255	0.688260558339298
rs7801619	A	0.0290395686047877	0.123561349636793	1.02946532817595	1.31312966444971	0.808472142086544	0.235021458491261	0.814192078161037	1397	142	1255	0.542591267000716
rs7806249	T	0.0310438870885489	0.121400877938101	1.03153077377554	1.31074698525759	0.813851386713112	0.255713859864979	0.798171792286675	1397	142	1255	0.562992125984252
rs4430042	A	0.029221990267925	0.123411596529393	1.0296531420834	1.31290542280052	0.808809735678012	0.236784800535055	0.812823743699548	1397	142	1255	0.539012168933429
rs7780853	G	-0.00926739498982622	0.129238928177183	0.99077541496746	1.28074787788729	0.771081603273887	-0.0717074578111701	0.942834720969142	1397	142	1255	0.663922691481747
rs4298450	G	-0.180928137421236	0.12851334610806	0.834495325527137	1.0776125728072	0.6505905918449	-1.40785484854704	0.159174055221403	1397	142	1255	0.720472440944882
rs4436074	C	-0.121440348698602	0.122286761999448	0.885643881583327	1.12709789243597	0.697390335104689	-0.99307845520638	0.320671722468035	1397	142	1255	0.598783106657122
rs12718078	T	-0.131700817986192	0.122757608620419	0.876603219767563	1.11657731826536	0.689631845714854	-1.0728525870313	0.283337261917223	1397	142	1255	0.600930565497495
rs4604381	C	-0.185229965837866	0.189520040912516	0.83091318023363	1.22497357715876	0.581005921562101	-0.977363475366544	0.32838923852171	1397	142	1255	0.900858983536149
rs10274202	A	-0.0788971436000648	0.13064492667457	0.924134972753191	1.19807707999332	0.717323317588101	-0.603905146631476	0.545906706891625	1397	142	1255	0.688618468146027
rs11767446	G	0.0858475312991805	0.188279656686178	1.08964017961667	1.60229429201666	0.763951702442582	0.455957551708681	0.648420502939675	1397	142	1255	0.871510379384395
rs10272704	G	-0.165081842470866	0.14798228664628	0.847824313211741	1.14160556947804	0.638278568205581	-1.1155513691004	0.264614218353412	1397	142	1255	0.810665712240515
rs4916928	A	-0.202611271015032	0.141990076813073	0.816595614119837	1.0856106211132	0.621483715222963	-1.42693965354893	0.153597289742178	1397	142	1255	0.797780959198282
rs6979074	T	0.0666233634072481	0.125333703718552	1.06889281820206	1.36975684642239	0.837456920902054	0.531567817997758	0.595025358951927	1397	142	1255	0.594130279169649
rs12718092	C	-0.10930669847838	0.147100077519315	0.896455433814366	1.20408731049967	0.675638789519346	-0.743077096366775	0.457435005292533	1397	142	1255	0.788475304223336
rs13226163	G	0.108153029503212	0.17608563604666	1.11421824060456	1.5950197886943	0.798131255131597	0.614206995706072	0.539078551124221	1397	142	1255	0.846456692913386
rs6950044	G	-0.123089690134892	0.122992027227509	0.88418435639019	1.12765571573966	0.695781872154463	-1.00079405884743	0.316926382443322	1397	142	1255	0.637437365783822
rs6583343	C	-0.178400191280534	0.117111914534491	0.836607553439085	1.05227359864549	0.664472607476685	-1.52333084118433	0.127675954876612	1397	142	1255	0.528274874731568
rs6978290	A	-0.0154316311994414	0.13156800920253	0.984686826307669	1.27964842879345	0.763367103265124	-0.11729014745284	0.90663013233475	1397	142	1255	0.6932712956335
rs6978944	A	-0.0879376497739111	0.137884454160913	0.915817976401103	1.20639879112894	0.701966943116464	-0.637763338217135	0.523627748106839	1397	142	1255	0.748389405869721
rs11982676	G	-0.357111423557506	0.215131258986345	0.699694530937218	1.09558857494206	0.468415539565601	-1.65996994225824	0.0969204994824751	1397	142	1255	0.945955619183966
rs12718096	A	0.290154314680065	0.122370983735818	1.33663373431872	1.70524439459789	1.05472012820115	2.37110388281644	0.0177350456128981	1397	142	1255	0.583750894774517
rs11764167	C	0.307286332594348	0.152110007218362	1.359730247427	1.85190294566297	1.01862628460694	2.02015855638756	0.0433669435661433	1397	142	1255	0.768790264853257
rs11185556	C	-0.30490674417051	0.126291177604872	0.737192118648695	0.946867110902429	0.576686791194291	-2.41431547280741	0.0157648060416137	1397	142	1255	0.715819613457409
rs12718097	G	0.343249839378393	0.155662367335343	1.4095208717576	1.93341379506104	1.04876995397919	2.2050919901464	0.0274476400415102	1397	142	1255	0.768432355046528
rs12718098	A	0.279977783758405	0.149737344874624	1.32310041769239	1.78995712738235	0.994033992709528	1.86979262917231	0.0615126203294927	1397	142	1255	0.748389405869721
rs4133102	G	-0.142090189791511	0.36867228144206	0.867543009434276	1.9409306794897	0.447242845884066	-0.385410558221861	0.69993326132185	1397	142	1255	0.975304223335719
rs4244214	T	0.128616982419918	0.128891260058243	1.13725445228781	1.46933957376235	0.885880082479696	0.997872022988982	0.318341419853002	1397	142	1255	0.634216177523264
rs4244215	C	-0.150484270072593	0.125616690288299	0.860291262220086	1.10048933051613	0.672151709112901	-1.19796397857022	0.230931040592644	1397	142	1255	0.530064423765211
rs10255772	C	0.392635670499984	0.739199915633064	1.48087876321499	9.25323337440176	0.436433718381744	0.531163034784337	0.595305806210994	1397	142	1255	0.989978525411596
rs3923903	T	0.242747391934053	0.119782689164245	1.27474657217754	1.61537557336724	1.00941150033336	2.02656488702804	0.0427069305522861	1397	142	1255	0.520400858983536
rs11773539	C	-1.24801224279347	0.136844218568752	0.287074865225902	0.374266621535053	0.218709743047295	-9.11994862367136	7.51599513989888e-20	1397	142	1255	0.724409448818898
rs4916960	G	-0.63990750763779	0.126775563976486	0.527341196820444	0.675669464535145	0.410794341082363	-5.04756190835387	4.47483792159859e-07	1397	142	1255	0.64638511095204
rs4916932	G	0.399291951822643	0.138522445885253	1.49076878774482	1.96636412477335	1.14154774272887	2.88250723029682	0.00394524081608567	1397	142	1255	0.643163922691482
rs12540470	C	0.601425588043714	0.14836343215496	1.82471824359391	2.4673339066572	1.37730440014458	4.05373196958365	5.04069676178595e-05	1397	142	1255	0.699713672154617
rs9791744	C	0.357584684182859	0.141914524927626	1.42987164883328	1.9012979293076	1.08902084349143	2.51971871353704	0.0117448649025421	1397	142	1255	0.689334287759485
rs10275469	T	0.256742192121493	0.149401967863363	1.29271181250578	1.74674975119971	0.971374062332251	1.7184659331683	0.0857116630873242	1397	142	1255	0.745526127415891
rs3814455	C	0.0948150564779043	0.116626122698078	1.0994554991496	1.38459009361203	0.875914277979608	0.812983011733671	0.416227798291169	1397	142	1255	0.559770937723694
rs10260762	A	-0.0266922259100534	0.123969177243766	0.973660863000135	1.24373507648973	0.764501306684009	-0.215313406957338	0.829522977515988	1397	142	1255	0.594130279169649
rs10260885	G	-0.017570338760779	0.120832679027965	0.982583119555339	1.24546516956149	0.775061426703878	-0.145410487478413	0.884386784859514	1397	142	1255	0.500715819613457
rs10268225	C	0.00427513962637435	0.121728856752889	1.00428429107238	1.27539494795894	0.790905876731422	0.0351201821853379	0.97198390828167	1397	142	1255	0.502505368647101
rs4645514	A	-0.25337932491982	0.166753491823216	0.77617340406163	1.08875595791116	0.565104517189086	-1.51948437270771	0.128640618662385	1397	142	1255	0.874731567644954
rs4336558	G	0.0580194638634897	0.121563768117808	1.05973562205904	1.34705902630877	0.835863120752438	0.477275957810577	0.633165628735326	1397	142	1255	0.556549749463135
rs4289751	G	0.0274485801097329	0.180907036849603	1.02782876290624	1.4851876721669	0.729236595834676	0.151727542431377	0.879401832949964	1397	142	1255	0.859699355762348
rs4075894	T	-0.277864386016274	0.14512890621873	0.75739952851726	1.01319367986382	0.572893514260609	-1.91460401139862	0.0555430231778241	1397	142	1255	0.814602720114531
rs4075895	A	-0.355935359202128	0.138545886736981	0.700517900807782	0.924067267380435	0.536214265343486	-2.56907922411183	0.0101969142578339	1397	142	1255	0.8067287043665
rs7793347	A	-0.235973962180482	0.14514639406891	0.789801238367175	1.05523523754106	0.596737981740097	-1.62576523994424	0.103999605508063	1397	142	1255	0.784180386542591
rs12669123	T	-0.0161856310954482	0.180821196927825	0.983944652377728	1.42244945181934	0.698573713044832	-0.0895118015500622	0.928675174953033	1397	142	1255	0.867931281317108
rs7803082	T	-0.188001366878127	0.144990357916128	0.828613574618135	1.10726370612254	0.626530166692645	-1.29664737421284	0.194752544235132	1397	142	1255	0.783822476735863
rs4916966	G	-0.0690147591724037	0.122976312209797	0.933312905050476	1.18875490645963	0.733576251141686	-0.561203681686803	0.574658693403247	1397	142	1255	0.554760200429492
rs4074575	A	0.129680572401031	0.139942290656796	1.13846466820192	1.5078003850371	0.870266311918303	0.926671785865424	0.354096970733725	1397	142	1255	0.732999284180387
rs6969689	T	-0.496104666916746	0.179666936658396	0.60889790627103	0.877040337543868	0.43243238444101	-2.76124631578707	0.00575812308892485	1397	142	1255	0.912670007158196
rs10244166	G	-0.149916011519074	0.123544070704784	0.860780269016349	1.09660519633156	0.675238126651621	-1.21346180892248	0.224953307384552	1397	142	1255	0.52755905511811
rs6583351	C	0.0303380213260604	0.125522859823923	1.03080290843721	1.32198747229923	0.807628025985627	0.241693197307781	0.80901790108046	1397	142	1255	0.623478883321403
rs6972063	T	0.0890300269116529	0.127315885530557	1.0931134786554	1.40786351362247	0.854022867102758	0.6992845122244	0.484374244066031	1397	142	1255	0.638869005010737
rs4275177	A	0.0504024231897053	0.133835376526414	1.05169423737904	1.37418734402971	0.812437349401954	0.376600152350285	0.706470774534803	1397	142	1255	0.708303507516106
rs4916935	A	-0.0734570797133051	0.119372924835632	0.929176025437092	1.17468820905423	0.735205181602966	-0.615357961735884	0.538318347168852	1397	142	1255	0.532211882605583
rs4075862	C	0.187732420959477	0.138439017279156	1.2065106351954	1.59375319577648	0.925290449082407	1.3560658306388	0.175078223440129	1397	142	1255	0.724409448818898
rs7799786	G	0.0250993330087644	0.257702869209478	1.02541697321887	1.76219246857154	0.637183254831831	0.0973964049595506	0.922411599583886	1397	142	1255	0.938797423049392
rs4244221	G	-0.166322121056202	0.261418459601369	0.846773426702667	1.46952173994302	0.522907840405274	-0.636229443436485	0.524626884976787	1397	142	1255	0.951682176091625
rs4074119	T	-0.0113980777023992	0.137946190948794	0.988666634287804	1.30170421616247	0.757311734154257	-0.0826269839275963	0.93414814456336	1397	142	1255	0.716893342877595
rs4074118	A	-0.0354219491116138	0.137236546824182	0.965198065856621	1.26854285373033	0.740098169622991	-0.258108717621655	0.796323003792923	1397	142	1255	0.710808876163207
rs10270445	C	-0.86465362769868	0.510625446928851	0.421197418483067	1.28626943272188	0.166347228864394	-1.69332263579719	0.0903940717930613	1397	142	1255	0.991410164638511
rs12718123	A	0.129989243607291	0.161793838882784	1.13881613370518	1.58102963044532	0.837156529189743	0.803425176786033	0.4217290278852	1397	142	1255	0.812813171080888
rs34492442	T	0.274151693995013	0.157207595189604	1.31541432755939	1.8101556475566	0.975920891260733	1.74388326253809	0.0811794477560352	1397	142	1255	0.784896206156049
rs28706381	C	-0.222742913997149	0.126112850425651	0.800320574066328	1.02560147348289	0.625175758746714	-1.76621901134861	0.0773591127351355	1397	142	1255	0.601646385110952
rs28433907	G	0.369062623970575	0.235122626057357	1.44637817878313	2.36663102428226	0.936749738850211	1.56966018183441	0.116494189384459	1397	142	1255	0.902290622763064
rs28644307	G	-0.151987369731643	0.128056572699197	0.858999130062139	1.10513205025969	0.668549624549529	-1.18687675710843	0.235276236591577	1397	142	1255	0.588761632068719
rs28754499	G	-0.309863294784021	0.206849955279891	0.733547229102606	1.12918980179365	0.498920748776226	-1.49800996748943	0.134130660794043	1397	142	1255	0.941302791696492
rs28614471	T	-0.0744947876427475	0.129713450135548	0.928212312220552	1.20063276614732	0.721511202243833	-0.574302723155557	0.565762966748098	1397	142	1255	0.670365068002863
rs35023090	G	-0.277056085722221	0.415173325207001	0.758011982268804	1.91762387248717	0.36220750121619	-0.667326316265822	0.504563720282454	1397	142	1255	0.983894058697208
rs28548330	G	0.506194290536666	0.250238235115362	1.65896562476189	2.8050686243299	1.04575208700411	2.02284950700402	0.043088665708432	1397	142	1255	0.901932712956335
rs28602254	T	-0.311033650021528	0.764767135901405	0.732689220446465	4.71658042331938	0.199755078642884	-0.406703734274517	0.684225597482243	1397	142	1255	0.994631352899069
rs28661557	G	0.0150880697207851	0.144045953497426	1.01520246927675	1.35488474724178	0.769495999971212	0.104744835619799	0.916578283938503	1397	142	1255	0.754473872584109
rs28594078	G	-0.578954798635633	0.638748372160217	0.560483879037957	2.44120315729844	0.182182551856048	-0.906389470203478	0.364729744181204	1397	142	1255	0.993557623478883
rs28666996	T	-0.400095544583248	0.204820557042216	0.670256003645698	1.02944049373428	0.457854727096639	-1.95339545190664	0.0507727547405272	1397	142	1255	0.953829634931997
rs28560417	C	0.162731162788406	0.120129344537264	1.1767203009573	1.49347786951688	0.931920614153109	1.35463290351948	0.175534544816151	1397	142	1255	0.586256263421618
rs28405775	G	-1.61992608803173	0.564987994879386	0.197913326706553	0.65184015285074	0.0673745399998004	-2.86718674151218	0.00414138567169158	1397	142	1255	0.994989262705798
rs3924019	T	-0.0377662609197313	0.125343946920408	0.962937990829024	1.23213422591402	0.753330604620469	-0.301301034853422	0.763184951867215	1397	142	1255	0.543664996420902
rs35390217	G	-0.0350044098235376	0.148624389835933	0.965601158117463	1.30272976300553	0.726524226615214	-0.235522647811568	0.813803102768827	1397	142	1255	0.797780959198282
rs35997106	T	-0.0305304567172911	0.137965025339196	0.969930890706416	1.27926823367408	0.744052494188977	-0.221291277570021	0.82486564113454	1397	142	1255	0.759126700071582
rs34873039	C	-0.0372625639426374	0.12789934306601	0.963423141958455	1.24201900138102	0.751701193294471	-0.291342887691033	0.770789089711724	1397	142	1255	0.666428060128847
rs36086888	C	0.0258456519524487	0.124755435835759	1.02618254697672	1.31610168314522	0.806343610441737	0.207170547554133	0.835876667968882	1397	142	1255	0.680744452397996
rs9690447	G	-0.0618364048496218	0.164675903234289	0.940036659651196	1.31118931585357	0.686447047709029	-0.375503662862231	0.707285922840389	1397	142	1255	0.835361488904796
rs9800958	C	-0.107018594693616	0.162583776252026	0.898508965336048	1.24733425051482	0.658435189029634	-0.658236615981434	0.510386099722719	1397	142	1255	0.83428775948461
rs9719226	A	-0.235478640636103	0.175502071066566	0.790192540838587	1.12980898231927	0.566444656105764	-1.34174280226464	0.179679403672909	1397	142	1255	0.887616320687187
rs9690480	C	-0.193831374448621	0.147487573226697	0.823796805747672	1.10666156505393	0.620054005165118	-1.31422173548608	0.188771596051	1397	142	1255	0.794201861130995
rs9768991	C	-0.1185251713065	0.159576427321135	0.888229457479497	1.22527783383053	0.654501438073351	-0.742748620809625	0.457633887219202	1397	142	1255	0.829277022190408
rs10267852	G	0.51119973311273	0.313454169901071	1.66729029889061	3.31014642404946	0.954665500039583	1.63085957119049	0.102919954131864	1397	142	1255	0.940944881889764
rs10253160	C	0.512668707312018	0.281598364983668	1.66974130511411	3.03566990422176	0.998216554797802	1.82056705954863	0.0686726939017999	1397	142	1255	0.9226914817466
rs35395627	A	14.4063133519529	489.805022609837	1805437.22792448	NA	5.49211673163651e-06	0.0294123430486513	0.976535728735007	1397	142	1255	0.991410164638511
rs10239124	T	0.427075164140284	0.316976212029759	1.53276786657327	3.02700925968655	0.863274918671516	1.34734137115686	0.177870313592292	1397	142	1255	0.943450250536865
rs9969233	C	0.0712674882761367	0.184711253113982	1.07386843467054	1.56488847927994	0.756884797881198	0.385831870417548	0.699621190268522	1397	142	1255	0.862204724409449
rs9690251	T	0.684403374850343	0.506648372957451	1.98258862037196	6.44783301712259	0.838030296050244	1.3508449081861	0.176745119041211	1397	142	1255	0.972798854688618
rs10272685	G	-0.137529985329727	0.169124145664122	0.871508217144108	1.22711503394104	0.63121230416988	-0.813189534762586	0.416109398621886	1397	142	1255	0.854330708661417
rs28478003	T	-0.0722970501795232	0.157688504557697	0.930254522491957	1.27799026984893	0.687793986985635	-0.458480156066609	0.64660751597707	1397	142	1255	0.816392269148175
rs11562105	T	-0.105667165158179	0.158981579038536	0.899724057760619	1.23895980570923	0.663415196077501	-0.664650368912026	0.506274145002037	1397	142	1255	0.820687186828919
rs9691389	G	-0.120624612640184	0.166973663755149	0.886366627977521	1.24200305411349	0.644353717119999	-0.722416996353798	0.470038140374383	1397	142	1255	0.845740873299928
