RSID	effectAllele	B	SE	OR	OR_u95	OR_l95	Z	P	N	Ncase	Ncont	AFREQ
rs2906360	G	0.231511127645005	0.125735876697325	1.26050335293341	1.61702624352203	0.987068698867612	1.84124955999874	0.0655849956672113	1397	134	1263	0.548675733715104
rs6993172	C	0.493666104316778	0.461088799054643	1.63831144433989	4.95884463295119	0.763439366763919	1.07065299640531	0.284325484735588	1397	134	1263	0.973156764495347
rs2906364	T	-0.0988178820901231	0.209245712912728	0.905907675013686	1.39850424368719	0.613077745658336	-0.472257618636795	0.636742917266941	1397	134	1263	0.914817465998568
rs2003497	G	-0.0878545870307126	0.134385878979852	0.915894049913887	1.19581914793345	0.705553679264964	-0.653748650510256	0.513273753921009	1397	134	1263	0.674659985683608
rs17744505	G	-0.0582054752427454	0.155399037237406	0.943456070653904	1.29221273089047	0.701574242279766	-0.374554928251093	0.707991498661729	1397	134	1263	0.818539727988547
rs17744517	A	-0.141821258172817	0.15169399161202	0.867776350555087	1.17820528346182	0.649137512833515	-0.934916779931179	0.349831188778117	1397	134	1263	0.813171080887616
rs6990702	C	-0.170035063804538	0.249953051392317	0.843635235016784	1.44446359956966	0.535709098684891	-0.680268005761036	0.496334778925057	1397	134	1263	0.957050823192556
rs2906326	T	-0.171641010277277	0.128895096560243	0.84228148929936	1.08717893485248	0.655426916600536	-1.33163335811657	0.182980697752005	1397	134	1263	0.664638511095204
rs10503143	T	0.540987804119503	0.543566767625077	1.71770277831099	6.57093188845466	0.710710813832937	0.995255479806388	0.319612024695135	1397	134	1263	0.979241231209735
rs12676364	A	-0.561058845440919	0.385708337318856	0.570604561829329	1.30981836265903	0.282029654281642	-1.45461943949919	0.145774646271886	1397	134	1263	0.981746599856836
rs2906328	A	-0.198750771243065	0.126067788562413	0.819754174189362	1.05131593288323	0.64090273157819	-1.57653888839867	0.114901663892514	1397	134	1263	0.631710808876163
rs2906330	G	0.209768396579651	0.133347969520857	1.23339236898323	1.60864858804962	0.953000018028731	1.57309029401337	0.115697912043619	1397	134	1263	0.62992125984252
rs10488368	A	-0.0313583462294487	0.157168622763674	0.969128227398595	1.33141434009959	0.717926569594582	-0.199520398397844	0.841855688502421	1397	134	1263	0.810665712240515
rs12114342	A	-0.223912140713042	0.38985699344419	0.799385364712274	1.88982804821011	0.398315191994395	-0.574344296699391	0.565734839215632	1397	134	1263	0.978883321403006
rs10488369	G	0.47135007338164	0.557288814579214	1.60215576159805	6.25660995477044	0.643080654681648	0.845791376124313	0.397669137211912	1397	134	1263	0.981388690050107
rs9314442	A	-0.113099313663514	0.152081657335532	0.893061962456407	1.21384608251145	0.667741754942765	-0.743674915469833	0.457073168629632	1397	134	1263	0.812455261274159
rs17664506	G	0.5191120295624	0.547689818756067	1.68053472180674	6.4692669193735	0.689086887508118	0.947821215193349	0.343220478297406	1397	134	1263	0.979957050823193
rs2240379	G	-0.0164442817781833	0.267433076717081	0.983690187331814	1.73435711145746	0.602604853380559	-0.0614893340047828	0.9509695085649	1397	134	1263	0.94488188976378
rs2906331	T	0.155447657290685	0.124544961317887	1.16818078871951	1.49578300382708	0.917289861216922	1.24812481890714	0.21198535059445	1397	134	1263	0.588761632068719
rs2072174	T	-0.0879159956560961	0.153461477487853	0.915837807846177	1.24849643656599	0.683086184024842	-0.572886414853231	0.566721603480377	1397	134	1263	0.81209735146743
rs763786	A	0.11047225146767	0.12597578541824	1.11680535891255	1.43269220878422	0.873733598994405	0.876932428727482	0.38052334100767	1397	134	1263	0.563350035790981
rs3750097	C	-0.0503771873872645	0.129577347954913	0.95087070041675	1.23082161174428	0.739973011643142	-0.388780818425095	0.697438291429187	1397	134	1263	0.686471009305655
rs2051889	T	0.319157601640116	0.136737575705926	1.37596816265778	1.80838081675169	1.05712845627166	2.33408849025165	0.0195910888497859	1397	134	1263	0.637795275590551
rs12680113	C	-0.137669346509557	0.127330580212647	0.871386771193357	1.12100763288144	0.679996329778174	-1.08119625528796	0.279609823418745	1397	134	1263	0.643163922691482
rs2906334	C	0.317042979023525	0.135042494336953	1.37306158350342	1.79820563301758	1.05820096535465	2.34772751036759	0.0188883338483455	1397	134	1263	0.629205440229062
rs2906336	G	0.00937356928419382	0.135322778120466	1.00941763877327	1.32570378937426	0.778986731854054	0.0692682297421455	0.944776113969278	1397	134	1263	0.755547602004295
rs10092114	T	-0.194678979755131	0.13346239885333	0.823098847042172	1.07387041207084	0.63580695157123	-1.45868035812151	0.144653104675757	1397	134	1263	0.733357193987115
rs2906337	A	0.335132463713658	0.136432735314933	1.39812557386248	1.83620140910318	1.07469045489818	2.45639334973428	0.0140339451407984	1397	134	1263	0.630279169649248
rs2906338	C	0.481758031076932	0.17532932056126	1.61891801005769	2.31335374633334	1.16142845932641	2.7477322648302	0.00600089888844764	1397	134	1263	0.779527559055118
rs2906345	C	0.339586189262168	0.140761722724209	1.40436632843908	1.86202169965535	1.07136903055815	2.41248957948257	0.0158439903442588	1397	134	1263	0.662848962061561
rs2906347	A	0.251040112529749	0.127270816472568	1.28536164240425	1.65585000594227	1.00463097783815	1.97248764082422	0.0485539658183338	1397	134	1263	0.593056549749463
rs7835919	T	0.252347640205026	0.128322812369526	1.28704338754899	1.66074825762982	1.00349490448346	1.96650646557177	0.0492401362060865	1397	134	1263	0.579098067287044
rs2906349	T	0.2627791297473	0.130083850490915	1.3005394367528	1.68671369081103	1.01203412055399	2.0200749651522	0.0433756122021838	1397	134	1263	0.633142448103078
rs11782267	A	0.360855843184658	0.145120718149902	1.43455664485459	1.92182639715599	1.0868320388362	2.48659080374666	0.0128973650944389	1397	134	1263	0.698639942734431
rs10435671	G	0.349924058508673	0.142819762312785	1.41895978657918	1.89016650101614	1.07875780454408	2.45010951455245	0.0142812770954228	1397	134	1263	0.677165354330709
rs7820395	C	0.284839177082615	0.139843230058087	1.32954818910825	1.75905105658585	1.01578998830726	2.0368463812249	0.0416654387283824	1397	134	1263	0.666428060128847
rs7831661	T	0.328078452389248	0.141128928062504	1.38829788330313	1.8423091576233	1.05848219184404	2.32467189323473	0.0200895113007422	1397	134	1263	0.669291338582677
rs888580	C	-0.129927440718964	0.134139094338667	0.878159147205286	1.14632078623931	0.676975702341843	-0.968602340425306	0.332743635191737	1397	134	1263	0.694345025053686
rs888579	C	-0.105979577091572	0.134831354453459	0.899443017130724	1.17570090854374	0.692451305769056	-0.786015815988514	0.431858221378823	1397	134	1263	0.689334287759485
rs3008295	T	-0.153233297135926	0.132579096159832	0.857929545956177	1.11559475698474	0.662911863253281	-1.15578776424297	0.247767979072227	1397	134	1263	0.670007158196135
rs2909633	A	-0.169456250651463	0.150443091148977	0.844123683533785	1.14268627945819	0.632697717816507	-1.12638107444667	0.260004254023669	1397	134	1263	0.810307802433787
rs2909631	G	-0.121550788926935	0.134465647413057	0.885546076271743	1.1567001810709	0.682233978543253	-0.903954216302921	0.366019678875065	1397	134	1263	0.692555476020043
rs4045956	G	0.252357865174154	0.141241857309178	1.28705654759518	1.7085105583303	0.981138534667651	1.78670735419277	0.0739847998456519	1397	134	1263	0.688976377952756
rs4045957	T	-0.125092173552622	0.132530345334188	0.882415563458622	1.14636336013209	0.681374077938971	-0.943875708142087	0.345233166814337	1397	134	1263	0.62705798138869
rs13265571	A	0.458708691721519	0.132345769057405	1.58202977727916	2.05764818777252	1.22393361356925	3.46598682367062	0.000528289168988231	1397	134	1263	0.531853972798855
rs17206521	G	-0.203918058511741	0.169118242700549	0.815529194125355	1.15088588920659	0.591729960493806	-1.20577209918631	0.227905376259056	1397	134	1263	0.871868289191124
rs3752670	C	0.484962729153474	0.1494992888698	1.62411447559481	2.19519249145004	1.22032900131487	3.24391328426874	0.00117899633668518	1397	134	1263	0.68503937007874
rs3752668	C	-0.197904360117113	0.122724051449309	0.820448316966585	1.04508528328435	0.645515144239385	-1.61259637194146	0.106832227222819	1397	134	1263	0.619183965640659
rs17065391	T	0.0758443725157094	0.196600163722895	1.07879467099174	1.62093147444749	0.747315594343658	0.385779803431959	0.699659754170205	1397	134	1263	0.887974230493916
rs11995670	A	-0.1635242935035	0.132179202253489	0.849145870022844	1.1048960641598	0.657494414256812	-1.23714087175303	0.216034788350495	1397	134	1263	0.720472440944882
rs3008260	C	-0.101647562848278	0.1719752347411	0.903347868922106	1.28348951327656	0.652508313059319	-0.591059305726796	0.554480684999504	1397	134	1263	0.866857551896922
rs3008257	T	-0.0546336791008459	0.18189520768132	0.946831928756568	1.37439931754442	0.671882312611458	-0.300357990720482	0.763904103693019	1397	134	1263	0.875447387258411
rs12114270	A	-0.0218915027929853	0.171010610116046	0.978346377142459	1.38948917058629	0.708928782515778	-0.128012541316179	0.898139048165376	1397	134	1263	0.86471009305655
rs12676775	C	-0.294447121057908	0.124222635834297	0.744943337115708	0.951692110888854	0.584378033937932	-2.37031776922425	0.0177728027740589	1397	134	1263	0.647816750178955
rs12540970	A	-0.264916105071695	0.123137920484527	0.767270317364035	0.977899305816463	0.603039185702258	-2.15137712273599	0.0314464453960361	1397	134	1263	0.627415891195419
rs1989173	G	0.609653677326348	0.152178019915461	1.83979412601631	2.50309459728886	1.37678056770194	4.00618747480763	6.17066783767855e-05	1397	134	1263	0.678954903364352
rs12114331	C	0.0829518230730856	0.178151957759793	1.08648946356386	1.56657501786133	0.777179983218067	0.465623976947431	0.641484677428664	1397	134	1263	0.859341445955619
rs2909623	C	-0.0832615096544039	0.184150946720588	0.920110497977107	1.3411359016061	0.649863488798452	-0.452137288116886	0.651170082624682	1397	134	1263	0.87831066571224
rs4382451	C	0.59383629559803	0.140085479862072	1.81092234000299	2.39773235182169	1.38336721346979	4.23909955680431	2.24418123854826e-05	1397	134	1263	0.597709377236936
rs4490810	G	0.557642734144834	0.141032117241799	1.74655055995089	2.3169795381619	1.33181063208993	3.95401235584345	7.68514380749706e-05	1397	134	1263	0.611309949892627
rs6991723	T	-0.37377719256431	0.12742896897818	0.688130215278458	0.882684850378074	0.53527445009304	-2.93321993861782	0.00335466156114081	1397	134	1263	0.552970651395848
rs7014789	A	-0.371621427403266	0.127321456137417	0.689615262554282	0.884407004777207	0.536544631351733	-2.91876513729295	0.00351420882741657	1397	134	1263	0.55261274158912
rs7824343	A	0.35296564160029	0.126914540323624	1.42328224089337	1.82972173157887	1.11178616144159	2.78112847196428	0.00541702952959453	1397	134	1263	0.505726556907659
rs10087419	C	0.369177125577375	0.131925125562719	1.44654380089046	1.88224545366743	1.12130789855926	2.79838373473339	0.00513590557343483	1397	134	1263	0.598783106657122
rs11136516	G	0.436933821501929	0.127449803217093	1.54795363242009	1.9937087716733	1.20885340071265	3.42828164871838	0.000607414936692584	1397	134	1263	0.518253400143164
rs17065571	G	0.0744418875203732	0.28006058006692	1.07728273813202	1.99100983029753	0.653728874847458	0.265806374829994	0.790388333379858	1397	134	1263	0.955261274158912
rs4045515	G	0.105702396846799	0.298819440799822	1.11149104404112	2.16746625286036	0.65714451187988	0.353733333292759	0.723538739299708	1397	134	1263	0.961703650680029
rs11779367	G	-0.30350616402465	0.120547275173827	0.738225338678589	0.933940687169679	0.58182231617942	-2.51773558205277	0.0118111953303097	1397	134	1263	0.51932712956335
rs11784311	T	-0.248970888216478	0.130718045926429	0.779602668678472	1.01082721962887	0.604992629564531	-1.90464052956089	0.0568268143830114	1397	134	1263	0.720114531138153
rs747352	T	-0.277472300017451	0.132628065750283	0.757696552493572	0.98566183532855	0.585547694557986	-2.09210847227379	0.0364288134485732	1397	134	1263	0.713314244810308
rs747351	A	-0.422594600068659	0.123538832839426	0.655344255782761	0.833597871402035	0.513259888029042	-3.42074301946774	0.00062450312244708	1397	134	1263	0.531138153185397
rs741554	T	0.319416386114831	0.128674429584377	1.37632428793384	1.7774609602134	1.07254020048136	2.48236100324327	0.0130514975531855	1397	134	1263	0.566929133858268
rs2112004	G	0.685579806038707	0.194277380010098	1.98492237193857	2.96451133751985	1.38038006458656	3.52887096790719	0.000417336562616408	1397	134	1263	0.800286327845383
rs888577	C	1.00803514421046	0.69087018578903	2.74021160141094	16.1501510128091	0.923607857533889	1.45908039592011	0.144542981257963	1397	134	1263	0.978167501789549
rs888576	C	-0.0797872537825794	0.304029146072222	0.923312756789613	1.78139638537867	0.533042007736796	-0.262432910835549	0.792987702374914	1397	134	1263	0.962061560486757
rs7843179	A	-0.285365250143063	0.12070141283939	0.751739631161534	0.950926444179343	0.592036930687471	-2.36422460541354	0.0180678549083736	1397	134	1263	0.492483894058697
rs12680497	G	-0.382596963911847	0.45910203334308	0.682087749873403	1.92433553120233	0.302131616476798	-0.833359332185615	0.404642103315672	1397	134	1263	0.987115246957767
rs12541287	C	0.371705404014286	0.131852973412095	1.45020569358184	1.88588401201389	1.12384123580369	2.81909003942257	0.00481600067226368	1397	134	1263	0.583750894774517
rs7826390	T	-0.161588468977819	0.283695077184976	0.85079125950274	1.55959964096648	0.50691834361255	-0.569585029748189	0.568959184376953	1397	134	1263	0.95848246241947
rs7822166	A	-0.429598532776789	0.116183021481306	0.65077030523347	0.816336871641253	0.517328966858367	-3.69760165727754	0.000217646069548804	1397	134	1263	0.568002863278454
rs7825959	G	0.321481555357896	0.176764562310837	1.37916956750245	1.98738139712023	0.991102979316001	1.81869912812375	0.0689573448233604	1397	134	1263	0.832856120257695
rs12114405	C	-0.283702763673973	0.141466645979292	0.752990427554573	1.00238959325904	0.574749702312735	-2.00543924477789	0.0449161097375206	1397	134	1263	0.842877594846099
rs11990310	C	-0.324589163139433	0.108154014895084	0.722824255496653	0.894586821530494	0.585032457817185	-3.00117534660461	0.00268939649511093	1397	134	1263	0.656048675733715
rs11987364	A	-0.410139182898938	0.139285235455264	0.663557887798403	0.878458054341466	0.508069203326647	-2.94459912824478	0.00323373339231206	1397	134	1263	0.849319971367215
rs11988210	A	-0.370577823361035	0.129148229444811	0.69033532349377	0.894138488421448	0.538298694337791	-2.86939917762786	0.0041125242050112	1397	134	1263	0.806370794559771
rs17837910	C	-0.151241674916503	0.230375304391578	0.859639920146866	1.39973744308108	0.562859891809029	-0.656501248325781	0.511501664625462	1397	134	1263	0.942734430923407
rs17837909	A	-0.280262749030396	0.23211440228725	0.755585186096725	1.22730150931411	0.490813186752622	-1.20743368902874	0.227265167962236	1397	134	1263	0.942734430923407
rs10503145	C	-0.2249748337851	0.224959765087259	0.798536314643007	1.27253535140066	0.524258926851954	-1.0000669839686	0.317278092629773	1397	134	1263	0.929491768074445
rs1541631	T	0.396797399215512	0.204560497412535	1.48705462109681	2.28618035770722	1.02044177539411	1.93975574089114	0.0524093818070393	1397	134	1263	0.871152469577666
rs17737363	G	-0.107980167450193	0.217562904905849	0.897645398850983	1.411865717068	0.598739124668903	-0.496316996212757	0.619670776709119	1397	134	1263	0.922333571939871
rs17080309	T	-0.291410430489312	0.118267802712218	0.74720893774468	0.943704340081164	0.593151140432321	-2.46398786319217	0.0137400763930047	1397	134	1263	0.65748031496063
rs11136541	T	-0.264339864904029	0.128565865503722	0.767712576751932	0.99105311056708	0.598190136338424	-2.05606568950743	0.0397761848593074	1397	134	1263	0.717609162491052
rs7832161	G	-0.0760410251646412	0.168367785296635	0.926778184551851	1.30865253541591	0.674661919274185	-0.451636428136594	0.651530922519151	1397	134	1263	0.867931281317108
rs7388619	G	0.436878386780094	0.18350160167676	1.54786782441945	2.26120090522855	1.0983385947629	2.38078786663486	0.017275657210334	1397	134	1263	0.822834645669291
rs4976858	T	-0.0828289282694198	0.218157220226535	0.920508606751674	1.4443477629307	0.611656033058811	-0.379675392743866	0.704186388494024	1397	134	1263	0.913027916964925
rs6984826	T	-0.212879309316449	0.160662426554176	0.808253680019241	1.11695623534686	0.594081989619124	-1.32500992224629	0.185167860387835	1397	134	1263	0.83142448103078
rs7018431	A	-0.334393918259769	0.149979059083346	0.715771771115722	0.966568573553143	0.536199129229177	-2.22960405474968	0.0257737404350574	1397	134	1263	0.816392269148175
rs6985334	T	-0.220141431309596	0.161064729404825	0.802405304703847	1.10931978639035	0.589117758023932	-1.36678857080053	0.171691586216057	1397	134	1263	0.828561202576951
rs11997640	A	-0.396737900227551	0.119502132308072	0.67251026732323	0.848426857219771	0.53070435127613	-3.31992318936014	0.000900422185213762	1397	134	1263	0.513600572655691
rs10488370	T	-0.02603237455306	0.193434507003064	0.974303546456293	1.45011106854694	0.677267865269899	-0.13457978597711	0.892944124645116	1397	134	1263	0.886900501073729
rs10488371	T	-0.152613813087595	0.169330514053269	0.858461184278217	1.20802693142085	0.620974484113565	-0.901277681349183	0.367440697344856	1397	134	1263	0.840014316392269
rs918324	G	-0.0596732586559558	0.167139950352959	0.942072297270547	1.32796303353547	0.687823445376727	-0.357025705284346	0.721072562180972	1397	134	1263	0.869720830350752
rs11136554	G	-0.46646755173916	0.122506616150383	0.627213960502659	0.79545118134449	0.49173391896875	-3.80769273037913	0.000140269410232837	1397	134	1263	0.502147458840372
rs11136555	C	0.401511716804562	0.122126685743416	1.49408161958976	1.90767127412383	1.18085083441014	3.28766570844414	0.00101021716932855	1397	134	1263	0.578024337866858
rs41379847	A	-0.304045428772141	0.134632200095363	0.737827347098795	0.964990139618553	0.568687560026059	-2.25834108450117	0.0239244027415512	1397	134	1263	0.764137437365784
rs17063980	G	-0.293347281153073	0.139330105365393	0.745763106249477	0.985089019500505	0.56988955329619	-2.10541203843757	0.0352554567874771	1397	134	1263	0.780601288475304
rs759775	G	-0.184753361612036	0.173485925728643	0.831309291353245	1.18288840838953	0.597915831324013	-1.06494726206792	0.286899795857284	1397	134	1263	0.868647100930566
rs11774820	G	-0.230512035019237	0.128146461418528	0.794126877612472	1.02471667879033	0.619510316195986	-1.79881701349817	0.0720476311438662	1397	134	1263	0.721904080171797
rs7819369	G	12.2436596354535	598.333320638038	207660.462998426	NA	1.01766714866016e-18	0.0204629413290862	0.983674074417349	1397	134	1263	0.995705082319256
rs6981961	C	0.372265158821312	0.11951273697115	1.45101768042557	1.84253221730856	1.15229860639057	3.1148576148095	0.00184033722072794	1397	134	1263	0.571224051539012
rs1559003	C	0.0134456326756193	0.196092175676524	1.01353643168832	1.51939738445167	0.702026604382788	0.0685679203121263	0.945333554628461	1397	134	1263	0.890479599141016
rs2023410	T	-0.381296105177378	0.120794553524685	0.682975627056687	0.863688429950262	0.537518948851581	-3.1565670309751	0.00159638190874279	1397	134	1263	0.5
rs17064087	G	-0.0403770414367364	0.263299951297264	0.960427250006233	1.68860248604412	0.595139257407855	-0.153349976852639	0.878122290882556	1397	134	1263	0.949892627057981
rs10112533	T	0.166702556362165	0.181323597168725	1.18140281229198	1.71376238259883	0.839812726719527	0.919364930793017	0.357904725943295	1397	134	1263	0.849319971367215
rs7003620	G	-0.0829331677037825	0.263674909233867	0.920412658456066	1.61891007372256	0.56964401463445	-0.314528098046009	0.75311997932351	1397	134	1263	0.952040085898354
rs6993101	T	-0.295237694462043	0.11959344541549	0.744354637461604	0.942902073604936	0.589561155516825	-2.4686778897985	0.0135613228662675	1397	134	1263	0.675017895490336
rs17744873	A	-0.154742357103989	0.162011278561942	0.85663585519693	1.18866860730968	0.628787252862352	-0.955133238114817	0.339510322205938	1397	134	1263	0.838224767358626
rs17812491	G	-0.0738035715307817	0.18179500058198	0.928854129317689	1.34597924133278	0.658420671470507	-0.405971403473772	0.684763612161269	1397	134	1263	0.87007874015748
rs12546771	C	-0.486712941826865	0.164102192146994	0.61464344604776	0.8560916240295	0.44898795743423	-2.96591371181011	0.00301785147685653	1397	134	1263	0.883321403006442
