RSID	effectAllele	B	SE	OR	OR_u95	OR_l95	Z	P	N	Ncase	Ncont	AFREQ
rs7468327	T	-0.23147997695354	0.121499855121167	0.793358580799811	1.00854194251593	0.625965910734244	-1.9051872672827	0.0567557327197738	1397	150	1247	0.661059413027917
rs10814410	T	-0.0542734538795586	0.117976263529049	0.947173062936505	1.19463341322605	0.751838789931135	-0.46003706386408	0.645489617005556	1397	150	1247	0.552970651395848
rs2260055	T	-0.576135635555409	0.612624272810124	0.562066203864684	2.70096647016219	0.185031620578049	-0.940438799319296	0.346992528238554	1397	150	1247	0.99713672154617
rs9408752	G	-0.188253787350134	0.13208682699696	0.828404441984309	1.07712053654025	0.641262418285225	-1.42522756909337	0.154091429519579	1397	150	1247	0.731567644953472
rs1133715	C	-0.0537159561722015	0.367769362262301	0.947701256967363	2.26377892114499	0.504895384260473	-0.146058812082041	0.883874960847921	1397	150	1247	0.984609878310666
rs2810979	A	-0.128997898875975	0.171084834174616	0.87897581238084	1.24674145851693	0.636005267944845	-0.753999613690564	0.450849453710249	1397	150	1247	0.8840372226199
rs2992854	C	-0.399858936498908	0.117596404114047	0.670414610397818	0.844789320096172	0.532448501282646	-3.40026499544254	0.000673205760546039	1397	150	1247	0.650680028632785
rs3951559	G	0.419526355206178	0.14611857867087	1.52124085714243	2.04443223673084	1.15159004761631	2.87113629917763	0.00408999131876506	1397	150	1247	0.732641374373658
rs3008128	A	0.252126678550499	0.175656472606707	1.28675903172965	1.83414039322943	0.919906793911857	1.43533952839306	0.151190368902668	1397	150	1247	0.817823908375089
rs3008131	A	0.286616743611671	0.142881430109929	1.33191365122827	1.77466865775331	1.01264046442245	2.00597616772981	0.0448587907701467	1397	150	1247	0.723335719398712
rs4741613	A	0.358989707036466	0.153672702769796	1.43188206318595	1.9548098938667	1.06884615492815	2.33606685225181	0.0194877575822776	1397	150	1247	0.767000715819613
rs10964134	G	0.340147267602114	0.160782702101801	1.40515450906217	1.94765599049003	1.03548443908201	2.11557128444543	0.0343812862481561	1397	150	1247	0.791338582677165
rs478882	G	-0.480817808237561	0.120294026899446	0.618277552519017	0.782525110071621	0.488029706466216	-3.99702147006417	6.41444852360827e-05	1397	150	1247	0.623120973514674
rs10757083	A	0.337176415720025	0.154631899591236	1.40098619792757	1.91472837780627	1.04310371345849	2.18051007981754	0.029219672482749	1397	150	1247	0.76521116678597
rs10757084	G	0.255106478760185	0.147845114666893	1.29059903494206	1.73986529245977	0.973397948730139	1.72549819677816	0.0844377284795461	1397	150	1247	0.764853256979241
rs644809	G	0.520028161253967	0.162679165109144	1.68207501837369	2.33998926058632	1.23497302273683	3.1966488204256	0.00139034084581577	1397	150	1247	0.763779527559055
rs631411	C	0.480371568595331	0.150717359723985	1.6166749962625	2.19103777723695	1.21226680535869	3.18723449956299	0.00143640265182812	1397	150	1247	0.72369362920544
rs1360963	A	0.257156703759944	0.127798086990995	1.29324776766938	1.66743748512031	1.00970188786926	2.01221090091954	0.0441977098749634	1397	150	1247	0.615604867573372
rs493348	T	0.437113851033658	0.156700566904627	1.54823233487425	2.12498583208464	1.14831850658176	2.789484809584	0.00527919728948498	1397	150	1247	0.753400143163923
rs584922	G	0.287062322380402	0.126227128077831	1.33250725591204	1.71277176479866	1.04356076378969	2.27417296702973	0.0229555889240703	1397	150	1247	0.604151753758053
rs488787	T	0.501060820682339	0.152517992956172	1.65047119633805	2.24437377521104	1.23307784719696	3.28525710947643	0.00101889348725272	1397	150	1247	0.722261989978525
rs2236547	C	0.320974601288361	0.136766563394792	1.37847056907264	1.81077333577928	1.05856587463592	2.34687918831325	0.0189313920453963	1397	150	1247	0.656406585540444
rs636922	A	0.593665314307933	0.195960870543431	1.81061273263432	2.71587359847733	1.25611047519023	3.02950947636436	0.00244951219066204	1397	150	1247	0.838224767358626
rs561921	A	-0.359102698461704	0.166479264729803	0.698302633062738	0.979513218245649	0.50879104867385	-2.15704159340523	0.0310024237712662	1397	150	1247	0.898353614889048
rs627889	A	0.469625717268111	0.162540131369596	1.59939545507538	2.22432885341528	1.17454960460246	2.8892908681133	0.00386111741125695	1397	150	1247	0.772011453113815
rs529045	A	-0.516860064693303	0.121650514964936	0.596390237845813	0.756725023438225	0.469436518533174	-4.24872894983042	2.14986853140731e-05	1397	150	1247	0.625626342161775
rs4741635	G	0.273008942515612	0.148825385129323	1.31391199445073	1.77362759744846	0.988573220109295	1.83442456593262	0.0665909957949333	1397	150	1247	0.755905511811024
rs10964703	A	0.457861207757787	0.165961253880059	1.5806896003822	2.21894751811585	1.15564801773425	2.75884398950544	0.00580062199972174	1397	150	1247	0.794917680744452
rs500785	C	0.645361656682836	0.200831943663545	1.9066764668808	2.89340899972458	1.31247187988891	3.21344127288841	0.00131154616292776	1397	150	1247	0.840372226198998
rs2479319	T	-0.548505685186284	0.12216297495555	0.577812599507647	0.7334174119778	0.454073241574255	-4.4899502929252	7.12397961033726e-06	1397	150	1247	0.593772369362921
rs2484967	A	-0.533695255022807	0.122047369913338	0.586433937936113	0.743809483260939	0.460718284140138	-4.37285338800639	1.22633083615756e-05	1397	150	1247	0.555833929849678
rs617467	A	0.187494636368885	0.131492123884709	1.20622377966423	1.56709500874401	0.935211328551615	1.42590012868968	0.153897172281588	1397	150	1247	0.652827487473157
rs604470	G	-0.393371430132656	0.121107001800501	0.674778068126705	0.856086878531023	0.532195893798804	-3.24813119212261	0.00116165695961743	1397	150	1247	0.644237652111668
rs541645	A	0.231576468112202	0.131372332044191	1.26058571750223	1.63789763538579	0.977958887290944	1.76274916117272	0.0779428052667732	1397	150	1247	0.653543307086614
rs16907700	T	-0.298471447776318	0.257854166145308	0.741951465911894	1.28229711378713	0.461529325575054	-1.15752036214192	0.247059825050067	1397	150	1247	0.963135289906943
rs600951	G	-0.432254585278842	0.122968101021398	0.649044118571991	0.826628163569491	0.510134002002268	-3.51517655138567	0.000439461725551162	1397	150	1247	0.669291338582677
rs7873617	G	-0.291449596345108	0.416422692359338	0.747179673240263	1.8434833393842	0.351554669904746	-0.699888842977873	0.483996725581555	1397	150	1247	0.981746599856836
rs589627	G	-0.308321927823071	0.11855825845404	0.734678766398916	0.925628376486172	0.581222080940612	-2.6005942719089	0.00930624455992349	1397	150	1247	0.497852541159628
rs7865047	A	-0.320031107747006	0.329884366396167	0.726126448564498	1.47652551261861	0.397777971050082	-0.970131174275389	0.331981111773359	1397	150	1247	0.975304223335719
rs2022011	G	0.332073385605775	0.1255475630582	1.39385513366269	1.7892128842846	1.09305118882802	2.64500064769746	0.00816907606690713	1397	150	1247	0.589835361488905
rs12339394	A	0.148011704948828	0.234670393363604	1.15952646848152	1.89017585823914	0.74954958019217	0.630721680853431	0.528222520382415	1397	150	1247	0.920544022906228
rs16923561	G	0.186418434053698	0.224670358528445	1.20492633712049	1.92098452988773	0.792701291386526	0.829742006354152	0.406684666033375	1397	150	1247	0.910164638511095
rs16923579	G	0.0888625109971781	0.250657196856561	1.09293038008779	1.85529459395866	0.689452921079625	0.354518091287958	0.722950648416789	1397	150	1247	0.938439513242663
rs10965206	A	0.22100834527742	0.129351452776702	1.24733383986756	1.61439790666641	0.971577050644753	1.70858804082352	0.087527285461587	1397	150	1247	0.654259126700072
rs496152	A	0.411271690244283	0.175258305850261	1.50873520951664	2.16007763050638	1.08446718911726	2.3466601953557	0.0189425213783931	1397	150	1247	0.821760916249105
rs7858717	C	0.259960436087611	0.275243353685716	1.29687877605248	2.31871210566709	0.782126388804038	0.944474889607849	0.344927027691533	1397	150	1247	0.937365783822477
rs552848	A	-0.395721786508813	0.119591344095448	0.673193961528555	0.850849421057475	0.53211012189861	-3.30895007077587	0.000936465357595367	1397	150	1247	0.595204008589835
rs10965586	A	0.397108127200728	0.163435192456666	1.48751676237953	2.0793279004573	1.09351538766157	2.42975898416749	0.0151088662166518	1397	150	1247	0.805654974946314
rs661356	A	-0.287027358151917	0.124001109131004	0.750491196504039	0.958315835980635	0.589012054139733	-2.31471605506915	0.0206284765423065	1397	150	1247	0.65748031496063
rs660877	G	0.460968549648376	0.16795494492763	1.58560898253632	2.23410780520403	1.15453335819089	2.7445964740544	0.00605853438386692	1397	150	1247	0.796349319971367
rs10965867	A	-0.0119781460866551	0.282967729080164	0.988093306331472	1.79930790133777	0.587842179918471	-0.042330431549888	0.966235286152501	1397	150	1247	0.953829634931997
rs12346806	C	0.300988807586706	0.520395757921959	1.35119421832925	4.48008058295317	0.550256654670934	0.578384437237945	0.563004598636453	1397	150	1247	0.982462419470293
rs10965932	C	0.177485470872715	0.285890055237575	1.19421070693705	2.18637909231909	0.706536691183836	0.620817225437326	0.534719888267939	1397	150	1247	0.945597709377237
rs535550	A	0.42627433345726	0.12092900433353	1.53154087040943	1.95098159559632	1.21347842867282	3.52499663589031	0.000423488169469131	1397	150	1247	0.600572655690766
rs7869675	C	-0.313248590099414	0.277818327401442	0.731068153673087	1.31672011533043	0.438075915744674	-1.12753032900805	0.259518324845635	1397	150	1247	0.965282748747316
rs7861294	T	0.221191029795906	0.147442871357989	1.24756172926479	1.68097683990216	0.941880903232467	1.50018124144407	0.133567461006934	1397	150	1247	0.773801002147459
rs11794945	A	-0.0470833759517274	0.243645402781244	0.954007852961667	1.58347616634063	0.605941395146868	-0.193245492893625	0.846766711967799	1397	150	1247	0.935934144595562
rs1336563	A	-0.241678229376483	0.316882101025895	0.785308826212855	1.56125275975885	0.442248211547763	-0.762675545870398	0.445656918030482	1397	150	1247	0.973872584108805
rs13300102	A	0.233979944515098	0.381741649105121	1.26361914945887	3.03584047601764	0.654507758481034	0.612927473498356	0.539924296416348	1397	150	1247	0.973872584108805
rs12237377	C	0.605260203934747	0.274850643510662	1.83172876991488	3.31396882669678	1.11717376207698	2.2021422115072	0.0276552645687109	1397	150	1247	0.920186113099499
rs680567	A	0.51007987351464	0.170419621692666	1.66542421291876	2.35874958420501	1.20719513490606	2.99308183205873	0.00276175687360947	1397	150	1247	0.793843951324266
rs679542	C	0.433289187559529	0.16755915201487	1.54232217660133	2.17025423668514	1.12335250003395	2.5858879228577	0.00971285075180065	1397	150	1247	0.797423049391553
rs10966240	A	0.509623418908401	0.252505759077066	1.66466419583528	2.86177065795923	1.05460374630598	2.01826453690057	0.0435637179936713	1397	150	1247	0.915175375805297
rs494609	G	0.312508186927118	0.143497489087342	1.36684913142221	1.82230514844211	1.03739871277407	2.17779550649074	0.0294212645963483	1397	150	1247	0.709377236936292
rs649126	C	0.293304391953382	0.144965543858563	1.34085087253636	1.79253244434305	1.01460322504738	2.02326969669116	0.0430453493724112	1397	150	1247	0.714030064423765
rs2479325	C	-0.283978639106033	0.123072216022505	0.752782724646416	0.959290574385439	0.591770958851401	-2.30741468938939	0.0210317131080505	1397	150	1247	0.644595561918397
rs11792508	G	-0.143591666625038	0.205193951279099	0.866241391122927	1.31829911189887	0.587930631499226	-0.699785084940095	0.484061530686984	1397	150	1247	0.910880458124553
rs1336572	A	1.0585159390812	0.667188564663651	2.8820906158387	16.457454511484	1.02489822069892	1.58653189689309	0.112618702417674	1397	150	1247	0.977093772369363
rs10966316	C	0.263340709249795	0.594924237292476	1.30126999815763	6.54598775793477	0.513290218047799	0.442645790408993	0.658021958533339	1397	150	1247	0.990336435218325
rs573091	A	0.354932238429963	0.119109144877738	1.42608401731536	1.80850420938026	1.13299599703461	2.97989074469714	0.00288351208517734	1397	150	1247	0.588045812455261
rs492887	G	-0.337879686060522	0.117907604675315	0.713281100395103	0.897594248958722	0.565059215472693	-2.86563099124055	0.00416179052293307	1397	150	1247	0.512526843235505
rs492934	G	-0.332539369609734	0.117453752887348	0.717100436343919	0.901555042329572	0.568561401272766	-2.83123664791434	0.0046368400239681	1397	150	1247	0.508589835361489
rs519402	G	-0.318313157931608	0.117760990627042	0.727374969503855	0.915088732357621	0.576403113182888	-2.70304415950209	0.00687076175366043	1397	150	1247	0.507874015748031
rs2479328	G	0.360318296038194	0.118728979454528	1.43378571024912	1.81557344839923	1.13919185904492	3.03479653993145	0.00240698002886378	1397	150	1247	0.557265569076593
rs586994	A	-0.285941613702632	0.119241615134295	0.751306480669919	0.949027621588418	0.594327235252725	-2.39800185011409	0.0164847819790929	1397	150	1247	0.566929133858268
rs573851	C	-0.168694421649707	0.124437741755318	0.844767006456886	1.08002271008901	0.662672174934963	-1.3556531906647	0.175209539439358	1397	150	1247	0.642448103078024
rs13292783	C	0.373280058219604	0.396560809758726	1.4524910649384	3.7104538598519	0.745401341777093	0.941293362918825	0.346554543055444	1397	150	1247	0.973156764495347
rs11788947	G	-0.126814676188299	0.17893713054601	0.880896908643752	1.27050640305636	0.628329536665818	-0.708710795804849	0.478503963997725	1397	150	1247	0.892627057981389
rs7860253	A	0.100225984626751	0.131583346266245	1.10542069793521	1.43667379014769	0.857051251812956	0.761692018562549	0.446243840055724	1397	150	1247	0.680386542591267
rs526509	G	0.330854283397963	0.117465299776776	1.39215691715195	1.75756511734216	1.10830093508944	2.8166129403892	0.00485329757632026	1397	150	1247	0.540443808160344
rs1336564	C	0.236135765375501	0.393559080629679	1.26634622446729	3.10597102154277	0.640604243779849	0.600000805464057	0.548505698699396	1397	150	1247	0.974230493915533
rs554243	A	0.220181651116838	0.134966954422154	1.24630310237688	1.63202872119696	0.960752718838954	1.63137452467177	0.10281131693921	1397	150	1247	0.684681460272011
rs17720310	A	-0.40416298791092	0.198966999802552	0.667535312215887	1.00248183030189	0.457945250900008	-2.03130664035744	0.04222389819317	1397	150	1247	0.926628489620616
rs589230	T	0.303262835469231	0.142740533311447	1.35427036795583	1.80329576123103	1.02959488282196	2.12457406760235	0.0336221696232697	1397	150	1247	0.713672154617036
rs10967209	G	0.373896898964774	0.168559897955634	1.45338729699706	2.05497441171918	1.05896690452207	2.21818417962726	0.0265422769785723	1397	150	1247	0.822476735862563
rs16926375	A	-0.306033468706198	0.261479035768171	0.736361973961114	1.27662729004986	0.453801442388363	-1.17039390101442	0.241842488930601	1397	150	1247	0.959914101646385
rs9792501	C	0.393433115669303	0.170553173012437	1.48206015381557	2.10484672965627	1.07614597656648	2.30680619258026	0.0210656268767816	1397	150	1247	0.823908375089477
rs506121	C	0.283597362070012	0.14267746630483	1.32789816093396	1.76760176696061	1.00948042927017	1.98768151281931	0.046846924815802	1397	150	1247	0.714030064423765
rs10812374	C	0.192816563468623	0.144016062218967	1.21266032691138	1.62046939913036	0.920435524597825	1.3388545728702	0.180618020719849	1397	150	1247	0.75411596277738
rs532701	C	0.391321989774759	0.119990485623224	1.47893463858648	1.87634118990591	1.171568224256	3.26127515646138	0.00110912355362846	1397	150	1247	0.525769506084467
rs785847	T	-0.334166171501228	0.121736889718777	0.715934804380893	0.908048462295344	0.563135023183587	-2.74498693266423	0.00605133071895305	1397	150	1247	0.529348604151754
rs16926614	C	-0.058388502000517	0.242129232959506	0.943283408749549	1.58058398765177	0.606087427442106	-0.241146024735815	0.809441942510169	1397	150	1247	0.949892627057981
rs2274526	G	0.121425196989365	0.132999588568345	1.12910490232011	1.47557824185626	0.875099479828931	0.912974230194463	0.36125609496686	1397	150	1247	0.74302075876879
rs10757606	G	0.230955733435597	0.132440545018473	1.25980347104342	1.64369067411025	0.977095013412734	1.74384463159211	0.081186185543348	1397	150	1247	0.706871868289191
rs13287938	C	0.0367606642398767	0.31278893016887	1.03744469350823	2.03323095701753	0.588506734513426	0.117525464280434	0.906443666289911	1397	150	1247	0.962061560486757
rs16926817	C	-0.164866527142776	0.248872073118649	0.848006882436174	1.43788195560196	0.536943209314421	-0.662454911380015	0.507679722079096	1397	150	1247	0.954903364352183
rs636918	C	-0.457970393071631	0.12045493094968	0.63256620427242	0.800083077075831	0.498675801362936	-3.80200618987485	0.000143529140477418	1397	150	1247	0.553686471009306
rs17720746	T	0.772678847131036	0.956820505134299	2.1655596938231	36.2918003492994	0.540116104663304	0.807548378180486	0.419350614017556	1397	150	1247	0.992125984251969
rs9406915	A	0.66125888534537	0.123950240877021	1.9372295498837	2.48158511419554	1.52547885687488	5.33487374180618	9.5611062058647e-08	1397	150	1247	0.530064423765211
rs12347003	G	-0.158645113615159	0.139743583702007	0.853299129484637	1.13113151017092	0.653151773201025	-1.13525866027208	0.256266957744273	1397	150	1247	0.822476735862563
rs535474	G	0.707303707454364	0.126942262115453	2.0285144100892	2.61480331688596	1.58861428564636	5.57185365746104	2.52043100235091e-08	1397	150	1247	0.537938439513243
rs655696	A	-0.591970101035312	0.12191621126646	0.553236279025564	0.702104556643096	0.43509978952654	-4.85554869927431	1.2005384407684e-06	1397	150	1247	0.629205440229062
rs10967642	A	-0.317052995706087	0.133100321555527	0.728292157745826	0.951487411216006	0.563978772772339	-2.38206032863579	0.0172160767613943	1397	150	1247	0.827845382963493
rs12343056	G	-0.619417164592298	0.125794777607434	0.538258062047121	0.688650305093882	0.420303042188449	-4.92402925124051	8.47801551454689e-07	1397	150	1247	0.671438797423049
rs17720878	A	-0.420682759793187	0.211644598352977	0.656598367774178	1.01753573068186	0.441331912906281	-1.98768484084616	0.046846556514518	1397	150	1247	0.946671438797423
rs785850	C	-0.521398730071648	0.123292005273595	0.593689555504094	0.756478153327564	0.466242930453307	-4.22897436792127	2.34759087834256e-05	1397	150	1247	0.687186828919112
rs16928274	C	13.0673554350078	489.758822252496	473238.815311489	NA	3.93083700363429e-14	0.0266812047915921	0.978714004199308	1397	150	1247	0.99713672154617
rs10968012	A	-0.332249886443487	0.24449416319084	0.717308054898337	1.19128200566118	0.454025543289286	-1.35892768198376	0.174169505970775	1397	150	1247	0.949892627057981
rs3209441	G	-0.242903179615169	0.235628704576971	0.784347450917404	1.28856323357275	0.507435270652295	-1.03087261822051	0.302600558647051	1397	150	1247	0.95311381531854
rs529208	A	-0.894558465752711	0.127883022008152	0.408788052724748	0.522942563787161	0.316554031862854	-6.99513079770421	2.65011573644713e-12	1397	150	1247	0.513242662848962
rs17721011	T	-0.461612655925164	0.174117108868273	0.630266422631243	0.896620894321498	0.451999470221741	-2.65116196177134	0.00802153652560272	1397	150	1247	0.904438081603436
rs6476030	A	-0.296033919805693	0.196552452330091	0.743762199323023	1.1124655550071	0.513082452671179	-1.50613190675705	0.132033315285097	1397	150	1247	0.91982820329277
rs7030730	C	-0.715135858165057	0.121990251143154	0.489125655568075	0.619631676930264	0.383878634179185	-5.86223777280248	4.56670450410759e-09	1397	150	1247	0.550823192555476
rs17664531	T	-0.412863606563892	0.175996796501344	0.661752535374934	0.945891602243003	0.473272307317054	-2.3458586449938	0.018983305382128	1397	150	1247	0.905869720830351
rs943628	G	-0.491197512561028	0.131738773605548	0.611893205471128	0.794601686617151	0.473671548521036	-3.72857207576389	0.000192567834193006	1397	150	1247	0.783822476735863
rs687831	T	-0.355812087013839	0.149960145157178	0.700604260505116	0.946780565502589	0.525200649273157	-2.37271100692054	0.0176580738782763	1397	150	1247	0.848246241947029
rs17664774	T	-0.342082855404204	0.183969744127064	0.71028935095976	1.03479888121691	0.501497686086051	-1.85945171053744	0.0629631379505788	1397	150	1247	0.916607015032212
rs785857	G	-0.542039284122354	0.122248811099103	0.581561074023998	0.738841029182946	0.457264013525562	-4.43390229523738	9.25425782309699e-06	1397	150	1247	0.639584824624195
rs12345855	T	-0.419665391406771	0.201048301104521	0.657266710113661	0.995673166931575	0.450413152697957	-2.08738591224701	0.0368532643863501	1397	150	1247	0.942734430923407
