RSID	effectAllele	B	SE	OR	OR_u95	OR_l95	Z	P	N	Ncase	Ncont	AFREQ
rs11152546	A	0.176787925151421	0.159863474499857	1.19337798083413	1.66708677117632	0.887400893007273	1.10586815221247	0.268783591263752	1397	141	1256	0.866499642090193
rs17090623	C	0.15948205755905	0.177844730570467	1.17290321728521	1.7098553076415	0.846625034404227	0.896748849670636	0.369852947669039	1397	141	1256	0.898711524695777
rs311168	T	-0.0654987642741661	0.103300888352538	0.936600204139981	1.14834246906139	0.765423578093196	-0.634058093001451	0.526042910501852	1397	141	1256	0.578382247673586
rs311170	A	-0.0519533651805236	0.102931159081254	0.949373139655538	1.16309043559761	0.776380284386069	-0.504738950228976	0.613742199956851	1397	141	1256	0.570508231925555
rs311172	G	0.188034770876229	0.146564060997254	1.20687547873794	1.63648815126234	0.918433211697932	1.28295278935913	0.199508616607236	1397	141	1256	0.841445955619184
rs2291380	C	-0.0113685174451427	0.101852578833818	0.988695859959812	1.20913656838629	0.810526795503895	-0.11161737459482	0.911126795175783	1397	141	1256	0.574803149606299
rs311173	C	0.0983745314035883	0.152832994641588	1.10337595667655	1.5164118689286	0.830144196447744	0.64367338763654	0.519787250387801	1397	141	1256	0.867215461703651
rs311183	T	0.0769419323050736	0.150389012303799	1.07997936265964	1.4761365277861	0.815893261744637	0.511619373825292	0.608917423646526	1397	141	1256	0.866857551896922
rs311184	G	0.103813851458918	0.147222622146222	1.10939392363306	1.50595199361535	0.842980988844977	0.705148773643019	0.480717656483245	1397	141	1256	0.857909806728704
rs311185	C	0.0752135997580287	0.143969205948604	1.07811441126935	1.4525251933306	0.82361954828567	0.522428385031721	0.601372096944033	1397	141	1256	0.855404438081603
rs311187	G	0.0472805847420785	0.146690831130713	1.04841613738527	1.42078354371774	0.79699691017268	0.322314519439513	0.747214434666044	1397	141	1256	0.864352183249821
rs2316291	A	0.00875650475246127	0.102704667726532	1.00879495508844	1.2366745641871	0.826188708186942	0.085259072896053	0.932055428110593	1397	141	1256	0.603435934144596
rs311189	C	-0.0178607713900491	0.102975896861062	0.982297786793428	1.20379894202761	0.803407244794468	-0.173446135789887	0.862300763485487	1397	141	1256	0.569792412312097
rs311190	C	0.0389191221986563	0.103161982091113	1.03968639270013	1.2746383566722	0.850060885832413	0.377262256984193	0.705978717976459	1397	141	1256	0.550823192555476
rs5939329	C	0.0740476035056519	0.104070852606563	1.07685806649516	1.32443988654874	0.880049191021564	0.71151145254461	0.476767356457482	1397	141	1256	0.606657122405154
rs311191	G	-0.0976835994167185	0.105648444180822	0.906935813382694	1.1186035003164	0.73871771345063	-0.924609919002011	0.355168851622148	1397	141	1256	0.6546170365068
rs311194	A	-0.0090984152799595	0.1035443205056	0.990942850055792	1.21643345558411	0.81001082296345	-0.0878697666422704	0.929980186355709	1397	141	1256	0.595204008589835
rs3672	G	-0.0264196283983742	0.104628046820092	0.973926316707974	1.1994552926058	0.795254959858662	-0.25251000282747	0.80064688342438	1397	141	1256	0.653901216893343
rs3671	A	0.0256487225067785	0.117846667201712	1.02598048131358	1.30125090251752	0.818848391716229	0.217644869522504	0.827705821584456	1397	141	1256	0.745168217609163
rs901321	G	-0.0653998543642614	0.102938391130032	0.9366928477634	1.14718561457095	0.765747553355355	-0.635330061469956	0.525213171433453	1397	141	1256	0.557265569076593
rs901320	G	0.0170562804722811	0.157698519018258	1.01720256935529	1.41305351492692	0.758633215086072	0.108157518399436	0.913870742616251	1397	141	1256	0.887616320687187
rs5982871	G	-0.0233193440841186	0.122018506507389	0.976950450606078	1.25104624941853	0.774310619588177	-0.19111317415368	0.848436926389984	1397	141	1256	0.789191123836793
rs5982872	T	0.0310930565353315	0.101484562217516	1.03158149481998	1.2591363550112	0.845285001247094	0.306382131980708	0.759313711262982	1397	141	1256	0.492841803865426
rs5939351	T	0.253650692375545	0.107196611414742	1.28872156536786	1.59721787337399	1.04828412894423	2.3662193144723	0.0179707952880103	1397	141	1256	0.60486757337151
rs7892084	C	0.714099661675405	0.891396893746198	2.04234705091546	31.5722958877215	0.578784202300452	0.801101806260867	0.423072710623233	1397	141	1256	0.991052254831782
rs1825657	C	0.261085682395641	0.147209456932414	1.29833890545574	1.76226374222464	0.986674293872181	1.77356596400942	0.0761349717543553	1397	141	1256	0.82319255547602
rs6641657	C	-0.167682224639919	0.100837834818416	0.845622509990806	1.03060179263982	0.693643473930286	-1.66288997519507	0.0963344614473559	1397	141	1256	0.554760200429492
rs12396748	C	-0.054512393892563	0.118665020276415	0.946946772428535	1.20298459537852	0.754581351451048	-0.4593804793155	0.64596096375812	1397	141	1256	0.768790264853257
rs5982875	G	-0.296993051096939	0.182271800049007	0.743049175720692	1.09040604933323	0.530185046851871	-1.62939659901909	0.103229088301149	1397	141	1256	0.948818897637795
rs4892897	T	-0.0264329282337824	0.105725595211414	0.973913363734399	1.20155539492201	0.793252721020285	-0.250014466042265	0.802576161539742	1397	141	1256	0.636005726556908
rs6420594	C	0.150296673452661	0.264270396898582	1.16217897923905	2.11196182662682	0.732165316672982	0.56872307763756	0.569544083954986	1397	141	1256	0.959556191839656
rs5939132	G	0.297353731766976	0.361037043432134	1.34629144128028	3.11425023773377	0.727230366979228	0.823610034417066	0.410161172548186	1397	141	1256	0.968861846814603
rs17090628	G	-0.118414314114368	0.154895956986392	0.88832792956119	1.22485808879176	0.665074596341666	-0.764476468064117	0.444583354738262	1397	141	1256	0.899427344309234
rs5939370	A	-0.117141738224065	0.101219398661123	0.889459113873317	1.08678782312444	0.730330113038898	-1.15730521790836	0.247147682456753	1397	141	1256	0.632068718682892
rs10482442	C	-0.0896800538864242	0.153480188045187	0.914223640784539	1.25714648843107	0.686411199792592	-0.584310294564019	0.559011567316716	1397	141	1256	0.895848246241947
rs5939371	A	0.0923712434297711	0.106759019946008	1.09677191587842	1.35699975597238	0.892221721386686	0.865231279534849	0.386911860380581	1397	141	1256	0.630279169649248
rs5939372	T	-0.136770496276947	0.100821964236249	0.872170369511345	1.06452586637622	0.716496010340462	-1.35655456936409	0.17492278527215	1397	141	1256	0.624910522548318
rs5939373	C	-0.130280157894739	0.101507351642775	0.877849460010209	1.07136786723537	0.719190325716406	-1.28345539299677	0.199332577856213	1397	141	1256	0.544738725841088
rs2171179	T	0.057366126783003	0.155729105502017	1.05904348360611	1.46303250011585	0.791940157642882	0.368371259810903	0.71259642444462	1397	141	1256	0.870794559770938
rs5982596	C	0.00631666017418117	0.248919631228565	1.00633665234447	1.74569341064306	0.64643571346089	0.0253763037611968	0.979754811879748	1397	141	1256	0.960629921259842
rs5939134	A	0.291018035834849	0.104295018662998	1.33778871186872	1.64704472729712	1.09345536390236	2.79033495142464	0.00526535382160912	1397	141	1256	0.55261274158912
rs2316285	G	0.286296217333596	0.104350258470134	1.33148680631408	1.63946224538523	1.08818571098694	2.74360812834534	0.0060768031482635	1397	141	1256	0.554402290622763
rs1905995	G	0.268616097966242	0.103850543295629	1.30815284209929	1.60885499748873	1.0699800627905	2.58656420507669	0.00969381085514822	1397	141	1256	0.552970651395848
rs11152552	A	0.283777689591316	0.104254982277274	1.32813763910947	1.63502750093249	1.08564745947114	2.72195806274839	0.0064896377382089	1397	141	1256	0.55511811023622
rs17330993	C	0.497145619245586	0.566858270311098	1.64402190251937	7.87165184546158	0.690610272499189	0.877019257340547	0.38047617839173	1397	141	1256	0.984609878310666
rs5939378	G	0.239992576130045	0.122012232665123	1.27123971276806	1.62758403753901	1.00753057693948	1.96695504121078	0.0491883941425193	1397	141	1256	0.710808876163207
rs5939137	G	0.216577494217423	0.122067728299634	1.24181931544117	1.59033006095627	0.984223650385248	1.77424039288911	0.0760233954530678	1397	141	1256	0.720830350751611
rs5939379	T	-0.222017773248444	0.0956678340911962	0.800901129593406	0.9657379825903	0.663294058441613	-2.32071495458759	0.0203022330733965	1397	141	1256	0.550823192555476
rs5939382	A	0.0624299497700464	0.129844453713608	1.06441989344792	1.38760331598354	0.83252361143529	0.480805671590297	0.630654618938543	1397	141	1256	0.805654974946314
rs5939384	G	0.096347161487565	0.110442043468582	1.10114127148811	1.37339045565168	0.889987805602868	0.872377569824422	0.383002432884215	1397	141	1256	0.659269863994273
rs12396384	G	12.2997209409578	598.200485946171	219634.689073467	NA	1.08829227295551e-18	0.0205612018544308	0.983595690352861	1397	141	1256	0.995705082319256
rs211659	A	-0.0723084520082393	0.123759928529289	0.930243915949697	1.19546457968205	0.734856153912854	-0.584263847495087	0.55904281128424	1397	141	1256	0.803507516105941
rs211665	G	0.133716633016128	0.104071987532577	1.14306886577105	1.40623020317339	0.934416781940581	1.28484750014285	0.198845579843896	1397	141	1256	0.596993557623479
rs211666	C	0.148957532138842	0.126037743933595	1.16062369895636	1.50205061506398	0.914755923591556	1.18184860732927	0.23726577701561	1397	141	1256	0.787043664996421
rs211667	T	0.248277587921761	0.295037550094017	1.28181569936947	2.51113192409982	0.768706707096009	0.841511827367885	0.400061261962821	1397	141	1256	0.959556191839656
rs7049942	C	0.153626317665172	0.126240397033407	1.16605507117368	1.50970770489408	0.918689532571145	1.21693468394683	0.22362906794594	1397	141	1256	0.785969935576235
rs5939140	G	0.146027597744963	0.113324956470912	1.15722812449675	1.45379128768012	0.931330793862709	1.28857404663945	0.197546210986733	1397	141	1256	0.691839656406586
rs5982916	C	-0.0429349967614273	0.102433354810725	0.957973659433484	1.17414251137366	0.785231072105337	-0.419150547600065	0.675106110838939	1397	141	1256	0.638511095204009
rs5982610	C	-0.0413241290719408	0.102971447110294	0.959518071836899	1.17737524064109	0.78572888150458	-0.401316386548185	0.688187200563114	1397	141	1256	0.641374373657838
rs5982611	G	-0.0599443086343689	0.103037887404925	0.941816983197709	1.15579143181796	0.771124618545468	-0.581769581501569	0.560721895821336	1397	141	1256	0.647458840372226
rs9334	C	-0.0813222319956082	0.103331424170374	0.921896579003215	1.1319827243875	0.754371465109627	-0.787003882396156	0.431279593444751	1397	141	1256	0.654259126700072
rs1043270	T	-0.157032532594785	0.107807954298249	0.85467625352917	1.05989846242751	0.693986154318054	-1.45659505012364	0.145228194852157	1397	141	1256	0.723335719398712
rs2228433	G	-0.0461337960948068	0.353453284807038	0.954914189853707	2.213947010842	0.522589299967604	-0.130523036785449	0.896152629324165	1397	141	1256	0.98353614889048
rs6642067	C	0.201305552282512	0.103948083602865	1.22299840469229	1.50353332649665	0.999597375295794	1.93659705215539	0.0527946185972369	1397	141	1256	0.55261274158912
rs5939397	C	-0.2607379942841	0.113289097243047	0.770482764059911	0.967446921066306	0.619837831035708	-2.30152769003642	0.0213618220869302	1397	141	1256	0.803507516105941
rs5982919	C	-0.210302436413863	0.106926480922376	0.810339132845137	1.00366404393912	0.659398821222048	-1.96679470417186	0.0492068833717897	1397	141	1256	0.759842519685039
rs5982920	C	-0.227782438950437	0.108136084241633	0.796297484307772	0.988707920630181	0.646490583708509	-2.1064424567238	0.0351659366038551	1397	141	1256	0.766642806012885
rs211652	T	0.201386065965258	0.130122635126171	1.22309687676197	1.59566520289428	0.956399541517267	1.54766360034123	0.121703310102084	1397	141	1256	0.773085182534001
rs211653	G	0.0586956521886014	0.107132313123833	1.0604524452408	1.31257728046965	0.861741789040957	0.547880004427381	0.58377429945095	1397	141	1256	0.62705798138869
rs1637776	G	0.117039136983215	0.134974145641937	1.12416342519471	1.48270260446339	0.87169658868649	0.867122636165447	0.385874819122429	1397	141	1256	0.812813171080888
rs6641671	G	6.69557767703434	187.891018721252	808.821036618125	NA	0.00386218616292267	0.0356354322979516	0.971573055366416	1397	141	1256	0.989262705798139
rs5982618	G	0.106157765849639	0.230769884084606	1.11199729786691	1.84415093578948	0.736098726177846	0.460015683028719	0.645504963567818	1397	141	1256	0.946313528990694
rs5982937	A	10.8762637870932	415.465128361299	52905.5637457196	NA	9.60957484687575e-15	0.026178523887172	0.979114945466976	1397	141	1256	0.996778811739442
rs211641	C	0.0794510426867876	0.101944627107195	1.0826925525135	1.32360485276704	0.886949145715175	0.779354880598508	0.435770694467687	1397	141	1256	0.511811023622047
rs190023	C	-0.0972493560295394	0.11321155275963	0.907329729783857	1.13901598403424	0.730008865777809	-0.859005584315395	0.390337435087678	1397	141	1256	0.753042233357194
rs2302079	G	0.64754196180422	0.381242980839652	1.91083813855477	4.7533017565165	1.01341576015519	1.69850199045781	0.0894130573305748	1397	141	1256	0.956335003579098
rs5982950	A	0.634136413946797	0.449372087583814	1.88539323890529	6.05783101915938	0.925317407084354	1.41116111006455	0.158197114374981	1397	141	1256	0.969935576234789
rs7055931	G	0.352433278206354	0.254569117768392	1.42252473918006	2.50524486740276	0.908367195492993	1.38443060688532	0.166226642533107	1397	141	1256	0.936292054402291
rs7063881	T	0.412131020426813	0.255073569775187	1.51003226844075	2.6631079637717	0.963825437186311	1.6157339264513	0.106151852507449	1397	141	1256	0.93092340730136
rs7064003	T	0.528144013345634	0.28096846559411	1.69578203726219	3.20223552452325	1.04127124882036	1.87972700861241	0.0601452926842026	1397	141	1256	0.933070866141732
rs9698455	C	0.400615427550231	0.166725178304185	1.49274309023338	2.12069998251517	1.09827673099539	2.40284899752406	0.0162679033575112	1397	141	1256	0.839298496778812
rs9699067	G	-0.0639281664822082	0.212155060461752	0.938072382149688	1.4813710404244	0.638343104217479	-0.301327558923504	0.763164727946041	1397	141	1256	0.948103078024338
rs5982970	C	0.682774886245338	0.240408953074304	1.97936262485668	3.35815353528425	1.29229443476149	2.84005598591126	0.00451056168152563	1397	141	1256	0.886542591267001
rs17051460	T	0.347438686396169	0.215142830553576	1.41543752237857	2.25552694691032	0.961309554700207	1.61492105268945	0.106327792514061	1397	141	1256	0.909806728704367
rs17051461	C	0.243740068744599	0.205443733549184	1.2760126118192	1.98343664559912	0.879373780363809	1.1864079012478	0.235461252910245	1397	141	1256	0.912312097351467
rs17051467	A	0.0821179976609337	0.2992796015015	1.0855838986331	2.16617159752093	0.64724046708924	0.274385548660663	0.783788347505501	1397	141	1256	0.971725125268432
rs12008721	C	11.500033738143	567.092589143458	98719.1015537424	NA	7.96821072251285e-18	0.0202789349716468	0.983820859789534	1397	141	1256	0.995347172512527
rs7878711	C	0.380951349069898	0.146024244984909	1.46367639445954	1.98144691424011	1.1147136224123	2.60882259044906	0.00908543316421022	1397	141	1256	0.791338582677165
rs12389115	C	13.39043682883	548.110491778382	653721.585026489	NA	5.17269951499364e-08	0.0244301779106323	0.980509477013198	1397	141	1256	0.986041517537581
rs5982982	G	13.4333369182319	605.844027353727	682376.555235259	NA	1.68463347710653e-10	0.0221729295193476	0.982310011394757	1397	141	1256	0.988546886184681
rs5982631	G	13.0916987644305	558.99805736465	484900.388568483	NA	6.94113030800932e-09	0.0234199360658787	0.981315302685867	1397	141	1256	0.986757337151038
rs11152555	A	0.191797346218482	0.152597706967516	1.21142499223178	1.66276243155855	0.911410080559572	1.2568822299493	0.208796284085279	1397	141	1256	0.843593414459556
rs5982634	G	0.416645415296002	0.128736858469495	1.51686456059466	1.97297823902647	1.18912752998993	3.23641123645042	0.00121042865124333	1397	141	1256	0.706156048675734
rs5939413	C	0.456358778169164	0.127886264031517	1.57831650870413	2.04949737031293	1.23936560399671	3.56847376553824	0.00035906679878914	1397	141	1256	0.692555476020043
rs5939158	T	0.407221577043377	0.12475453764471	1.50263701864551	1.93765370429414	1.18634173074379	3.26418248771928	0.00109780432184306	1397	141	1256	0.692197566213314
rs2368456	T	0.448240300211031	0.122758269221495	1.565554853618	2.00998123720015	1.24038012911491	3.65140615824636	0.000260808398015587	1397	141	1256	0.668933428775948
rs6642096	C	0.545241363671612	0.160040263314296	1.7250246904265	2.40921010637705	1.28218998345695	3.40690119086367	0.000657049086261678	1397	141	1256	0.785254115962777
rs2368453	T	0.436918789283814	0.130079221625131	1.54793036341834	2.02036667075148	1.21111670995857	3.35886687993066	0.000782627581155111	1397	141	1256	0.711882605583393
rs5939424	C	0.432746502933539	0.130372612886518	1.54148540913872	2.0131281737115	1.20539300386342	3.31930528469367	0.000902417144514716	1397	141	1256	0.713672154617036
rs2124013	A	0.42982299194071	0.130486205243184	1.53698544065855	2.00770180936397	1.20160963242776	3.29401097334127	0.000987686425414632	1397	141	1256	0.714745884037223
rs2124012	G	0.433493766290907	0.128244952775519	1.54263773519279	2.00505123074111	1.21072535060174	3.38020137954042	0.00072432737613086	1397	141	1256	0.703292770221904
rs4018641	A	0.379278370270312	0.194725554004613	1.46122974205162	2.21558631139527	1.02572257246783	1.94775858879481	0.0514438559828832	1397	141	1256	0.8840372226199
rs5939425	G	0.41492103405346	0.127926837242063	1.51425116169449	1.96686943050297	1.18914824488673	3.24342446822435	0.0011810211977417	1397	141	1256	0.708303507516106
rs5982640	C	0.48305944968823	0.161344911740737	1.62102627165403	2.27125453050015	1.202388828486	2.9939552755432	0.00275386308923437	1397	141	1256	0.804223335719399
rs5939427	T	0.438940445133308	0.128358360943902	1.55106291129211	2.01646920984239	1.21707999405433	3.41964825591022	0.000627021547611133	1397	141	1256	0.701861130994989
rs7065640	G	0.188670316179019	0.190807946898979	1.20764274657042	1.81517509626611	0.853152339800761	0.988796951307842	0.322762496178245	1397	141	1256	0.908375089477452
rs5983001	A	0.439923436799397	0.150340813635533	1.5525883428279	2.11917414345346	1.17241907874863	2.92617437780994	0.00343158530849509	1397	141	1256	0.779527559055118
rs5983002	C	0.403007414002872	0.145770633368287	1.4963179853283	2.02192128698372	1.13901652247983	2.76466805892708	0.00569807467927685	1397	141	1256	0.77630637079456
rs5983003	G	0.381003207593928	0.146145514136807	1.46375230052519	1.9793299330471	1.11338818807445	2.60701267393859	0.00913359795378714	1397	141	1256	0.782032927702219
rs1551376	A	0.413366635818784	0.136744863223134	1.51189924074634	2.00208229925141	1.16896741713076	3.02290430569425	0.00250361399080297	1397	141	1256	0.742304939155333
rs5939436	C	0.42814878945198	0.137236026362203	1.53441436865678	2.03392050099946	1.18528045176007	3.11979879337208	0.00180974612103222	1397	141	1256	0.739083750894775
rs6641686	A	0.418276893442368	0.144187396683583	1.51934131180964	2.04574510222232	1.15971220831431	2.90092548352384	0.0037206234332984	1397	141	1256	0.767358625626342
rs5939441	A	1.16591783994442	0.286195941720505	3.20886675808007	6.07302433412091	1.9459524891085	4.07384476850145	4.62433104067247e-05	1397	141	1256	0.850393700787402
rs1454500	T	1.30606688917837	0.321961827681501	3.69162554879956	7.65359297467438	2.11889251354951	4.05658925029581	4.979453982554e-05	1397	141	1256	0.857551896921976
rs1010041	T	0.91033640775913	0.182412687844458	2.48515841935261	3.65787841563169	1.78054848289574	4.99053228432973	6.02131353403206e-07	1397	141	1256	0.748389405869721
rs719547	G	-0.300918898785092	0.299261527515627	0.740137796387166	1.45947340716696	0.435430647485911	-1.00553820360146	0.314637763202319	1397	141	1256	0.984967788117394
rs5939446	A	0.990203881539093	0.239225011510342	2.69178322131354	4.53744704160014	1.75822887348292	4.13921552469561	3.4849544040728e-05	1397	141	1256	0.831066571224052
rs12392472	T	0.807719746475679	0.351456931775069	2.24278802618994	5.11087690207105	1.24100244261275	2.29820405702687	0.0215501779094816	1397	141	1256	0.935576234788833
rs1377999	A	0.73137291918907	0.189695419099487	2.07793148222165	3.11171579654409	1.47061512976088	3.85551176017327	0.000115487778310925	1397	141	1256	0.809234073013601
